<?xml version="1.0" encoding="UTF-8"?>
<testsuites>
  <testsuite name="Webo Test Suite" tests="567" assertions="854" failures="3" errors="87" time="1.766157">
    <testsuite name="Wealthbot\AdminBundle\Tests\Controller\PasInterfacesControllerTest" file="/home/vlad/work/wealthbot-core/src/Wealthbot/AdminBundle/Tests/Controller/PasInterfacesControllerTest.php" tests="1" assertions="0" failures="0" errors="1" time="1.032906">
      <testcase name="testIndexAction" class="Wealthbot\AdminBundle\Tests\Controller\PasInterfacesControllerTest" file="/home/vlad/work/wealthbot-core/src/Wealthbot/AdminBundle/Tests/Controller/PasInterfacesControllerTest.php" line="38" assertions="0" time="1.032906">
        <error type="PHPUnit_Framework_ExceptionWrapper">Wealthbot\AdminBundle\Tests\Controller\PasInterfacesControllerTest::testIndexAction
PDOException: SQLSTATE[28000] [1045] Access denied for user 'root'@'localhost' (using password: YES)

/home/vlad/work/wealthbot-core/vendor/doctrine/dbal/lib/Doctrine/DBAL/Driver/PDOConnection.php:40
/home/vlad/work/wealthbot-core/vendor/doctrine/dbal/lib/Doctrine/DBAL/Driver/PDOMySql/Driver.php:41
/home/vlad/work/wealthbot-core/vendor/doctrine/dbal/lib/Doctrine/DBAL/Connection.php:356
/home/vlad/work/wealthbot-core/vendor/doctrine/dbal/lib/Doctrine/DBAL/Connection.php:1034
/home/vlad/work/wealthbot-core/vendor/doctrine/orm/lib/Doctrine/ORM/EntityManager.php:202
/home/vlad/work/wealthbot-core/app/cache/test/jms_diextra/doctrine/EntityManager_54e6892c5ac3d.php:443
/home/vlad/work/wealthbot-core/src/Wealthbot/UserBundle/TestSuit/ExtendedWebTestCase.php:45
/home/vlad/work/wealthbot-core/src/Wealthbot/AdminBundle/Tests/Controller/PasInterfacesControllerTest.php:25
/home/vlad/.composer/vendor/phpunit/phpunit/src/TextUI/Command.php:152
/home/vlad/.composer/vendor/phpunit/phpunit/src/TextUI/Command.php:104
</error>
      </testcase>
    </testsuite>
    <testsuite name="Wealthbot\AdminBundle\Tests\Manager\BusinessCalendarTest" file="/home/vlad/work/wealthbot-core/src/Wealthbot/AdminBundle/Tests/Manager/BusinessCalendarTest.php" tests="1" assertions="0" failures="0" errors="1" time="0.009518">
      <testcase name="testIndexAction" class="Wealthbot\AdminBundle\Tests\Manager\BusinessCalendarTest" file="/home/vlad/work/wealthbot-core/src/Wealthbot/AdminBundle/Tests/Manager/BusinessCalendarTest.php" line="10" assertions="0" time="0.009518">
        <error type="PHPUnit_Framework_ExceptionWrapper">Wealthbot\AdminBundle\Tests\Manager\BusinessCalendarTest::testIndexAction
PDOException: SQLSTATE[28000] [1045] Access denied for user 'root'@'localhost' (using password: YES)

/home/vlad/work/wealthbot-core/vendor/doctrine/dbal/lib/Doctrine/DBAL/Driver/PDOConnection.php:40
/home/vlad/work/wealthbot-core/vendor/doctrine/dbal/lib/Doctrine/DBAL/Driver/PDOMySql/Driver.php:41
/home/vlad/work/wealthbot-core/vendor/doctrine/dbal/lib/Doctrine/DBAL/Connection.php:356
/home/vlad/work/wealthbot-core/vendor/doctrine/dbal/lib/Doctrine/DBAL/Connection.php:1034
/home/vlad/work/wealthbot-core/vendor/doctrine/orm/lib/Doctrine/ORM/EntityManager.php:202
/home/vlad/work/wealthbot-core/app/cache/test/jms_diextra/doctrine/EntityManager_54e6892c5ac3d.php:443
/home/vlad/work/wealthbot-core/src/Wealthbot/UserBundle/TestSuit/ExtendedWebTestCase.php:45
/home/vlad/.composer/vendor/phpunit/phpunit/src/TextUI/Command.php:152
/home/vlad/.composer/vendor/phpunit/phpunit/src/TextUI/Command.php:104
</error>
      </testcase>
    </testsuite>
    <testsuite name="Wealthbot\AdminBundle\Tests\Manager\CeModelManagerTest" file="/home/vlad/work/wealthbot-core/src/Wealthbot/AdminBundle/Tests/Manager/CeModelManagerTest.php" tests="10" assertions="33" failures="0" errors="0" time="0.021464">
      <testcase name="testCopyForOwner" class="Wealthbot\AdminBundle\Tests\Manager\CeModelManagerTest" file="/home/vlad/work/wealthbot-core/src/Wealthbot/AdminBundle/Tests/Manager/CeModelManagerTest.php" line="34" assertions="8" time="0.017586"/>
      <testcase name="testCreateCustomModel" class="Wealthbot\AdminBundle\Tests\Manager\CeModelManagerTest" file="/home/vlad/work/wealthbot-core/src/Wealthbot/AdminBundle/Tests/Manager/CeModelManagerTest.php" line="68" assertions="4" time="0.000415"/>
      <testcase name="testCreateStrategyModel" class="Wealthbot\AdminBundle\Tests\Manager\CeModelManagerTest" file="/home/vlad/work/wealthbot-core/src/Wealthbot/AdminBundle/Tests/Manager/CeModelManagerTest.php" line="78" assertions="2" time="0.000308"/>
      <testcase name="testCreateChild" class="Wealthbot\AdminBundle\Tests\Manager\CeModelManagerTest" file="/home/vlad/work/wealthbot-core/src/Wealthbot/AdminBundle/Tests/Manager/CeModelManagerTest.php" line="85" assertions="5" time="0.000417"/>
      <testcase name="testFindCeModelBy" class="Wealthbot\AdminBundle\Tests\Manager\CeModelManagerTest" file="/home/vlad/work/wealthbot-core/src/Wealthbot/AdminBundle/Tests/Manager/CeModelManagerTest.php" line="98" assertions="2" time="0.000373"/>
      <testcase name="testFindCeModelsBy" class="Wealthbot\AdminBundle\Tests\Manager\CeModelManagerTest" file="/home/vlad/work/wealthbot-core/src/Wealthbot/AdminBundle/Tests/Manager/CeModelManagerTest.php" line="105" assertions="2" time="0.000360"/>
      <testcase name="testFindCeModelBySlugAndOwnerId" class="Wealthbot\AdminBundle\Tests\Manager\CeModelManagerTest" file="/home/vlad/work/wealthbot-core/src/Wealthbot/AdminBundle/Tests/Manager/CeModelManagerTest.php" line="112" assertions="3" time="0.000442"/>
      <testcase name="testGetChildModelsByParentId" class="Wealthbot\AdminBundle\Tests\Manager\CeModelManagerTest" file="/home/vlad/work/wealthbot-core/src/Wealthbot/AdminBundle/Tests/Manager/CeModelManagerTest.php" line="121" assertions="3" time="0.000385"/>
      <testcase name="testGetAdminStrategyParentModels" class="Wealthbot\AdminBundle\Tests\Manager\CeModelManagerTest" file="/home/vlad/work/wealthbot-core/src/Wealthbot/AdminBundle/Tests/Manager/CeModelManagerTest.php" line="129" assertions="2" time="0.000376"/>
      <testcase name="testDeleteModel" class="Wealthbot\AdminBundle\Tests\Manager\CeModelManagerTest" file="/home/vlad/work/wealthbot-core/src/Wealthbot/AdminBundle/Tests/Manager/CeModelManagerTest.php" line="136" assertions="2" time="0.000802"/>
    </testsuite>
    <testsuite name="Wealthbot\AdminBundle\Tests\Manager\FeeManagerTest" file="/home/vlad/work/wealthbot-core/src/Wealthbot/AdminBundle/Tests/Manager/FeeManagerTest.php" tests="3" assertions="3" failures="0" errors="0" time="0.005396">
      <testcase name="testGetClientFees" class="Wealthbot\AdminBundle\Tests\Manager\FeeManagerTest" file="/home/vlad/work/wealthbot-core/src/Wealthbot/AdminBundle/Tests/Manager/FeeManagerTest.php" line="55" assertions="1" time="0.005036"/>
      <testcase name="testFeeCalculator" class="Wealthbot\AdminBundle\Tests\Manager\FeeManagerTest" file="/home/vlad/work/wealthbot-core/src/Wealthbot/AdminBundle/Tests/Manager/FeeManagerTest.php" line="232" assertions="1" time="0.000193"/>
      <testcase name="testFeeBilled" class="Wealthbot\AdminBundle\Tests\Manager\FeeManagerTest" file="/home/vlad/work/wealthbot-core/src/Wealthbot/AdminBundle/Tests/Manager/FeeManagerTest.php" line="247" assertions="1" time="0.000167"/>
    </testsuite>
    <testsuite name="Wealthbot\AdminBundle\Tests\Manager\TradeReconManagerTest" file="/home/vlad/work/wealthbot-core/src/Wealthbot/AdminBundle/Tests/Manager/TradeReconManagerTest.php" tests="5" assertions="0" failures="0" errors="5" time="0.062112">
      <testcase name="testEmptyData" class="Wealthbot\AdminBundle\Tests\Manager\TradeReconManagerTest" file="/home/vlad/work/wealthbot-core/src/Wealthbot/AdminBundle/Tests/Manager/TradeReconManagerTest.php" line="98" assertions="0" time="0.008656">
        <error type="PHPUnit_Framework_ExceptionWrapper">Wealthbot\AdminBundle\Tests\Manager\TradeReconManagerTest::testEmptyData
PDOException: SQLSTATE[28000] [1045] Access denied for user 'root'@'localhost' (using password: YES)

/home/vlad/work/wealthbot-core/vendor/doctrine/dbal/lib/Doctrine/DBAL/Driver/PDOConnection.php:40
/home/vlad/work/wealthbot-core/vendor/doctrine/dbal/lib/Doctrine/DBAL/Driver/PDOMySql/Driver.php:41
/home/vlad/work/wealthbot-core/vendor/doctrine/dbal/lib/Doctrine/DBAL/Connection.php:356
/home/vlad/work/wealthbot-core/vendor/doctrine/dbal/lib/Doctrine/DBAL/Connection.php:1034
/home/vlad/work/wealthbot-core/vendor/doctrine/orm/lib/Doctrine/ORM/EntityManager.php:202
/home/vlad/work/wealthbot-core/app/cache/test/jms_diextra/doctrine/EntityManager_54e6892c5ac3d.php:443
/home/vlad/work/wealthbot-core/src/Wealthbot/UserBundle/TestSuit/ExtendedWebTestCase.php:45
/home/vlad/work/wealthbot-core/src/Wealthbot/AdminBundle/Tests/Manager/TradeReconManagerTest.php:90
/home/vlad/.composer/vendor/phpunit/phpunit/src/TextUI/Command.php:152
/home/vlad/.composer/vendor/phpunit/phpunit/src/TextUI/Command.php:104
</error>
      </testcase>
      <testcase name="testWasRebalancerDiffIsSet" class="Wealthbot\AdminBundle\Tests\Manager\TradeReconManagerTest" file="/home/vlad/work/wealthbot-core/src/Wealthbot/AdminBundle/Tests/Manager/TradeReconManagerTest.php" line="115" assertions="0" time="0.014194">
        <error type="PHPUnit_Framework_ExceptionWrapper">Wealthbot\AdminBundle\Tests\Manager\TradeReconManagerTest::testWasRebalancerDiffIsSet
PDOException: SQLSTATE[28000] [1045] Access denied for user 'root'@'localhost' (using password: YES)

/home/vlad/work/wealthbot-core/vendor/doctrine/dbal/lib/Doctrine/DBAL/Driver/PDOConnection.php:40
/home/vlad/work/wealthbot-core/vendor/doctrine/dbal/lib/Doctrine/DBAL/Driver/PDOMySql/Driver.php:41
/home/vlad/work/wealthbot-core/vendor/doctrine/dbal/lib/Doctrine/DBAL/Connection.php:356
/home/vlad/work/wealthbot-core/vendor/doctrine/dbal/lib/Doctrine/DBAL/Connection.php:1034
/home/vlad/work/wealthbot-core/vendor/doctrine/orm/lib/Doctrine/ORM/EntityManager.php:202
/home/vlad/work/wealthbot-core/app/cache/test/jms_diextra/doctrine/EntityManager_54e6892c5ac3d.php:443
/home/vlad/work/wealthbot-core/src/Wealthbot/UserBundle/TestSuit/ExtendedWebTestCase.php:45
/home/vlad/work/wealthbot-core/src/Wealthbot/AdminBundle/Tests/Manager/TradeReconManagerTest.php:90
/home/vlad/.composer/vendor/phpunit/phpunit/src/TextUI/Command.php:152
/home/vlad/.composer/vendor/phpunit/phpunit/src/TextUI/Command.php:104
</error>
      </testcase>
      <testcase name="testNotExecutedTransaction" class="Wealthbot\AdminBundle\Tests\Manager\TradeReconManagerTest" file="/home/vlad/work/wealthbot-core/src/Wealthbot/AdminBundle/Tests/Manager/TradeReconManagerTest.php" line="132" assertions="0" time="0.014030">
        <error type="PHPUnit_Framework_ExceptionWrapper">Wealthbot\AdminBundle\Tests\Manager\TradeReconManagerTest::testNotExecutedTransaction
PDOException: SQLSTATE[28000] [1045] Access denied for user 'root'@'localhost' (using password: YES)

/home/vlad/work/wealthbot-core/vendor/doctrine/dbal/lib/Doctrine/DBAL/Driver/PDOConnection.php:40
/home/vlad/work/wealthbot-core/vendor/doctrine/dbal/lib/Doctrine/DBAL/Driver/PDOMySql/Driver.php:41
/home/vlad/work/wealthbot-core/vendor/doctrine/dbal/lib/Doctrine/DBAL/Connection.php:356
/home/vlad/work/wealthbot-core/vendor/doctrine/dbal/lib/Doctrine/DBAL/Connection.php:1034
/home/vlad/work/wealthbot-core/vendor/doctrine/orm/lib/Doctrine/ORM/EntityManager.php:202
/home/vlad/work/wealthbot-core/app/cache/test/jms_diextra/doctrine/EntityManager_54e6892c5ac3d.php:443
/home/vlad/work/wealthbot-core/src/Wealthbot/UserBundle/TestSuit/ExtendedWebTestCase.php:45
/home/vlad/work/wealthbot-core/src/Wealthbot/AdminBundle/Tests/Manager/TradeReconManagerTest.php:90
/home/vlad/.composer/vendor/phpunit/phpunit/src/TextUI/Command.php:152
/home/vlad/.composer/vendor/phpunit/phpunit/src/TextUI/Command.php:104
</error>
      </testcase>
      <testcase name="testCorrectWork" class="Wealthbot\AdminBundle\Tests\Manager\TradeReconManagerTest" file="/home/vlad/work/wealthbot-core/src/Wealthbot/AdminBundle/Tests/Manager/TradeReconManagerTest.php" line="149" assertions="0" time="0.014652">
        <error type="PHPUnit_Framework_ExceptionWrapper">Wealthbot\AdminBundle\Tests\Manager\TradeReconManagerTest::testCorrectWork
PDOException: SQLSTATE[28000] [1045] Access denied for user 'root'@'localhost' (using password: YES)

/home/vlad/work/wealthbot-core/vendor/doctrine/dbal/lib/Doctrine/DBAL/Driver/PDOConnection.php:40
/home/vlad/work/wealthbot-core/vendor/doctrine/dbal/lib/Doctrine/DBAL/Driver/PDOMySql/Driver.php:41
/home/vlad/work/wealthbot-core/vendor/doctrine/dbal/lib/Doctrine/DBAL/Connection.php:356
/home/vlad/work/wealthbot-core/vendor/doctrine/dbal/lib/Doctrine/DBAL/Connection.php:1034
/home/vlad/work/wealthbot-core/vendor/doctrine/orm/lib/Doctrine/ORM/EntityManager.php:202
/home/vlad/work/wealthbot-core/app/cache/test/jms_diextra/doctrine/EntityManager_54e6892c5ac3d.php:443
/home/vlad/work/wealthbot-core/src/Wealthbot/UserBundle/TestSuit/ExtendedWebTestCase.php:45
/home/vlad/work/wealthbot-core/src/Wealthbot/AdminBundle/Tests/Manager/TradeReconManagerTest.php:90
/home/vlad/.composer/vendor/phpunit/phpunit/src/TextUI/Command.php:152
/home/vlad/.composer/vendor/phpunit/phpunit/src/TextUI/Command.php:104
</error>
      </testcase>
      <testcase name="testNotPlannedTransaction" class="Wealthbot\AdminBundle\Tests\Manager\TradeReconManagerTest" file="/home/vlad/work/wealthbot-core/src/Wealthbot/AdminBundle/Tests/Manager/TradeReconManagerTest.php" line="166" assertions="0" time="0.010580">
        <error type="PHPUnit_Framework_ExceptionWrapper">Wealthbot\AdminBundle\Tests\Manager\TradeReconManagerTest::testNotPlannedTransaction
PDOException: SQLSTATE[28000] [1045] Access denied for user 'root'@'localhost' (using password: YES)

/home/vlad/work/wealthbot-core/vendor/doctrine/dbal/lib/Doctrine/DBAL/Driver/PDOConnection.php:40
/home/vlad/work/wealthbot-core/vendor/doctrine/dbal/lib/Doctrine/DBAL/Driver/PDOMySql/Driver.php:41
/home/vlad/work/wealthbot-core/vendor/doctrine/dbal/lib/Doctrine/DBAL/Connection.php:356
/home/vlad/work/wealthbot-core/vendor/doctrine/dbal/lib/Doctrine/DBAL/Connection.php:1034
/home/vlad/work/wealthbot-core/vendor/doctrine/orm/lib/Doctrine/ORM/EntityManager.php:202
/home/vlad/work/wealthbot-core/app/cache/test/jms_diextra/doctrine/EntityManager_54e6892c5ac3d.php:443
/home/vlad/work/wealthbot-core/src/Wealthbot/UserBundle/TestSuit/ExtendedWebTestCase.php:45
/home/vlad/work/wealthbot-core/src/Wealthbot/AdminBundle/Tests/Manager/TradeReconManagerTest.php:90
/home/vlad/.composer/vendor/phpunit/phpunit/src/TextUI/Command.php:152
/home/vlad/.composer/vendor/phpunit/phpunit/src/TextUI/Command.php:104
</error>
      </testcase>
    </testsuite>
    <testsuite name="Wealthbot\AdminBundle\Tests\Model\ModelTest" file="/home/vlad/work/wealthbot-core/src/Wealthbot/AdminBundle/Tests/Model/ModelTest.php" tests="15" assertions="28" failures="0" errors="0" time="0.001828">
      <testcase name="testSetNegativeRiskRating" class="Wealthbot\AdminBundle\Tests\Model\ModelTest" file="/home/vlad/work/wealthbot-core/src/Wealthbot/AdminBundle/Tests/Model/ModelTest.php" line="25" assertions="1" time="0.000497"/>
      <testcase name="testSetPositiveRiskRating" class="Wealthbot\AdminBundle\Tests\Model\ModelTest" file="/home/vlad/work/wealthbot-core/src/Wealthbot/AdminBundle/Tests/Model/ModelTest.php" line="31" assertions="1" time="0.000109"/>
      <testcase name="testSetWrongType" class="Wealthbot\AdminBundle\Tests\Model\ModelTest" file="/home/vlad/work/wealthbot-core/src/Wealthbot/AdminBundle/Tests/Model/ModelTest.php" line="37" assertions="1" time="0.000128"/>
      <testcase name="testSetCorrectType" class="Wealthbot\AdminBundle\Tests\Model\ModelTest" file="/home/vlad/work/wealthbot-core/src/Wealthbot/AdminBundle/Tests/Model/ModelTest.php" line="43" assertions="2" time="0.000133"/>
      <testcase name="testGetCommissions" class="Wealthbot\AdminBundle\Tests\Model\ModelTest" file="/home/vlad/work/wealthbot-core/src/Wealthbot/AdminBundle/Tests/Model/ModelTest.php" line="52" assertions="4" time="0.000135"/>
      <testcase name="testSetForecast" class="Wealthbot\AdminBundle\Tests\Model\ModelTest" file="/home/vlad/work/wealthbot-core/src/Wealthbot/AdminBundle/Tests/Model/ModelTest.php" line="69" assertions="1" time="0.000092"/>
      <testcase name="testSetGenerousMarketReturn" class="Wealthbot\AdminBundle\Tests\Model\ModelTest" file="/home/vlad/work/wealthbot-core/src/Wealthbot/AdminBundle/Tests/Model/ModelTest.php" line="75" assertions="1" time="0.000084"/>
      <testcase name="testSetLowMarketReturn" class="Wealthbot\AdminBundle\Tests\Model\ModelTest" file="/home/vlad/work/wealthbot-core/src/Wealthbot/AdminBundle/Tests/Model/ModelTest.php" line="81" assertions="1" time="0.000091"/>
      <testcase name="testHasType" class="Wealthbot\AdminBundle\Tests\Model\ModelTest" file="/home/vlad/work/wealthbot-core/src/Wealthbot/AdminBundle/Tests/Model/ModelTest.php" line="87" assertions="2" time="0.000101"/>
      <testcase name="testIsStrategy" class="Wealthbot\AdminBundle\Tests\Model\ModelTest" file="/home/vlad/work/wealthbot-core/src/Wealthbot/AdminBundle/Tests/Model/ModelTest.php" line="95" assertions="1" time="0.000089"/>
      <testcase name="testIsCustom" class="Wealthbot\AdminBundle\Tests\Model\ModelTest" file="/home/vlad/work/wealthbot-core/src/Wealthbot/AdminBundle/Tests/Model/ModelTest.php" line="101" assertions="1" time="0.000090"/>
      <testcase name="testCopyForOwner" class="Wealthbot\AdminBundle\Tests\Model\ModelTest" file="/home/vlad/work/wealthbot-core/src/Wealthbot/AdminBundle/Tests/Model/ModelTest.php" line="107" assertions="6" time="0.000068"/>
      <testcase name="testAddModelEntity" class="Wealthbot\AdminBundle\Tests\Model\ModelTest" file="/home/vlad/work/wealthbot-core/src/Wealthbot/AdminBundle/Tests/Model/ModelTest.php" line="128" assertions="1" time="0.000056"/>
      <testcase name="testRemoveModelEntity" class="Wealthbot\AdminBundle\Tests\Model\ModelTest" file="/home/vlad/work/wealthbot-core/src/Wealthbot/AdminBundle/Tests/Model/ModelTest.php" line="148" assertions="1" time="0.000067"/>
      <testcase name="testBuildGroupModelEntities" class="Wealthbot\AdminBundle\Tests\Model\ModelTest" file="/home/vlad/work/wealthbot-core/src/Wealthbot/AdminBundle/Tests/Model/ModelTest.php" line="171" assertions="4" time="0.000088"/>
    </testsuite>
    <testsuite name="Wealthbot\AdminBundle\Tests\Model\PortfolioInformationTest" file="/home/vlad/work/wealthbot-core/src/Wealthbot/AdminBundle/Tests/Model/PortfolioInformationTest.php" tests="11" assertions="19" failures="0" errors="0" time="0.002710">
      <testcase name="testSetIsQualified" class="Wealthbot\AdminBundle\Tests\Model\PortfolioInformationTest" file="/home/vlad/work/wealthbot-core/src/Wealthbot/AdminBundle/Tests/Model/PortfolioInformationTest.php" line="83" assertions="2" time="0.001247"/>
      <testcase name="testGetNonQualifiedModelEntities" class="Wealthbot\AdminBundle\Tests\Model\PortfolioInformationTest" file="/home/vlad/work/wealthbot-core/src/Wealthbot/AdminBundle/Tests/Model/PortfolioInformationTest.php" line="92" assertions="1" time="0.000134"/>
      <testcase name="testGetQualifiedModelEntities" class="Wealthbot\AdminBundle\Tests\Model\PortfolioInformationTest" file="/home/vlad/work/wealthbot-core/src/Wealthbot/AdminBundle/Tests/Model/PortfolioInformationTest.php" line="99" assertions="1" time="0.000128"/>
      <testcase name="testGetModelEntities" class="Wealthbot\AdminBundle\Tests\Model\PortfolioInformationTest" file="/home/vlad/work/wealthbot-core/src/Wealthbot/AdminBundle/Tests/Model/PortfolioInformationTest.php" line="105" assertions="2" time="0.000137"/>
      <testcase name="testGetModelEntitiesAsJson" class="Wealthbot\AdminBundle\Tests\Model\PortfolioInformationTest" file="/home/vlad/work/wealthbot-core/src/Wealthbot/AdminBundle/Tests/Model/PortfolioInformationTest.php" line="113" assertions="2" time="0.000196"/>
      <testcase name="testGetFundExpenses" class="Wealthbot\AdminBundle\Tests\Model\PortfolioInformationTest" file="/home/vlad/work/wealthbot-core/src/Wealthbot/AdminBundle/Tests/Model/PortfolioInformationTest.php" line="135" assertions="2" time="0.000145"/>
      <testcase name="testGetInvestmentMarket" class="Wealthbot\AdminBundle\Tests\Model\PortfolioInformationTest" file="/home/vlad/work/wealthbot-core/src/Wealthbot/AdminBundle/Tests/Model/PortfolioInformationTest.php" line="144" assertions="2" time="0.000144"/>
      <testcase name="testGetGenerousInvestmentMarket" class="Wealthbot\AdminBundle\Tests\Model\PortfolioInformationTest" file="/home/vlad/work/wealthbot-core/src/Wealthbot/AdminBundle/Tests/Model/PortfolioInformationTest.php" line="162" assertions="2" time="0.000152"/>
      <testcase name="testGetAverageInvestmentMarket" class="Wealthbot\AdminBundle\Tests\Model\PortfolioInformationTest" file="/home/vlad/work/wealthbot-core/src/Wealthbot/AdminBundle/Tests/Model/PortfolioInformationTest.php" line="182" assertions="2" time="0.000144"/>
      <testcase name="testGetLowInvestmentMarket" class="Wealthbot\AdminBundle\Tests\Model\PortfolioInformationTest" file="/home/vlad/work/wealthbot-core/src/Wealthbot/AdminBundle/Tests/Model/PortfolioInformationTest.php" line="192" assertions="2" time="0.000150"/>
      <testcase name="testGetForecast" class="Wealthbot\AdminBundle\Tests\Model\PortfolioInformationTest" file="/home/vlad/work/wealthbot-core/src/Wealthbot/AdminBundle/Tests/Model/PortfolioInformationTest.php" line="212" assertions="1" time="0.000133"/>
    </testsuite>
    <testsuite name="Wealthbot\ClientBundle\Tests\Controller\ClientDashboardTest" file="/home/vlad/work/wealthbot-core/src/Wealthbot/ClientBundle/Tests/Controller/ClientDashboardTest.php" tests="1" assertions="0" failures="0" errors="1" time="0.010115">
      <testcase name="testHoldingsAction" class="Wealthbot\ClientBundle\Tests\Controller\ClientDashboardTest" file="/home/vlad/work/wealthbot-core/src/Wealthbot/ClientBundle/Tests/Controller/ClientDashboardTest.php" line="24" assertions="0" time="0.010115">
        <error type="PHPUnit_Framework_ExceptionWrapper">Wealthbot\ClientBundle\Tests\Controller\ClientDashboardTest::testHoldingsAction
PDOException: SQLSTATE[28000] [1045] Access denied for user 'root'@'localhost' (using password: YES)

/home/vlad/work/wealthbot-core/vendor/doctrine/dbal/lib/Doctrine/DBAL/Driver/PDOConnection.php:40
/home/vlad/work/wealthbot-core/vendor/doctrine/dbal/lib/Doctrine/DBAL/Driver/PDOMySql/Driver.php:41
/home/vlad/work/wealthbot-core/vendor/doctrine/dbal/lib/Doctrine/DBAL/Connection.php:356
/home/vlad/work/wealthbot-core/vendor/doctrine/dbal/lib/Doctrine/DBAL/Connection.php:1034
/home/vlad/work/wealthbot-core/vendor/doctrine/orm/lib/Doctrine/ORM/EntityManager.php:202
/home/vlad/work/wealthbot-core/app/cache/test/jms_diextra/doctrine/EntityManager_54e6892c5ac3d.php:443
/home/vlad/work/wealthbot-core/src/Wealthbot/UserBundle/TestSuit/ExtendedWebTestCase.php:45
/home/vlad/work/wealthbot-core/src/Wealthbot/ClientBundle/Tests/Controller/ClientDashboardTest.php:16
/home/vlad/.composer/vendor/phpunit/phpunit/src/TextUI/Command.php:152
/home/vlad/.composer/vendor/phpunit/phpunit/src/TextUI/Command.php:104
</error>
      </testcase>
    </testsuite>
    <testsuite name="Wealthbot\ClientBundle\Tests\Docusign\DocusignCheckerStrategyTest" file="/home/vlad/work/wealthbot-core/src/Wealthbot/ClientBundle/Tests/Docusign/DocusignCheckerStrategyTest.php" tests="4" assertions="4" failures="0" errors="0" time="0.013713">
      <testcase name="testConditionsValid" class="Wealthbot\ClientBundle\Tests\Docusign\DocusignCheckerStrategyTest" file="/home/vlad/work/wealthbot-core/src/Wealthbot/ClientBundle/Tests/Docusign/DocusignCheckerStrategyTest.php" line="51" assertions="1" time="0.013012"/>
      <testcase name="testCustodianConditionInvalid" class="Wealthbot\ClientBundle\Tests\Docusign\DocusignCheckerStrategyTest" file="/home/vlad/work/wealthbot-core/src/Wealthbot/ClientBundle/Tests/Docusign/DocusignCheckerStrategyTest.php" line="63" assertions="1" time="0.000248"/>
      <testcase name="testPolicyConditionInvalid" class="Wealthbot\ClientBundle\Tests\Docusign\DocusignCheckerStrategyTest" file="/home/vlad/work/wealthbot-core/src/Wealthbot/ClientBundle/Tests/Docusign/DocusignCheckerStrategyTest.php" line="74" assertions="1" time="0.000243"/>
      <testcase name="testQuestionnaireConditionInvalid" class="Wealthbot\ClientBundle\Tests\Docusign\DocusignCheckerStrategyTest" file="/home/vlad/work/wealthbot-core/src/Wealthbot/ClientBundle/Tests/Docusign/DocusignCheckerStrategyTest.php" line="86" assertions="1" time="0.000210"/>
    </testsuite>
    <testsuite name="Wealthbot\ClientBundle\Tests\Docusign\TransferInformationConsolidatorConditionTest" file="/home/vlad/work/wealthbot-core/src/Wealthbot/ClientBundle/Tests/Docusign/TransferInformationConsolidatorConditionTest.php" tests="2" assertions="4" failures="0" errors="0" time="0.008989">
      <testcase name="testDocusignNotAllowed" class="Wealthbot\ClientBundle\Tests\Docusign\TransferInformationConsolidatorConditionTest" file="/home/vlad/work/wealthbot-core/src/Wealthbot/ClientBundle/Tests/Docusign/TransferInformationConsolidatorConditionTest.php" line="52" assertions="2" time="0.007562"/>
      <testcase name="testDocusignAllowed" class="Wealthbot\ClientBundle\Tests\Docusign\TransferInformationConsolidatorConditionTest" file="/home/vlad/work/wealthbot-core/src/Wealthbot/ClientBundle/Tests/Docusign/TransferInformationConsolidatorConditionTest.php" line="74" assertions="2" time="0.001427"/>
    </testsuite>
    <testsuite name="Wealthbot\ClientBundle\Tests\Docusign\TransferInformationCustodianConditionTest" file="/home/vlad/work/wealthbot-core/src/Wealthbot/ClientBundle/Tests/Docusign/TransferInformationCustodianConditionTest.php" tests="2" assertions="2" failures="0" errors="0" time="0.000105">
      <testcase name="testDocusignNotAllowed" class="Wealthbot\ClientBundle\Tests\Docusign\TransferInformationCustodianConditionTest" file="/home/vlad/work/wealthbot-core/src/Wealthbot/ClientBundle/Tests/Docusign/TransferInformationCustodianConditionTest.php" line="26" assertions="1" time="0.000060"/>
      <testcase name="testDocusignAllowed" class="Wealthbot\ClientBundle\Tests\Docusign\TransferInformationCustodianConditionTest" file="/home/vlad/work/wealthbot-core/src/Wealthbot/ClientBundle/Tests/Docusign/TransferInformationCustodianConditionTest.php" line="33" assertions="1" time="0.000045"/>
    </testsuite>
    <testsuite name="Wealthbot\ClientBundle\Tests\Docusign\TransferInformationPolicyConditionTest" file="/home/vlad/work/wealthbot-core/src/Wealthbot/ClientBundle/Tests/Docusign/TransferInformationPolicyConditionTest.php" tests="2" assertions="3" failures="0" errors="0" time="0.000101">
      <testcase name="testDocusignAllowed" class="Wealthbot\ClientBundle\Tests\Docusign\TransferInformationPolicyConditionTest" file="/home/vlad/work/wealthbot-core/src/Wealthbot/ClientBundle/Tests/Docusign/TransferInformationPolicyConditionTest.php" line="26" assertions="1" time="0.000055"/>
      <testcase name="testDocusignNotAllowed" class="Wealthbot\ClientBundle\Tests\Docusign\TransferInformationPolicyConditionTest" file="/home/vlad/work/wealthbot-core/src/Wealthbot/ClientBundle/Tests/Docusign/TransferInformationPolicyConditionTest.php" line="34" assertions="2" time="0.000046"/>
    </testsuite>
    <testsuite name="Wealthbot\ClientBundle\Tests\Docusign\TransferInformationQuestionnaireConditionTest" file="/home/vlad/work/wealthbot-core/src/Wealthbot/ClientBundle/Tests/Docusign/TransferInformationQuestionnaireConditionTest.php" tests="2" assertions="3" failures="0" errors="0" time="0.000198">
      <testcase name="testDocusignAllowed" class="Wealthbot\ClientBundle\Tests\Docusign\TransferInformationQuestionnaireConditionTest" file="/home/vlad/work/wealthbot-core/src/Wealthbot/ClientBundle/Tests/Docusign/TransferInformationQuestionnaireConditionTest.php" line="26" assertions="2" time="0.000104"/>
      <testcase name="testDocusignNotAllowed" class="Wealthbot\ClientBundle\Tests\Docusign\TransferInformationQuestionnaireConditionTest" file="/home/vlad/work/wealthbot-core/src/Wealthbot/ClientBundle/Tests/Docusign/TransferInformationQuestionnaireConditionTest.php" line="44" assertions="1" time="0.000094"/>
    </testsuite>
    <testsuite name="Wealthbot\ClientBundle\Tests\Manager\ClientAllocationValuesManagerTest" file="/home/vlad/work/wealthbot-core/src/Wealthbot/ClientBundle/Tests/Manager/ClientAllocationValuesManagerTest.php" tests="1" assertions="0" failures="0" errors="1" time="0.010473">
      <testcase name="testGetValues" class="Wealthbot\ClientBundle\Tests\Manager\ClientAllocationValuesManagerTest" file="/home/vlad/work/wealthbot-core/src/Wealthbot/ClientBundle/Tests/Manager/ClientAllocationValuesManagerTest.php" line="258" assertions="0" time="0.010473">
        <error type="PHPUnit_Framework_ExceptionWrapper">Wealthbot\ClientBundle\Tests\Manager\ClientAllocationValuesManagerTest::testGetValues
PDOException: SQLSTATE[28000] [1045] Access denied for user 'root'@'localhost' (using password: YES)

/home/vlad/work/wealthbot-core/vendor/doctrine/dbal/lib/Doctrine/DBAL/Driver/PDOConnection.php:40
/home/vlad/work/wealthbot-core/vendor/doctrine/dbal/lib/Doctrine/DBAL/Driver/PDOMySql/Driver.php:41
/home/vlad/work/wealthbot-core/vendor/doctrine/dbal/lib/Doctrine/DBAL/Connection.php:356
/home/vlad/work/wealthbot-core/vendor/doctrine/dbal/lib/Doctrine/DBAL/Connection.php:1034
/home/vlad/work/wealthbot-core/vendor/doctrine/orm/lib/Doctrine/ORM/EntityManager.php:202
/home/vlad/work/wealthbot-core/app/cache/test/jms_diextra/doctrine/EntityManager_54e6892c5ac3d.php:443
/home/vlad/work/wealthbot-core/src/Wealthbot/UserBundle/TestSuit/ExtendedWebTestCase.php:45
/home/vlad/work/wealthbot-core/src/Wealthbot/ClientBundle/Tests/Manager/ClientAllocationValuesManagerTest.php:254
/home/vlad/.composer/vendor/phpunit/phpunit/src/TextUI/Command.php:152
/home/vlad/.composer/vendor/phpunit/phpunit/src/TextUI/Command.php:104
</error>
      </testcase>
    </testsuite>
    <testsuite name="Wealthbot\ClientBundle\Tests\Manager\ClientPortfolioManagerTest" file="/home/vlad/work/wealthbot-core/src/Wealthbot/ClientBundle/Tests/Manager/ClientPortfolioManagerTest.php" tests="5" assertions="20" failures="0" errors="0" time="0.016438">
      <testcase name="testProposePortfolio" class="Wealthbot\ClientBundle\Tests\Manager\ClientPortfolioManagerTest" file="/home/vlad/work/wealthbot-core/src/Wealthbot/ClientBundle/Tests/Manager/ClientPortfolioManagerTest.php" line="50" assertions="3" time="0.007492"/>
      <testcase name="testApproveProposedPortfolio" class="Wealthbot\ClientBundle\Tests\Manager\ClientPortfolioManagerTest" file="/home/vlad/work/wealthbot-core/src/Wealthbot/ClientBundle/Tests/Manager/ClientPortfolioManagerTest.php" line="62" assertions="5" time="0.003553"/>
      <testcase name="testApproveProposedPortfolioException2" class="Wealthbot\ClientBundle\Tests\Manager\ClientPortfolioManagerTest" file="/home/vlad/work/wealthbot-core/src/Wealthbot/ClientBundle/Tests/Manager/ClientPortfolioManagerTest.php" line="88" assertions="3" time="0.000766"/>
      <testcase name="testAcceptApprovedPortfolio" class="Wealthbot\ClientBundle\Tests\Manager\ClientPortfolioManagerTest" file="/home/vlad/work/wealthbot-core/src/Wealthbot/ClientBundle/Tests/Manager/ClientPortfolioManagerTest.php" line="115" assertions="6" time="0.004123"/>
      <testcase name="testAcceptApprovedPortfolioException" class="Wealthbot\ClientBundle\Tests\Manager\ClientPortfolioManagerTest" file="/home/vlad/work/wealthbot-core/src/Wealthbot/ClientBundle/Tests/Manager/ClientPortfolioManagerTest.php" line="136" assertions="3" time="0.000504"/>
    </testsuite>
    <testsuite name="Wealthbot\ClientBundle\Tests\Model\RiskToleranceTest" file="/home/vlad/work/wealthbot-core/src/Wealthbot/ClientBundle/Tests/Model/RiskToleranceTest.php" tests="3" assertions="3" failures="0" errors="0" time="0.003521">
      <testcase name="testGetPoints" class="Wealthbot\ClientBundle\Tests\Model\RiskToleranceTest" file="/home/vlad/work/wealthbot-core/src/Wealthbot/ClientBundle/Tests/Model/RiskToleranceTest.php" line="87" assertions="1" time="0.002701"/>
      <testcase name="testGetSuggestedPortfolio" class="Wealthbot\ClientBundle\Tests\Model\RiskToleranceTest" file="/home/vlad/work/wealthbot-core/src/Wealthbot/ClientBundle/Tests/Model/RiskToleranceTest.php" line="92" assertions="1" time="0.000367"/>
      <testcase name="testGetSuggestedPortfolioException" class="Wealthbot\ClientBundle\Tests\Model\RiskToleranceTest" file="/home/vlad/work/wealthbot-core/src/Wealthbot/ClientBundle/Tests/Model/RiskToleranceTest.php" line="100" assertions="1" time="0.000453"/>
    </testsuite>
    <testsuite name="Wealthbot\RiaBundle\Tests\Controller\BillingSpecControllerTest" file="/home/vlad/work/wealthbot-core/src/Wealthbot/RiaBundle/Tests/Controller/BillingSpecControllerTest.php" tests="3" assertions="0" failures="0" errors="3" time="0.029336">
      <testcase name="testIndexAction" class="Wealthbot\RiaBundle\Tests\Controller\BillingSpecControllerTest" file="/home/vlad/work/wealthbot-core/src/Wealthbot/RiaBundle/Tests/Controller/BillingSpecControllerTest.php" line="26" assertions="0" time="0.009267">
        <error type="PHPUnit_Framework_ExceptionWrapper">Wealthbot\RiaBundle\Tests\Controller\BillingSpecControllerTest::testIndexAction
PDOException: SQLSTATE[28000] [1045] Access denied for user 'root'@'localhost' (using password: YES)

/home/vlad/work/wealthbot-core/vendor/doctrine/dbal/lib/Doctrine/DBAL/Driver/PDOConnection.php:40
/home/vlad/work/wealthbot-core/vendor/doctrine/dbal/lib/Doctrine/DBAL/Driver/PDOMySql/Driver.php:41
/home/vlad/work/wealthbot-core/vendor/doctrine/dbal/lib/Doctrine/DBAL/Connection.php:356
/home/vlad/work/wealthbot-core/vendor/doctrine/dbal/lib/Doctrine/DBAL/Connection.php:1034
/home/vlad/work/wealthbot-core/vendor/doctrine/orm/lib/Doctrine/ORM/EntityManager.php:202
/home/vlad/work/wealthbot-core/app/cache/test/jms_diextra/doctrine/EntityManager_54e6892c5ac3d.php:443
/home/vlad/work/wealthbot-core/src/Wealthbot/UserBundle/TestSuit/ExtendedWebTestCase.php:45
/home/vlad/work/wealthbot-core/src/Wealthbot/RiaBundle/Tests/Controller/BillingSpecControllerTest.php:18
/home/vlad/.composer/vendor/phpunit/phpunit/src/TextUI/Command.php:152
/home/vlad/.composer/vendor/phpunit/phpunit/src/TextUI/Command.php:104
</error>
      </testcase>
      <testcase name="testCreateAction" class="Wealthbot\RiaBundle\Tests\Controller\BillingSpecControllerTest" file="/home/vlad/work/wealthbot-core/src/Wealthbot/RiaBundle/Tests/Controller/BillingSpecControllerTest.php" line="41" assertions="0" time="0.010687">
        <error type="PHPUnit_Framework_ExceptionWrapper">Wealthbot\RiaBundle\Tests\Controller\BillingSpecControllerTest::testCreateAction
PDOException: SQLSTATE[28000] [1045] Access denied for user 'root'@'localhost' (using password: YES)

/home/vlad/work/wealthbot-core/vendor/doctrine/dbal/lib/Doctrine/DBAL/Driver/PDOConnection.php:40
/home/vlad/work/wealthbot-core/vendor/doctrine/dbal/lib/Doctrine/DBAL/Driver/PDOMySql/Driver.php:41
/home/vlad/work/wealthbot-core/vendor/doctrine/dbal/lib/Doctrine/DBAL/Connection.php:356
/home/vlad/work/wealthbot-core/vendor/doctrine/dbal/lib/Doctrine/DBAL/Connection.php:1034
/home/vlad/work/wealthbot-core/vendor/doctrine/orm/lib/Doctrine/ORM/EntityManager.php:202
/home/vlad/work/wealthbot-core/app/cache/test/jms_diextra/doctrine/EntityManager_54e6892c5ac3d.php:443
/home/vlad/work/wealthbot-core/src/Wealthbot/UserBundle/TestSuit/ExtendedWebTestCase.php:45
/home/vlad/work/wealthbot-core/src/Wealthbot/RiaBundle/Tests/Controller/BillingSpecControllerTest.php:18
/home/vlad/.composer/vendor/phpunit/phpunit/src/TextUI/Command.php:152
/home/vlad/.composer/vendor/phpunit/phpunit/src/TextUI/Command.php:104
</error>
      </testcase>
      <testcase name="testUpdateAction" class="Wealthbot\RiaBundle\Tests\Controller\BillingSpecControllerTest" file="/home/vlad/work/wealthbot-core/src/Wealthbot/RiaBundle/Tests/Controller/BillingSpecControllerTest.php" line="71" assertions="0" time="0.009382">
        <error type="PHPUnit_Framework_ExceptionWrapper">Wealthbot\RiaBundle\Tests\Controller\BillingSpecControllerTest::testUpdateAction
PDOException: SQLSTATE[28000] [1045] Access denied for user 'root'@'localhost' (using password: YES)

/home/vlad/work/wealthbot-core/vendor/doctrine/dbal/lib/Doctrine/DBAL/Driver/PDOConnection.php:40
/home/vlad/work/wealthbot-core/vendor/doctrine/dbal/lib/Doctrine/DBAL/Driver/PDOMySql/Driver.php:41
/home/vlad/work/wealthbot-core/vendor/doctrine/dbal/lib/Doctrine/DBAL/Connection.php:356
/home/vlad/work/wealthbot-core/vendor/doctrine/dbal/lib/Doctrine/DBAL/Connection.php:1034
/home/vlad/work/wealthbot-core/vendor/doctrine/orm/lib/Doctrine/ORM/EntityManager.php:202
/home/vlad/work/wealthbot-core/app/cache/test/jms_diextra/doctrine/EntityManager_54e6892c5ac3d.php:443
/home/vlad/work/wealthbot-core/src/Wealthbot/UserBundle/TestSuit/ExtendedWebTestCase.php:45
/home/vlad/work/wealthbot-core/src/Wealthbot/RiaBundle/Tests/Controller/BillingSpecControllerTest.php:18
/home/vlad/.composer/vendor/phpunit/phpunit/src/TextUI/Command.php:152
/home/vlad/.composer/vendor/phpunit/phpunit/src/TextUI/Command.php:104
</error>
      </testcase>
    </testsuite>
    <testsuite name="Wealthbot\RiaBundle\Tests\Controller\DashboardControllerTest" file="/home/vlad/work/wealthbot-core/src/Wealthbot/RiaBundle/Tests/Controller/DashboardControllerTest.php" tests="1" assertions="0" failures="0" errors="1" time="0.012416">
      <testcase name="testIndexThereIsRequiredStepsAction" class="Wealthbot\RiaBundle\Tests\Controller\DashboardControllerTest" file="/home/vlad/work/wealthbot-core/src/Wealthbot/RiaBundle/Tests/Controller/DashboardControllerTest.php" line="22" assertions="0" time="0.012416">
        <error type="PHPUnit_Framework_ExceptionWrapper">Wealthbot\RiaBundle\Tests\Controller\DashboardControllerTest::testIndexThereIsRequiredStepsAction
PDOException: SQLSTATE[28000] [1045] Access denied for user 'root'@'localhost' (using password: YES)

/home/vlad/work/wealthbot-core/vendor/doctrine/dbal/lib/Doctrine/DBAL/Driver/PDOConnection.php:40
/home/vlad/work/wealthbot-core/vendor/doctrine/dbal/lib/Doctrine/DBAL/Driver/PDOMySql/Driver.php:41
/home/vlad/work/wealthbot-core/vendor/doctrine/dbal/lib/Doctrine/DBAL/Connection.php:356
/home/vlad/work/wealthbot-core/vendor/doctrine/dbal/lib/Doctrine/DBAL/Connection.php:1034
/home/vlad/work/wealthbot-core/vendor/doctrine/orm/lib/Doctrine/ORM/EntityManager.php:202
/home/vlad/work/wealthbot-core/app/cache/test/jms_diextra/doctrine/EntityManager_54e6892c5ac3d.php:443
/home/vlad/work/wealthbot-core/src/Wealthbot/UserBundle/TestSuit/ExtendedWebTestCase.php:45
/home/vlad/work/wealthbot-core/src/Wealthbot/RiaBundle/Tests/Controller/DashboardControllerTest.php:17
/home/vlad/.composer/vendor/phpunit/phpunit/src/TextUI/Command.php:152
/home/vlad/.composer/vendor/phpunit/phpunit/src/TextUI/Command.php:104
</error>
      </testcase>
    </testsuite>
    <testsuite name="Wealthbot\RiaBundle\Tests\Controller\ProspectsControllerTest" file="/home/vlad/work/wealthbot-core/src/Wealthbot/RiaBundle/Tests/Controller/ProspectsControllerTest.php" tests="2" assertions="0" failures="0" errors="2" time="0.040166">
      <testcase name="testSuggestedPortfolioAction" class="Wealthbot\RiaBundle\Tests\Controller\ProspectsControllerTest" file="/home/vlad/work/wealthbot-core/src/Wealthbot/RiaBundle/Tests/Controller/ProspectsControllerTest.php" line="26" assertions="0" time="0.028769">
        <error type="PHPUnit_Framework_ExceptionWrapper">Wealthbot\RiaBundle\Tests\Controller\ProspectsControllerTest::testSuggestedPortfolioAction
PDOException: SQLSTATE[28000] [1045] Access denied for user 'root'@'localhost' (using password: YES)

/home/vlad/work/wealthbot-core/vendor/doctrine/dbal/lib/Doctrine/DBAL/Driver/PDOConnection.php:40
/home/vlad/work/wealthbot-core/vendor/doctrine/dbal/lib/Doctrine/DBAL/Driver/PDOMySql/Driver.php:41
/home/vlad/work/wealthbot-core/vendor/doctrine/dbal/lib/Doctrine/DBAL/Connection.php:356
/home/vlad/work/wealthbot-core/vendor/doctrine/dbal/lib/Doctrine/DBAL/Connection.php:1034
/home/vlad/work/wealthbot-core/vendor/doctrine/orm/lib/Doctrine/ORM/EntityManager.php:202
/home/vlad/work/wealthbot-core/app/cache/test/jms_diextra/doctrine/EntityManager_54e6892c5ac3d.php:443
/home/vlad/work/wealthbot-core/src/Wealthbot/UserBundle/TestSuit/ExtendedWebTestCase.php:45
/home/vlad/work/wealthbot-core/src/Wealthbot/RiaBundle/Tests/Controller/ProspectsControllerTest.php:21
/home/vlad/.composer/vendor/phpunit/phpunit/src/TextUI/Command.php:152
/home/vlad/.composer/vendor/phpunit/phpunit/src/TextUI/Command.php:104
</error>
      </testcase>
      <testcase name="testSuggestedPortfolioWrongUser" class="Wealthbot\RiaBundle\Tests\Controller\ProspectsControllerTest" file="/home/vlad/work/wealthbot-core/src/Wealthbot/RiaBundle/Tests/Controller/ProspectsControllerTest.php" line="41" assertions="0" time="0.011397">
        <error type="PHPUnit_Framework_ExceptionWrapper">Wealthbot\RiaBundle\Tests\Controller\ProspectsControllerTest::testSuggestedPortfolioWrongUser
PDOException: SQLSTATE[28000] [1045] Access denied for user 'root'@'localhost' (using password: YES)

/home/vlad/work/wealthbot-core/vendor/doctrine/dbal/lib/Doctrine/DBAL/Driver/PDOConnection.php:40
/home/vlad/work/wealthbot-core/vendor/doctrine/dbal/lib/Doctrine/DBAL/Driver/PDOMySql/Driver.php:41
/home/vlad/work/wealthbot-core/vendor/doctrine/dbal/lib/Doctrine/DBAL/Connection.php:356
/home/vlad/work/wealthbot-core/vendor/doctrine/dbal/lib/Doctrine/DBAL/Connection.php:1034
/home/vlad/work/wealthbot-core/vendor/doctrine/orm/lib/Doctrine/ORM/EntityManager.php:202
/home/vlad/work/wealthbot-core/app/cache/test/jms_diextra/doctrine/EntityManager_54e6892c5ac3d.php:443
/home/vlad/work/wealthbot-core/src/Wealthbot/UserBundle/TestSuit/ExtendedWebTestCase.php:45
/home/vlad/work/wealthbot-core/src/Wealthbot/RiaBundle/Tests/Controller/ProspectsControllerTest.php:21
/home/vlad/.composer/vendor/phpunit/phpunit/src/TextUI/Command.php:152
/home/vlad/.composer/vendor/phpunit/phpunit/src/TextUI/Command.php:104
</error>
      </testcase>
    </testsuite>
    <testsuite name="Wealthbot\RiaBundle\Tests\Controller\DoctrineSubscriberTest" file="/home/vlad/work/wealthbot-core/src/Wealthbot/RiaBundle/Tests/Service/DoctrineSubscriberTest.php" tests="6" assertions="0" failures="0" errors="6" time="0.060718">
      <testcase name="testAddMaster" class="Wealthbot\RiaBundle\Tests\Controller\DoctrineSubscriberTest" file="/home/vlad/work/wealthbot-core/src/Wealthbot/RiaBundle/Tests/Service/DoctrineSubscriberTest.php" line="66" assertions="0" time="0.010420">
        <error type="PHPUnit_Framework_ExceptionWrapper">Wealthbot\RiaBundle\Tests\Controller\DoctrineSubscriberTest::testAddMaster
PDOException: SQLSTATE[28000] [1045] Access denied for user 'root'@'localhost' (using password: YES)

/home/vlad/work/wealthbot-core/vendor/doctrine/dbal/lib/Doctrine/DBAL/Driver/PDOConnection.php:40
/home/vlad/work/wealthbot-core/vendor/doctrine/dbal/lib/Doctrine/DBAL/Driver/PDOMySql/Driver.php:41
/home/vlad/work/wealthbot-core/vendor/doctrine/dbal/lib/Doctrine/DBAL/Connection.php:356
/home/vlad/work/wealthbot-core/vendor/doctrine/dbal/lib/Doctrine/DBAL/Connection.php:1034
/home/vlad/work/wealthbot-core/vendor/doctrine/orm/lib/Doctrine/ORM/EntityManager.php:202
/home/vlad/work/wealthbot-core/app/cache/test/jms_diextra/doctrine/EntityManager_54e6892c5ac3d.php:443
/home/vlad/work/wealthbot-core/src/Wealthbot/UserBundle/TestSuit/ExtendedWebTestCase.php:45
/home/vlad/work/wealthbot-core/src/Wealthbot/RiaBundle/Tests/Service/DoctrineSubscriberTest.php:22
/home/vlad/.composer/vendor/phpunit/phpunit/src/TextUI/Command.php:152
/home/vlad/.composer/vendor/phpunit/phpunit/src/TextUI/Command.php:104
</error>
      </testcase>
      <testcase name="testSetMaster" class="Wealthbot\RiaBundle\Tests\Controller\DoctrineSubscriberTest" file="/home/vlad/work/wealthbot-core/src/Wealthbot/RiaBundle/Tests/Service/DoctrineSubscriberTest.php" line="101" assertions="0" time="0.009047">
        <error type="PHPUnit_Framework_ExceptionWrapper">Wealthbot\RiaBundle\Tests\Controller\DoctrineSubscriberTest::testSetMaster
PDOException: SQLSTATE[28000] [1045] Access denied for user 'root'@'localhost' (using password: YES)

/home/vlad/work/wealthbot-core/vendor/doctrine/dbal/lib/Doctrine/DBAL/Driver/PDOConnection.php:40
/home/vlad/work/wealthbot-core/vendor/doctrine/dbal/lib/Doctrine/DBAL/Driver/PDOMySql/Driver.php:41
/home/vlad/work/wealthbot-core/vendor/doctrine/dbal/lib/Doctrine/DBAL/Connection.php:356
/home/vlad/work/wealthbot-core/vendor/doctrine/dbal/lib/Doctrine/DBAL/Connection.php:1034
/home/vlad/work/wealthbot-core/vendor/doctrine/orm/lib/Doctrine/ORM/EntityManager.php:202
/home/vlad/work/wealthbot-core/app/cache/test/jms_diextra/doctrine/EntityManager_54e6892c5ac3d.php:443
/home/vlad/work/wealthbot-core/src/Wealthbot/UserBundle/TestSuit/ExtendedWebTestCase.php:45
/home/vlad/work/wealthbot-core/src/Wealthbot/RiaBundle/Tests/Service/DoctrineSubscriberTest.php:22
/home/vlad/.composer/vendor/phpunit/phpunit/src/TextUI/Command.php:152
/home/vlad/.composer/vendor/phpunit/phpunit/src/TextUI/Command.php:104
</error>
      </testcase>
      <testcase name="testNoMaster" class="Wealthbot\RiaBundle\Tests\Controller\DoctrineSubscriberTest" file="/home/vlad/work/wealthbot-core/src/Wealthbot/RiaBundle/Tests/Service/DoctrineSubscriberTest.php" line="119" assertions="0" time="0.010385">
        <error type="PHPUnit_Framework_ExceptionWrapper">Wealthbot\RiaBundle\Tests\Controller\DoctrineSubscriberTest::testNoMaster
PDOException: SQLSTATE[28000] [1045] Access denied for user 'root'@'localhost' (using password: YES)

/home/vlad/work/wealthbot-core/vendor/doctrine/dbal/lib/Doctrine/DBAL/Driver/PDOConnection.php:40
/home/vlad/work/wealthbot-core/vendor/doctrine/dbal/lib/Doctrine/DBAL/Driver/PDOMySql/Driver.php:41
/home/vlad/work/wealthbot-core/vendor/doctrine/dbal/lib/Doctrine/DBAL/Connection.php:356
/home/vlad/work/wealthbot-core/vendor/doctrine/dbal/lib/Doctrine/DBAL/Connection.php:1034
/home/vlad/work/wealthbot-core/vendor/doctrine/orm/lib/Doctrine/ORM/EntityManager.php:202
/home/vlad/work/wealthbot-core/app/cache/test/jms_diextra/doctrine/EntityManager_54e6892c5ac3d.php:443
/home/vlad/work/wealthbot-core/src/Wealthbot/UserBundle/TestSuit/ExtendedWebTestCase.php:45
/home/vlad/work/wealthbot-core/src/Wealthbot/RiaBundle/Tests/Service/DoctrineSubscriberTest.php:22
/home/vlad/.composer/vendor/phpunit/phpunit/src/TextUI/Command.php:152
/home/vlad/.composer/vendor/phpunit/phpunit/src/TextUI/Command.php:104
</error>
      </testcase>
      <testcase name="testDeleteMaster" class="Wealthbot\RiaBundle\Tests\Controller\DoctrineSubscriberTest" file="/home/vlad/work/wealthbot-core/src/Wealthbot/RiaBundle/Tests/Service/DoctrineSubscriberTest.php" line="137" assertions="0" time="0.011657">
        <error type="PHPUnit_Framework_ExceptionWrapper">Wealthbot\RiaBundle\Tests\Controller\DoctrineSubscriberTest::testDeleteMaster
PDOException: SQLSTATE[28000] [1045] Access denied for user 'root'@'localhost' (using password: YES)

/home/vlad/work/wealthbot-core/vendor/doctrine/dbal/lib/Doctrine/DBAL/Driver/PDOConnection.php:40
/home/vlad/work/wealthbot-core/vendor/doctrine/dbal/lib/Doctrine/DBAL/Driver/PDOMySql/Driver.php:41
/home/vlad/work/wealthbot-core/vendor/doctrine/dbal/lib/Doctrine/DBAL/Connection.php:356
/home/vlad/work/wealthbot-core/vendor/doctrine/dbal/lib/Doctrine/DBAL/Connection.php:1034
/home/vlad/work/wealthbot-core/vendor/doctrine/orm/lib/Doctrine/ORM/EntityManager.php:202
/home/vlad/work/wealthbot-core/app/cache/test/jms_diextra/doctrine/EntityManager_54e6892c5ac3d.php:443
/home/vlad/work/wealthbot-core/src/Wealthbot/UserBundle/TestSuit/ExtendedWebTestCase.php:45
/home/vlad/work/wealthbot-core/src/Wealthbot/RiaBundle/Tests/Service/DoctrineSubscriberTest.php:22
/home/vlad/.composer/vendor/phpunit/phpunit/src/TextUI/Command.php:152
/home/vlad/.composer/vendor/phpunit/phpunit/src/TextUI/Command.php:104
</error>
      </testcase>
      <testcase name="testAddThreeMasters" class="Wealthbot\RiaBundle\Tests\Controller\DoctrineSubscriberTest" file="/home/vlad/work/wealthbot-core/src/Wealthbot/RiaBundle/Tests/Service/DoctrineSubscriberTest.php" line="151" assertions="0" time="0.010536">
        <error type="PHPUnit_Framework_ExceptionWrapper">Wealthbot\RiaBundle\Tests\Controller\DoctrineSubscriberTest::testAddThreeMasters
PDOException: SQLSTATE[28000] [1045] Access denied for user 'root'@'localhost' (using password: YES)

/home/vlad/work/wealthbot-core/vendor/doctrine/dbal/lib/Doctrine/DBAL/Driver/PDOConnection.php:40
/home/vlad/work/wealthbot-core/vendor/doctrine/dbal/lib/Doctrine/DBAL/Driver/PDOMySql/Driver.php:41
/home/vlad/work/wealthbot-core/vendor/doctrine/dbal/lib/Doctrine/DBAL/Connection.php:356
/home/vlad/work/wealthbot-core/vendor/doctrine/dbal/lib/Doctrine/DBAL/Connection.php:1034
/home/vlad/work/wealthbot-core/vendor/doctrine/orm/lib/Doctrine/ORM/EntityManager.php:202
/home/vlad/work/wealthbot-core/app/cache/test/jms_diextra/doctrine/EntityManager_54e6892c5ac3d.php:443
/home/vlad/work/wealthbot-core/src/Wealthbot/UserBundle/TestSuit/ExtendedWebTestCase.php:45
/home/vlad/work/wealthbot-core/src/Wealthbot/RiaBundle/Tests/Service/DoctrineSubscriberTest.php:22
/home/vlad/.composer/vendor/phpunit/phpunit/src/TextUI/Command.php:152
/home/vlad/.composer/vendor/phpunit/phpunit/src/TextUI/Command.php:104
</error>
      </testcase>
      <testcase name="testAdminFee" class="Wealthbot\RiaBundle\Tests\Controller\DoctrineSubscriberTest" file="/home/vlad/work/wealthbot-core/src/Wealthbot/RiaBundle/Tests/Service/DoctrineSubscriberTest.php" line="173" assertions="0" time="0.008673">
        <error type="PHPUnit_Framework_ExceptionWrapper">Wealthbot\RiaBundle\Tests\Controller\DoctrineSubscriberTest::testAdminFee
PDOException: SQLSTATE[28000] [1045] Access denied for user 'root'@'localhost' (using password: YES)

/home/vlad/work/wealthbot-core/vendor/doctrine/dbal/lib/Doctrine/DBAL/Driver/PDOConnection.php:40
/home/vlad/work/wealthbot-core/vendor/doctrine/dbal/lib/Doctrine/DBAL/Driver/PDOMySql/Driver.php:41
/home/vlad/work/wealthbot-core/vendor/doctrine/dbal/lib/Doctrine/DBAL/Connection.php:356
/home/vlad/work/wealthbot-core/vendor/doctrine/dbal/lib/Doctrine/DBAL/Connection.php:1034
/home/vlad/work/wealthbot-core/vendor/doctrine/orm/lib/Doctrine/ORM/EntityManager.php:202
/home/vlad/work/wealthbot-core/app/cache/test/jms_diextra/doctrine/EntityManager_54e6892c5ac3d.php:443
/home/vlad/work/wealthbot-core/src/Wealthbot/UserBundle/TestSuit/ExtendedWebTestCase.php:45
/home/vlad/work/wealthbot-core/src/Wealthbot/RiaBundle/Tests/Service/DoctrineSubscriberTest.php:22
/home/vlad/.composer/vendor/phpunit/phpunit/src/TextUI/Command.php:152
/home/vlad/.composer/vendor/phpunit/phpunit/src/TextUI/Command.php:104
</error>
      </testcase>
    </testsuite>
    <testsuite name="Test\Console\WealthbotRebalancerTest" file="/home/vlad/work/wealthbot-core/system/Test/Case/Console/WealthbotRebalancerTest.php" tests="63" assertions="87" failures="2" errors="14" time="0.069153">
      <testcase name="testGetClient" class="Test\Console\WealthbotRebalancerTest" file="/home/vlad/work/wealthbot-core/system/Test/Case/Console/WealthbotRebalancerTest.php" line="79" assertions="1" time="0.005859">
        <error type="PHPUnit_Framework_ExceptionWrapper">Test\Console\WealthbotRebalancerTest::testGetClient
PDOException: SQLSTATE[28000] [1045] Access denied for user 'wealthbot_test'@'localhost' (using password: YES)

/home/vlad/work/wealthbot-core/system/Database/WealthbotMySqlConnection.php:32
/home/vlad/work/wealthbot-core/system/Database/WealthbotMySqlConnection.php:45
/home/vlad/work/wealthbot-core/system/Model/WealthbotRebalancer/Repository/BaseRepository.php:53
/home/vlad/work/wealthbot-core/system/Manager/BusinessCalendar.php:17
/home/vlad/work/wealthbot-core/system/Console/WealthbotRebalancer.php:94
/home/vlad/work/wealthbot-core/system/Test/Case/Console/WealthbotRebalancerTest.php:83
/home/vlad/.composer/vendor/phpunit/phpunit/src/TextUI/Command.php:152
/home/vlad/.composer/vendor/phpunit/phpunit/src/TextUI/Command.php:104
</error>
      </testcase>
      <testcase name="testGetBusinessCalendarManager" class="Test\Console\WealthbotRebalancerTest" file="/home/vlad/work/wealthbot-core/system/Test/Case/Console/WealthbotRebalancerTest.php" line="87" assertions="0" time="0.000437">
        <error type="PHPUnit_Framework_ExceptionWrapper">Test\Console\WealthbotRebalancerTest::testGetBusinessCalendarManager
PDOException: SQLSTATE[28000] [1045] Access denied for user 'wealthbot_test'@'localhost' (using password: YES)

/home/vlad/work/wealthbot-core/system/Database/WealthbotMySqlConnection.php:32
/home/vlad/work/wealthbot-core/system/Database/WealthbotMySqlConnection.php:45
/home/vlad/work/wealthbot-core/system/Model/WealthbotRebalancer/Repository/BaseRepository.php:53
/home/vlad/work/wealthbot-core/system/Manager/BusinessCalendar.php:17
/home/vlad/work/wealthbot-core/system/Console/WealthbotRebalancer.php:94
/home/vlad/work/wealthbot-core/system/Test/Case/Console/WealthbotRebalancerTest.php:89
/home/vlad/.composer/vendor/phpunit/phpunit/src/TextUI/Command.php:152
/home/vlad/.composer/vendor/phpunit/phpunit/src/TextUI/Command.php:104
</error>
      </testcase>
      <testcase name="testGetJob" class="Test\Console\WealthbotRebalancerTest" file="/home/vlad/work/wealthbot-core/system/Test/Case/Console/WealthbotRebalancerTest.php" line="95" assertions="2" time="0.001377"/>
      <testcase name="testGetRebalancerAction" class="Test\Console\WealthbotRebalancerTest" file="/home/vlad/work/wealthbot-core/system/Test/Case/Console/WealthbotRebalancerTest.php" line="125" assertions="1" time="0.001953"/>
      <testcase name="testAddRepositoryAndGetRepository" class="Test\Console\WealthbotRebalancerTest" file="/home/vlad/work/wealthbot-core/system/Test/Case/Console/WealthbotRebalancerTest.php" line="158" assertions="1" time="0.000683">
        <error type="PHPUnit_Framework_ExceptionWrapper">Test\Console\WealthbotRebalancerTest::testAddRepositoryAndGetRepository
PDOException: SQLSTATE[28000] [1045] Access denied for user 'wealthbot_test'@'localhost' (using password: YES)

/home/vlad/work/wealthbot-core/system/Database/WealthbotMySqlConnection.php:32
/home/vlad/work/wealthbot-core/system/Database/WealthbotMySqlConnection.php:45
/home/vlad/work/wealthbot-core/system/Model/WealthbotRebalancer/Repository/BaseRepository.php:53
/home/vlad/work/wealthbot-core/system/Test/Case/Console/WealthbotRebalancerTest.php:163
/home/vlad/.composer/vendor/phpunit/phpunit/src/TextUI/Command.php:152
/home/vlad/.composer/vendor/phpunit/phpunit/src/TextUI/Command.php:104
</error>
      </testcase>
      <testcase name="testStart" class="Test\Console\WealthbotRebalancerTest" file="/home/vlad/work/wealthbot-core/system/Test/Case/Console/WealthbotRebalancerTest.php" line="170" assertions="1" time="0.001220"/>
      <testcase name="testStartForJob" class="Test\Console\WealthbotRebalancerTest" file="/home/vlad/work/wealthbot-core/system/Test/Case/Console/WealthbotRebalancerTest.php" line="197" assertions="1" time="0.000938"/>
      <testcase name="testStartForRebalancerAction" class="Test\Console\WealthbotRebalancerTest" file="/home/vlad/work/wealthbot-core/system/Test/Case/Console/WealthbotRebalancerTest.php" line="238" assertions="2" time="0.001176"/>
      <testcase name="testStartForRebalancerActionWithoutAccounts" class="Test\Console\WealthbotRebalancerTest" file="/home/vlad/work/wealthbot-core/system/Test/Case/Console/WealthbotRebalancerTest.php" line="281" assertions="1" time="0.000360"/>
      <testcase name="testStartForClient" class="Test\Console\WealthbotRebalancerTest" file="/home/vlad/work/wealthbot-core/system/Test/Case/Console/WealthbotRebalancerTest.php" line="314" assertions="0" time="0.001484">
        <error type="PHPUnit_Framework_ExceptionWrapper">Test\Console\WealthbotRebalancerTest::testStartForClient
PDOException: SQLSTATE[28000] [1045] Access denied for user 'wealthbot_test'@'localhost' (using password: YES)

/home/vlad/work/wealthbot-core/system/Database/WealthbotMySqlConnection.php:32
/home/vlad/work/wealthbot-core/system/Database/WealthbotMySqlConnection.php:45
/home/vlad/work/wealthbot-core/system/Model/WealthbotRebalancer/Repository/BaseRepository.php:53
/home/vlad/work/wealthbot-core/system/Test/Case/Console/WealthbotRebalancerTest.php:327
/home/vlad/.composer/vendor/phpunit/phpunit/src/TextUI/Command.php:152
/home/vlad/.composer/vendor/phpunit/phpunit/src/TextUI/Command.php:104
</error>
      </testcase>
      <testcase name="testRebalancingTriggerStatusAnalyzed" class="Test\Console\WealthbotRebalancerTest" file="/home/vlad/work/wealthbot-core/system/Test/Case/Console/WealthbotRebalancerTest.php" line="373" assertions="1" time="0.000577"/>
      <testcase name="testRebalancingTriggerStatusInitialRebalanceComplete" class="Test\Console\WealthbotRebalancerTest" file="/home/vlad/work/wealthbot-core/system/Test/Case/Console/WealthbotRebalancerTest.php" line="384" assertions="1" time="0.000256"/>
      <testcase name="testRebalancingTriggerStatusInitRebalance" class="Test\Console\WealthbotRebalancerTest" file="/home/vlad/work/wealthbot-core/system/Test/Case/Console/WealthbotRebalancerTest.php" line="394" assertions="1" time="0.000524"/>
      <testcase name="testRebalancingTriggerStatusRebalanced" class="Test\Console\WealthbotRebalancerTest" file="/home/vlad/work/wealthbot-core/system/Test/Case/Console/WealthbotRebalancerTest.php" line="404" assertions="1" time="0.000250"/>
      <testcase name="testRebalancingTriggerStatusRegistered" class="Test\Console\WealthbotRebalancerTest" file="/home/vlad/work/wealthbot-core/system/Test/Case/Console/WealthbotRebalancerTest.php" line="414" assertions="1" time="0.000577"/>
      <testcase name="testRebalancingTriggerStatusActive" class="Test\Console\WealthbotRebalancerTest" file="/home/vlad/work/wealthbot-core/system/Test/Case/Console/WealthbotRebalancerTest.php" line="425" assertions="1" time="0.000248"/>
      <testcase name="testRebalancingTriggerStatusWaitingActivation" class="Test\Console\WealthbotRebalancerTest" file="/home/vlad/work/wealthbot-core/system/Test/Case/Console/WealthbotRebalancerTest.php" line="437" assertions="1" time="0.000243"/>
      <testcase name="testRebalancingTriggerStatusClose" class="Test\Console\WealthbotRebalancerTest" file="/home/vlad/work/wealthbot-core/system/Test/Case/Console/WealthbotRebalancerTest.php" line="448" assertions="1" time="0.000240"/>
      <testcase name="testAccountRebalance" class="Test\Console\WealthbotRebalancerTest" file="/home/vlad/work/wealthbot-core/system/Test/Case/Console/WealthbotRebalancerTest.php" line="459" assertions="1" time="0.003059"/>
      <testcase name="testHouseholdRebalance" class="Test\Console\WealthbotRebalancerTest" file="/home/vlad/work/wealthbot-core/system/Test/Case/Console/WealthbotRebalancerTest.php" line="498" assertions="1" time="0.001153"/>
      <testcase name="testPrepareAccountWithSecurities" class="Test\Console\WealthbotRebalancerTest" file="/home/vlad/work/wealthbot-core/system/Test/Case/Console/WealthbotRebalancerTest.php" line="517" assertions="0" time="0.000789">
        <error type="PHPUnit_Framework_ExceptionWrapper">Test\Console\WealthbotRebalancerTest::testPrepareAccountWithSecurities
PDOException: SQLSTATE[28000] [1045] Access denied for user 'wealthbot_test'@'localhost' (using password: YES)

/home/vlad/work/wealthbot-core/system/Database/WealthbotMySqlConnection.php:32
/home/vlad/work/wealthbot-core/system/Database/WealthbotMySqlConnection.php:45
/home/vlad/work/wealthbot-core/system/Model/WealthbotRebalancer/Repository/BaseRepository.php:53
/home/vlad/work/wealthbot-core/system/Manager/BusinessCalendar.php:17
/home/vlad/work/wealthbot-core/system/Test/Case/Console/WealthbotRebalancerTest.php:521
/home/vlad/.composer/vendor/phpunit/phpunit/src/TextUI/Command.php:152
/home/vlad/.composer/vendor/phpunit/phpunit/src/TextUI/Command.php:104
</error>
      </testcase>
      <testcase name="testPrepareAccountWithoutSecurities" class="Test\Console\WealthbotRebalancerTest" file="/home/vlad/work/wealthbot-core/system/Test/Case/Console/WealthbotRebalancerTest.php" line="584" assertions="0" time="0.000494">
        <error type="PHPUnit_Framework_ExceptionWrapper">Test\Console\WealthbotRebalancerTest::testPrepareAccountWithoutSecurities
PDOException: SQLSTATE[28000] [1045] Access denied for user 'wealthbot_test'@'localhost' (using password: YES)

/home/vlad/work/wealthbot-core/system/Database/WealthbotMySqlConnection.php:32
/home/vlad/work/wealthbot-core/system/Database/WealthbotMySqlConnection.php:45
/home/vlad/work/wealthbot-core/system/Model/WealthbotRebalancer/Repository/BaseRepository.php:53
/home/vlad/work/wealthbot-core/system/Manager/BusinessCalendar.php:17
/home/vlad/work/wealthbot-core/system/Test/Case/Console/WealthbotRebalancerTest.php:588
/home/vlad/.composer/vendor/phpunit/phpunit/src/TextUI/Command.php:152
/home/vlad/.composer/vendor/phpunit/phpunit/src/TextUI/Command.php:104
</error>
      </testcase>
      <testcase name="testPrepareCollection" class="Test\Console\WealthbotRebalancerTest" file="/home/vlad/work/wealthbot-core/system/Test/Case/Console/WealthbotRebalancerTest.php" line="655" assertions="1" time="0.003386"/>
      <testcase name="testPrepareCollectionPortfolioNotFoundException" class="Test\Console\WealthbotRebalancerTest" file="/home/vlad/work/wealthbot-core/system/Test/Case/Console/WealthbotRebalancerTest.php" line="696" assertions="2" time="0.000355"/>
      <testcase name="testPrepareCollectionEmptySecuritiesException" class="Test\Console\WealthbotRebalancerTest" file="/home/vlad/work/wealthbot-core/system/Test/Case/Console/WealthbotRebalancerTest.php" line="720" assertions="2" time="0.000435"/>
      <testcase name="testLiquidateAccountNoNeed" class="Test\Console\WealthbotRebalancerTest" file="/home/vlad/work/wealthbot-core/system/Test/Case/Console/WealthbotRebalancerTest.php" line="751" assertions="1" time="0.000690"/>
      <testcase name="testLiquidateAccountIfNeed" class="Test\Console\WealthbotRebalancerTest" file="/home/vlad/work/wealthbot-core/system/Test/Case/Console/WealthbotRebalancerTest.php" line="776" assertions="10" time="0.001725"/>
      <testcase name="testCheckCashNeeds" class="Test\Console\WealthbotRebalancerTest" file="/home/vlad/work/wealthbot-core/system/Test/Case/Console/WealthbotRebalancerTest.php" line="886" assertions="2" time="0.000237"/>
      <testcase name="testSellSubclass" class="Test\Console\WealthbotRebalancerTest" file="/home/vlad/work/wealthbot-core/system/Test/Case/Console/WealthbotRebalancerTest.php" line="915" assertions="0" time="0.003167">
        <error type="PHPUnit_Framework_ExceptionWrapper">Test\Console\WealthbotRebalancerTest::testSellSubclass
PDOException: SQLSTATE[28000] [1045] Access denied for user 'wealthbot_test'@'localhost' (using password: YES)

/home/vlad/work/wealthbot-core/system/Database/WealthbotMySqlConnection.php:32
/home/vlad/work/wealthbot-core/system/Database/WealthbotMySqlConnection.php:45
/home/vlad/work/wealthbot-core/system/Model/WealthbotRebalancer/Repository/BaseRepository.php:53
/home/vlad/work/wealthbot-core/system/Manager/BusinessCalendar.php:17
/home/vlad/work/wealthbot-core/system/Console/WealthbotRebalancer.php:94
/home/vlad/work/wealthbot-core/system/Test/Case/Console/WealthbotRebalancerTest.php:3099
/home/vlad/work/wealthbot-core/system/Test/Case/Console/WealthbotRebalancerTest.php:941
/home/vlad/.composer/vendor/phpunit/phpunit/src/TextUI/Command.php:152
/home/vlad/.composer/vendor/phpunit/phpunit/src/TextUI/Command.php:104
</error>
      </testcase>
      <testcase name="testBuySecurity" class="Test\Console\WealthbotRebalancerTest" file="/home/vlad/work/wealthbot-core/system/Test/Case/Console/WealthbotRebalancerTest.php" line="985" assertions="0" time="0.000800">
        <error type="PHPUnit_Framework_ExceptionWrapper">Test\Console\WealthbotRebalancerTest::testBuySecurity
PDOException: SQLSTATE[28000] [1045] Access denied for user 'wealthbot_test'@'localhost' (using password: YES)

/home/vlad/work/wealthbot-core/system/Database/WealthbotMySqlConnection.php:32
/home/vlad/work/wealthbot-core/system/Database/WealthbotMySqlConnection.php:45
/home/vlad/work/wealthbot-core/system/Model/WealthbotRebalancer/Repository/BaseRepository.php:53
/home/vlad/work/wealthbot-core/system/Manager/BusinessCalendar.php:17
/home/vlad/work/wealthbot-core/system/Console/WealthbotRebalancer.php:94
/home/vlad/work/wealthbot-core/system/Test/Case/Console/WealthbotRebalancerTest.php:3099
/home/vlad/work/wealthbot-core/system/Test/Case/Console/WealthbotRebalancerTest.php:996
/home/vlad/.composer/vendor/phpunit/phpunit/src/TextUI/Command.php:152
/home/vlad/.composer/vendor/phpunit/phpunit/src/TextUI/Command.php:104
</error>
      </testcase>
      <testcase name="testBuySecurityZeroAmountException" class="Test\Console\WealthbotRebalancerTest" file="/home/vlad/work/wealthbot-core/system/Test/Case/Console/WealthbotRebalancerTest.php" line="1013" assertions="2" time="0.000354"/>
      <testcase name="testBuySecurityLessThanZeroAmountException" class="Test\Console\WealthbotRebalancerTest" file="/home/vlad/work/wealthbot-core/system/Test/Case/Console/WealthbotRebalancerTest.php" line="1044" assertions="2" time="0.000310"/>
      <testcase name="testBuySubclassSecurity" class="Test\Console\WealthbotRebalancerTest" file="/home/vlad/work/wealthbot-core/system/Test/Case/Console/WealthbotRebalancerTest.php" line="1075" assertions="0" time="0.001021">
        <error type="PHPUnit_Framework_ExceptionWrapper">Test\Console\WealthbotRebalancerTest::testBuySubclassSecurity
Exception: Cannot buy:  . Transaction check fails. (Amount:1550)

/home/vlad/work/wealthbot-core/system/Console/WealthbotRebalancer.php:905
/home/vlad/work/wealthbot-core/system/Console/WealthbotRebalancer.php:809
/home/vlad/work/wealthbot-core/system/Test/Case/Console/WealthbotRebalancerTest.php:1105
/home/vlad/.composer/vendor/phpunit/phpunit/src/TextUI/Command.php:152
/home/vlad/.composer/vendor/phpunit/phpunit/src/TextUI/Command.php:104
</error>
      </testcase>
      <testcase name="testBuySubclassMuniSecurity" class="Test\Console\WealthbotRebalancerTest" file="/home/vlad/work/wealthbot-core/system/Test/Case/Console/WealthbotRebalancerTest.php" line="1116" assertions="0" time="0.000543">
        <error type="PHPUnit_Framework_ExceptionWrapper">Test\Console\WealthbotRebalancerTest::testBuySubclassMuniSecurity
Exception: Cannot buy:  . Transaction check fails. (Amount:1550)

/home/vlad/work/wealthbot-core/system/Console/WealthbotRebalancer.php:905
/home/vlad/work/wealthbot-core/system/Console/WealthbotRebalancer.php:809
/home/vlad/work/wealthbot-core/system/Test/Case/Console/WealthbotRebalancerTest.php:1146
/home/vlad/.composer/vendor/phpunit/phpunit/src/TextUI/Command.php:152
/home/vlad/.composer/vendor/phpunit/phpunit/src/TextUI/Command.php:104
</error>
      </testcase>
      <testcase name="testBuyRequiredCash" class="Test\Console\WealthbotRebalancerTest" file="/home/vlad/work/wealthbot-core/system/Test/Case/Console/WealthbotRebalancerTest.php" line="1157" assertions="0" time="0.001735">
        <error type="PHPUnit_Framework_ExceptionWrapper">Test\Console\WealthbotRebalancerTest::testBuyRequiredCash
PDOException: SQLSTATE[28000] [1045] Access denied for user 'wealthbot_test'@'localhost' (using password: YES)

/home/vlad/work/wealthbot-core/system/Database/WealthbotMySqlConnection.php:32
/home/vlad/work/wealthbot-core/system/Database/WealthbotMySqlConnection.php:45
/home/vlad/work/wealthbot-core/system/Model/WealthbotRebalancer/Repository/BaseRepository.php:53
/home/vlad/work/wealthbot-core/system/Manager/BusinessCalendar.php:17
/home/vlad/work/wealthbot-core/system/Console/WealthbotRebalancer.php:94
/home/vlad/work/wealthbot-core/system/Test/Case/Console/WealthbotRebalancerTest.php:3099
/home/vlad/work/wealthbot-core/system/Test/Case/Console/WealthbotRebalancerTest.php:1334
/home/vlad/.composer/vendor/phpunit/phpunit/src/TextUI/Command.php:152
/home/vlad/.composer/vendor/phpunit/phpunit/src/TextUI/Command.php:104
</error>
      </testcase>
      <testcase name="testSellSubclassHousehold" class="Test\Console\WealthbotRebalancerTest" file="/home/vlad/work/wealthbot-core/system/Test/Case/Console/WealthbotRebalancerTest.php" line="1383" assertions="2" time="0.001355"/>
      <testcase name="testBuySubclassHousehold" class="Test\Console\WealthbotRebalancerTest" file="/home/vlad/work/wealthbot-core/system/Test/Case/Console/WealthbotRebalancerTest.php" line="1450" assertions="2" time="0.001079"/>
      <testcase name="testGetBuyAndSellLimit" class="Test\Console\WealthbotRebalancerTest" file="/home/vlad/work/wealthbot-core/system/Test/Case/Console/WealthbotRebalancerTest.php" line="1521" assertions="2" time="0.001228"/>
      <testcase name="testGetBuyAndSellLimitHousehold" class="Test\Console\WealthbotRebalancerTest" file="/home/vlad/work/wealthbot-core/system/Test/Case/Console/WealthbotRebalancerTest.php" line="1596" assertions="2" time="0.001194"/>
      <testcase name="testGetBuyAndSellLimitNotOutOfBalance" class="Test\Console\WealthbotRebalancerTest" file="/home/vlad/work/wealthbot-core/system/Test/Case/Console/WealthbotRebalancerTest.php" line="1667" assertions="1" time="0.000399"/>
      <testcase name="testRebalanceWithRequiredCashType" class="Test\Console\WealthbotRebalancerTest" file="/home/vlad/work/wealthbot-core/system/Test/Case/Console/WealthbotRebalancerTest.php" line="1726" assertions="1" time="0.001219"/>
      <testcase name="testRebalanceForAccountLevel" class="Test\Console\WealthbotRebalancerTest" file="/home/vlad/work/wealthbot-core/system/Test/Case/Console/WealthbotRebalancerTest.php" line="1747" assertions="1" time="0.001486"/>
      <testcase name="testRebalanceForHouseholdLevel" class="Test\Console\WealthbotRebalancerTest" file="/home/vlad/work/wealthbot-core/system/Test/Case/Console/WealthbotRebalancerTest.php" line="1768" assertions="1" time="0.001468"/>
      <testcase name="testRebalanceException" class="Test\Console\WealthbotRebalancerTest" file="/home/vlad/work/wealthbot-core/system/Test/Case/Console/WealthbotRebalancerTest.php" line="1789" assertions="2" time="0.000540"/>
      <testcase name="testIsBuyMuni" class="Test\Console\WealthbotRebalancerTest" file="/home/vlad/work/wealthbot-core/system/Test/Case/Console/WealthbotRebalancerTest.php" line="1801" assertions="5" time="0.000434"/>
      <testcase name="testCheckShortTermRedemption" class="Test\Console\WealthbotRebalancerTest" file="/home/vlad/work/wealthbot-core/system/Test/Case/Console/WealthbotRebalancerTest.php" line="1862" assertions="4" time="0.001723"/>
      <testcase name="testSellLotException" class="Test\Console\WealthbotRebalancerTest" file="/home/vlad/work/wealthbot-core/system/Test/Case/Console/WealthbotRebalancerTest.php" line="1920" assertions="1" time="0.000889"/>
      <testcase name="testSellLot" class="Test\Console\WealthbotRebalancerTest" file="/home/vlad/work/wealthbot-core/system/Test/Case/Console/WealthbotRebalancerTest.php" line="1940" assertions="0" time="0.000998">
        <error type="PHPUnit_Framework_ExceptionWrapper">Test\Console\WealthbotRebalancerTest::testSellLot
PDOException: SQLSTATE[28000] [1045] Access denied for user 'wealthbot_test'@'localhost' (using password: YES)

/home/vlad/work/wealthbot-core/system/Database/WealthbotMySqlConnection.php:32
/home/vlad/work/wealthbot-core/system/Database/WealthbotMySqlConnection.php:45
/home/vlad/work/wealthbot-core/system/Model/WealthbotRebalancer/Repository/BaseRepository.php:53
/home/vlad/work/wealthbot-core/system/Manager/BusinessCalendar.php:17
/home/vlad/work/wealthbot-core/system/Console/WealthbotRebalancer.php:94
/home/vlad/work/wealthbot-core/system/Test/Case/Console/WealthbotRebalancerTest.php:3099
/home/vlad/work/wealthbot-core/system/Test/Case/Console/WealthbotRebalancerTest.php:1943
/home/vlad/.composer/vendor/phpunit/phpunit/src/TextUI/Command.php:152
/home/vlad/.composer/vendor/phpunit/phpunit/src/TextUI/Command.php:104
</error>
      </testcase>
      <testcase name="testCheckTlh" class="Test\Console\WealthbotRebalancerTest" file="/home/vlad/work/wealthbot-core/system/Test/Case/Console/WealthbotRebalancerTest.php" line="1998" assertions="0" time="0.002668">
        <error type="PHPUnit_Framework_ExceptionWrapper">Test\Console\WealthbotRebalancerTest::testCheckTlh
PDOException: SQLSTATE[28000] [1045] Access denied for user 'wealthbot_test'@'localhost' (using password: YES)

/home/vlad/work/wealthbot-core/system/Database/WealthbotMySqlConnection.php:32
/home/vlad/work/wealthbot-core/system/Database/WealthbotMySqlConnection.php:45
/home/vlad/work/wealthbot-core/system/Model/WealthbotRebalancer/Repository/BaseRepository.php:53
/home/vlad/work/wealthbot-core/system/Manager/BusinessCalendar.php:17
/home/vlad/work/wealthbot-core/system/Console/WealthbotRebalancer.php:94
/home/vlad/work/wealthbot-core/system/Test/Case/Console/WealthbotRebalancerTest.php:3099
/home/vlad/work/wealthbot-core/system/Test/Case/Console/WealthbotRebalancerTest.php:2036
/home/vlad/.composer/vendor/phpunit/phpunit/src/TextUI/Command.php:152
/home/vlad/.composer/vendor/phpunit/phpunit/src/TextUI/Command.php:104
</error>
      </testcase>
      <testcase name="testOperateSubclassesWithoutTrades" class="Test\Console\WealthbotRebalancerTest" file="/home/vlad/work/wealthbot-core/system/Test/Case/Console/WealthbotRebalancerTest.php" line="2068" assertions="1" time="0.001018"/>
      <testcase name="testOperateSubclasses" class="Test\Console\WealthbotRebalancerTest" file="/home/vlad/work/wealthbot-core/system/Test/Case/Console/WealthbotRebalancerTest.php" line="2087" assertions="3" time="0.002229"/>
      <testcase name="testGenerateTradeFile" class="Test\Console\WealthbotRebalancerTest" file="/home/vlad/work/wealthbot-core/system/Test/Case/Console/WealthbotRebalancerTest.php" line="2120" assertions="0" time="0.002291">
        <error type="PHPUnit_Framework_ExceptionWrapper">Test\Console\WealthbotRebalancerTest::testGenerateTradeFile
ErrorException: Warning: scandir(/home/vlad/work/wealthbot-core/system/Test/Case/Console/../../../outgoing_files/trade_files/): failed to open dir: No such file or directory in /home/vlad/work/wealthbot-core/system/Test/Case/Console/WealthbotRebalancerTest.php line 2205

/home/vlad/work/wealthbot-core/system/Test/Case/Console/WealthbotRebalancerTest.php:2205
/home/vlad/.composer/vendor/phpunit/phpunit/src/TextUI/Command.php:152
/home/vlad/.composer/vendor/phpunit/phpunit/src/TextUI/Command.php:104
</error>
      </testcase>
      <testcase name="testSetRebalancerActionStatus" class="Test\Console\WealthbotRebalancerTest" file="/home/vlad/work/wealthbot-core/system/Test/Case/Console/WealthbotRebalancerTest.php" line="2237" assertions="2" time="0.002255"/>
      <testcase name="testSetRebalancerActionStatusAccountNotInitial" class="Test\Console\WealthbotRebalancerTest" file="/home/vlad/work/wealthbot-core/system/Test/Case/Console/WealthbotRebalancerTest.php" line="2273" assertions="2" time="0.001097"/>
      <testcase name="testSetRebalancerActionStatusInitial" class="Test\Console\WealthbotRebalancerTest" file="/home/vlad/work/wealthbot-core/system/Test/Case/Console/WealthbotRebalancerTest.php" line="2311" assertions="2" time="0.001032"/>
      <testcase name="testSetRebalancerActionStatusNoActions" class="Test\Console\WealthbotRebalancerTest" file="/home/vlad/work/wealthbot-core/system/Test/Case/Console/WealthbotRebalancerTest.php" line="2348" assertions="2" time="0.001193"/>
      <testcase name="testCheckTransactionNoFees" class="Test\Console\WealthbotRebalancerTest" file="/home/vlad/work/wealthbot-core/system/Test/Case/Console/WealthbotRebalancerTest.php" line="2385" assertions="1" time="0.000512">
        <failure type="PHPUnit_Framework_ExpectationFailedException">Test\Console\WealthbotRebalancerTest::testCheckTransactionNoFees
Failed asserting that false is true.

/home/vlad/work/wealthbot-core/system/Test/Case/Console/WealthbotRebalancerTest.php:2398
/home/vlad/.composer/vendor/phpunit/phpunit/src/TextUI/Command.php:152
/home/vlad/.composer/vendor/phpunit/phpunit/src/TextUI/Command.php:104
</failure>
      </testcase>
      <testcase name="testCheckTransactionMinAmount" class="Test\Console\WealthbotRebalancerTest" file="/home/vlad/work/wealthbot-core/system/Test/Case/Console/WealthbotRebalancerTest.php" line="2401" assertions="1" time="0.000307">
        <failure type="PHPUnit_Framework_ExpectationFailedException">Test\Console\WealthbotRebalancerTest::testCheckTransactionMinAmount
Failed asserting that false is true.

/home/vlad/work/wealthbot-core/system/Test/Case/Console/WealthbotRebalancerTest.php:2414
/home/vlad/.composer/vendor/phpunit/phpunit/src/TextUI/Command.php:152
/home/vlad/.composer/vendor/phpunit/phpunit/src/TextUI/Command.php:104
</failure>
      </testcase>
      <testcase name="testCheckTransactionMinAmountPercent" class="Test\Console\WealthbotRebalancerTest" file="/home/vlad/work/wealthbot-core/system/Test/Case/Console/WealthbotRebalancerTest.php" line="2417" assertions="1" time="0.000315"/>
      <testcase name="testCheckTransactionBuySellMins" class="Test\Console\WealthbotRebalancerTest" file="/home/vlad/work/wealthbot-core/system/Test/Case/Console/WealthbotRebalancerTest.php" line="2435" assertions="3" time="0.000766"/>
      <testcase name="testCheckTransactionZeroTotal" class="Test\Console\WealthbotRebalancerTest" file="/home/vlad/work/wealthbot-core/system/Test/Case/Console/WealthbotRebalancerTest.php" line="2505" assertions="1" time="0.000234"/>
      <testcase name="testWashSale" class="Test\Console\WealthbotRebalancerTest" file="/home/vlad/work/wealthbot-core/system/Test/Case/Console/WealthbotRebalancerTest.php" line="2519" assertions="1" time="0.000277"/>
      <testcase name="testCheckShortTermGain" class="Test\Console\WealthbotRebalancerTest" file="/home/vlad/work/wealthbot-core/system/Test/Case/Console/WealthbotRebalancerTest.php" line="2533" assertions="1" time="0.000292"/>
    </testsuite>
    <testsuite name="YahooFinanceTest" file="/home/vlad/work/wealthbot-core/system/Test/Case/Lib/YahooFinanceTest.php" tests="1" assertions="1" failures="0" errors="0" time="0.290324">
      <testcase name="testInit" class="YahooFinanceTest" file="/home/vlad/work/wealthbot-core/system/Test/Case/Lib/YahooFinanceTest.php" line="24" assertions="1" time="0.290324"/>
    </testsuite>
    <testsuite name="Test\Manager\BusinessCalendarTest" file="/home/vlad/work/wealthbot-core/system/Test/Case/Manager/BusinessCalendarTest.php" tests="1" assertions="0" failures="0" errors="1" time="0.000000">
      <testcase name="Test\Manager\BusinessCalendarTest" time="0.000000">
        <error type="PDOException">Test\Manager\BusinessCalendarTest
PDOException: SQLSTATE[28000] [1045] Access denied for user 'wealthbot_test'@'localhost' (using password: YES)

/home/vlad/work/wealthbot-core/system/Database/WealthbotMySqlConnection.php:32
/home/vlad/work/wealthbot-core/system/Database/WealthbotMySqlConnection.php:45
/home/vlad/work/wealthbot-core/system/Test/Suit/ExtendedTestCase.php:106
/home/vlad/.composer/vendor/phpunit/phpunit/src/TextUI/Command.php:152
/home/vlad/.composer/vendor/phpunit/phpunit/src/TextUI/Command.php:104
</error>
      </testcase>
    </testsuite>
    <testsuite name="Test\Model\Pas\LotTest" file="/home/vlad/work/wealthbot-core/system/Test/Case/Model/Pas/LotTest.php" tests="2" assertions="0" failures="0" errors="2" time="0.002231">
      <testcase name="testCreateLot" class="Test\Model\Pas\LotTest" file="/home/vlad/work/wealthbot-core/system/Test/Case/Model/Pas/LotTest.php" line="20" assertions="0" time="0.001720">
        <error type="PHPUnit_Framework_ExceptionWrapper">Test\Model\Pas\LotTest::testCreateLot
PDOException: SQLSTATE[28000] [1045] Access denied for user 'wealthbot_test'@'localhost' (using password: YES)

/home/vlad/work/wealthbot-core/system/Database/WealthbotMySqlConnection.php:32
/home/vlad/work/wealthbot-core/system/Database/WealthbotMySqlConnection.php:45
/home/vlad/work/wealthbot-core/system/Model/Pas/Repository/BaseRepository.php:45
/home/vlad/work/wealthbot-core/system/Model/Pas/Repository/LotRepository.php:23
/home/vlad/work/wealthbot-core/system/Test/Case/Model/Pas/LotTest.php:17
/home/vlad/.composer/vendor/phpunit/phpunit/src/TextUI/Command.php:152
/home/vlad/.composer/vendor/phpunit/phpunit/src/TextUI/Command.php:104
</error>
      </testcase>
      <testcase name="testPartialLots" class="Test\Model\Pas\LotTest" file="/home/vlad/work/wealthbot-core/system/Test/Case/Model/Pas/LotTest.php" line="70" assertions="0" time="0.000511">
        <error type="PHPUnit_Framework_ExceptionWrapper">Test\Model\Pas\LotTest::testPartialLots
PDOException: SQLSTATE[28000] [1045] Access denied for user 'wealthbot_test'@'localhost' (using password: YES)

/home/vlad/work/wealthbot-core/system/Database/WealthbotMySqlConnection.php:32
/home/vlad/work/wealthbot-core/system/Database/WealthbotMySqlConnection.php:45
/home/vlad/work/wealthbot-core/system/Model/Pas/Repository/BaseRepository.php:45
/home/vlad/work/wealthbot-core/system/Model/Pas/Repository/LotRepository.php:23
/home/vlad/work/wealthbot-core/system/Test/Case/Model/Pas/LotTest.php:17
/home/vlad/.composer/vendor/phpunit/phpunit/src/TextUI/Command.php:152
/home/vlad/.composer/vendor/phpunit/phpunit/src/TextUI/Command.php:104
</error>
      </testcase>
    </testsuite>
    <testsuite name="Test\Model\Pas\TransactionTest" file="/home/vlad/work/wealthbot-core/system/Test/Case/Model/Pas/TransactionTest.php" tests="2" assertions="0" failures="0" errors="2" time="0.009011">
      <testcase name="testCreate" class="Test\Model\Pas\TransactionTest" file="/home/vlad/work/wealthbot-core/system/Test/Case/Model/Pas/TransactionTest.php" line="14" assertions="0" time="0.007066">
        <error type="PHPUnit_Framework_ExceptionWrapper">Test\Model\Pas\TransactionTest::testCreate
PDOException: SQLSTATE[28000] [1045] Access denied for user 'wealthbot_test'@'localhost' (using password: YES)

/home/vlad/work/wealthbot-core/system/Database/WealthbotMySqlConnection.php:32
/home/vlad/work/wealthbot-core/system/Database/WealthbotMySqlConnection.php:45
/home/vlad/work/wealthbot-core/system/Model/Pas/Repository/BaseRepository.php:45
/home/vlad/work/wealthbot-core/system/Model/Pas/Repository/TransactionRepository.php:22
/home/vlad/work/wealthbot-core/system/Test/Case/Model/Pas/TransactionTest.php:36
/home/vlad/work/wealthbot-core/system/Pas/Transaction.php:118
/home/vlad/work/wealthbot-core/system/Test/Case/Model/Pas/TransactionTest.php:53
/home/vlad/.composer/vendor/phpunit/phpunit/src/TextUI/Command.php:152
/home/vlad/.composer/vendor/phpunit/phpunit/src/TextUI/Command.php:104
</error>
        <system-out>Transaction</system-out>
      </testcase>
      <testcase name="testUpdateFeeCollected" class="Test\Model\Pas\TransactionTest" file="/home/vlad/work/wealthbot-core/system/Test/Case/Model/Pas/TransactionTest.php" line="58" assertions="0" time="0.001945">
        <error type="PHPUnit_Framework_ExceptionWrapper">Test\Model\Pas\TransactionTest::testUpdateFeeCollected
PDOException: SQLSTATE[28000] [1045] Access denied for user 'wealthbot_test'@'localhost' (using password: YES)

/home/vlad/work/wealthbot-core/system/Database/WealthbotMySqlConnection.php:32
/home/vlad/work/wealthbot-core/system/Database/WealthbotMySqlConnection.php:45
/home/vlad/work/wealthbot-core/system/Model/Pas/Repository/BaseRepository.php:45
/home/vlad/work/wealthbot-core/system/Model/Pas/Repository/BillItemRepository.php:20
/home/vlad/work/wealthbot-core/system/Test/Case/Model/Pas/TransactionTest.php:82
/home/vlad/work/wealthbot-core/system/Pas/Transaction.php:87
/home/vlad/work/wealthbot-core/system/Test/Case/Model/Pas/TransactionTest.php:85
/home/vlad/.composer/vendor/phpunit/phpunit/src/TextUI/Command.php:152
/home/vlad/.composer/vendor/phpunit/phpunit/src/TextUI/Command.php:104
</error>
      </testcase>
    </testsuite>
    <testsuite name="Test\Model\Pas\TwrCalculatorFunctionsTest" file="/home/vlad/work/wealthbot-core/system/Test/Case/Model/Pas/TwrCalculatorFunctionsTest.php" tests="3" assertions="3" failures="0" errors="0" time="0.000628">
      <testcase name="testCalculateTodayTwr" class="Test\Model\Pas\TwrCalculatorFunctionsTest" file="/home/vlad/work/wealthbot-core/system/Test/Case/Model/Pas/TwrCalculatorFunctionsTest.php" line="20" assertions="1" time="0.000333"/>
      <testcase name="testCalculateActualTwr" class="Test\Model\Pas\TwrCalculatorFunctionsTest" file="/home/vlad/work/wealthbot-core/system/Test/Case/Model/Pas/TwrCalculatorFunctionsTest.php" line="26" assertions="1" time="0.000154"/>
      <testcase name="testCalculateAnnualizedTwr" class="Test\Model\Pas\TwrCalculatorFunctionsTest" file="/home/vlad/work/wealthbot-core/system/Test/Case/Model/Pas/TwrCalculatorFunctionsTest.php" line="32" assertions="1" time="0.000141"/>
    </testsuite>
    <testsuite name="Test\Model\Pas\TwrCalculatorTest" file="/home/vlad/work/wealthbot-core/system/Test/Case/Model/Pas/TwrCalculatorTest.php" tests="8" assertions="0" failures="0" errors="8" time="0.003874">
      <testcase name="testGetAccountValue" class="Test\Model\Pas\TwrCalculatorTest" file="/home/vlad/work/wealthbot-core/system/Test/Case/Model/Pas/TwrCalculatorTest.php" line="138" assertions="0" time="0.000986">
        <error type="PHPUnit_Framework_ExceptionWrapper">Test\Model\Pas\TwrCalculatorTest::testGetAccountValue
PDOException: SQLSTATE[28000] [1045] Access denied for user 'wealthbot_test'@'localhost' (using password: YES)

/home/vlad/work/wealthbot-core/system/Database/WealthbotMySqlConnection.php:32
/home/vlad/work/wealthbot-core/system/Database/WealthbotMySqlConnection.php:45
/home/vlad/work/wealthbot-core/system/Model/Pas/Repository/BaseRepository.php:45
/home/vlad/work/wealthbot-core/system/Model/Pas/Repository/ClientAccountValueRepository.php:19
/home/vlad/work/wealthbot-core/system/Test/Case/Model/Pas/TwrCalculatorTest.php:53
/home/vlad/.composer/vendor/phpunit/phpunit/src/TextUI/Command.php:152
/home/vlad/.composer/vendor/phpunit/phpunit/src/TextUI/Command.php:104
</error>
      </testcase>
      <testcase name="testGetSumContribution" class="Test\Model\Pas\TwrCalculatorTest" file="/home/vlad/work/wealthbot-core/system/Test/Case/Model/Pas/TwrCalculatorTest.php" line="145" assertions="0" time="0.000396">
        <error type="PHPUnit_Framework_ExceptionWrapper">Test\Model\Pas\TwrCalculatorTest::testGetSumContribution
PDOException: SQLSTATE[28000] [1045] Access denied for user 'wealthbot_test'@'localhost' (using password: YES)

/home/vlad/work/wealthbot-core/system/Database/WealthbotMySqlConnection.php:32
/home/vlad/work/wealthbot-core/system/Database/WealthbotMySqlConnection.php:45
/home/vlad/work/wealthbot-core/system/Model/Pas/Repository/BaseRepository.php:45
/home/vlad/work/wealthbot-core/system/Model/Pas/Repository/ClientAccountValueRepository.php:19
/home/vlad/work/wealthbot-core/system/Test/Case/Model/Pas/TwrCalculatorTest.php:53
/home/vlad/.composer/vendor/phpunit/phpunit/src/TextUI/Command.php:152
/home/vlad/.composer/vendor/phpunit/phpunit/src/TextUI/Command.php:104
</error>
      </testcase>
      <testcase name="testGetSumWithdrawal" class="Test\Model\Pas\TwrCalculatorTest" file="/home/vlad/work/wealthbot-core/system/Test/Case/Model/Pas/TwrCalculatorTest.php" line="152" assertions="0" time="0.000412">
        <error type="PHPUnit_Framework_ExceptionWrapper">Test\Model\Pas\TwrCalculatorTest::testGetSumWithdrawal
PDOException: SQLSTATE[28000] [1045] Access denied for user 'wealthbot_test'@'localhost' (using password: YES)

/home/vlad/work/wealthbot-core/system/Database/WealthbotMySqlConnection.php:32
/home/vlad/work/wealthbot-core/system/Database/WealthbotMySqlConnection.php:45
/home/vlad/work/wealthbot-core/system/Model/Pas/Repository/BaseRepository.php:45
/home/vlad/work/wealthbot-core/system/Model/Pas/Repository/ClientAccountValueRepository.php:19
/home/vlad/work/wealthbot-core/system/Test/Case/Model/Pas/TwrCalculatorTest.php:53
/home/vlad/.composer/vendor/phpunit/phpunit/src/TextUI/Command.php:152
/home/vlad/.composer/vendor/phpunit/phpunit/src/TextUI/Command.php:104
</error>
      </testcase>
      <testcase name="testAccountTwrValues" class="Test\Model\Pas\TwrCalculatorTest" file="/home/vlad/work/wealthbot-core/system/Test/Case/Model/Pas/TwrCalculatorTest.php" line="163" assertions="0" time="0.000341">
        <error type="PHPUnit_Framework_ExceptionWrapper">Test\Model\Pas\TwrCalculatorTest::testAccountTwrValues
PDOException: SQLSTATE[28000] [1045] Access denied for user 'wealthbot_test'@'localhost' (using password: YES)

/home/vlad/work/wealthbot-core/system/Database/WealthbotMySqlConnection.php:32
/home/vlad/work/wealthbot-core/system/Database/WealthbotMySqlConnection.php:45
/home/vlad/work/wealthbot-core/system/Model/Pas/Repository/BaseRepository.php:45
/home/vlad/work/wealthbot-core/system/Model/Pas/Repository/ClientAccountValueRepository.php:19
/home/vlad/work/wealthbot-core/system/Test/Case/Model/Pas/TwrCalculatorTest.php:53
/home/vlad/.composer/vendor/phpunit/phpunit/src/TextUI/Command.php:152
/home/vlad/.composer/vendor/phpunit/phpunit/src/TextUI/Command.php:104
</error>
      </testcase>
      <testcase name="testAccountTwrPeriods" class="Test\Model\Pas\TwrCalculatorTest" file="/home/vlad/work/wealthbot-core/system/Test/Case/Model/Pas/TwrCalculatorTest.php" line="172" assertions="0" time="0.000344">
        <error type="PHPUnit_Framework_ExceptionWrapper">Test\Model\Pas\TwrCalculatorTest::testAccountTwrPeriods
PDOException: SQLSTATE[28000] [1045] Access denied for user 'wealthbot_test'@'localhost' (using password: YES)

/home/vlad/work/wealthbot-core/system/Database/WealthbotMySqlConnection.php:32
/home/vlad/work/wealthbot-core/system/Database/WealthbotMySqlConnection.php:45
/home/vlad/work/wealthbot-core/system/Model/Pas/Repository/BaseRepository.php:45
/home/vlad/work/wealthbot-core/system/Model/Pas/Repository/ClientAccountValueRepository.php:19
/home/vlad/work/wealthbot-core/system/Test/Case/Model/Pas/TwrCalculatorTest.php:53
/home/vlad/.composer/vendor/phpunit/phpunit/src/TextUI/Command.php:152
/home/vlad/.composer/vendor/phpunit/phpunit/src/TextUI/Command.php:104
</error>
      </testcase>
      <testcase name="testPortfolioTwrValues" class="Test\Model\Pas\TwrCalculatorTest" file="/home/vlad/work/wealthbot-core/system/Test/Case/Model/Pas/TwrCalculatorTest.php" line="192" assertions="0" time="0.000520">
        <error type="PHPUnit_Framework_ExceptionWrapper">Test\Model\Pas\TwrCalculatorTest::testPortfolioTwrValues
PDOException: SQLSTATE[28000] [1045] Access denied for user 'wealthbot_test'@'localhost' (using password: YES)

/home/vlad/work/wealthbot-core/system/Database/WealthbotMySqlConnection.php:32
/home/vlad/work/wealthbot-core/system/Database/WealthbotMySqlConnection.php:45
/home/vlad/work/wealthbot-core/system/Model/Pas/Repository/BaseRepository.php:45
/home/vlad/work/wealthbot-core/system/Model/Pas/Repository/ClientAccountValueRepository.php:19
/home/vlad/work/wealthbot-core/system/Test/Case/Model/Pas/TwrCalculatorTest.php:53
/home/vlad/.composer/vendor/phpunit/phpunit/src/TextUI/Command.php:152
/home/vlad/.composer/vendor/phpunit/phpunit/src/TextUI/Command.php:104
</error>
      </testcase>
      <testcase name="testPortfolioTwrPeriods" class="Test\Model\Pas\TwrCalculatorTest" file="/home/vlad/work/wealthbot-core/system/Test/Case/Model/Pas/TwrCalculatorTest.php" line="201" assertions="0" time="0.000390">
        <error type="PHPUnit_Framework_ExceptionWrapper">Test\Model\Pas\TwrCalculatorTest::testPortfolioTwrPeriods
PDOException: SQLSTATE[28000] [1045] Access denied for user 'wealthbot_test'@'localhost' (using password: YES)

/home/vlad/work/wealthbot-core/system/Database/WealthbotMySqlConnection.php:32
/home/vlad/work/wealthbot-core/system/Database/WealthbotMySqlConnection.php:45
/home/vlad/work/wealthbot-core/system/Model/Pas/Repository/BaseRepository.php:45
/home/vlad/work/wealthbot-core/system/Model/Pas/Repository/ClientAccountValueRepository.php:19
/home/vlad/work/wealthbot-core/system/Test/Case/Model/Pas/TwrCalculatorTest.php:53
/home/vlad/.composer/vendor/phpunit/phpunit/src/TextUI/Command.php:152
/home/vlad/.composer/vendor/phpunit/phpunit/src/TextUI/Command.php:104
</error>
      </testcase>
      <testcase name="testAccountClosed" class="Test\Model\Pas\TwrCalculatorTest" file="/home/vlad/work/wealthbot-core/system/Test/Case/Model/Pas/TwrCalculatorTest.php" line="221" assertions="0" time="0.000485">
        <error type="PHPUnit_Framework_ExceptionWrapper">Test\Model\Pas\TwrCalculatorTest::testAccountClosed
PDOException: SQLSTATE[28000] [1045] Access denied for user 'wealthbot_test'@'localhost' (using password: YES)

/home/vlad/work/wealthbot-core/system/Database/WealthbotMySqlConnection.php:32
/home/vlad/work/wealthbot-core/system/Database/WealthbotMySqlConnection.php:45
/home/vlad/work/wealthbot-core/system/Model/Pas/Repository/BaseRepository.php:45
/home/vlad/work/wealthbot-core/system/Model/Pas/Repository/ClientAccountValueRepository.php:19
/home/vlad/work/wealthbot-core/system/Test/Case/Model/Pas/TwrCalculatorTest.php:53
/home/vlad/.composer/vendor/phpunit/phpunit/src/TextUI/Command.php:152
/home/vlad/.composer/vendor/phpunit/phpunit/src/TextUI/Command.php:104
</error>
      </testcase>
    </testsuite>
    <testsuite name="Test\Model\WealthbotRebalancer\AccountCollectionTest" file="/home/vlad/work/wealthbot-core/system/Test/Case/Model/WealthbotRebalancer/AccountCollectionTest.php" tests="3" assertions="9" failures="0" errors="0" time="0.001581">
      <testcase name="testGetAccountForBuySubclass" class="Test\Model\WealthbotRebalancer\AccountCollectionTest" file="/home/vlad/work/wealthbot-core/system/Test/Case/Model/WealthbotRebalancer/AccountCollectionTest.php" line="82" assertions="4" time="0.000610"/>
      <testcase name="testGetAccountForSellSubclass" class="Test\Model\WealthbotRebalancer\AccountCollectionTest" file="/home/vlad/work/wealthbot-core/system/Test/Case/Model/WealthbotRebalancer/AccountCollectionTest.php" line="109" assertions="4" time="0.000545"/>
      <testcase name="testGetAccountForBuySubclassTraditionalIRA" class="Test\Model\WealthbotRebalancer\AccountCollectionTest" file="/home/vlad/work/wealthbot-core/system/Test/Case/Model/WealthbotRebalancer/AccountCollectionTest.php" line="136" assertions="1" time="0.000426"/>
    </testsuite>
    <testsuite name="Test\Model\WealthbotRebalancer\AccountTest" file="/home/vlad/work/wealthbot-core/system/Test/Case/Model/WealthbotRebalancer/AccountTest.php" tests="43" assertions="81" failures="0" errors="0" time="0.005455">
      <testcase name="testLoadFromArray" class="Test\Model\WealthbotRebalancer\AccountTest" file="/home/vlad/work/wealthbot-core/system/Test/Case/Model/WealthbotRebalancer/AccountTest.php" line="51" assertions="17" time="0.000250"/>
      <testcase name="testGetType" class="Test\Model\WealthbotRebalancer\AccountTest" file="/home/vlad/work/wealthbot-core/system/Test/Case/Model/WealthbotRebalancer/AccountTest.php" line="75" assertions="2" time="0.000125"/>
      <testcase name="testSetType" class="Test\Model\WealthbotRebalancer\AccountTest" file="/home/vlad/work/wealthbot-core/system/Test/Case/Model/WealthbotRebalancer/AccountTest.php" line="81" assertions="3" time="0.000132"/>
      <testcase name="testIsRothIra" class="Test\Model\WealthbotRebalancer\AccountTest" file="/home/vlad/work/wealthbot-core/system/Test/Case/Model/WealthbotRebalancer/AccountTest.php" line="89" assertions="2" time="0.000125"/>
      <testcase name="testIsTraditionalIra" class="Test\Model\WealthbotRebalancer\AccountTest" file="/home/vlad/work/wealthbot-core/system/Test/Case/Model/WealthbotRebalancer/AccountTest.php" line="97" assertions="2" time="0.000121"/>
      <testcase name="testIsTaxable" class="Test\Model\WealthbotRebalancer\AccountTest" file="/home/vlad/work/wealthbot-core/system/Test/Case/Model/WealthbotRebalancer/AccountTest.php" line="105" assertions="3" time="0.000125"/>
      <testcase name="testGetPriority" class="Test\Model\WealthbotRebalancer\AccountTest" file="/home/vlad/work/wealthbot-core/system/Test/Case/Model/WealthbotRebalancer/AccountTest.php" line="116" assertions="4" time="0.000134"/>
      <testcase name="testGetPriorityException" class="Test\Model\WealthbotRebalancer\AccountTest" file="/home/vlad/work/wealthbot-core/system/Test/Case/Model/WealthbotRebalancer/AccountTest.php" line="130" assertions="2" time="0.000164"/>
      <testcase name="testGetStatus" class="Test\Model\WealthbotRebalancer\AccountTest" file="/home/vlad/work/wealthbot-core/system/Test/Case/Model/WealthbotRebalancer/AccountTest.php" line="138" assertions="1" time="0.000116"/>
      <testcase name="testSetStatus" class="Test\Model\WealthbotRebalancer\AccountTest" file="/home/vlad/work/wealthbot-core/system/Test/Case/Model/WealthbotRebalancer/AccountTest.php" line="143" assertions="1" time="0.000115"/>
      <testcase name="testGetIsFirstTime" class="Test\Model\WealthbotRebalancer\AccountTest" file="/home/vlad/work/wealthbot-core/system/Test/Case/Model/WealthbotRebalancer/AccountTest.php" line="149" assertions="1" time="0.000128"/>
      <testcase name="testSetIsFirstTime" class="Test\Model\WealthbotRebalancer\AccountTest" file="/home/vlad/work/wealthbot-core/system/Test/Case/Model/WealthbotRebalancer/AccountTest.php" line="154" assertions="1" time="0.000114"/>
      <testcase name="testGetIsActiveEmployer" class="Test\Model\WealthbotRebalancer\AccountTest" file="/home/vlad/work/wealthbot-core/system/Test/Case/Model/WealthbotRebalancer/AccountTest.php" line="160" assertions="1" time="0.000110"/>
      <testcase name="testSetIsActiveEmployer" class="Test\Model\WealthbotRebalancer\AccountTest" file="/home/vlad/work/wealthbot-core/system/Test/Case/Model/WealthbotRebalancer/AccountTest.php" line="165" assertions="1" time="0.000112"/>
      <testcase name="testGetIsReadyToRebalance" class="Test\Model\WealthbotRebalancer\AccountTest" file="/home/vlad/work/wealthbot-core/system/Test/Case/Model/WealthbotRebalancer/AccountTest.php" line="171" assertions="1" time="0.000113"/>
      <testcase name="testSetIsReadyToRebalance" class="Test\Model\WealthbotRebalancer\AccountTest" file="/home/vlad/work/wealthbot-core/system/Test/Case/Model/WealthbotRebalancer/AccountTest.php" line="176" assertions="1" time="0.000114"/>
      <testcase name="testGetSheduledDistribution" class="Test\Model\WealthbotRebalancer\AccountTest" file="/home/vlad/work/wealthbot-core/system/Test/Case/Model/WealthbotRebalancer/AccountTest.php" line="182" assertions="1" time="0.000113"/>
      <testcase name="testSetSheduledDistribution" class="Test\Model\WealthbotRebalancer\AccountTest" file="/home/vlad/work/wealthbot-core/system/Test/Case/Model/WealthbotRebalancer/AccountTest.php" line="187" assertions="1" time="0.000117"/>
      <testcase name="testGetOneTimeDistribution" class="Test\Model\WealthbotRebalancer\AccountTest" file="/home/vlad/work/wealthbot-core/system/Test/Case/Model/WealthbotRebalancer/AccountTest.php" line="193" assertions="1" time="0.000111"/>
      <testcase name="testSetOneTimeDistribution" class="Test\Model\WealthbotRebalancer\AccountTest" file="/home/vlad/work/wealthbot-core/system/Test/Case/Model/WealthbotRebalancer/AccountTest.php" line="198" assertions="1" time="0.000114"/>
      <testcase name="testGetCashBuffer" class="Test\Model\WealthbotRebalancer\AccountTest" file="/home/vlad/work/wealthbot-core/system/Test/Case/Model/WealthbotRebalancer/AccountTest.php" line="204" assertions="1" time="0.000115"/>
      <testcase name="testSetCashBuffer" class="Test\Model\WealthbotRebalancer\AccountTest" file="/home/vlad/work/wealthbot-core/system/Test/Case/Model/WealthbotRebalancer/AccountTest.php" line="209" assertions="1" time="0.000120"/>
      <testcase name="testGetSasCash" class="Test\Model\WealthbotRebalancer\AccountTest" file="/home/vlad/work/wealthbot-core/system/Test/Case/Model/WealthbotRebalancer/AccountTest.php" line="215" assertions="1" time="0.000115"/>
      <testcase name="testSetSasCash" class="Test\Model\WealthbotRebalancer\AccountTest" file="/home/vlad/work/wealthbot-core/system/Test/Case/Model/WealthbotRebalancer/AccountTest.php" line="220" assertions="1" time="0.000112"/>
      <testcase name="testGetBillingCash" class="Test\Model\WealthbotRebalancer\AccountTest" file="/home/vlad/work/wealthbot-core/system/Test/Case/Model/WealthbotRebalancer/AccountTest.php" line="226" assertions="1" time="0.000114"/>
      <testcase name="testSetBillingCash" class="Test\Model\WealthbotRebalancer\AccountTest" file="/home/vlad/work/wealthbot-core/system/Test/Case/Model/WealthbotRebalancer/AccountTest.php" line="231" assertions="1" time="0.000119"/>
      <testcase name="testGetTotalCash" class="Test\Model\WealthbotRebalancer\AccountTest" file="/home/vlad/work/wealthbot-core/system/Test/Case/Model/WealthbotRebalancer/AccountTest.php" line="237" assertions="1" time="0.000131"/>
      <testcase name="testSetTotalCash" class="Test\Model\WealthbotRebalancer\AccountTest" file="/home/vlad/work/wealthbot-core/system/Test/Case/Model/WealthbotRebalancer/AccountTest.php" line="242" assertions="1" time="0.000111"/>
      <testcase name="testGetClient" class="Test\Model\WealthbotRebalancer\AccountTest" file="/home/vlad/work/wealthbot-core/system/Test/Case/Model/WealthbotRebalancer/AccountTest.php" line="248" assertions="1" time="0.000115"/>
      <testcase name="testSetClient" class="Test\Model\WealthbotRebalancer\AccountTest" file="/home/vlad/work/wealthbot-core/system/Test/Case/Model/WealthbotRebalancer/AccountTest.php" line="253" assertions="1" time="0.000138"/>
      <testcase name="testGetCashForBuy" class="Test\Model\WealthbotRebalancer\AccountTest" file="/home/vlad/work/wealthbot-core/system/Test/Case/Model/WealthbotRebalancer/AccountTest.php" line="262" assertions="1" time="0.000137"/>
      <testcase name="testSetCashForBuy" class="Test\Model\WealthbotRebalancer\AccountTest" file="/home/vlad/work/wealthbot-core/system/Test/Case/Model/WealthbotRebalancer/AccountTest.php" line="267" assertions="1" time="0.000113"/>
      <testcase name="testUpdateCashForBuy" class="Test\Model\WealthbotRebalancer\AccountTest" file="/home/vlad/work/wealthbot-core/system/Test/Case/Model/WealthbotRebalancer/AccountTest.php" line="273" assertions="1" time="0.000121"/>
      <testcase name="testGetSecurities" class="Test\Model\WealthbotRebalancer\AccountTest" file="/home/vlad/work/wealthbot-core/system/Test/Case/Model/WealthbotRebalancer/AccountTest.php" line="279" assertions="3" time="0.000149"/>
      <testcase name="testSetSecurities" class="Test\Model\WealthbotRebalancer\AccountTest" file="/home/vlad/work/wealthbot-core/system/Test/Case/Model/WealthbotRebalancer/AccountTest.php" line="288" assertions="2" time="0.000129"/>
      <testcase name="testCalculateDistribution" class="Test\Model\WealthbotRebalancer\AccountTest" file="/home/vlad/work/wealthbot-core/system/Test/Case/Model/WealthbotRebalancer/AccountTest.php" line="302" assertions="1" time="0.000110"/>
      <testcase name="testCalculateCashNeeds" class="Test\Model\WealthbotRebalancer\AccountTest" file="/home/vlad/work/wealthbot-core/system/Test/Case/Model/WealthbotRebalancer/AccountTest.php" line="307" assertions="1" time="0.000117"/>
      <testcase name="testGetTotalCashNeeds" class="Test\Model\WealthbotRebalancer\AccountTest" file="/home/vlad/work/wealthbot-core/system/Test/Case/Model/WealthbotRebalancer/AccountTest.php" line="312" assertions="2" time="0.000128"/>
      <testcase name="testCalculateInvestmentCash" class="Test\Model\WealthbotRebalancer\AccountTest" file="/home/vlad/work/wealthbot-core/system/Test/Case/Model/WealthbotRebalancer/AccountTest.php" line="320" assertions="1" time="0.000117"/>
      <testcase name="testSellAllSecurities" class="Test\Model\WealthbotRebalancer\AccountTest" file="/home/vlad/work/wealthbot-core/system/Test/Case/Model/WealthbotRebalancer/AccountTest.php" line="325" assertions="1" time="0.000133"/>
      <testcase name="testHasPreferredBuySecurity" class="Test\Model\WealthbotRebalancer\AccountTest" file="/home/vlad/work/wealthbot-core/system/Test/Case/Model/WealthbotRebalancer/AccountTest.php" line="352" assertions="3" time="0.000147"/>
      <testcase name="testFindNoPreferredBuySecurities" class="Test\Model\WealthbotRebalancer\AccountTest" file="/home/vlad/work/wealthbot-core/system/Test/Case/Model/WealthbotRebalancer/AccountTest.php" line="370" assertions="3" time="0.000162"/>
      <testcase name="testIsAllSecuritiesEqualCash" class="Test\Model\WealthbotRebalancer\AccountTest" file="/home/vlad/work/wealthbot-core/system/Test/Case/Model/WealthbotRebalancer/AccountTest.php" line="394" assertions="4" time="0.000149"/>
    </testsuite>
    <testsuite name="Test\Model\WealthbotRebalancer\ArrayCollectionTest" file="/home/vlad/work/wealthbot-core/system/Test/Case/Model/WealthbotRebalancer/ArrayCollectionTest.php" tests="28" assertions="61" failures="0" errors="0" time="0.002944">
      <testcase name="testToArray" class="Test\Model\WealthbotRebalancer\ArrayCollectionTest" file="/home/vlad/work/wealthbot-core/system/Test/Case/Model/WealthbotRebalancer/ArrayCollectionTest.php" line="34" assertions="1" time="0.000357"/>
      <testcase name="testFirst" class="Test\Model\WealthbotRebalancer\ArrayCollectionTest" file="/home/vlad/work/wealthbot-core/system/Test/Case/Model/WealthbotRebalancer/ArrayCollectionTest.php" line="39" assertions="1" time="0.000109"/>
      <testcase name="testLast" class="Test\Model\WealthbotRebalancer\ArrayCollectionTest" file="/home/vlad/work/wealthbot-core/system/Test/Case/Model/WealthbotRebalancer/ArrayCollectionTest.php" line="44" assertions="1" time="0.000075"/>
      <testcase name="testKey" class="Test\Model\WealthbotRebalancer\ArrayCollectionTest" file="/home/vlad/work/wealthbot-core/system/Test/Case/Model/WealthbotRebalancer/ArrayCollectionTest.php" line="49" assertions="2" time="0.000081"/>
      <testcase name="testNext" class="Test\Model\WealthbotRebalancer\ArrayCollectionTest" file="/home/vlad/work/wealthbot-core/system/Test/Case/Model/WealthbotRebalancer/ArrayCollectionTest.php" line="58" assertions="2" time="0.000097"/>
      <testcase name="testPrev" class="Test\Model\WealthbotRebalancer\ArrayCollectionTest" file="/home/vlad/work/wealthbot-core/system/Test/Case/Model/WealthbotRebalancer/ArrayCollectionTest.php" line="66" assertions="3" time="0.000085"/>
      <testcase name="testCurrent" class="Test\Model\WealthbotRebalancer\ArrayCollectionTest" file="/home/vlad/work/wealthbot-core/system/Test/Case/Model/WealthbotRebalancer/ArrayCollectionTest.php" line="78" assertions="2" time="0.000079"/>
      <testcase name="testRemove" class="Test\Model\WealthbotRebalancer\ArrayCollectionTest" file="/home/vlad/work/wealthbot-core/system/Test/Case/Model/WealthbotRebalancer/ArrayCollectionTest.php" line="85" assertions="2" time="0.000082"/>
      <testcase name="testRemoveElement" class="Test\Model\WealthbotRebalancer\ArrayCollectionTest" file="/home/vlad/work/wealthbot-core/system/Test/Case/Model/WealthbotRebalancer/ArrayCollectionTest.php" line="94" assertions="2" time="0.000083"/>
      <testcase name="testOffsetExist" class="Test\Model\WealthbotRebalancer\ArrayCollectionTest" file="/home/vlad/work/wealthbot-core/system/Test/Case/Model/WealthbotRebalancer/ArrayCollectionTest.php" line="106" assertions="2" time="0.000075"/>
      <testcase name="testOffsetGet" class="Test\Model\WealthbotRebalancer\ArrayCollectionTest" file="/home/vlad/work/wealthbot-core/system/Test/Case/Model/WealthbotRebalancer/ArrayCollectionTest.php" line="113" assertions="2" time="0.000076"/>
      <testcase name="testOffsetSet" class="Test\Model\WealthbotRebalancer\ArrayCollectionTest" file="/home/vlad/work/wealthbot-core/system/Test/Case/Model/WealthbotRebalancer/ArrayCollectionTest.php" line="120" assertions="2" time="0.000083"/>
      <testcase name="testOffsetUnset" class="Test\Model\WealthbotRebalancer\ArrayCollectionTest" file="/home/vlad/work/wealthbot-core/system/Test/Case/Model/WealthbotRebalancer/ArrayCollectionTest.php" line="135" assertions="2" time="0.000076"/>
      <testcase name="testContainsKey" class="Test\Model\WealthbotRebalancer\ArrayCollectionTest" file="/home/vlad/work/wealthbot-core/system/Test/Case/Model/WealthbotRebalancer/ArrayCollectionTest.php" line="144" assertions="2" time="0.000074"/>
      <testcase name="testContains" class="Test\Model\WealthbotRebalancer\ArrayCollectionTest" file="/home/vlad/work/wealthbot-core/system/Test/Case/Model/WealthbotRebalancer/ArrayCollectionTest.php" line="151" assertions="2" time="0.000076"/>
      <testcase name="testExists" class="Test\Model\WealthbotRebalancer\ArrayCollectionTest" file="/home/vlad/work/wealthbot-core/system/Test/Case/Model/WealthbotRebalancer/ArrayCollectionTest.php" line="160" assertions="2" time="0.000081"/>
      <testcase name="testIndexOf" class="Test\Model\WealthbotRebalancer\ArrayCollectionTest" file="/home/vlad/work/wealthbot-core/system/Test/Case/Model/WealthbotRebalancer/ArrayCollectionTest.php" line="183" assertions="2" time="0.000076"/>
      <testcase name="testGet" class="Test\Model\WealthbotRebalancer\ArrayCollectionTest" file="/home/vlad/work/wealthbot-core/system/Test/Case/Model/WealthbotRebalancer/ArrayCollectionTest.php" line="193" assertions="2" time="0.000088"/>
      <testcase name="testGetKeys" class="Test\Model\WealthbotRebalancer\ArrayCollectionTest" file="/home/vlad/work/wealthbot-core/system/Test/Case/Model/WealthbotRebalancer/ArrayCollectionTest.php" line="200" assertions="1" time="0.000069"/>
      <testcase name="testGetValues" class="Test\Model\WealthbotRebalancer\ArrayCollectionTest" file="/home/vlad/work/wealthbot-core/system/Test/Case/Model/WealthbotRebalancer/ArrayCollectionTest.php" line="205" assertions="1" time="0.000282"/>
      <testcase name="testCount" class="Test\Model\WealthbotRebalancer\ArrayCollectionTest" file="/home/vlad/work/wealthbot-core/system/Test/Case/Model/WealthbotRebalancer/ArrayCollectionTest.php" line="216" assertions="2" time="0.000081"/>
      <testcase name="testSet" class="Test\Model\WealthbotRebalancer\ArrayCollectionTest" file="/home/vlad/work/wealthbot-core/system/Test/Case/Model/WealthbotRebalancer/ArrayCollectionTest.php" line="227" assertions="2" time="0.000080"/>
      <testcase name="testAdd" class="Test\Model\WealthbotRebalancer\ArrayCollectionTest" file="/home/vlad/work/wealthbot-core/system/Test/Case/Model/WealthbotRebalancer/ArrayCollectionTest.php" line="242" assertions="3" time="0.000085"/>
      <testcase name="testIsEmpty" class="Test\Model\WealthbotRebalancer\ArrayCollectionTest" file="/home/vlad/work/wealthbot-core/system/Test/Case/Model/WealthbotRebalancer/ArrayCollectionTest.php" line="257" assertions="2" time="0.000076"/>
      <testcase name="testGetIterator" class="Test\Model\WealthbotRebalancer\ArrayCollectionTest" file="/home/vlad/work/wealthbot-core/system/Test/Case/Model/WealthbotRebalancer/ArrayCollectionTest.php" line="266" assertions="1" time="0.000171"/>
      <testcase name="testToString" class="Test\Model\WealthbotRebalancer\ArrayCollectionTest" file="/home/vlad/work/wealthbot-core/system/Test/Case/Model/WealthbotRebalancer/ArrayCollectionTest.php" line="273" assertions="1" time="0.000058"/>
      <testcase name="testClear" class="Test\Model\WealthbotRebalancer\ArrayCollectionTest" file="/home/vlad/work/wealthbot-core/system/Test/Case/Model/WealthbotRebalancer/ArrayCollectionTest.php" line="278" assertions="1" time="0.000177"/>
      <testcase name="testSlice" class="Test\Model\WealthbotRebalancer\ArrayCollectionTest" file="/home/vlad/work/wealthbot-core/system/Test/Case/Model/WealthbotRebalancer/ArrayCollectionTest.php" line="285" assertions="13" time="0.000112"/>
    </testsuite>
    <testsuite name="Test\Model\WealthbotRebalancer\AssetClassTest" file="/home/vlad/work/wealthbot-core/system/Test/Case/Model/WealthbotRebalancer/AssetClassTest.php" tests="11" assertions="25" failures="0" errors="0" time="0.001339">
      <testcase name="testLoadFromArray" class="Test\Model\WealthbotRebalancer\AssetClassTest" file="/home/vlad/work/wealthbot-core/system/Test/Case/Model/WealthbotRebalancer/AssetClassTest.php" line="43" assertions="6" time="0.000446"/>
      <testcase name="testGetCurrentAllocation" class="Test\Model\WealthbotRebalancer\AssetClassTest" file="/home/vlad/work/wealthbot-core/system/Test/Case/Model/WealthbotRebalancer/AssetClassTest.php" line="61" assertions="1" time="0.000088"/>
      <testcase name="testSetCurrentAllocation" class="Test\Model\WealthbotRebalancer\AssetClassTest" file="/home/vlad/work/wealthbot-core/system/Test/Case/Model/WealthbotRebalancer/AssetClassTest.php" line="66" assertions="1" time="0.000086"/>
      <testcase name="testGetTargetAllocation" class="Test\Model\WealthbotRebalancer\AssetClassTest" file="/home/vlad/work/wealthbot-core/system/Test/Case/Model/WealthbotRebalancer/AssetClassTest.php" line="72" assertions="1" time="0.000084"/>
      <testcase name="testSetTargetAllocation" class="Test\Model\WealthbotRebalancer\AssetClassTest" file="/home/vlad/work/wealthbot-core/system/Test/Case/Model/WealthbotRebalancer/AssetClassTest.php" line="77" assertions="1" time="0.000084"/>
      <testcase name="testGetToleranceBand" class="Test\Model\WealthbotRebalancer\AssetClassTest" file="/home/vlad/work/wealthbot-core/system/Test/Case/Model/WealthbotRebalancer/AssetClassTest.php" line="83" assertions="1" time="0.000083"/>
      <testcase name="testSetToleranceBand" class="Test\Model\WealthbotRebalancer\AssetClassTest" file="/home/vlad/work/wealthbot-core/system/Test/Case/Model/WealthbotRebalancer/AssetClassTest.php" line="88" assertions="1" time="0.000081"/>
      <testcase name="testGetSubclasses" class="Test\Model\WealthbotRebalancer\AssetClassTest" file="/home/vlad/work/wealthbot-core/system/Test/Case/Model/WealthbotRebalancer/AssetClassTest.php" line="94" assertions="3" time="0.000092"/>
      <testcase name="testSetSubclasses" class="Test\Model\WealthbotRebalancer\AssetClassTest" file="/home/vlad/work/wealthbot-core/system/Test/Case/Model/WealthbotRebalancer/AssetClassTest.php" line="103" assertions="4" time="0.000102"/>
      <testcase name="testAddSubclass" class="Test\Model\WealthbotRebalancer\AssetClassTest" file="/home/vlad/work/wealthbot-core/system/Test/Case/Model/WealthbotRebalancer/AssetClassTest.php" line="129" assertions="4" time="0.000105"/>
      <testcase name="testCalcOOB" class="Test\Model\WealthbotRebalancer\AssetClassTest" file="/home/vlad/work/wealthbot-core/system/Test/Case/Model/WealthbotRebalancer/AssetClassTest.php" line="144" assertions="2" time="0.000089"/>
    </testsuite>
    <testsuite name="Test\Model\WealthbotRebalancer\BaseTest" file="/home/vlad/work/wealthbot-core/system/Test/Case/Model/WealthbotRebalancer/BaseTest.php" tests="3" assertions="4" failures="1" errors="0" time="0.000942">
      <testcase name="testGetId" class="Test\Model\WealthbotRebalancer\BaseTest" file="/home/vlad/work/wealthbot-core/system/Test/Case/Model/WealthbotRebalancer/BaseTest.php" line="29" assertions="1" time="0.000241"/>
      <testcase name="testSetId" class="Test\Model\WealthbotRebalancer\BaseTest" file="/home/vlad/work/wealthbot-core/system/Test/Case/Model/WealthbotRebalancer/BaseTest.php" line="34" assertions="1" time="0.000059"/>
      <testcase name="testLoadFromArrayException" class="Test\Model\WealthbotRebalancer\BaseTest" file="/home/vlad/work/wealthbot-core/system/Test/Case/Model/WealthbotRebalancer/BaseTest.php" line="46" assertions="2" time="0.000642">
        <failure type="PHPUnit_Framework_ExpectationFailedException">Test\Model\WealthbotRebalancer\BaseTest::testLoadFromArrayException
Failed asserting that exception message 'SQLSTATE[28000] [1045] Access denied for user 'wealthbot_test'@'localhost' (using password: YES)' contains 'Invalid relation object. Relation object must be instance of Model\WealthbotRebalancer\Base, Model\WealthbotRebalancer\Repository\SecurityRepository given.'.

/home/vlad/.composer/vendor/phpunit/phpunit/src/TextUI/Command.php:152
/home/vlad/.composer/vendor/phpunit/phpunit/src/TextUI/Command.php:104
</failure>
      </testcase>
    </testsuite>
    <testsuite name="Test\Model\WealthbotRebalancer\ClientTest" file="/home/vlad/work/wealthbot-core/system/Test/Case/Model/WealthbotRebalancer/ClientTest.php" tests="21" assertions="45" failures="0" errors="0" time="0.002395">
      <testcase name="testLoadFromArray" class="Test\Model\WealthbotRebalancer\ClientTest" file="/home/vlad/work/wealthbot-core/system/Test/Case/Model/WealthbotRebalancer/ClientTest.php" line="62" assertions="10" time="0.000191"/>
      <testcase name="testGetAccountManaged" class="Test\Model\WealthbotRebalancer\ClientTest" file="/home/vlad/work/wealthbot-core/system/Test/Case/Model/WealthbotRebalancer/ClientTest.php" line="80" assertions="1" time="0.000105"/>
      <testcase name="testSetAccountManaged" class="Test\Model\WealthbotRebalancer\ClientTest" file="/home/vlad/work/wealthbot-core/system/Test/Case/Model/WealthbotRebalancer/ClientTest.php" line="85" assertions="1" time="0.000103"/>
      <testcase name="testGetRia" class="Test\Model\WealthbotRebalancer\ClientTest" file="/home/vlad/work/wealthbot-core/system/Test/Case/Model/WealthbotRebalancer/ClientTest.php" line="91" assertions="2" time="0.000106"/>
      <testcase name="testSetRia" class="Test\Model\WealthbotRebalancer\ClientTest" file="/home/vlad/work/wealthbot-core/system/Test/Case/Model/WealthbotRebalancer/ClientTest.php" line="99" assertions="2" time="0.000109"/>
      <testcase name="testGetAccounts" class="Test\Model\WealthbotRebalancer\ClientTest" file="/home/vlad/work/wealthbot-core/system/Test/Case/Model/WealthbotRebalancer/ClientTest.php" line="111" assertions="3" time="0.000118"/>
      <testcase name="testSetAccounts" class="Test\Model\WealthbotRebalancer\ClientTest" file="/home/vlad/work/wealthbot-core/system/Test/Case/Model/WealthbotRebalancer/ClientTest.php" line="120" assertions="4" time="0.000125"/>
      <testcase name="testAddAccount" class="Test\Model\WealthbotRebalancer\ClientTest" file="/home/vlad/work/wealthbot-core/system/Test/Case/Model/WealthbotRebalancer/ClientTest.php" line="140" assertions="4" time="0.000121"/>
      <testcase name="testGetPortfolio" class="Test\Model\WealthbotRebalancer\ClientTest" file="/home/vlad/work/wealthbot-core/system/Test/Case/Model/WealthbotRebalancer/ClientTest.php" line="155" assertions="1" time="0.000102"/>
      <testcase name="testSetPortfolio" class="Test\Model\WealthbotRebalancer\ClientTest" file="/home/vlad/work/wealthbot-core/system/Test/Case/Model/WealthbotRebalancer/ClientTest.php" line="162" assertions="1" time="0.000103"/>
      <testcase name="testGetJob" class="Test\Model\WealthbotRebalancer\ClientTest" file="/home/vlad/work/wealthbot-core/system/Test/Case/Model/WealthbotRebalancer/ClientTest.php" line="172" assertions="1" time="0.000101"/>
      <testcase name="testSetJob" class="Test\Model\WealthbotRebalancer\ClientTest" file="/home/vlad/work/wealthbot-core/system/Test/Case/Model/WealthbotRebalancer/ClientTest.php" line="179" assertions="1" time="0.000101"/>
      <testcase name="testGetEmail" class="Test\Model\WealthbotRebalancer\ClientTest" file="/home/vlad/work/wealthbot-core/system/Test/Case/Model/WealthbotRebalancer/ClientTest.php" line="191" assertions="1" time="0.000102"/>
      <testcase name="testSetEmail" class="Test\Model\WealthbotRebalancer\ClientTest" file="/home/vlad/work/wealthbot-core/system/Test/Case/Model/WealthbotRebalancer/ClientTest.php" line="196" assertions="1" time="0.000103"/>
      <testcase name="testGetTaxBracket" class="Test\Model\WealthbotRebalancer\ClientTest" file="/home/vlad/work/wealthbot-core/system/Test/Case/Model/WealthbotRebalancer/ClientTest.php" line="202" assertions="1" time="0.000099"/>
      <testcase name="testSetTaxBracket" class="Test\Model\WealthbotRebalancer\ClientTest" file="/home/vlad/work/wealthbot-core/system/Test/Case/Model/WealthbotRebalancer/ClientTest.php" line="207" assertions="1" time="0.000100"/>
      <testcase name="testGetStopTlhValue" class="Test\Model\WealthbotRebalancer\ClientTest" file="/home/vlad/work/wealthbot-core/system/Test/Case/Model/WealthbotRebalancer/ClientTest.php" line="213" assertions="1" time="0.000101"/>
      <testcase name="testSetStopTlhValue" class="Test\Model\WealthbotRebalancer\ClientTest" file="/home/vlad/work/wealthbot-core/system/Test/Case/Model/WealthbotRebalancer/ClientTest.php" line="218" assertions="1" time="0.000102"/>
      <testcase name="testCanUseTlh" class="Test\Model\WealthbotRebalancer\ClientTest" file="/home/vlad/work/wealthbot-core/system/Test/Case/Model/WealthbotRebalancer/ClientTest.php" line="224" assertions="4" time="0.000189"/>
      <testcase name="testIsHouseholdLevelRebalance" class="Test\Model\WealthbotRebalancer\ClientTest" file="/home/vlad/work/wealthbot-core/system/Test/Case/Model/WealthbotRebalancer/ClientTest.php" line="260" assertions="2" time="0.000109"/>
      <testcase name="testIsAccountLevelRebalance" class="Test\Model\WealthbotRebalancer\ClientTest" file="/home/vlad/work/wealthbot-core/system/Test/Case/Model/WealthbotRebalancer/ClientTest.php" line="269" assertions="2" time="0.000105"/>
    </testsuite>
    <testsuite name="Test\Model\WealthbotRebalancer\DistributionTest" file="/home/vlad/work/wealthbot-core/system/Test/Case/Model/WealthbotRebalancer/DistributionTest.php" tests="8" assertions="15" failures="0" errors="0" time="0.001218">
      <testcase name="testLoadFromArray" class="Test\Model\WealthbotRebalancer\DistributionTest" file="/home/vlad/work/wealthbot-core/system/Test/Case/Model/WealthbotRebalancer/DistributionTest.php" line="38" assertions="8" time="0.000488"/>
      <testcase name="testSetType" class="Test\Model\WealthbotRebalancer\DistributionTest" file="/home/vlad/work/wealthbot-core/system/Test/Case/Model/WealthbotRebalancer/DistributionTest.php" line="50" assertions="1" time="0.000112"/>
      <testcase name="testSetTransferMethod" class="Test\Model\WealthbotRebalancer\DistributionTest" file="/home/vlad/work/wealthbot-core/system/Test/Case/Model/WealthbotRebalancer/DistributionTest.php" line="56" assertions="1" time="0.000100"/>
      <testcase name="testSetAmount" class="Test\Model\WealthbotRebalancer\DistributionTest" file="/home/vlad/work/wealthbot-core/system/Test/Case/Model/WealthbotRebalancer/DistributionTest.php" line="62" assertions="1" time="0.000100"/>
      <testcase name="testSetFrequency" class="Test\Model\WealthbotRebalancer\DistributionTest" file="/home/vlad/work/wealthbot-core/system/Test/Case/Model/WealthbotRebalancer/DistributionTest.php" line="68" assertions="1" time="0.000101"/>
      <testcase name="testSetTransferDate" class="Test\Model\WealthbotRebalancer\DistributionTest" file="/home/vlad/work/wealthbot-core/system/Test/Case/Model/WealthbotRebalancer/DistributionTest.php" line="74" assertions="1" time="0.000110"/>
      <testcase name="testSetCreatedAt" class="Test\Model\WealthbotRebalancer\DistributionTest" file="/home/vlad/work/wealthbot-core/system/Test/Case/Model/WealthbotRebalancer/DistributionTest.php" line="80" assertions="1" time="0.000103"/>
      <testcase name="testSetUpdatedAt" class="Test\Model\WealthbotRebalancer\DistributionTest" file="/home/vlad/work/wealthbot-core/system/Test/Case/Model/WealthbotRebalancer/DistributionTest.php" line="86" assertions="1" time="0.000104"/>
    </testsuite>
    <testsuite name="Test\Model\WealthbotRebalancer\HolidayTest" file="/home/vlad/work/wealthbot-core/system/Test/Case/Model/WealthbotRebalancer/HolidayTest.php" tests="5" assertions="6" failures="0" errors="0" time="0.000589">
      <testcase name="testLoadFromArray" class="Test\Model\WealthbotRebalancer\HolidayTest" file="/home/vlad/work/wealthbot-core/system/Test/Case/Model/WealthbotRebalancer/HolidayTest.php" line="32" assertions="2" time="0.000301"/>
      <testcase name="testGetDate" class="Test\Model\WealthbotRebalancer\HolidayTest" file="/home/vlad/work/wealthbot-core/system/Test/Case/Model/WealthbotRebalancer/HolidayTest.php" line="40" assertions="1" time="0.000092"/>
      <testcase name="testSetDate" class="Test\Model\WealthbotRebalancer\HolidayTest" file="/home/vlad/work/wealthbot-core/system/Test/Case/Model/WealthbotRebalancer/HolidayTest.php" line="47" assertions="1" time="0.000070"/>
      <testcase name="testGetType" class="Test\Model\WealthbotRebalancer\HolidayTest" file="/home/vlad/work/wealthbot-core/system/Test/Case/Model/WealthbotRebalancer/HolidayTest.php" line="55" assertions="1" time="0.000062"/>
      <testcase name="testSetType" class="Test\Model\WealthbotRebalancer\HolidayTest" file="/home/vlad/work/wealthbot-core/system/Test/Case/Model/WealthbotRebalancer/HolidayTest.php" line="60" assertions="1" time="0.000064"/>
    </testsuite>
    <testsuite name="Test\Model\WealthbotRebalancer\JobTest" file="/home/vlad/work/wealthbot-core/system/Test/Case/Model/WealthbotRebalancer/JobTest.php" tests="15" assertions="24" failures="0" errors="0" time="0.001462">
      <testcase name="testLoadFromArray" class="Test\Model\WealthbotRebalancer\JobTest" file="/home/vlad/work/wealthbot-core/system/Test/Case/Model/WealthbotRebalancer/JobTest.php" line="39" assertions="7" time="0.000163"/>
      <testcase name="testGetName" class="Test\Model\WealthbotRebalancer\JobTest" file="/home/vlad/work/wealthbot-core/system/Test/Case/Model/WealthbotRebalancer/JobTest.php" line="52" assertions="1" time="0.000095"/>
      <testcase name="testGetRebalanceType" class="Test\Model\WealthbotRebalancer\JobTest" file="/home/vlad/work/wealthbot-core/system/Test/Case/Model/WealthbotRebalancer/JobTest.php" line="57" assertions="1" time="0.000094"/>
      <testcase name="testSetRebalanceType" class="Test\Model\WealthbotRebalancer\JobTest" file="/home/vlad/work/wealthbot-core/system/Test/Case/Model/WealthbotRebalancer/JobTest.php" line="62" assertions="1" time="0.000094"/>
      <testcase name="testIsFullRebalance" class="Test\Model\WealthbotRebalancer\JobTest" file="/home/vlad/work/wealthbot-core/system/Test/Case/Model/WealthbotRebalancer/JobTest.php" line="68" assertions="2" time="0.000097"/>
      <testcase name="testIsRequiredCashRebalance" class="Test\Model\WealthbotRebalancer\JobTest" file="/home/vlad/work/wealthbot-core/system/Test/Case/Model/WealthbotRebalancer/JobTest.php" line="76" assertions="2" time="0.000095"/>
      <testcase name="testIsFullAndTlhRebalance" class="Test\Model\WealthbotRebalancer\JobTest" file="/home/vlad/work/wealthbot-core/system/Test/Case/Model/WealthbotRebalancer/JobTest.php" line="84" assertions="2" time="0.000093"/>
      <testcase name="testGetStartedAt" class="Test\Model\WealthbotRebalancer\JobTest" file="/home/vlad/work/wealthbot-core/system/Test/Case/Model/WealthbotRebalancer/JobTest.php" line="92" assertions="1" time="0.000093"/>
      <testcase name="testSetStartedAt" class="Test\Model\WealthbotRebalancer\JobTest" file="/home/vlad/work/wealthbot-core/system/Test/Case/Model/WealthbotRebalancer/JobTest.php" line="97" assertions="1" time="0.000090"/>
      <testcase name="testGetFinishedAt" class="Test\Model\WealthbotRebalancer\JobTest" file="/home/vlad/work/wealthbot-core/system/Test/Case/Model/WealthbotRebalancer/JobTest.php" line="104" assertions="1" time="0.000090"/>
      <testcase name="testSetFinishedAt" class="Test\Model\WealthbotRebalancer\JobTest" file="/home/vlad/work/wealthbot-core/system/Test/Case/Model/WealthbotRebalancer/JobTest.php" line="109" assertions="1" time="0.000090"/>
      <testcase name="testGetIsError" class="Test\Model\WealthbotRebalancer\JobTest" file="/home/vlad/work/wealthbot-core/system/Test/Case/Model/WealthbotRebalancer/JobTest.php" line="116" assertions="1" time="0.000089"/>
      <testcase name="testSetIsError" class="Test\Model\WealthbotRebalancer\JobTest" file="/home/vlad/work/wealthbot-core/system/Test/Case/Model/WealthbotRebalancer/JobTest.php" line="121" assertions="1" time="0.000090"/>
      <testcase name="testGetRia" class="Test\Model\WealthbotRebalancer\JobTest" file="/home/vlad/work/wealthbot-core/system/Test/Case/Model/WealthbotRebalancer/JobTest.php" line="128" assertions="1" time="0.000097"/>
      <testcase name="testSetRia" class="Test\Model\WealthbotRebalancer\JobTest" file="/home/vlad/work/wealthbot-core/system/Test/Case/Model/WealthbotRebalancer/JobTest.php" line="135" assertions="1" time="0.000092"/>
    </testsuite>
    <testsuite name="Test\Model\WealthbotRebalancer\LotTest" file="/home/vlad/work/wealthbot-core/system/Test/Case/Model/WealthbotRebalancer/LotTest.php" tests="30" assertions="42" failures="0" errors="0" time="0.004129">
      <testcase name="testGetAmount" class="Test\Model\WealthbotRebalancer\LotTest" file="/home/vlad/work/wealthbot-core/system/Test/Case/Model/WealthbotRebalancer/LotTest.php" line="41" assertions="1" time="0.000174"/>
      <testcase name="testSetAmount" class="Test\Model\WealthbotRebalancer\LotTest" file="/home/vlad/work/wealthbot-core/system/Test/Case/Model/WealthbotRebalancer/LotTest.php" line="46" assertions="1" time="0.000131"/>
      <testcase name="testGetQuantity" class="Test\Model\WealthbotRebalancer\LotTest" file="/home/vlad/work/wealthbot-core/system/Test/Case/Model/WealthbotRebalancer/LotTest.php" line="52" assertions="1" time="0.000129"/>
      <testcase name="testSetQuantity" class="Test\Model\WealthbotRebalancer\LotTest" file="/home/vlad/work/wealthbot-core/system/Test/Case/Model/WealthbotRebalancer/LotTest.php" line="57" assertions="1" time="0.000133"/>
      <testcase name="testGetDate" class="Test\Model\WealthbotRebalancer\LotTest" file="/home/vlad/work/wealthbot-core/system/Test/Case/Model/WealthbotRebalancer/LotTest.php" line="63" assertions="1" time="0.000132"/>
      <testcase name="testSetDate" class="Test\Model\WealthbotRebalancer\LotTest" file="/home/vlad/work/wealthbot-core/system/Test/Case/Model/WealthbotRebalancer/LotTest.php" line="68" assertions="1" time="0.000137"/>
      <testcase name="testGetStatus" class="Test\Model\WealthbotRebalancer\LotTest" file="/home/vlad/work/wealthbot-core/system/Test/Case/Model/WealthbotRebalancer/LotTest.php" line="74" assertions="1" time="0.000130"/>
      <testcase name="testSetStatus" class="Test\Model\WealthbotRebalancer\LotTest" file="/home/vlad/work/wealthbot-core/system/Test/Case/Model/WealthbotRebalancer/LotTest.php" line="79" assertions="1" time="0.000129"/>
      <testcase name="testIsInitial" class="Test\Model\WealthbotRebalancer\LotTest" file="/home/vlad/work/wealthbot-core/system/Test/Case/Model/WealthbotRebalancer/LotTest.php" line="86" assertions="2" time="0.000134"/>
      <testcase name="testIsOpen" class="Test\Model\WealthbotRebalancer\LotTest" file="/home/vlad/work/wealthbot-core/system/Test/Case/Model/WealthbotRebalancer/LotTest.php" line="94" assertions="2" time="0.000131"/>
      <testcase name="testIsClosed" class="Test\Model\WealthbotRebalancer\LotTest" file="/home/vlad/work/wealthbot-core/system/Test/Case/Model/WealthbotRebalancer/LotTest.php" line="102" assertions="2" time="0.000130"/>
      <testcase name="testGetAge" class="Test\Model\WealthbotRebalancer\LotTest" file="/home/vlad/work/wealthbot-core/system/Test/Case/Model/WealthbotRebalancer/LotTest.php" line="110" assertions="1" time="0.000129"/>
      <testcase name="testSetAge" class="Test\Model\WealthbotRebalancer\LotTest" file="/home/vlad/work/wealthbot-core/system/Test/Case/Model/WealthbotRebalancer/LotTest.php" line="115" assertions="1" time="0.000131"/>
      <testcase name="testCalcPrice" class="Test\Model\WealthbotRebalancer\LotTest" file="/home/vlad/work/wealthbot-core/system/Test/Case/Model/WealthbotRebalancer/LotTest.php" line="121" assertions="2" time="0.000135"/>
      <testcase name="testSell" class="Test\Model\WealthbotRebalancer\LotTest" file="/home/vlad/work/wealthbot-core/system/Test/Case/Model/WealthbotRebalancer/LotTest.php" line="130" assertions="4" time="0.000143"/>
      <testcase name="testGetWasClosed" class="Test\Model\WealthbotRebalancer\LotTest" file="/home/vlad/work/wealthbot-core/system/Test/Case/Model/WealthbotRebalancer/LotTest.php" line="141" assertions="1" time="0.000132"/>
      <testcase name="testSetWasClosed" class="Test\Model\WealthbotRebalancer\LotTest" file="/home/vlad/work/wealthbot-core/system/Test/Case/Model/WealthbotRebalancer/LotTest.php" line="146" assertions="1" time="0.000127"/>
      <testcase name="testGetInitial" class="Test\Model\WealthbotRebalancer\LotTest" file="/home/vlad/work/wealthbot-core/system/Test/Case/Model/WealthbotRebalancer/LotTest.php" line="153" assertions="1" time="0.000127"/>
      <testcase name="testSetInitial" class="Test\Model\WealthbotRebalancer\LotTest" file="/home/vlad/work/wealthbot-core/system/Test/Case/Model/WealthbotRebalancer/LotTest.php" line="158" assertions="1" time="0.000145"/>
      <testcase name="testGetInitialLotId" class="Test\Model\WealthbotRebalancer\LotTest" file="/home/vlad/work/wealthbot-core/system/Test/Case/Model/WealthbotRebalancer/LotTest.php" line="167" assertions="1" time="0.000134"/>
      <testcase name="testGetRealizedGainOrLoss" class="Test\Model\WealthbotRebalancer\LotTest" file="/home/vlad/work/wealthbot-core/system/Test/Case/Model/WealthbotRebalancer/LotTest.php" line="173" assertions="1" time="0.000130"/>
      <testcase name="testSetRealizedGainOrLoss" class="Test\Model\WealthbotRebalancer\LotTest" file="/home/vlad/work/wealthbot-core/system/Test/Case/Model/WealthbotRebalancer/LotTest.php" line="178" assertions="1" time="0.000128"/>
      <testcase name="testGetPositionId" class="Test\Model\WealthbotRebalancer\LotTest" file="/home/vlad/work/wealthbot-core/system/Test/Case/Model/WealthbotRebalancer/LotTest.php" line="185" assertions="1" time="0.000126"/>
      <testcase name="testSetPositionId" class="Test\Model\WealthbotRebalancer\LotTest" file="/home/vlad/work/wealthbot-core/system/Test/Case/Model/WealthbotRebalancer/LotTest.php" line="190" assertions="1" time="0.000129"/>
      <testcase name="testGetIsMuni" class="Test\Model\WealthbotRebalancer\LotTest" file="/home/vlad/work/wealthbot-core/system/Test/Case/Model/WealthbotRebalancer/LotTest.php" line="196" assertions="1" time="0.000130"/>
      <testcase name="testSetIsMuni" class="Test\Model\WealthbotRebalancer\LotTest" file="/home/vlad/work/wealthbot-core/system/Test/Case/Model/WealthbotRebalancer/LotTest.php" line="201" assertions="2" time="0.000132"/>
      <testcase name="testGetCostBasis" class="Test\Model\WealthbotRebalancer\LotTest" file="/home/vlad/work/wealthbot-core/system/Test/Case/Model/WealthbotRebalancer/LotTest.php" line="210" assertions="1" time="0.000129"/>
      <testcase name="testSetCostBasis" class="Test\Model\WealthbotRebalancer\LotTest" file="/home/vlad/work/wealthbot-core/system/Test/Case/Model/WealthbotRebalancer/LotTest.php" line="215" assertions="1" time="0.000128"/>
      <testcase name="testInterval" class="Test\Model\WealthbotRebalancer\LotTest" file="/home/vlad/work/wealthbot-core/system/Test/Case/Model/WealthbotRebalancer/LotTest.php" line="222" assertions="2" time="0.000188"/>
      <testcase name="testIsShortTerm" class="Test\Model\WealthbotRebalancer\LotTest" file="/home/vlad/work/wealthbot-core/system/Test/Case/Model/WealthbotRebalancer/LotTest.php" line="231" assertions="4" time="0.000215"/>
    </testsuite>
    <testsuite name="Test\Model\WealthbotRebalancer\PortfolioTest" file="/home/vlad/work/wealthbot-core/system/Test/Case/Model/WealthbotRebalancer/PortfolioTest.php" tests="16" assertions="19" failures="0" errors="0" time="0.001915">
      <testcase name="testGetSecurities" class="Test\Model\WealthbotRebalancer\PortfolioTest" file="/home/vlad/work/wealthbot-core/system/Test/Case/Model/WealthbotRebalancer/PortfolioTest.php" line="41" assertions="3" time="0.000170"/>
      <testcase name="testSetSecurities" class="Test\Model\WealthbotRebalancer\PortfolioTest" file="/home/vlad/work/wealthbot-core/system/Test/Case/Model/WealthbotRebalancer/PortfolioTest.php" line="50" assertions="2" time="0.000140"/>
      <testcase name="testGetTotalValue" class="Test\Model\WealthbotRebalancer\PortfolioTest" file="/home/vlad/work/wealthbot-core/system/Test/Case/Model/WealthbotRebalancer/PortfolioTest.php" line="65" assertions="1" time="0.000115"/>
      <testcase name="testSetTotalValue" class="Test\Model\WealthbotRebalancer\PortfolioTest" file="/home/vlad/work/wealthbot-core/system/Test/Case/Model/WealthbotRebalancer/PortfolioTest.php" line="70" assertions="1" time="0.000114"/>
      <testcase name="testGetTotalInSecurities" class="Test\Model\WealthbotRebalancer\PortfolioTest" file="/home/vlad/work/wealthbot-core/system/Test/Case/Model/WealthbotRebalancer/PortfolioTest.php" line="77" assertions="1" time="0.000114"/>
      <testcase name="testSetTotalInSecurities" class="Test\Model\WealthbotRebalancer\PortfolioTest" file="/home/vlad/work/wealthbot-core/system/Test/Case/Model/WealthbotRebalancer/PortfolioTest.php" line="82" assertions="1" time="0.000119"/>
      <testcase name="testGetTotalCashInAccounts" class="Test\Model\WealthbotRebalancer\PortfolioTest" file="/home/vlad/work/wealthbot-core/system/Test/Case/Model/WealthbotRebalancer/PortfolioTest.php" line="89" assertions="1" time="0.000116"/>
      <testcase name="testSetTotalCashInAccounts" class="Test\Model\WealthbotRebalancer\PortfolioTest" file="/home/vlad/work/wealthbot-core/system/Test/Case/Model/WealthbotRebalancer/PortfolioTest.php" line="94" assertions="1" time="0.000115"/>
      <testcase name="testGetTotalCashInMoneyMarket" class="Test\Model\WealthbotRebalancer\PortfolioTest" file="/home/vlad/work/wealthbot-core/system/Test/Case/Model/WealthbotRebalancer/PortfolioTest.php" line="101" assertions="1" time="0.000115"/>
      <testcase name="testSetTotalCashInMoneyMarket" class="Test\Model\WealthbotRebalancer\PortfolioTest" file="/home/vlad/work/wealthbot-core/system/Test/Case/Model/WealthbotRebalancer/PortfolioTest.php" line="106" assertions="1" time="0.000114"/>
      <testcase name="testGetSasCash" class="Test\Model\WealthbotRebalancer\PortfolioTest" file="/home/vlad/work/wealthbot-core/system/Test/Case/Model/WealthbotRebalancer/PortfolioTest.php" line="113" assertions="1" time="0.000114"/>
      <testcase name="testSetSasCash" class="Test\Model\WealthbotRebalancer\PortfolioTest" file="/home/vlad/work/wealthbot-core/system/Test/Case/Model/WealthbotRebalancer/PortfolioTest.php" line="118" assertions="1" time="0.000114"/>
      <testcase name="testGetCashBuffer" class="Test\Model\WealthbotRebalancer\PortfolioTest" file="/home/vlad/work/wealthbot-core/system/Test/Case/Model/WealthbotRebalancer/PortfolioTest.php" line="125" assertions="1" time="0.000112"/>
      <testcase name="testSetCashBuffer" class="Test\Model\WealthbotRebalancer\PortfolioTest" file="/home/vlad/work/wealthbot-core/system/Test/Case/Model/WealthbotRebalancer/PortfolioTest.php" line="130" assertions="1" time="0.000112"/>
      <testcase name="testGetBillingCash" class="Test\Model\WealthbotRebalancer\PortfolioTest" file="/home/vlad/work/wealthbot-core/system/Test/Case/Model/WealthbotRebalancer/PortfolioTest.php" line="137" assertions="1" time="0.000114"/>
      <testcase name="testSetBillingCash" class="Test\Model\WealthbotRebalancer\PortfolioTest" file="/home/vlad/work/wealthbot-core/system/Test/Case/Model/WealthbotRebalancer/PortfolioTest.php" line="142" assertions="1" time="0.000116"/>
    </testsuite>
    <testsuite name="Test\Model\WealthbotRebalancer\PositionTest" file="/home/vlad/work/wealthbot-core/system/Test/Case/Model/WealthbotRebalancer/PositionTest.php" tests="2" assertions="2" failures="0" errors="0" time="0.000430">
      <testcase name="testGetAmount" class="Test\Model\WealthbotRebalancer\PositionTest" file="/home/vlad/work/wealthbot-core/system/Test/Case/Model/WealthbotRebalancer/PositionTest.php" line="28" assertions="1" time="0.000363"/>
      <testcase name="testSetAmount" class="Test\Model\WealthbotRebalancer\PositionTest" file="/home/vlad/work/wealthbot-core/system/Test/Case/Model/WealthbotRebalancer/PositionTest.php" line="33" assertions="1" time="0.000067"/>
    </testsuite>
    <testsuite name="Test\Model\WealthbotRebalancer\QueueItemTest" file="/home/vlad/work/wealthbot-core/system/Test/Case/Model/WealthbotRebalancer/QueueItemTest.php" tests="18" assertions="20" failures="0" errors="0" time="0.002341">
      <testcase name="testGetSubclass" class="Test\Model\WealthbotRebalancer\QueueItemTest" file="/home/vlad/work/wealthbot-core/system/Test/Case/Model/WealthbotRebalancer/QueueItemTest.php" line="39" assertions="1" time="0.000168"/>
      <testcase name="testSetSubclass" class="Test\Model\WealthbotRebalancer\QueueItemTest" file="/home/vlad/work/wealthbot-core/system/Test/Case/Model/WealthbotRebalancer/QueueItemTest.php" line="44" assertions="1" time="0.000130"/>
      <testcase name="testGetRebalancerActionId" class="Test\Model\WealthbotRebalancer\QueueItemTest" file="/home/vlad/work/wealthbot-core/system/Test/Case/Model/WealthbotRebalancer/QueueItemTest.php" line="54" assertions="1" time="0.000126"/>
      <testcase name="testSetRebalancerActionId" class="Test\Model\WealthbotRebalancer\QueueItemTest" file="/home/vlad/work/wealthbot-core/system/Test/Case/Model/WealthbotRebalancer/QueueItemTest.php" line="59" assertions="1" time="0.000127"/>
      <testcase name="testGetLot" class="Test\Model\WealthbotRebalancer\QueueItemTest" file="/home/vlad/work/wealthbot-core/system/Test/Case/Model/WealthbotRebalancer/QueueItemTest.php" line="65" assertions="1" time="0.000125"/>
      <testcase name="testSetLotId" class="Test\Model\WealthbotRebalancer\QueueItemTest" file="/home/vlad/work/wealthbot-core/system/Test/Case/Model/WealthbotRebalancer/QueueItemTest.php" line="70" assertions="1" time="0.000139"/>
      <testcase name="testGetSecurity" class="Test\Model\WealthbotRebalancer\QueueItemTest" file="/home/vlad/work/wealthbot-core/system/Test/Case/Model/WealthbotRebalancer/QueueItemTest.php" line="79" assertions="1" time="0.000127"/>
      <testcase name="testSetSecurity" class="Test\Model\WealthbotRebalancer\QueueItemTest" file="/home/vlad/work/wealthbot-core/system/Test/Case/Model/WealthbotRebalancer/QueueItemTest.php" line="84" assertions="1" time="0.000140"/>
      <testcase name="testGetQuantity" class="Test\Model\WealthbotRebalancer\QueueItemTest" file="/home/vlad/work/wealthbot-core/system/Test/Case/Model/WealthbotRebalancer/QueueItemTest.php" line="94" assertions="1" time="0.000125"/>
      <testcase name="testSetQuantity" class="Test\Model\WealthbotRebalancer\QueueItemTest" file="/home/vlad/work/wealthbot-core/system/Test/Case/Model/WealthbotRebalancer/QueueItemTest.php" line="99" assertions="1" time="0.000123"/>
      <testcase name="testGetAmount" class="Test\Model\WealthbotRebalancer\QueueItemTest" file="/home/vlad/work/wealthbot-core/system/Test/Case/Model/WealthbotRebalancer/QueueItemTest.php" line="105" assertions="1" time="0.000123"/>
      <testcase name="testSetAmount" class="Test\Model\WealthbotRebalancer\QueueItemTest" file="/home/vlad/work/wealthbot-core/system/Test/Case/Model/WealthbotRebalancer/QueueItemTest.php" line="110" assertions="1" time="0.000125"/>
      <testcase name="testGetAccount" class="Test\Model\WealthbotRebalancer\QueueItemTest" file="/home/vlad/work/wealthbot-core/system/Test/Case/Model/WealthbotRebalancer/QueueItemTest.php" line="117" assertions="1" time="0.000123"/>
      <testcase name="testSetAccount" class="Test\Model\WealthbotRebalancer\QueueItemTest" file="/home/vlad/work/wealthbot-core/system/Test/Case/Model/WealthbotRebalancer/QueueItemTest.php" line="122" assertions="1" time="0.000128"/>
      <testcase name="testGetStatus" class="Test\Model\WealthbotRebalancer\QueueItemTest" file="/home/vlad/work/wealthbot-core/system/Test/Case/Model/WealthbotRebalancer/QueueItemTest.php" line="132" assertions="1" time="0.000125"/>
      <testcase name="testSetStatus" class="Test\Model\WealthbotRebalancer\QueueItemTest" file="/home/vlad/work/wealthbot-core/system/Test/Case/Model/WealthbotRebalancer/QueueItemTest.php" line="137" assertions="1" time="0.000126"/>
      <testcase name="testIsStatusSell" class="Test\Model\WealthbotRebalancer\QueueItemTest" file="/home/vlad/work/wealthbot-core/system/Test/Case/Model/WealthbotRebalancer/QueueItemTest.php" line="143" assertions="2" time="0.000130"/>
      <testcase name="testIsStatusBuy" class="Test\Model\WealthbotRebalancer\QueueItemTest" file="/home/vlad/work/wealthbot-core/system/Test/Case/Model/WealthbotRebalancer/QueueItemTest.php" line="151" assertions="2" time="0.000131"/>
    </testsuite>
    <testsuite name="Test\Model\WealthbotRebalancer\RebalancerActionTest" file="/home/vlad/work/wealthbot-core/system/Test/Case/Model/WealthbotRebalancer/RebalancerActionTest.php" tests="11" assertions="15" failures="0" errors="0" time="0.000873">
      <testcase name="testLoadFromArray" class="Test\Model\WealthbotRebalancer\RebalancerActionTest" file="/home/vlad/work/wealthbot-core/system/Test/Case/Model/WealthbotRebalancer/RebalancerActionTest.php" line="41" assertions="5" time="0.000129"/>
      <testcase name="testGetAccountId" class="Test\Model\WealthbotRebalancer\RebalancerActionTest" file="/home/vlad/work/wealthbot-core/system/Test/Case/Model/WealthbotRebalancer/RebalancerActionTest.php" line="50" assertions="1" time="0.000077"/>
      <testcase name="testSetAccountId" class="Test\Model\WealthbotRebalancer\RebalancerActionTest" file="/home/vlad/work/wealthbot-core/system/Test/Case/Model/WealthbotRebalancer/RebalancerActionTest.php" line="55" assertions="1" time="0.000077"/>
      <testcase name="testGetJob" class="Test\Model\WealthbotRebalancer\RebalancerActionTest" file="/home/vlad/work/wealthbot-core/system/Test/Case/Model/WealthbotRebalancer/RebalancerActionTest.php" line="62" assertions="1" time="0.000073"/>
      <testcase name="testSetJob" class="Test\Model\WealthbotRebalancer\RebalancerActionTest" file="/home/vlad/work/wealthbot-core/system/Test/Case/Model/WealthbotRebalancer/RebalancerActionTest.php" line="67" assertions="1" time="0.000074"/>
      <testcase name="testGetPortfolioId" class="Test\Model\WealthbotRebalancer\RebalancerActionTest" file="/home/vlad/work/wealthbot-core/system/Test/Case/Model/WealthbotRebalancer/RebalancerActionTest.php" line="77" assertions="1" time="0.000071"/>
      <testcase name="testSetPortfolioId" class="Test\Model\WealthbotRebalancer\RebalancerActionTest" file="/home/vlad/work/wealthbot-core/system/Test/Case/Model/WealthbotRebalancer/RebalancerActionTest.php" line="82" assertions="1" time="0.000077"/>
      <testcase name="testGetClient" class="Test\Model\WealthbotRebalancer\RebalancerActionTest" file="/home/vlad/work/wealthbot-core/system/Test/Case/Model/WealthbotRebalancer/RebalancerActionTest.php" line="89" assertions="1" time="0.000072"/>
      <testcase name="testSetClient" class="Test\Model\WealthbotRebalancer\RebalancerActionTest" file="/home/vlad/work/wealthbot-core/system/Test/Case/Model/WealthbotRebalancer/RebalancerActionTest.php" line="94" assertions="1" time="0.000078"/>
      <testcase name="testGetStatus" class="Test\Model\WealthbotRebalancer\RebalancerActionTest" file="/home/vlad/work/wealthbot-core/system/Test/Case/Model/WealthbotRebalancer/RebalancerActionTest.php" line="104" assertions="1" time="0.000071"/>
      <testcase name="testSetStatus" class="Test\Model\WealthbotRebalancer\RebalancerActionTest" file="/home/vlad/work/wealthbot-core/system/Test/Case/Model/WealthbotRebalancer/RebalancerActionTest.php" line="109" assertions="1" time="0.000074"/>
    </testsuite>
    <testsuite name="Test\Model\WealthbotRebalancer\RebalancerQueueTest" file="/home/vlad/work/wealthbot-core/system/Test/Case/Model/WealthbotRebalancer/RebalancerQueueTest.php" tests="2" assertions="16" failures="0" errors="0" time="0.000532">
      <testcase name="testExistsInQueue" class="Test\Model\WealthbotRebalancer\RebalancerQueueTest" file="/home/vlad/work/wealthbot-core/system/Test/Case/Model/WealthbotRebalancer/RebalancerQueueTest.php" line="25" assertions="7" time="0.000312"/>
      <testcase name="testAddItem" class="Test\Model\WealthbotRebalancer\RebalancerQueueTest" file="/home/vlad/work/wealthbot-core/system/Test/Case/Model/WealthbotRebalancer/RebalancerQueueTest.php" line="93" assertions="9" time="0.000220"/>
    </testsuite>
    <testsuite name="Test\Model\WealthbotRebalancer\Repository\AccountRepositoryTest" file="/home/vlad/work/wealthbot-core/system/Test/Case/Model/WealthbotRebalancer/Repository/AccountRepositoryTest.php" tests="7" assertions="0" failures="0" errors="7" time="0.000000">
      <testcase name="Test\Model\WealthbotRebalancer\Repository\AccountRepositoryTest" time="0.000000">
        <error type="PDOException">Test\Model\WealthbotRebalancer\Repository\AccountRepositoryTest
PDOException: SQLSTATE[28000] [1045] Access denied for user 'wealthbot_test'@'localhost' (using password: YES)

/home/vlad/work/wealthbot-core/system/Database/WealthbotMySqlConnection.php:32
/home/vlad/work/wealthbot-core/system/Database/WealthbotMySqlConnection.php:45
/home/vlad/work/wealthbot-core/system/Test/Suit/ExtendedTestCase.php:106
/home/vlad/.composer/vendor/phpunit/phpunit/src/TextUI/Command.php:152
/home/vlad/.composer/vendor/phpunit/phpunit/src/TextUI/Command.php:104
</error>
      </testcase>
      <testcase name="Test\Model\WealthbotRebalancer\Repository\AccountRepositoryTest" time="0.000000">
        <error type="PDOException">Test\Model\WealthbotRebalancer\Repository\AccountRepositoryTest
PDOException: SQLSTATE[28000] [1045] Access denied for user 'wealthbot_test'@'localhost' (using password: YES)

/home/vlad/work/wealthbot-core/system/Database/WealthbotMySqlConnection.php:32
/home/vlad/work/wealthbot-core/system/Database/WealthbotMySqlConnection.php:45
/home/vlad/work/wealthbot-core/system/Test/Suit/ExtendedTestCase.php:106
/home/vlad/.composer/vendor/phpunit/phpunit/src/TextUI/Command.php:152
/home/vlad/.composer/vendor/phpunit/phpunit/src/TextUI/Command.php:104
</error>
      </testcase>
      <testcase name="Test\Model\WealthbotRebalancer\Repository\AccountRepositoryTest" time="0.000000">
        <error type="PDOException">Test\Model\WealthbotRebalancer\Repository\AccountRepositoryTest
PDOException: SQLSTATE[28000] [1045] Access denied for user 'wealthbot_test'@'localhost' (using password: YES)

/home/vlad/work/wealthbot-core/system/Database/WealthbotMySqlConnection.php:32
/home/vlad/work/wealthbot-core/system/Database/WealthbotMySqlConnection.php:45
/home/vlad/work/wealthbot-core/system/Test/Suit/ExtendedTestCase.php:106
/home/vlad/.composer/vendor/phpunit/phpunit/src/TextUI/Command.php:152
/home/vlad/.composer/vendor/phpunit/phpunit/src/TextUI/Command.php:104
</error>
      </testcase>
      <testcase name="Test\Model\WealthbotRebalancer\Repository\AccountRepositoryTest" time="0.000000">
        <error type="PDOException">Test\Model\WealthbotRebalancer\Repository\AccountRepositoryTest
PDOException: SQLSTATE[28000] [1045] Access denied for user 'wealthbot_test'@'localhost' (using password: YES)

/home/vlad/work/wealthbot-core/system/Database/WealthbotMySqlConnection.php:32
/home/vlad/work/wealthbot-core/system/Database/WealthbotMySqlConnection.php:45
/home/vlad/work/wealthbot-core/system/Test/Suit/ExtendedTestCase.php:106
/home/vlad/.composer/vendor/phpunit/phpunit/src/TextUI/Command.php:152
/home/vlad/.composer/vendor/phpunit/phpunit/src/TextUI/Command.php:104
</error>
      </testcase>
      <testcase name="Test\Model\WealthbotRebalancer\Repository\AccountRepositoryTest" time="0.000000">
        <error type="PDOException">Test\Model\WealthbotRebalancer\Repository\AccountRepositoryTest
PDOException: SQLSTATE[28000] [1045] Access denied for user 'wealthbot_test'@'localhost' (using password: YES)

/home/vlad/work/wealthbot-core/system/Database/WealthbotMySqlConnection.php:32
/home/vlad/work/wealthbot-core/system/Database/WealthbotMySqlConnection.php:45
/home/vlad/work/wealthbot-core/system/Test/Suit/ExtendedTestCase.php:106
/home/vlad/.composer/vendor/phpunit/phpunit/src/TextUI/Command.php:152
/home/vlad/.composer/vendor/phpunit/phpunit/src/TextUI/Command.php:104
</error>
      </testcase>
      <testcase name="Test\Model\WealthbotRebalancer\Repository\AccountRepositoryTest" time="0.000000">
        <error type="PDOException">Test\Model\WealthbotRebalancer\Repository\AccountRepositoryTest
PDOException: SQLSTATE[28000] [1045] Access denied for user 'wealthbot_test'@'localhost' (using password: YES)

/home/vlad/work/wealthbot-core/system/Database/WealthbotMySqlConnection.php:32
/home/vlad/work/wealthbot-core/system/Database/WealthbotMySqlConnection.php:45
/home/vlad/work/wealthbot-core/system/Test/Suit/ExtendedTestCase.php:106
/home/vlad/.composer/vendor/phpunit/phpunit/src/TextUI/Command.php:152
/home/vlad/.composer/vendor/phpunit/phpunit/src/TextUI/Command.php:104
</error>
      </testcase>
      <testcase name="Test\Model\WealthbotRebalancer\Repository\AccountRepositoryTest" time="0.000000">
        <error type="PDOException">Test\Model\WealthbotRebalancer\Repository\AccountRepositoryTest
PDOException: SQLSTATE[28000] [1045] Access denied for user 'wealthbot_test'@'localhost' (using password: YES)

/home/vlad/work/wealthbot-core/system/Database/WealthbotMySqlConnection.php:32
/home/vlad/work/wealthbot-core/system/Database/WealthbotMySqlConnection.php:45
/home/vlad/work/wealthbot-core/system/Test/Suit/ExtendedTestCase.php:106
/home/vlad/.composer/vendor/phpunit/phpunit/src/TextUI/Command.php:152
/home/vlad/.composer/vendor/phpunit/phpunit/src/TextUI/Command.php:104
</error>
      </testcase>
    </testsuite>
    <testsuite name="Test\Model\WealthbotRebalancer\Repository\ClientRepositoryTest" file="/home/vlad/work/wealthbot-core/system/Test/Case/Model/WealthbotRebalancer/Repository/ClientRepositoryTest.php" tests="4" assertions="0" failures="0" errors="4" time="0.000000">
      <testcase name="Test\Model\WealthbotRebalancer\Repository\ClientRepositoryTest" time="0.000000">
        <error type="PDOException">Test\Model\WealthbotRebalancer\Repository\ClientRepositoryTest
PDOException: SQLSTATE[28000] [1045] Access denied for user 'wealthbot_test'@'localhost' (using password: YES)

/home/vlad/work/wealthbot-core/system/Database/WealthbotMySqlConnection.php:32
/home/vlad/work/wealthbot-core/system/Database/WealthbotMySqlConnection.php:45
/home/vlad/work/wealthbot-core/system/Test/Suit/ExtendedTestCase.php:106
/home/vlad/.composer/vendor/phpunit/phpunit/src/TextUI/Command.php:152
/home/vlad/.composer/vendor/phpunit/phpunit/src/TextUI/Command.php:104
</error>
      </testcase>
      <testcase name="Test\Model\WealthbotRebalancer\Repository\ClientRepositoryTest" time="0.000000">
        <error type="PDOException">Test\Model\WealthbotRebalancer\Repository\ClientRepositoryTest
PDOException: SQLSTATE[28000] [1045] Access denied for user 'wealthbot_test'@'localhost' (using password: YES)

/home/vlad/work/wealthbot-core/system/Database/WealthbotMySqlConnection.php:32
/home/vlad/work/wealthbot-core/system/Database/WealthbotMySqlConnection.php:45
/home/vlad/work/wealthbot-core/system/Test/Suit/ExtendedTestCase.php:106
/home/vlad/.composer/vendor/phpunit/phpunit/src/TextUI/Command.php:152
/home/vlad/.composer/vendor/phpunit/phpunit/src/TextUI/Command.php:104
</error>
      </testcase>
      <testcase name="Test\Model\WealthbotRebalancer\Repository\ClientRepositoryTest" time="0.000000">
        <error type="PDOException">Test\Model\WealthbotRebalancer\Repository\ClientRepositoryTest
PDOException: SQLSTATE[28000] [1045] Access denied for user 'wealthbot_test'@'localhost' (using password: YES)

/home/vlad/work/wealthbot-core/system/Database/WealthbotMySqlConnection.php:32
/home/vlad/work/wealthbot-core/system/Database/WealthbotMySqlConnection.php:45
/home/vlad/work/wealthbot-core/system/Test/Suit/ExtendedTestCase.php:106
/home/vlad/.composer/vendor/phpunit/phpunit/src/TextUI/Command.php:152
/home/vlad/.composer/vendor/phpunit/phpunit/src/TextUI/Command.php:104
</error>
      </testcase>
      <testcase name="Test\Model\WealthbotRebalancer\Repository\ClientRepositoryTest" time="0.000000">
        <error type="PDOException">Test\Model\WealthbotRebalancer\Repository\ClientRepositoryTest
PDOException: SQLSTATE[28000] [1045] Access denied for user 'wealthbot_test'@'localhost' (using password: YES)

/home/vlad/work/wealthbot-core/system/Database/WealthbotMySqlConnection.php:32
/home/vlad/work/wealthbot-core/system/Database/WealthbotMySqlConnection.php:45
/home/vlad/work/wealthbot-core/system/Test/Suit/ExtendedTestCase.php:106
/home/vlad/.composer/vendor/phpunit/phpunit/src/TextUI/Command.php:152
/home/vlad/.composer/vendor/phpunit/phpunit/src/TextUI/Command.php:104
</error>
      </testcase>
    </testsuite>
    <testsuite name="Test\Model\WealthbotRebalancer\Repository\DistributionRepositoryTest" file="/home/vlad/work/wealthbot-core/system/Test/Case/Model/WealthbotRebalancer/Repository/DistributionRepositoryTest.php" tests="2" assertions="0" failures="0" errors="2" time="0.000000">
      <testcase name="Test\Model\WealthbotRebalancer\Repository\DistributionRepositoryTest" time="0.000000">
        <error type="PDOException">Test\Model\WealthbotRebalancer\Repository\DistributionRepositoryTest
PDOException: SQLSTATE[28000] [1045] Access denied for user 'wealthbot_test'@'localhost' (using password: YES)

/home/vlad/work/wealthbot-core/system/Database/WealthbotMySqlConnection.php:32
/home/vlad/work/wealthbot-core/system/Database/WealthbotMySqlConnection.php:45
/home/vlad/work/wealthbot-core/system/Test/Suit/ExtendedTestCase.php:106
/home/vlad/.composer/vendor/phpunit/phpunit/src/TextUI/Command.php:152
/home/vlad/.composer/vendor/phpunit/phpunit/src/TextUI/Command.php:104
</error>
      </testcase>
      <testcase name="Test\Model\WealthbotRebalancer\Repository\DistributionRepositoryTest" time="0.000000">
        <error type="PDOException">Test\Model\WealthbotRebalancer\Repository\DistributionRepositoryTest
PDOException: SQLSTATE[28000] [1045] Access denied for user 'wealthbot_test'@'localhost' (using password: YES)

/home/vlad/work/wealthbot-core/system/Database/WealthbotMySqlConnection.php:32
/home/vlad/work/wealthbot-core/system/Database/WealthbotMySqlConnection.php:45
/home/vlad/work/wealthbot-core/system/Test/Suit/ExtendedTestCase.php:106
/home/vlad/.composer/vendor/phpunit/phpunit/src/TextUI/Command.php:152
/home/vlad/.composer/vendor/phpunit/phpunit/src/TextUI/Command.php:104
</error>
      </testcase>
    </testsuite>
    <testsuite name="Test\Model\WealthbotRebalancer\Repository\JobRepositoryTest" file="/home/vlad/work/wealthbot-core/system/Test/Case/Model/WealthbotRebalancer/Repository/JobRepositoryTest.php" tests="1" assertions="0" failures="0" errors="1" time="0.000000">
      <testcase name="Test\Model\WealthbotRebalancer\Repository\JobRepositoryTest" time="0.000000">
        <error type="PDOException">Test\Model\WealthbotRebalancer\Repository\JobRepositoryTest
PDOException: SQLSTATE[28000] [1045] Access denied for user 'wealthbot_test'@'localhost' (using password: YES)

/home/vlad/work/wealthbot-core/system/Database/WealthbotMySqlConnection.php:32
/home/vlad/work/wealthbot-core/system/Database/WealthbotMySqlConnection.php:45
/home/vlad/work/wealthbot-core/system/Test/Suit/ExtendedTestCase.php:106
/home/vlad/.composer/vendor/phpunit/phpunit/src/TextUI/Command.php:152
/home/vlad/.composer/vendor/phpunit/phpunit/src/TextUI/Command.php:104
</error>
      </testcase>
    </testsuite>
    <testsuite name="Test\Model\WealthbotRebalancer\Repository\LotRepositoryTest" file="/home/vlad/work/wealthbot-core/system/Test/Case/Model/WealthbotRebalancer/Repository/LotRepositoryTest.php" tests="6" assertions="0" failures="0" errors="6" time="0.000000">
      <testcase name="Test\Model\WealthbotRebalancer\Repository\LotRepositoryTest" time="0.000000">
        <error type="PDOException">Test\Model\WealthbotRebalancer\Repository\LotRepositoryTest
PDOException: SQLSTATE[28000] [1045] Access denied for user 'wealthbot_test'@'localhost' (using password: YES)

/home/vlad/work/wealthbot-core/system/Database/WealthbotMySqlConnection.php:32
/home/vlad/work/wealthbot-core/system/Database/WealthbotMySqlConnection.php:45
/home/vlad/work/wealthbot-core/system/Test/Suit/ExtendedTestCase.php:106
/home/vlad/.composer/vendor/phpunit/phpunit/src/TextUI/Command.php:152
/home/vlad/.composer/vendor/phpunit/phpunit/src/TextUI/Command.php:104
</error>
      </testcase>
      <testcase name="Test\Model\WealthbotRebalancer\Repository\LotRepositoryTest" time="0.000000">
        <error type="PDOException">Test\Model\WealthbotRebalancer\Repository\LotRepositoryTest
PDOException: SQLSTATE[28000] [1045] Access denied for user 'wealthbot_test'@'localhost' (using password: YES)

/home/vlad/work/wealthbot-core/system/Database/WealthbotMySqlConnection.php:32
/home/vlad/work/wealthbot-core/system/Database/WealthbotMySqlConnection.php:45
/home/vlad/work/wealthbot-core/system/Test/Suit/ExtendedTestCase.php:106
/home/vlad/.composer/vendor/phpunit/phpunit/src/TextUI/Command.php:152
/home/vlad/.composer/vendor/phpunit/phpunit/src/TextUI/Command.php:104
</error>
      </testcase>
      <testcase name="Test\Model\WealthbotRebalancer\Repository\LotRepositoryTest" time="0.000000">
        <error type="PDOException">Test\Model\WealthbotRebalancer\Repository\LotRepositoryTest
PDOException: SQLSTATE[28000] [1045] Access denied for user 'wealthbot_test'@'localhost' (using password: YES)

/home/vlad/work/wealthbot-core/system/Database/WealthbotMySqlConnection.php:32
/home/vlad/work/wealthbot-core/system/Database/WealthbotMySqlConnection.php:45
/home/vlad/work/wealthbot-core/system/Test/Suit/ExtendedTestCase.php:106
/home/vlad/.composer/vendor/phpunit/phpunit/src/TextUI/Command.php:152
/home/vlad/.composer/vendor/phpunit/phpunit/src/TextUI/Command.php:104
</error>
      </testcase>
      <testcase name="Test\Model\WealthbotRebalancer\Repository\LotRepositoryTest" time="0.000000">
        <error type="PDOException">Test\Model\WealthbotRebalancer\Repository\LotRepositoryTest
PDOException: SQLSTATE[28000] [1045] Access denied for user 'wealthbot_test'@'localhost' (using password: YES)

/home/vlad/work/wealthbot-core/system/Database/WealthbotMySqlConnection.php:32
/home/vlad/work/wealthbot-core/system/Database/WealthbotMySqlConnection.php:45
/home/vlad/work/wealthbot-core/system/Test/Suit/ExtendedTestCase.php:106
/home/vlad/.composer/vendor/phpunit/phpunit/src/TextUI/Command.php:152
/home/vlad/.composer/vendor/phpunit/phpunit/src/TextUI/Command.php:104
</error>
      </testcase>
      <testcase name="Test\Model\WealthbotRebalancer\Repository\LotRepositoryTest" time="0.000000">
        <error type="PDOException">Test\Model\WealthbotRebalancer\Repository\LotRepositoryTest
PDOException: SQLSTATE[28000] [1045] Access denied for user 'wealthbot_test'@'localhost' (using password: YES)

/home/vlad/work/wealthbot-core/system/Database/WealthbotMySqlConnection.php:32
/home/vlad/work/wealthbot-core/system/Database/WealthbotMySqlConnection.php:45
/home/vlad/work/wealthbot-core/system/Test/Suit/ExtendedTestCase.php:106
/home/vlad/.composer/vendor/phpunit/phpunit/src/TextUI/Command.php:152
/home/vlad/.composer/vendor/phpunit/phpunit/src/TextUI/Command.php:104
</error>
      </testcase>
      <testcase name="Test\Model\WealthbotRebalancer\Repository\LotRepositoryTest" time="0.000000">
        <error type="PDOException">Test\Model\WealthbotRebalancer\Repository\LotRepositoryTest
PDOException: SQLSTATE[28000] [1045] Access denied for user 'wealthbot_test'@'localhost' (using password: YES)

/home/vlad/work/wealthbot-core/system/Database/WealthbotMySqlConnection.php:32
/home/vlad/work/wealthbot-core/system/Database/WealthbotMySqlConnection.php:45
/home/vlad/work/wealthbot-core/system/Test/Suit/ExtendedTestCase.php:106
/home/vlad/.composer/vendor/phpunit/phpunit/src/TextUI/Command.php:152
/home/vlad/.composer/vendor/phpunit/phpunit/src/TextUI/Command.php:104
</error>
      </testcase>
    </testsuite>
    <testsuite name="Test\Model\WealthbotRebalancer\Repository\PortfolioRepositoryTest" file="/home/vlad/work/wealthbot-core/system/Test/Case/Model/WealthbotRebalancer/Repository/PortfolioRepositoryTest.php" tests="2" assertions="0" failures="0" errors="2" time="0.000000">
      <testcase name="Test\Model\WealthbotRebalancer\Repository\PortfolioRepositoryTest" time="0.000000">
        <error type="PDOException">Test\Model\WealthbotRebalancer\Repository\PortfolioRepositoryTest
PDOException: SQLSTATE[28000] [1045] Access denied for user 'wealthbot_test'@'localhost' (using password: YES)

/home/vlad/work/wealthbot-core/system/Database/WealthbotMySqlConnection.php:32
/home/vlad/work/wealthbot-core/system/Database/WealthbotMySqlConnection.php:45
/home/vlad/work/wealthbot-core/system/Test/Suit/ExtendedTestCase.php:106
/home/vlad/.composer/vendor/phpunit/phpunit/src/TextUI/Command.php:152
/home/vlad/.composer/vendor/phpunit/phpunit/src/TextUI/Command.php:104
</error>
      </testcase>
      <testcase name="Test\Model\WealthbotRebalancer\Repository\PortfolioRepositoryTest" time="0.000000">
        <error type="PDOException">Test\Model\WealthbotRebalancer\Repository\PortfolioRepositoryTest
PDOException: SQLSTATE[28000] [1045] Access denied for user 'wealthbot_test'@'localhost' (using password: YES)

/home/vlad/work/wealthbot-core/system/Database/WealthbotMySqlConnection.php:32
/home/vlad/work/wealthbot-core/system/Database/WealthbotMySqlConnection.php:45
/home/vlad/work/wealthbot-core/system/Test/Suit/ExtendedTestCase.php:106
/home/vlad/.composer/vendor/phpunit/phpunit/src/TextUI/Command.php:152
/home/vlad/.composer/vendor/phpunit/phpunit/src/TextUI/Command.php:104
</error>
      </testcase>
    </testsuite>
    <testsuite name="Test\Model\WealthbotRebalancer\Repository\RebalancerActionRepositoryTest" file="/home/vlad/work/wealthbot-core/system/Test/Case/Model/WealthbotRebalancer/Repository/RebalancerActionRepositoryTest.php" tests="3" assertions="0" failures="0" errors="3" time="0.000000">
      <testcase name="Test\Model\WealthbotRebalancer\Repository\RebalancerActionRepositoryTest" time="0.000000">
        <error type="PDOException">Test\Model\WealthbotRebalancer\Repository\RebalancerActionRepositoryTest
PDOException: SQLSTATE[28000] [1045] Access denied for user 'wealthbot_test'@'localhost' (using password: YES)

/home/vlad/work/wealthbot-core/system/Database/WealthbotMySqlConnection.php:32
/home/vlad/work/wealthbot-core/system/Database/WealthbotMySqlConnection.php:45
/home/vlad/work/wealthbot-core/system/Test/Suit/ExtendedTestCase.php:106
/home/vlad/.composer/vendor/phpunit/phpunit/src/TextUI/Command.php:152
/home/vlad/.composer/vendor/phpunit/phpunit/src/TextUI/Command.php:104
</error>
      </testcase>
      <testcase name="Test\Model\WealthbotRebalancer\Repository\RebalancerActionRepositoryTest" time="0.000000">
        <error type="PDOException">Test\Model\WealthbotRebalancer\Repository\RebalancerActionRepositoryTest
PDOException: SQLSTATE[28000] [1045] Access denied for user 'wealthbot_test'@'localhost' (using password: YES)

/home/vlad/work/wealthbot-core/system/Database/WealthbotMySqlConnection.php:32
/home/vlad/work/wealthbot-core/system/Database/WealthbotMySqlConnection.php:45
/home/vlad/work/wealthbot-core/system/Test/Suit/ExtendedTestCase.php:106
/home/vlad/.composer/vendor/phpunit/phpunit/src/TextUI/Command.php:152
/home/vlad/.composer/vendor/phpunit/phpunit/src/TextUI/Command.php:104
</error>
      </testcase>
      <testcase name="Test\Model\WealthbotRebalancer\Repository\RebalancerActionRepositoryTest" time="0.000000">
        <error type="PDOException">Test\Model\WealthbotRebalancer\Repository\RebalancerActionRepositoryTest
PDOException: SQLSTATE[28000] [1045] Access denied for user 'wealthbot_test'@'localhost' (using password: YES)

/home/vlad/work/wealthbot-core/system/Database/WealthbotMySqlConnection.php:32
/home/vlad/work/wealthbot-core/system/Database/WealthbotMySqlConnection.php:45
/home/vlad/work/wealthbot-core/system/Test/Suit/ExtendedTestCase.php:106
/home/vlad/.composer/vendor/phpunit/phpunit/src/TextUI/Command.php:152
/home/vlad/.composer/vendor/phpunit/phpunit/src/TextUI/Command.php:104
</error>
      </testcase>
    </testsuite>
    <testsuite name="Test\Model\WealthbotRebalancer\Repository\RebalancerQueueRepositoryTest" file="/home/vlad/work/wealthbot-core/system/Test/Case/Model/WealthbotRebalancer/Repository/RebalancerQueueRepositoryTest.php" tests="5" assertions="0" failures="0" errors="5" time="0.000000">
      <testcase name="Test\Model\WealthbotRebalancer\Repository\RebalancerQueueRepositoryTest" time="0.000000">
        <error type="PDOException">Test\Model\WealthbotRebalancer\Repository\RebalancerQueueRepositoryTest
PDOException: SQLSTATE[28000] [1045] Access denied for user 'wealthbot_test'@'localhost' (using password: YES)

/home/vlad/work/wealthbot-core/system/Database/WealthbotMySqlConnection.php:32
/home/vlad/work/wealthbot-core/system/Database/WealthbotMySqlConnection.php:45
/home/vlad/work/wealthbot-core/system/Test/Suit/ExtendedTestCase.php:106
/home/vlad/.composer/vendor/phpunit/phpunit/src/TextUI/Command.php:152
/home/vlad/.composer/vendor/phpunit/phpunit/src/TextUI/Command.php:104
</error>
      </testcase>
      <testcase name="Test\Model\WealthbotRebalancer\Repository\RebalancerQueueRepositoryTest" time="0.000000">
        <error type="PDOException">Test\Model\WealthbotRebalancer\Repository\RebalancerQueueRepositoryTest
PDOException: SQLSTATE[28000] [1045] Access denied for user 'wealthbot_test'@'localhost' (using password: YES)

/home/vlad/work/wealthbot-core/system/Database/WealthbotMySqlConnection.php:32
/home/vlad/work/wealthbot-core/system/Database/WealthbotMySqlConnection.php:45
/home/vlad/work/wealthbot-core/system/Test/Suit/ExtendedTestCase.php:106
/home/vlad/.composer/vendor/phpunit/phpunit/src/TextUI/Command.php:152
/home/vlad/.composer/vendor/phpunit/phpunit/src/TextUI/Command.php:104
</error>
      </testcase>
      <testcase name="Test\Model\WealthbotRebalancer\Repository\RebalancerQueueRepositoryTest" time="0.000000">
        <error type="PDOException">Test\Model\WealthbotRebalancer\Repository\RebalancerQueueRepositoryTest
PDOException: SQLSTATE[28000] [1045] Access denied for user 'wealthbot_test'@'localhost' (using password: YES)

/home/vlad/work/wealthbot-core/system/Database/WealthbotMySqlConnection.php:32
/home/vlad/work/wealthbot-core/system/Database/WealthbotMySqlConnection.php:45
/home/vlad/work/wealthbot-core/system/Test/Suit/ExtendedTestCase.php:106
/home/vlad/.composer/vendor/phpunit/phpunit/src/TextUI/Command.php:152
/home/vlad/.composer/vendor/phpunit/phpunit/src/TextUI/Command.php:104
</error>
      </testcase>
      <testcase name="Test\Model\WealthbotRebalancer\Repository\RebalancerQueueRepositoryTest" time="0.000000">
        <error type="PDOException">Test\Model\WealthbotRebalancer\Repository\RebalancerQueueRepositoryTest
PDOException: SQLSTATE[28000] [1045] Access denied for user 'wealthbot_test'@'localhost' (using password: YES)

/home/vlad/work/wealthbot-core/system/Database/WealthbotMySqlConnection.php:32
/home/vlad/work/wealthbot-core/system/Database/WealthbotMySqlConnection.php:45
/home/vlad/work/wealthbot-core/system/Test/Suit/ExtendedTestCase.php:106
/home/vlad/.composer/vendor/phpunit/phpunit/src/TextUI/Command.php:152
/home/vlad/.composer/vendor/phpunit/phpunit/src/TextUI/Command.php:104
</error>
      </testcase>
      <testcase name="Test\Model\WealthbotRebalancer\Repository\RebalancerQueueRepositoryTest" time="0.000000">
        <error type="PDOException">Test\Model\WealthbotRebalancer\Repository\RebalancerQueueRepositoryTest
PDOException: SQLSTATE[28000] [1045] Access denied for user 'wealthbot_test'@'localhost' (using password: YES)

/home/vlad/work/wealthbot-core/system/Database/WealthbotMySqlConnection.php:32
/home/vlad/work/wealthbot-core/system/Database/WealthbotMySqlConnection.php:45
/home/vlad/work/wealthbot-core/system/Test/Suit/ExtendedTestCase.php:106
/home/vlad/.composer/vendor/phpunit/phpunit/src/TextUI/Command.php:152
/home/vlad/.composer/vendor/phpunit/phpunit/src/TextUI/Command.php:104
</error>
      </testcase>
    </testsuite>
    <testsuite name="Test\Model\WealthbotRebalancer\Repository\RiaCompanyInformationRepositoryTest" file="/home/vlad/work/wealthbot-core/system/Test/Case/Model/WealthbotRebalancer/Repository/RiaCompanyInformationRepositoryTest.php" tests="1" assertions="0" failures="0" errors="1" time="0.000000">
      <testcase name="Test\Model\WealthbotRebalancer\Repository\RiaCompanyInformationRepositoryTest" time="0.000000">
        <error type="PDOException">Test\Model\WealthbotRebalancer\Repository\RiaCompanyInformationRepositoryTest
PDOException: SQLSTATE[28000] [1045] Access denied for user 'wealthbot_test'@'localhost' (using password: YES)

/home/vlad/work/wealthbot-core/system/Database/WealthbotMySqlConnection.php:32
/home/vlad/work/wealthbot-core/system/Database/WealthbotMySqlConnection.php:45
/home/vlad/work/wealthbot-core/system/Test/Suit/ExtendedTestCase.php:106
/home/vlad/.composer/vendor/phpunit/phpunit/src/TextUI/Command.php:152
/home/vlad/.composer/vendor/phpunit/phpunit/src/TextUI/Command.php:104
</error>
      </testcase>
    </testsuite>
    <testsuite name="Test\Model\WealthbotRebalancer\Repository\RiaRepositoryTest" file="/home/vlad/work/wealthbot-core/system/Test/Case/Model/WealthbotRebalancer/Repository/RiaRepositoryTest.php" tests="1" assertions="0" failures="0" errors="1" time="0.000000">
      <testcase name="Test\Model\WealthbotRebalancer\Repository\RiaRepositoryTest" time="0.000000">
        <error type="PDOException">Test\Model\WealthbotRebalancer\Repository\RiaRepositoryTest
PDOException: SQLSTATE[28000] [1045] Access denied for user 'wealthbot_test'@'localhost' (using password: YES)

/home/vlad/work/wealthbot-core/system/Database/WealthbotMySqlConnection.php:32
/home/vlad/work/wealthbot-core/system/Database/WealthbotMySqlConnection.php:45
/home/vlad/work/wealthbot-core/system/Test/Suit/ExtendedTestCase.php:106
/home/vlad/.composer/vendor/phpunit/phpunit/src/TextUI/Command.php:152
/home/vlad/.composer/vendor/phpunit/phpunit/src/TextUI/Command.php:104
</error>
      </testcase>
    </testsuite>
    <testsuite name="Test\Model\WealthbotRebalancer\Repository\SecurityRepositoryTest" file="/home/vlad/work/wealthbot-core/system/Test/Case/Model/WealthbotRebalancer/Repository/SecurityRepositoryTest.php" tests="3" assertions="0" failures="0" errors="3" time="0.000000">
      <testcase name="Test\Model\WealthbotRebalancer\Repository\SecurityRepositoryTest" time="0.000000">
        <error type="PDOException">Test\Model\WealthbotRebalancer\Repository\SecurityRepositoryTest
PDOException: SQLSTATE[28000] [1045] Access denied for user 'wealthbot_test'@'localhost' (using password: YES)

/home/vlad/work/wealthbot-core/system/Database/WealthbotMySqlConnection.php:32
/home/vlad/work/wealthbot-core/system/Database/WealthbotMySqlConnection.php:45
/home/vlad/work/wealthbot-core/system/Test/Suit/ExtendedTestCase.php:106
/home/vlad/.composer/vendor/phpunit/phpunit/src/TextUI/Command.php:152
/home/vlad/.composer/vendor/phpunit/phpunit/src/TextUI/Command.php:104
</error>
      </testcase>
      <testcase name="Test\Model\WealthbotRebalancer\Repository\SecurityRepositoryTest" time="0.000000">
        <error type="PDOException">Test\Model\WealthbotRebalancer\Repository\SecurityRepositoryTest
PDOException: SQLSTATE[28000] [1045] Access denied for user 'wealthbot_test'@'localhost' (using password: YES)

/home/vlad/work/wealthbot-core/system/Database/WealthbotMySqlConnection.php:32
/home/vlad/work/wealthbot-core/system/Database/WealthbotMySqlConnection.php:45
/home/vlad/work/wealthbot-core/system/Test/Suit/ExtendedTestCase.php:106
/home/vlad/.composer/vendor/phpunit/phpunit/src/TextUI/Command.php:152
/home/vlad/.composer/vendor/phpunit/phpunit/src/TextUI/Command.php:104
</error>
      </testcase>
      <testcase name="Test\Model\WealthbotRebalancer\Repository\SecurityRepositoryTest" time="0.000000">
        <error type="PDOException">Test\Model\WealthbotRebalancer\Repository\SecurityRepositoryTest
PDOException: SQLSTATE[28000] [1045] Access denied for user 'wealthbot_test'@'localhost' (using password: YES)

/home/vlad/work/wealthbot-core/system/Database/WealthbotMySqlConnection.php:32
/home/vlad/work/wealthbot-core/system/Database/WealthbotMySqlConnection.php:45
/home/vlad/work/wealthbot-core/system/Test/Suit/ExtendedTestCase.php:106
/home/vlad/.composer/vendor/phpunit/phpunit/src/TextUI/Command.php:152
/home/vlad/.composer/vendor/phpunit/phpunit/src/TextUI/Command.php:104
</error>
      </testcase>
    </testsuite>
    <testsuite name="Test\Model\WealthbotRebalancer\Repository\SecurityTransactionRepositoryTest" file="/home/vlad/work/wealthbot-core/system/Test/Case/Model/WealthbotRebalancer/Repository/SecurityTransactionRepositoryTest.php" tests="1" assertions="0" failures="0" errors="1" time="0.000000">
      <testcase name="Test\Model\WealthbotRebalancer\Repository\SecurityTransactionRepositoryTest" time="0.000000">
        <error type="PDOException">Test\Model\WealthbotRebalancer\Repository\SecurityTransactionRepositoryTest
PDOException: SQLSTATE[28000] [1045] Access denied for user 'wealthbot_test'@'localhost' (using password: YES)

/home/vlad/work/wealthbot-core/system/Database/WealthbotMySqlConnection.php:32
/home/vlad/work/wealthbot-core/system/Database/WealthbotMySqlConnection.php:45
/home/vlad/work/wealthbot-core/system/Test/Suit/ExtendedTestCase.php:106
/home/vlad/.composer/vendor/phpunit/phpunit/src/TextUI/Command.php:152
/home/vlad/.composer/vendor/phpunit/phpunit/src/TextUI/Command.php:104
</error>
      </testcase>
    </testsuite>
    <testsuite name="Test\Model\WealthbotRebalancer\Repository\SubclassRepositoryTest" file="/home/vlad/work/wealthbot-core/system/Test/Case/Model/WealthbotRebalancer/Repository/SubclassRepositoryTest.php" tests="3" assertions="0" failures="0" errors="3" time="0.000000">
      <testcase name="Test\Model\WealthbotRebalancer\Repository\SubclassRepositoryTest" time="0.000000">
        <error type="PDOException">Test\Model\WealthbotRebalancer\Repository\SubclassRepositoryTest
PDOException: SQLSTATE[28000] [1045] Access denied for user 'wealthbot_test'@'localhost' (using password: YES)

/home/vlad/work/wealthbot-core/system/Database/WealthbotMySqlConnection.php:32
/home/vlad/work/wealthbot-core/system/Database/WealthbotMySqlConnection.php:45
/home/vlad/work/wealthbot-core/system/Test/Suit/ExtendedTestCase.php:106
/home/vlad/.composer/vendor/phpunit/phpunit/src/TextUI/Command.php:152
/home/vlad/.composer/vendor/phpunit/phpunit/src/TextUI/Command.php:104
</error>
      </testcase>
      <testcase name="Test\Model\WealthbotRebalancer\Repository\SubclassRepositoryTest" time="0.000000">
        <error type="PDOException">Test\Model\WealthbotRebalancer\Repository\SubclassRepositoryTest
PDOException: SQLSTATE[28000] [1045] Access denied for user 'wealthbot_test'@'localhost' (using password: YES)

/home/vlad/work/wealthbot-core/system/Database/WealthbotMySqlConnection.php:32
/home/vlad/work/wealthbot-core/system/Database/WealthbotMySqlConnection.php:45
/home/vlad/work/wealthbot-core/system/Test/Suit/ExtendedTestCase.php:106
/home/vlad/.composer/vendor/phpunit/phpunit/src/TextUI/Command.php:152
/home/vlad/.composer/vendor/phpunit/phpunit/src/TextUI/Command.php:104
</error>
      </testcase>
      <testcase name="Test\Model\WealthbotRebalancer\Repository\SubclassRepositoryTest" time="0.000000">
        <error type="PDOException">Test\Model\WealthbotRebalancer\Repository\SubclassRepositoryTest
PDOException: SQLSTATE[28000] [1045] Access denied for user 'wealthbot_test'@'localhost' (using password: YES)

/home/vlad/work/wealthbot-core/system/Database/WealthbotMySqlConnection.php:32
/home/vlad/work/wealthbot-core/system/Database/WealthbotMySqlConnection.php:45
/home/vlad/work/wealthbot-core/system/Test/Suit/ExtendedTestCase.php:106
/home/vlad/.composer/vendor/phpunit/phpunit/src/TextUI/Command.php:152
/home/vlad/.composer/vendor/phpunit/phpunit/src/TextUI/Command.php:104
</error>
      </testcase>
    </testsuite>
    <testsuite name="Test\Model\WealthbotRebalancer\RiaCompanyInformationTest" file="/home/vlad/work/wealthbot-core/system/Test/Case/Model/WealthbotRebalancer/RiaCompanyInformationTest.php" tests="5" assertions="5" failures="0" errors="0" time="0.000687">
      <testcase name="testGetRia" class="Test\Model\WealthbotRebalancer\RiaCompanyInformationTest" file="/home/vlad/work/wealthbot-core/system/Test/Case/Model/WealthbotRebalancer/RiaCompanyInformationTest.php" line="33" assertions="1" time="0.000210"/>
      <testcase name="testSetRia" class="Test\Model\WealthbotRebalancer\RiaCompanyInformationTest" file="/home/vlad/work/wealthbot-core/system/Test/Case/Model/WealthbotRebalancer/RiaCompanyInformationTest.php" line="38" assertions="1" time="0.000124"/>
      <testcase name="testGetUseTransactionFees" class="Test\Model\WealthbotRebalancer\RiaCompanyInformationTest" file="/home/vlad/work/wealthbot-core/system/Test/Case/Model/WealthbotRebalancer/RiaCompanyInformationTest.php" line="47" assertions="1" time="0.000120"/>
      <testcase name="testGetTransactionMinAmount" class="Test\Model\WealthbotRebalancer\RiaCompanyInformationTest" file="/home/vlad/work/wealthbot-core/system/Test/Case/Model/WealthbotRebalancer/RiaCompanyInformationTest.php" line="52" assertions="1" time="0.000117"/>
      <testcase name="testGetTransactionMinAmountPercent" class="Test\Model\WealthbotRebalancer\RiaCompanyInformationTest" file="/home/vlad/work/wealthbot-core/system/Test/Case/Model/WealthbotRebalancer/RiaCompanyInformationTest.php" line="57" assertions="1" time="0.000116"/>
    </testsuite>
    <testsuite name="Test\Model\WealthbotRebalancer\RiaTest" file="/home/vlad/work/wealthbot-core/system/Test/Case/Model/WealthbotRebalancer/RiaTest.php" tests="22" assertions="24" failures="0" errors="0" time="0.004057">
      <testcase name="testGetIsActive" class="Test\Model\WealthbotRebalancer\RiaTest" file="/home/vlad/work/wealthbot-core/system/Test/Case/Model/WealthbotRebalancer/RiaTest.php" line="56" assertions="1" time="0.000236"/>
      <testcase name="testSetIsActive" class="Test\Model\WealthbotRebalancer\RiaTest" file="/home/vlad/work/wealthbot-core/system/Test/Case/Model/WealthbotRebalancer/RiaTest.php" line="61" assertions="1" time="0.000184"/>
      <testcase name="testGetRebalancingFrequency" class="Test\Model\WealthbotRebalancer\RiaTest" file="/home/vlad/work/wealthbot-core/system/Test/Case/Model/WealthbotRebalancer/RiaTest.php" line="67" assertions="1" time="0.000184"/>
      <testcase name="testSetRebalancingFrequency" class="Test\Model\WealthbotRebalancer\RiaTest" file="/home/vlad/work/wealthbot-core/system/Test/Case/Model/WealthbotRebalancer/RiaTest.php" line="72" assertions="1" time="0.000182"/>
      <testcase name="testGetIsTlhEnabled" class="Test\Model\WealthbotRebalancer\RiaTest" file="/home/vlad/work/wealthbot-core/system/Test/Case/Model/WealthbotRebalancer/RiaTest.php" line="78" assertions="1" time="0.000176"/>
      <testcase name="testSetIsTlhEnabled" class="Test\Model\WealthbotRebalancer\RiaTest" file="/home/vlad/work/wealthbot-core/system/Test/Case/Model/WealthbotRebalancer/RiaTest.php" line="83" assertions="1" time="0.000178"/>
      <testcase name="testGetRiaCompanyInformation" class="Test\Model\WealthbotRebalancer\RiaTest" file="/home/vlad/work/wealthbot-core/system/Test/Case/Model/WealthbotRebalancer/RiaTest.php" line="90" assertions="1" time="0.000182"/>
      <testcase name="testSetRiaCompanyInformation" class="Test\Model\WealthbotRebalancer\RiaTest" file="/home/vlad/work/wealthbot-core/system/Test/Case/Model/WealthbotRebalancer/RiaTest.php" line="95" assertions="1" time="0.000183"/>
      <testcase name="testTransactionMinAmount" class="Test\Model\WealthbotRebalancer\RiaTest" file="/home/vlad/work/wealthbot-core/system/Test/Case/Model/WealthbotRebalancer/RiaTest.php" line="110" assertions="2" time="0.000184"/>
      <testcase name="testUseTransactionFees" class="Test\Model\WealthbotRebalancer\RiaTest" file="/home/vlad/work/wealthbot-core/system/Test/Case/Model/WealthbotRebalancer/RiaTest.php" line="117" assertions="2" time="0.000183"/>
      <testcase name="testGetClientTaxBracket" class="Test\Model\WealthbotRebalancer\RiaTest" file="/home/vlad/work/wealthbot-core/system/Test/Case/Model/WealthbotRebalancer/RiaTest.php" line="124" assertions="1" time="0.000179"/>
      <testcase name="testSetClientTaxBracket" class="Test\Model\WealthbotRebalancer\RiaTest" file="/home/vlad/work/wealthbot-core/system/Test/Case/Model/WealthbotRebalancer/RiaTest.php" line="129" assertions="1" time="0.000182"/>
      <testcase name="testGetMinTlh" class="Test\Model\WealthbotRebalancer\RiaTest" file="/home/vlad/work/wealthbot-core/system/Test/Case/Model/WealthbotRebalancer/RiaTest.php" line="135" assertions="1" time="0.000180"/>
      <testcase name="testSetMinTlh" class="Test\Model\WealthbotRebalancer\RiaTest" file="/home/vlad/work/wealthbot-core/system/Test/Case/Model/WealthbotRebalancer/RiaTest.php" line="140" assertions="1" time="0.000179"/>
      <testcase name="testGetMinTlhPercent" class="Test\Model\WealthbotRebalancer\RiaTest" file="/home/vlad/work/wealthbot-core/system/Test/Case/Model/WealthbotRebalancer/RiaTest.php" line="146" assertions="1" time="0.000182"/>
      <testcase name="testSetMinTlhPercent" class="Test\Model\WealthbotRebalancer\RiaTest" file="/home/vlad/work/wealthbot-core/system/Test/Case/Model/WealthbotRebalancer/RiaTest.php" line="151" assertions="1" time="0.000191"/>
      <testcase name="testGetMinRelationshipValue" class="Test\Model\WealthbotRebalancer\RiaTest" file="/home/vlad/work/wealthbot-core/system/Test/Case/Model/WealthbotRebalancer/RiaTest.php" line="157" assertions="1" time="0.000180"/>
      <testcase name="testSetMinRelationshipValue" class="Test\Model\WealthbotRebalancer\RiaTest" file="/home/vlad/work/wealthbot-core/system/Test/Case/Model/WealthbotRebalancer/RiaTest.php" line="162" assertions="1" time="0.000180"/>
      <testcase name="testGetEmail" class="Test\Model\WealthbotRebalancer\RiaTest" file="/home/vlad/work/wealthbot-core/system/Test/Case/Model/WealthbotRebalancer/RiaTest.php" line="168" assertions="1" time="0.000187"/>
      <testcase name="testSetEmail" class="Test\Model\WealthbotRebalancer\RiaTest" file="/home/vlad/work/wealthbot-core/system/Test/Case/Model/WealthbotRebalancer/RiaTest.php" line="173" assertions="1" time="0.000180"/>
      <testcase name="testGetIsUseMunicipalBond" class="Test\Model\WealthbotRebalancer\RiaTest" file="/home/vlad/work/wealthbot-core/system/Test/Case/Model/WealthbotRebalancer/RiaTest.php" line="179" assertions="1" time="0.000183"/>
      <testcase name="testSetIsUseMunicipalBond" class="Test\Model\WealthbotRebalancer\RiaTest" file="/home/vlad/work/wealthbot-core/system/Test/Case/Model/WealthbotRebalancer/RiaTest.php" line="184" assertions="1" time="0.000183"/>
    </testsuite>
    <testsuite name="Test\Model\WealthbotRebalancer\SecurityTest" file="/home/vlad/work/wealthbot-core/system/Test/Case/Model/WealthbotRebalancer/SecurityTest.php" tests="23" assertions="51" failures="0" errors="0" time="0.002169">
      <testcase name="testLoadFromArray" class="Test\Model\WealthbotRebalancer\SecurityTest" file="/home/vlad/work/wealthbot-core/system/Test/Case/Model/WealthbotRebalancer/SecurityTest.php" line="43" assertions="9" time="0.000191"/>
      <testcase name="testGetName" class="Test\Model\WealthbotRebalancer\SecurityTest" file="/home/vlad/work/wealthbot-core/system/Test/Case/Model/WealthbotRebalancer/SecurityTest.php" line="56" assertions="1" time="0.000106"/>
      <testcase name="testSetName" class="Test\Model\WealthbotRebalancer\SecurityTest" file="/home/vlad/work/wealthbot-core/system/Test/Case/Model/WealthbotRebalancer/SecurityTest.php" line="61" assertions="1" time="0.000103"/>
      <testcase name="testGetSymbol" class="Test\Model\WealthbotRebalancer\SecurityTest" file="/home/vlad/work/wealthbot-core/system/Test/Case/Model/WealthbotRebalancer/SecurityTest.php" line="67" assertions="1" time="0.000099"/>
      <testcase name="testSetSymbol" class="Test\Model\WealthbotRebalancer\SecurityTest" file="/home/vlad/work/wealthbot-core/system/Test/Case/Model/WealthbotRebalancer/SecurityTest.php" line="72" assertions="1" time="0.000102"/>
      <testcase name="testIsTypeCash" class="Test\Model\WealthbotRebalancer\SecurityTest" file="/home/vlad/work/wealthbot-core/system/Test/Case/Model/WealthbotRebalancer/SecurityTest.php" line="78" assertions="3" time="0.000118"/>
      <testcase name="testGetSubclass" class="Test\Model\WealthbotRebalancer\SecurityTest" file="/home/vlad/work/wealthbot-core/system/Test/Case/Model/WealthbotRebalancer/SecurityTest.php" line="90" assertions="1" time="0.000101"/>
      <testcase name="testSetSubclass" class="Test\Model\WealthbotRebalancer\SecurityTest" file="/home/vlad/work/wealthbot-core/system/Test/Case/Model/WealthbotRebalancer/SecurityTest.php" line="95" assertions="1" time="0.000102"/>
      <testcase name="testGetAssetClass" class="Test\Model\WealthbotRebalancer\SecurityTest" file="/home/vlad/work/wealthbot-core/system/Test/Case/Model/WealthbotRebalancer/SecurityTest.php" line="105" assertions="1" time="0.000080"/>
      <testcase name="testSetAssetClass" class="Test\Model\WealthbotRebalancer\SecurityTest" file="/home/vlad/work/wealthbot-core/system/Test/Case/Model/WealthbotRebalancer/SecurityTest.php" line="110" assertions="1" time="0.000082"/>
      <testcase name="testGetIsPreferredBuy" class="Test\Model\WealthbotRebalancer\SecurityTest" file="/home/vlad/work/wealthbot-core/system/Test/Case/Model/WealthbotRebalancer/SecurityTest.php" line="120" assertions="1" time="0.000078"/>
      <testcase name="testSetIsPreferredBuy" class="Test\Model\WealthbotRebalancer\SecurityTest" file="/home/vlad/work/wealthbot-core/system/Test/Case/Model/WealthbotRebalancer/SecurityTest.php" line="125" assertions="1" time="0.000079"/>
      <testcase name="testGetPrice" class="Test\Model\WealthbotRebalancer\SecurityTest" file="/home/vlad/work/wealthbot-core/system/Test/Case/Model/WealthbotRebalancer/SecurityTest.php" line="131" assertions="1" time="0.000078"/>
      <testcase name="testSetPrice" class="Test\Model\WealthbotRebalancer\SecurityTest" file="/home/vlad/work/wealthbot-core/system/Test/Case/Model/WealthbotRebalancer/SecurityTest.php" line="136" assertions="1" time="0.000086"/>
      <testcase name="testGetQty" class="Test\Model\WealthbotRebalancer\SecurityTest" file="/home/vlad/work/wealthbot-core/system/Test/Case/Model/WealthbotRebalancer/SecurityTest.php" line="142" assertions="1" time="0.000078"/>
      <testcase name="testSetQty" class="Test\Model\WealthbotRebalancer\SecurityTest" file="/home/vlad/work/wealthbot-core/system/Test/Case/Model/WealthbotRebalancer/SecurityTest.php" line="147" assertions="1" time="0.000081"/>
      <testcase name="testGetAmount" class="Test\Model\WealthbotRebalancer\SecurityTest" file="/home/vlad/work/wealthbot-core/system/Test/Case/Model/WealthbotRebalancer/SecurityTest.php" line="153" assertions="1" time="0.000078"/>
      <testcase name="testSetAmount" class="Test\Model\WealthbotRebalancer\SecurityTest" file="/home/vlad/work/wealthbot-core/system/Test/Case/Model/WealthbotRebalancer/SecurityTest.php" line="158" assertions="1" time="0.000078"/>
      <testcase name="testBuy" class="Test\Model\WealthbotRebalancer\SecurityTest" file="/home/vlad/work/wealthbot-core/system/Test/Case/Model/WealthbotRebalancer/SecurityTest.php" line="169" assertions="2" time="0.000084"/>
      <testcase name="testSell" class="Test\Model\WealthbotRebalancer\SecurityTest" file="/home/vlad/work/wealthbot-core/system/Test/Case/Model/WealthbotRebalancer/SecurityTest.php" line="176" assertions="2" time="0.000083"/>
      <testcase name="testSellAll" class="Test\Model\WealthbotRebalancer\SecurityTest" file="/home/vlad/work/wealthbot-core/system/Test/Case/Model/WealthbotRebalancer/SecurityTest.php" line="184" assertions="2" time="0.000081"/>
      <testcase name="testIsCanBePurchased" class="Test\Model\WealthbotRebalancer\SecurityTest" file="/home/vlad/work/wealthbot-core/system/Test/Case/Model/WealthbotRebalancer/SecurityTest.php" line="191" assertions="7" time="0.000097"/>
      <testcase name="testIsCanBeSold" class="Test\Model\WealthbotRebalancer\SecurityTest" file="/home/vlad/work/wealthbot-core/system/Test/Case/Model/WealthbotRebalancer/SecurityTest.php" line="206" assertions="10" time="0.000104"/>
    </testsuite>
    <testsuite name="Test\Model\WealthbotRebalancer\SecurityTransactionTest" file="/home/vlad/work/wealthbot-core/system/Test/Case/Model/WealthbotRebalancer/SecurityTransactionTest.php" tests="9" assertions="13" failures="0" errors="0" time="0.000803">
      <testcase name="testLoadFromArray" class="Test\Model\WealthbotRebalancer\SecurityTransactionTest" file="/home/vlad/work/wealthbot-core/system/Test/Case/Model/WealthbotRebalancer/SecurityTransactionTest.php" line="34" assertions="2" time="0.000124"/>
      <testcase name="testGetRedemptionPenaltyInterval" class="Test\Model\WealthbotRebalancer\SecurityTransactionTest" file="/home/vlad/work/wealthbot-core/system/Test/Case/Model/WealthbotRebalancer/SecurityTransactionTest.php" line="40" assertions="1" time="0.000086"/>
      <testcase name="testSetRedemptionPenaltyInterval" class="Test\Model\WealthbotRebalancer\SecurityTransactionTest" file="/home/vlad/work/wealthbot-core/system/Test/Case/Model/WealthbotRebalancer/SecurityTransactionTest.php" line="45" assertions="1" time="0.000085"/>
      <testcase name="testGetRedemptionFee" class="Test\Model\WealthbotRebalancer\SecurityTransactionTest" file="/home/vlad/work/wealthbot-core/system/Test/Case/Model/WealthbotRebalancer/SecurityTransactionTest.php" line="52" assertions="1" time="0.000085"/>
      <testcase name="testSetRedemptionFee" class="Test\Model\WealthbotRebalancer\SecurityTransactionTest" file="/home/vlad/work/wealthbot-core/system/Test/Case/Model/WealthbotRebalancer/SecurityTransactionTest.php" line="57" assertions="1" time="0.000082"/>
      <testcase name="testIsRedemptionFeeSpecified" class="Test\Model\WealthbotRebalancer\SecurityTransactionTest" file="/home/vlad/work/wealthbot-core/system/Test/Case/Model/WealthbotRebalancer/SecurityTransactionTest.php" line="64" assertions="3" time="0.000091"/>
      <testcase name="testMinimumBuy" class="Test\Model\WealthbotRebalancer\SecurityTransactionTest" file="/home/vlad/work/wealthbot-core/system/Test/Case/Model/WealthbotRebalancer/SecurityTransactionTest.php" line="75" assertions="1" time="0.000081"/>
      <testcase name="testMinimumSell" class="Test\Model\WealthbotRebalancer\SecurityTransactionTest" file="/home/vlad/work/wealthbot-core/system/Test/Case/Model/WealthbotRebalancer/SecurityTransactionTest.php" line="80" assertions="1" time="0.000082"/>
      <testcase name="testSetInitMinBuyAmount" class="Test\Model\WealthbotRebalancer\SecurityTransactionTest" file="/home/vlad/work/wealthbot-core/system/Test/Case/Model/WealthbotRebalancer/SecurityTransactionTest.php" line="85" assertions="2" time="0.000087"/>
    </testsuite>
    <testsuite name="Test\Model\WealthbotRebalancer\SubclassCollectionTest" file="/home/vlad/work/wealthbot-core/system/Test/Case/Model/WealthbotRebalancer/SubclassCollectionTest.php" tests="8" assertions="19" failures="0" errors="0" time="0.002203">
      <testcase name="testIsOutOfBalance" class="Test\Model\WealthbotRebalancer\SubclassCollectionTest" file="/home/vlad/work/wealthbot-core/system/Test/Case/Model/WealthbotRebalancer/SubclassCollectionTest.php" line="54" assertions="2" time="0.000225"/>
      <testcase name="testRebuildAllocations" class="Test\Model\WealthbotRebalancer\SubclassCollectionTest" file="/home/vlad/work/wealthbot-core/system/Test/Case/Model/WealthbotRebalancer/SubclassCollectionTest.php" line="64" assertions="6" time="0.000242"/>
      <testcase name="testFindMinAndMaxOob" class="Test\Model\WealthbotRebalancer\SubclassCollectionTest" file="/home/vlad/work/wealthbot-core/system/Test/Case/Model/WealthbotRebalancer/SubclassCollectionTest.php" line="99" assertions="2" time="0.000667"/>
      <testcase name="testGetMaxOobSubclass" class="Test\Model\WealthbotRebalancer\SubclassCollectionTest" file="/home/vlad/work/wealthbot-core/system/Test/Case/Model/WealthbotRebalancer/SubclassCollectionTest.php" line="142" assertions="1" time="0.000175"/>
      <testcase name="testSortByOob" class="Test\Model\WealthbotRebalancer\SubclassCollectionTest" file="/home/vlad/work/wealthbot-core/system/Test/Case/Model/WealthbotRebalancer/SubclassCollectionTest.php" line="152" assertions="1" time="0.000290"/>
      <testcase name="testSortByPriority" class="Test\Model\WealthbotRebalancer\SubclassCollectionTest" file="/home/vlad/work/wealthbot-core/system/Test/Case/Model/WealthbotRebalancer/SubclassCollectionTest.php" line="184" assertions="1" time="0.000180"/>
      <testcase name="testDiff" class="Test\Model\WealthbotRebalancer\SubclassCollectionTest" file="/home/vlad/work/wealthbot-core/system/Test/Case/Model/WealthbotRebalancer/SubclassCollectionTest.php" line="194" assertions="5" time="0.000241"/>
      <testcase name="testGetOnePercentAmount" class="Test\Model\WealthbotRebalancer\SubclassCollectionTest" file="/home/vlad/work/wealthbot-core/system/Test/Case/Model/WealthbotRebalancer/SubclassCollectionTest.php" line="212" assertions="1" time="0.000183"/>
    </testsuite>
    <testsuite name="Test\Model\WealthbotRebalancer\SubclassTest" file="/home/vlad/work/wealthbot-core/system/Test/Case/Model/WealthbotRebalancer/SubclassTest.php" tests="21" assertions="32" failures="0" errors="0" time="0.002562">
      <testcase name="testLoadFromArray" class="Test\Model\WealthbotRebalancer\SubclassTest" file="/home/vlad/work/wealthbot-core/system/Test/Case/Model/WealthbotRebalancer/SubclassTest.php" line="47" assertions="6" time="0.000156"/>
      <testcase name="testGetCurrentAllocation" class="Test\Model\WealthbotRebalancer\SubclassTest" file="/home/vlad/work/wealthbot-core/system/Test/Case/Model/WealthbotRebalancer/SubclassTest.php" line="60" assertions="1" time="0.000108"/>
      <testcase name="testSetCurrentAllocation" class="Test\Model\WealthbotRebalancer\SubclassTest" file="/home/vlad/work/wealthbot-core/system/Test/Case/Model/WealthbotRebalancer/SubclassTest.php" line="65" assertions="1" time="0.000103"/>
      <testcase name="testGetTargetAllocation" class="Test\Model\WealthbotRebalancer\SubclassTest" file="/home/vlad/work/wealthbot-core/system/Test/Case/Model/WealthbotRebalancer/SubclassTest.php" line="71" assertions="1" time="0.000104"/>
      <testcase name="testSetTargetAllocation" class="Test\Model\WealthbotRebalancer\SubclassTest" file="/home/vlad/work/wealthbot-core/system/Test/Case/Model/WealthbotRebalancer/SubclassTest.php" line="76" assertions="1" time="0.000101"/>
      <testcase name="testGetToleranceBand" class="Test\Model\WealthbotRebalancer\SubclassTest" file="/home/vlad/work/wealthbot-core/system/Test/Case/Model/WealthbotRebalancer/SubclassTest.php" line="82" assertions="1" time="0.000103"/>
      <testcase name="testSetToleranceBand" class="Test\Model\WealthbotRebalancer\SubclassTest" file="/home/vlad/work/wealthbot-core/system/Test/Case/Model/WealthbotRebalancer/SubclassTest.php" line="87" assertions="1" time="0.000101"/>
      <testcase name="testGetPriority" class="Test\Model\WealthbotRebalancer\SubclassTest" file="/home/vlad/work/wealthbot-core/system/Test/Case/Model/WealthbotRebalancer/SubclassTest.php" line="93" assertions="1" time="0.000102"/>
      <testcase name="testSetPriority" class="Test\Model\WealthbotRebalancer\SubclassTest" file="/home/vlad/work/wealthbot-core/system/Test/Case/Model/WealthbotRebalancer/SubclassTest.php" line="98" assertions="1" time="0.000104"/>
      <testcase name="testGetSecurity" class="Test\Model\WealthbotRebalancer\SubclassTest" file="/home/vlad/work/wealthbot-core/system/Test/Case/Model/WealthbotRebalancer/SubclassTest.php" line="104" assertions="1" time="0.000106"/>
      <testcase name="testSetSecurity" class="Test\Model\WealthbotRebalancer\SubclassTest" file="/home/vlad/work/wealthbot-core/system/Test/Case/Model/WealthbotRebalancer/SubclassTest.php" line="109" assertions="1" time="0.000105"/>
      <testcase name="testGetMuniSecurity" class="Test\Model\WealthbotRebalancer\SubclassTest" file="/home/vlad/work/wealthbot-core/system/Test/Case/Model/WealthbotRebalancer/SubclassTest.php" line="119" assertions="1" time="0.000101"/>
      <testcase name="testSetMuniSecurity" class="Test\Model\WealthbotRebalancer\SubclassTest" file="/home/vlad/work/wealthbot-core/system/Test/Case/Model/WealthbotRebalancer/SubclassTest.php" line="124" assertions="1" time="0.000103"/>
      <testcase name="testCalcOOB" class="Test\Model\WealthbotRebalancer\SubclassTest" file="/home/vlad/work/wealthbot-core/system/Test/Case/Model/WealthbotRebalancer/SubclassTest.php" line="134" assertions="2" time="0.000109"/>
      <testcase name="testGetTaxLossHarvesting" class="Test\Model\WealthbotRebalancer\SubclassTest" file="/home/vlad/work/wealthbot-core/system/Test/Case/Model/WealthbotRebalancer/SubclassTest.php" line="144" assertions="1" time="0.000356"/>
      <testcase name="testSetTaxLossHarvesting" class="Test\Model\WealthbotRebalancer\SubclassTest" file="/home/vlad/work/wealthbot-core/system/Test/Case/Model/WealthbotRebalancer/SubclassTest.php" line="152" assertions="1" time="0.000107"/>
      <testcase name="testHasTlhFund" class="Test\Model\WealthbotRebalancer\SubclassTest" file="/home/vlad/work/wealthbot-core/system/Test/Case/Model/WealthbotRebalancer/SubclassTest.php" line="161" assertions="2" time="0.000111"/>
      <testcase name="testGetAccountType" class="Test\Model\WealthbotRebalancer\SubclassTest" file="/home/vlad/work/wealthbot-core/system/Test/Case/Model/WealthbotRebalancer/SubclassTest.php" line="169" assertions="1" time="0.000105"/>
      <testcase name="testSetAccountType" class="Test\Model\WealthbotRebalancer\SubclassTest" file="/home/vlad/work/wealthbot-core/system/Test/Case/Model/WealthbotRebalancer/SubclassTest.php" line="174" assertions="1" time="0.000105"/>
      <testcase name="testHasMuniFund" class="Test\Model\WealthbotRebalancer\SubclassTest" file="/home/vlad/work/wealthbot-core/system/Test/Case/Model/WealthbotRebalancer/SubclassTest.php" line="180" assertions="2" time="0.000109"/>
      <testcase name="testGetTotalAmount" class="Test\Model\WealthbotRebalancer\SubclassTest" file="/home/vlad/work/wealthbot-core/system/Test/Case/Model/WealthbotRebalancer/SubclassTest.php" line="188" assertions="4" time="0.000164"/>
    </testsuite>
    <testsuite name="Test\Model\WealthbotRebalancer\TradeDataTest" file="/home/vlad/work/wealthbot-core/system/Test/Case/Model/WealthbotRebalancer/TradeDataTest.php" tests="46" assertions="84" failures="0" errors="0" time="0.005413">
      <testcase name="testLoadFromArray" class="Test\Model\WealthbotRebalancer\TradeDataTest" file="/home/vlad/work/wealthbot-core/system/Test/Case/Model/WealthbotRebalancer/TradeDataTest.php" line="51" assertions="24" time="0.000238"/>
      <testcase name="testToArrayForTradeFile" class="Test\Model\WealthbotRebalancer\TradeDataTest" file="/home/vlad/work/wealthbot-core/system/Test/Case/Model/WealthbotRebalancer/TradeDataTest.php" line="82" assertions="2" time="0.000141"/>
      <testcase name="testGetJobId" class="Test\Model\WealthbotRebalancer\TradeDataTest" file="/home/vlad/work/wealthbot-core/system/Test/Case/Model/WealthbotRebalancer/TradeDataTest.php" line="134" assertions="1" time="0.000112"/>
      <testcase name="testSetJobId" class="Test\Model\WealthbotRebalancer\TradeDataTest" file="/home/vlad/work/wealthbot-core/system/Test/Case/Model/WealthbotRebalancer/TradeDataTest.php" line="139" assertions="1" time="0.000112"/>
      <testcase name="testGetAccountId" class="Test\Model\WealthbotRebalancer\TradeDataTest" file="/home/vlad/work/wealthbot-core/system/Test/Case/Model/WealthbotRebalancer/TradeDataTest.php" line="146" assertions="1" time="0.000110"/>
      <testcase name="testSetAccountId" class="Test\Model\WealthbotRebalancer\TradeDataTest" file="/home/vlad/work/wealthbot-core/system/Test/Case/Model/WealthbotRebalancer/TradeDataTest.php" line="151" assertions="1" time="0.000112"/>
      <testcase name="testGetSecurityId" class="Test\Model\WealthbotRebalancer\TradeDataTest" file="/home/vlad/work/wealthbot-core/system/Test/Case/Model/WealthbotRebalancer/TradeDataTest.php" line="158" assertions="1" time="0.000112"/>
      <testcase name="testSetSecurityId" class="Test\Model\WealthbotRebalancer\TradeDataTest" file="/home/vlad/work/wealthbot-core/system/Test/Case/Model/WealthbotRebalancer/TradeDataTest.php" line="163" assertions="1" time="0.000111"/>
      <testcase name="testGetAccountNumber" class="Test\Model\WealthbotRebalancer\TradeDataTest" file="/home/vlad/work/wealthbot-core/system/Test/Case/Model/WealthbotRebalancer/TradeDataTest.php" line="170" assertions="1" time="0.000110"/>
      <testcase name="testSetAccountNumber" class="Test\Model\WealthbotRebalancer\TradeDataTest" file="/home/vlad/work/wealthbot-core/system/Test/Case/Model/WealthbotRebalancer/TradeDataTest.php" line="175" assertions="1" time="0.000111"/>
      <testcase name="testGetAccountType" class="Test\Model\WealthbotRebalancer\TradeDataTest" file="/home/vlad/work/wealthbot-core/system/Test/Case/Model/WealthbotRebalancer/TradeDataTest.php" line="182" assertions="1" time="0.000112"/>
      <testcase name="testSetAccountType" class="Test\Model\WealthbotRebalancer\TradeDataTest" file="/home/vlad/work/wealthbot-core/system/Test/Case/Model/WealthbotRebalancer/TradeDataTest.php" line="187" assertions="1" time="0.000111"/>
      <testcase name="testGetSecurityType" class="Test\Model\WealthbotRebalancer\TradeDataTest" file="/home/vlad/work/wealthbot-core/system/Test/Case/Model/WealthbotRebalancer/TradeDataTest.php" line="194" assertions="1" time="0.000110"/>
      <testcase name="testSetSecurityType" class="Test\Model\WealthbotRebalancer\TradeDataTest" file="/home/vlad/work/wealthbot-core/system/Test/Case/Model/WealthbotRebalancer/TradeDataTest.php" line="199" assertions="5" time="0.000171"/>
      <testcase name="testGetAction" class="Test\Model\WealthbotRebalancer\TradeDataTest" file="/home/vlad/work/wealthbot-core/system/Test/Case/Model/WealthbotRebalancer/TradeDataTest.php" line="214" assertions="1" time="0.000111"/>
      <testcase name="testSetAction" class="Test\Model\WealthbotRebalancer\TradeDataTest" file="/home/vlad/work/wealthbot-core/system/Test/Case/Model/WealthbotRebalancer/TradeDataTest.php" line="219" assertions="5" time="0.000150"/>
      <testcase name="testGetQuantityType" class="Test\Model\WealthbotRebalancer\TradeDataTest" file="/home/vlad/work/wealthbot-core/system/Test/Case/Model/WealthbotRebalancer/TradeDataTest.php" line="234" assertions="1" time="0.000115"/>
      <testcase name="testSetQuantityType" class="Test\Model\WealthbotRebalancer\TradeDataTest" file="/home/vlad/work/wealthbot-core/system/Test/Case/Model/WealthbotRebalancer/TradeDataTest.php" line="239" assertions="5" time="0.000151"/>
      <testcase name="testGetQuantity" class="Test\Model\WealthbotRebalancer\TradeDataTest" file="/home/vlad/work/wealthbot-core/system/Test/Case/Model/WealthbotRebalancer/TradeDataTest.php" line="254" assertions="1" time="0.000112"/>
      <testcase name="testSetQuantity" class="Test\Model\WealthbotRebalancer\TradeDataTest" file="/home/vlad/work/wealthbot-core/system/Test/Case/Model/WealthbotRebalancer/TradeDataTest.php" line="259" assertions="1" time="0.000110"/>
      <testcase name="testGetSymbol" class="Test\Model\WealthbotRebalancer\TradeDataTest" file="/home/vlad/work/wealthbot-core/system/Test/Case/Model/WealthbotRebalancer/TradeDataTest.php" line="266" assertions="1" time="0.000110"/>
      <testcase name="testSetSymbol" class="Test\Model\WealthbotRebalancer\TradeDataTest" file="/home/vlad/work/wealthbot-core/system/Test/Case/Model/WealthbotRebalancer/TradeDataTest.php" line="271" assertions="1" time="0.000110"/>
      <testcase name="testGetExchangeSwapSymbol" class="Test\Model\WealthbotRebalancer\TradeDataTest" file="/home/vlad/work/wealthbot-core/system/Test/Case/Model/WealthbotRebalancer/TradeDataTest.php" line="278" assertions="1" time="0.000108"/>
      <testcase name="testSetExchangeSwapSymbol" class="Test\Model\WealthbotRebalancer\TradeDataTest" file="/home/vlad/work/wealthbot-core/system/Test/Case/Model/WealthbotRebalancer/TradeDataTest.php" line="283" assertions="1" time="0.000110"/>
      <testcase name="testGetOrderType" class="Test\Model\WealthbotRebalancer\TradeDataTest" file="/home/vlad/work/wealthbot-core/system/Test/Case/Model/WealthbotRebalancer/TradeDataTest.php" line="290" assertions="1" time="0.000110"/>
      <testcase name="testSetOrderType" class="Test\Model\WealthbotRebalancer\TradeDataTest" file="/home/vlad/work/wealthbot-core/system/Test/Case/Model/WealthbotRebalancer/TradeDataTest.php" line="295" assertions="1" time="0.000113"/>
      <testcase name="testGetLimitPrice" class="Test\Model\WealthbotRebalancer\TradeDataTest" file="/home/vlad/work/wealthbot-core/system/Test/Case/Model/WealthbotRebalancer/TradeDataTest.php" line="302" assertions="1" time="0.000110"/>
      <testcase name="testSetLimitPrice" class="Test\Model\WealthbotRebalancer\TradeDataTest" file="/home/vlad/work/wealthbot-core/system/Test/Case/Model/WealthbotRebalancer/TradeDataTest.php" line="307" assertions="1" time="0.000112"/>
      <testcase name="testGetStopPrice" class="Test\Model\WealthbotRebalancer\TradeDataTest" file="/home/vlad/work/wealthbot-core/system/Test/Case/Model/WealthbotRebalancer/TradeDataTest.php" line="314" assertions="1" time="0.000106"/>
      <testcase name="testSetStopPrice" class="Test\Model\WealthbotRebalancer\TradeDataTest" file="/home/vlad/work/wealthbot-core/system/Test/Case/Model/WealthbotRebalancer/TradeDataTest.php" line="319" assertions="1" time="0.000113"/>
      <testcase name="testGetTimeInForce" class="Test\Model\WealthbotRebalancer\TradeDataTest" file="/home/vlad/work/wealthbot-core/system/Test/Case/Model/WealthbotRebalancer/TradeDataTest.php" line="326" assertions="1" time="0.000109"/>
      <testcase name="testSetTimeInForce" class="Test\Model\WealthbotRebalancer\TradeDataTest" file="/home/vlad/work/wealthbot-core/system/Test/Case/Model/WealthbotRebalancer/TradeDataTest.php" line="331" assertions="1" time="0.000110"/>
      <testcase name="testGetIsDoNotReduce" class="Test\Model\WealthbotRebalancer\TradeDataTest" file="/home/vlad/work/wealthbot-core/system/Test/Case/Model/WealthbotRebalancer/TradeDataTest.php" line="338" assertions="1" time="0.000107"/>
      <testcase name="testSetIsDoNotReduce" class="Test\Model\WealthbotRebalancer\TradeDataTest" file="/home/vlad/work/wealthbot-core/system/Test/Case/Model/WealthbotRebalancer/TradeDataTest.php" line="343" assertions="1" time="0.000111"/>
      <testcase name="testGetIsAllOrNone" class="Test\Model\WealthbotRebalancer\TradeDataTest" file="/home/vlad/work/wealthbot-core/system/Test/Case/Model/WealthbotRebalancer/TradeDataTest.php" line="350" assertions="1" time="0.000110"/>
      <testcase name="testSetIsAllOrNone" class="Test\Model\WealthbotRebalancer\TradeDataTest" file="/home/vlad/work/wealthbot-core/system/Test/Case/Model/WealthbotRebalancer/TradeDataTest.php" line="355" assertions="1" time="0.000111"/>
      <testcase name="testGetIsReinvestDividends" class="Test\Model\WealthbotRebalancer\TradeDataTest" file="/home/vlad/work/wealthbot-core/system/Test/Case/Model/WealthbotRebalancer/TradeDataTest.php" line="362" assertions="1" time="0.000116"/>
      <testcase name="testSetIsReinvestDividends" class="Test\Model\WealthbotRebalancer\TradeDataTest" file="/home/vlad/work/wealthbot-core/system/Test/Case/Model/WealthbotRebalancer/TradeDataTest.php" line="367" assertions="1" time="0.000110"/>
      <testcase name="testGetIsIncludeTransactionFee" class="Test\Model\WealthbotRebalancer\TradeDataTest" file="/home/vlad/work/wealthbot-core/system/Test/Case/Model/WealthbotRebalancer/TradeDataTest.php" line="374" assertions="1" time="0.000113"/>
      <testcase name="testSetIsIncludeTransactionFee" class="Test\Model\WealthbotRebalancer\TradeDataTest" file="/home/vlad/work/wealthbot-core/system/Test/Case/Model/WealthbotRebalancer/TradeDataTest.php" line="379" assertions="1" time="0.000110"/>
      <testcase name="testGetIsReinvestCapGains" class="Test\Model\WealthbotRebalancer\TradeDataTest" file="/home/vlad/work/wealthbot-core/system/Test/Case/Model/WealthbotRebalancer/TradeDataTest.php" line="386" assertions="1" time="0.000113"/>
      <testcase name="testSetIsReinvestCapGains" class="Test\Model\WealthbotRebalancer\TradeDataTest" file="/home/vlad/work/wealthbot-core/system/Test/Case/Model/WealthbotRebalancer/TradeDataTest.php" line="391" assertions="1" time="0.000110"/>
      <testcase name="testGetTaxLotIdMethod" class="Test\Model\WealthbotRebalancer\TradeDataTest" file="/home/vlad/work/wealthbot-core/system/Test/Case/Model/WealthbotRebalancer/TradeDataTest.php" line="398" assertions="1" time="0.000112"/>
      <testcase name="testSetTaxLotIdMethod" class="Test\Model\WealthbotRebalancer\TradeDataTest" file="/home/vlad/work/wealthbot-core/system/Test/Case/Model/WealthbotRebalancer/TradeDataTest.php" line="403" assertions="1" time="0.000113"/>
      <testcase name="testGetVsps" class="Test\Model\WealthbotRebalancer\TradeDataTest" file="/home/vlad/work/wealthbot-core/system/Test/Case/Model/WealthbotRebalancer/TradeDataTest.php" line="410" assertions="2" time="0.000118"/>
      <testcase name="testSetVsps" class="Test\Model\WealthbotRebalancer\TradeDataTest" file="/home/vlad/work/wealthbot-core/system/Test/Case/Model/WealthbotRebalancer/TradeDataTest.php" line="418" assertions="2" time="0.000117"/>
    </testsuite>
    <testsuite name="Test\Model\WealthbotRebalancer\TransactionTest" file="/home/vlad/work/wealthbot-core/system/Test/Case/Model/WealthbotRebalancer/TransactionTest.php" tests="15" assertions="25" failures="0" errors="0" time="0.002292">
      <testcase name="testLoadFromArray" class="Test\Model\WealthbotRebalancer\TransactionTest" file="/home/vlad/work/wealthbot-core/system/Test/Case/Model/WealthbotRebalancer/TransactionTest.php" line="48" assertions="8" time="0.000650"/>
      <testcase name="testGetTransactionType" class="Test\Model\WealthbotRebalancer\TransactionTest" file="/home/vlad/work/wealthbot-core/system/Test/Case/Model/WealthbotRebalancer/TransactionTest.php" line="62" assertions="1" time="0.000120"/>
      <testcase name="testSetTransactionType" class="Test\Model\WealthbotRebalancer\TransactionTest" file="/home/vlad/work/wealthbot-core/system/Test/Case/Model/WealthbotRebalancer/TransactionTest.php" line="68" assertions="2" time="0.000124"/>
      <testcase name="testIsTypeSell" class="Test\Model\WealthbotRebalancer\TransactionTest" file="/home/vlad/work/wealthbot-core/system/Test/Case/Model/WealthbotRebalancer/TransactionTest.php" line="80" assertions="2" time="0.000122"/>
      <testcase name="testIsTypeBuy" class="Test\Model\WealthbotRebalancer\TransactionTest" file="/home/vlad/work/wealthbot-core/system/Test/Case/Model/WealthbotRebalancer/TransactionTest.php" line="92" assertions="2" time="0.000119"/>
      <testcase name="testGetIsGain" class="Test\Model\WealthbotRebalancer\TransactionTest" file="/home/vlad/work/wealthbot-core/system/Test/Case/Model/WealthbotRebalancer/TransactionTest.php" line="104" assertions="1" time="0.000115"/>
      <testcase name="testSetIsGain" class="Test\Model\WealthbotRebalancer\TransactionTest" file="/home/vlad/work/wealthbot-core/system/Test/Case/Model/WealthbotRebalancer/TransactionTest.php" line="109" assertions="1" time="0.000113"/>
      <testcase name="testGetGrossAmount" class="Test\Model\WealthbotRebalancer\TransactionTest" file="/home/vlad/work/wealthbot-core/system/Test/Case/Model/WealthbotRebalancer/TransactionTest.php" line="115" assertions="1" time="0.000112"/>
      <testcase name="testSetGrossAmount" class="Test\Model\WealthbotRebalancer\TransactionTest" file="/home/vlad/work/wealthbot-core/system/Test/Case/Model/WealthbotRebalancer/TransactionTest.php" line="120" assertions="1" time="0.000125"/>
      <testcase name="testGetAccount" class="Test\Model\WealthbotRebalancer\TransactionTest" file="/home/vlad/work/wealthbot-core/system/Test/Case/Model/WealthbotRebalancer/TransactionTest.php" line="126" assertions="1" time="0.000121"/>
      <testcase name="testSetAccount" class="Test\Model\WealthbotRebalancer\TransactionTest" file="/home/vlad/work/wealthbot-core/system/Test/Case/Model/WealthbotRebalancer/TransactionTest.php" line="131" assertions="1" time="0.000116"/>
      <testcase name="testGetSecurity" class="Test\Model\WealthbotRebalancer\TransactionTest" file="/home/vlad/work/wealthbot-core/system/Test/Case/Model/WealthbotRebalancer/TransactionTest.php" line="141" assertions="1" time="0.000114"/>
      <testcase name="testSetSecurity" class="Test\Model\WealthbotRebalancer\TransactionTest" file="/home/vlad/work/wealthbot-core/system/Test/Case/Model/WealthbotRebalancer/TransactionTest.php" line="146" assertions="1" time="0.000112"/>
      <testcase name="testGetLot" class="Test\Model\WealthbotRebalancer\TransactionTest" file="/home/vlad/work/wealthbot-core/system/Test/Case/Model/WealthbotRebalancer/TransactionTest.php" line="156" assertions="1" time="0.000113"/>
      <testcase name="testSetLot" class="Test\Model\WealthbotRebalancer\TransactionTest" file="/home/vlad/work/wealthbot-core/system/Test/Case/Model/WealthbotRebalancer/TransactionTest.php" line="161" assertions="1" time="0.000116"/>
    </testsuite>
    <testsuite name="Test\Model\WealthbotRebalancer\TransactionType" file="/home/vlad/work/wealthbot-core/system/Test/Case/Model/WealthbotRebalancer/TransactionTypeTest.php" tests="3" assertions="4" failures="0" errors="0" time="0.000382">
      <testcase name="testLoadFromArray" class="Test\Model\WealthbotRebalancer\TransactionType" file="/home/vlad/work/wealthbot-core/system/Test/Case/Model/WealthbotRebalancer/TransactionTypeTest.php" line="28" assertions="2" time="0.000250"/>
      <testcase name="testGetName" class="Test\Model\WealthbotRebalancer\TransactionType" file="/home/vlad/work/wealthbot-core/system/Test/Case/Model/WealthbotRebalancer/TransactionTypeTest.php" line="34" assertions="1" time="0.000068"/>
      <testcase name="testSetName" class="Test\Model\WealthbotRebalancer\TransactionType" file="/home/vlad/work/wealthbot-core/system/Test/Case/Model/WealthbotRebalancer/TransactionTypeTest.php" line="39" assertions="1" time="0.000064"/>
    </testsuite>
  </testsuite>
</testsuites>
