<?xml version="1.0" encoding="UTF-8"?>
<testsuites>
  <testsuite name="Webo Test Suite" tests="567" assertions="972" failures="3" errors="62" time="8.590421">
    <testsuite name="Wealthbot\AdminBundle\Tests\Controller\PasInterfacesControllerTest" file="/home/vlad/work/wealthbot-core/src/Wealthbot/AdminBundle/Tests/Controller/PasInterfacesControllerTest.php" tests="1" assertions="0" failures="0" errors="1" time="0.263364">
      <testcase name="testIndexAction" class="Wealthbot\AdminBundle\Tests\Controller\PasInterfacesControllerTest" file="/home/vlad/work/wealthbot-core/src/Wealthbot/AdminBundle/Tests/Controller/PasInterfacesControllerTest.php" line="32" assertions="0" time="0.263364">
        <error type="PHPUnit_Framework_ExceptionWrapper">Wealthbot\AdminBundle\Tests\Controller\PasInterfacesControllerTest::testIndexAction
InvalidArgumentException: $user must be an instanceof of UserInterface, an object implementing a __toString method, or a primitive string.

/home/vlad/work/wealthbot-core/vendor/symfony/symfony/src/Symfony/Component/Security/Core/Authentication/Token/AbstractToken.php:92
/home/vlad/work/wealthbot-core/vendor/symfony/symfony/src/Symfony/Component/Security/Core/Authentication/Token/UsernamePasswordToken.php:42
/home/vlad/work/wealthbot-core/src/Wealthbot/UserBundle/TestSuit/ExtendedWebTestCase.php:71
/home/vlad/work/wealthbot-core/src/Wealthbot/AdminBundle/Tests/Controller/PasInterfacesControllerTest.php:29
/home/vlad/work/wealthbot-core/src/Wealthbot/AdminBundle/Tests/Controller/PasInterfacesControllerTest.php:34
/home/vlad/.composer/vendor/phpunit/phpunit/src/TextUI/Command.php:152
/home/vlad/.composer/vendor/phpunit/phpunit/src/TextUI/Command.php:104
</error>
      </testcase>
    </testsuite>
    <testsuite name="Wealthbot\AdminBundle\Tests\Manager\BusinessCalendarTest" file="/home/vlad/work/wealthbot-core/src/Wealthbot/AdminBundle/Tests/Manager/BusinessCalendarTest.php" tests="1" assertions="4" failures="0" errors="0" time="0.036724">
      <testcase name="testIndexAction" class="Wealthbot\AdminBundle\Tests\Manager\BusinessCalendarTest" file="/home/vlad/work/wealthbot-core/src/Wealthbot/AdminBundle/Tests/Manager/BusinessCalendarTest.php" line="10" assertions="4" time="0.036724"/>
    </testsuite>
    <testsuite name="Wealthbot\AdminBundle\Tests\Manager\CeModelManagerTest" file="/home/vlad/work/wealthbot-core/src/Wealthbot/AdminBundle/Tests/Manager/CeModelManagerTest.php" tests="10" assertions="33" failures="0" errors="0" time="0.011683">
      <testcase name="testCopyForOwner" class="Wealthbot\AdminBundle\Tests\Manager\CeModelManagerTest" file="/home/vlad/work/wealthbot-core/src/Wealthbot/AdminBundle/Tests/Manager/CeModelManagerTest.php" line="34" assertions="8" time="0.007840"/>
      <testcase name="testCreateCustomModel" class="Wealthbot\AdminBundle\Tests\Manager\CeModelManagerTest" file="/home/vlad/work/wealthbot-core/src/Wealthbot/AdminBundle/Tests/Manager/CeModelManagerTest.php" line="68" assertions="4" time="0.000401"/>
      <testcase name="testCreateStrategyModel" class="Wealthbot\AdminBundle\Tests\Manager\CeModelManagerTest" file="/home/vlad/work/wealthbot-core/src/Wealthbot/AdminBundle/Tests/Manager/CeModelManagerTest.php" line="78" assertions="2" time="0.000309"/>
      <testcase name="testCreateChild" class="Wealthbot\AdminBundle\Tests\Manager\CeModelManagerTest" file="/home/vlad/work/wealthbot-core/src/Wealthbot/AdminBundle/Tests/Manager/CeModelManagerTest.php" line="85" assertions="5" time="0.000413"/>
      <testcase name="testFindCeModelBy" class="Wealthbot\AdminBundle\Tests\Manager\CeModelManagerTest" file="/home/vlad/work/wealthbot-core/src/Wealthbot/AdminBundle/Tests/Manager/CeModelManagerTest.php" line="98" assertions="2" time="0.000371"/>
      <testcase name="testFindCeModelsBy" class="Wealthbot\AdminBundle\Tests\Manager\CeModelManagerTest" file="/home/vlad/work/wealthbot-core/src/Wealthbot/AdminBundle/Tests/Manager/CeModelManagerTest.php" line="105" assertions="2" time="0.000359"/>
      <testcase name="testFindCeModelBySlugAndOwnerId" class="Wealthbot\AdminBundle\Tests\Manager\CeModelManagerTest" file="/home/vlad/work/wealthbot-core/src/Wealthbot/AdminBundle/Tests/Manager/CeModelManagerTest.php" line="112" assertions="3" time="0.000445"/>
      <testcase name="testGetChildModelsByParentId" class="Wealthbot\AdminBundle\Tests\Manager\CeModelManagerTest" file="/home/vlad/work/wealthbot-core/src/Wealthbot/AdminBundle/Tests/Manager/CeModelManagerTest.php" line="121" assertions="3" time="0.000382"/>
      <testcase name="testGetAdminStrategyParentModels" class="Wealthbot\AdminBundle\Tests\Manager\CeModelManagerTest" file="/home/vlad/work/wealthbot-core/src/Wealthbot/AdminBundle/Tests/Manager/CeModelManagerTest.php" line="129" assertions="2" time="0.000373"/>
      <testcase name="testDeleteModel" class="Wealthbot\AdminBundle\Tests\Manager\CeModelManagerTest" file="/home/vlad/work/wealthbot-core/src/Wealthbot/AdminBundle/Tests/Manager/CeModelManagerTest.php" line="136" assertions="2" time="0.000789"/>
    </testsuite>
    <testsuite name="Wealthbot\AdminBundle\Tests\Manager\FeeManagerTest" file="/home/vlad/work/wealthbot-core/src/Wealthbot/AdminBundle/Tests/Manager/FeeManagerTest.php" tests="3" assertions="3" failures="0" errors="0" time="0.008206">
      <testcase name="testGetClientFees" class="Wealthbot\AdminBundle\Tests\Manager\FeeManagerTest" file="/home/vlad/work/wealthbot-core/src/Wealthbot/AdminBundle/Tests/Manager/FeeManagerTest.php" line="55" assertions="1" time="0.007842"/>
      <testcase name="testFeeCalculator" class="Wealthbot\AdminBundle\Tests\Manager\FeeManagerTest" file="/home/vlad/work/wealthbot-core/src/Wealthbot/AdminBundle/Tests/Manager/FeeManagerTest.php" line="232" assertions="1" time="0.000198"/>
      <testcase name="testFeeBilled" class="Wealthbot\AdminBundle\Tests\Manager\FeeManagerTest" file="/home/vlad/work/wealthbot-core/src/Wealthbot/AdminBundle/Tests/Manager/FeeManagerTest.php" line="247" assertions="1" time="0.000166"/>
    </testsuite>
    <testsuite name="Wealthbot\AdminBundle\Tests\Manager\TradeReconManagerTest" file="/home/vlad/work/wealthbot-core/src/Wealthbot/AdminBundle/Tests/Manager/TradeReconManagerTest.php" tests="5" assertions="0" failures="0" errors="5" time="0.967857">
      <testcase name="testEmptyData" class="Wealthbot\AdminBundle\Tests\Manager\TradeReconManagerTest" file="/home/vlad/work/wealthbot-core/src/Wealthbot/AdminBundle/Tests/Manager/TradeReconManagerTest.php" line="98" assertions="0" time="0.192799">
        <error type="PHPUnit_Framework_ExceptionWrapper">Wealthbot\AdminBundle\Tests\Manager\TradeReconManagerTest::testEmptyData
InvalidArgumentException: $user must be an instanceof of UserInterface, an object implementing a __toString method, or a primitive string.

/home/vlad/work/wealthbot-core/vendor/symfony/symfony/src/Symfony/Component/Security/Core/Authentication/Token/AbstractToken.php:92
/home/vlad/work/wealthbot-core/vendor/symfony/symfony/src/Symfony/Component/Security/Core/Authentication/Token/UsernamePasswordToken.php:42
/home/vlad/work/wealthbot-core/src/Wealthbot/UserBundle/TestSuit/ExtendedWebTestCase.php:71
/home/vlad/work/wealthbot-core/src/Wealthbot/AdminBundle/Tests/Manager/TradeReconManagerTest.php:91
/home/vlad/.composer/vendor/phpunit/phpunit/src/TextUI/Command.php:152
/home/vlad/.composer/vendor/phpunit/phpunit/src/TextUI/Command.php:104
</error>
      </testcase>
      <testcase name="testWasRebalancerDiffIsSet" class="Wealthbot\AdminBundle\Tests\Manager\TradeReconManagerTest" file="/home/vlad/work/wealthbot-core/src/Wealthbot/AdminBundle/Tests/Manager/TradeReconManagerTest.php" line="115" assertions="0" time="0.192387">
        <error type="PHPUnit_Framework_ExceptionWrapper">Wealthbot\AdminBundle\Tests\Manager\TradeReconManagerTest::testWasRebalancerDiffIsSet
InvalidArgumentException: $user must be an instanceof of UserInterface, an object implementing a __toString method, or a primitive string.

/home/vlad/work/wealthbot-core/vendor/symfony/symfony/src/Symfony/Component/Security/Core/Authentication/Token/AbstractToken.php:92
/home/vlad/work/wealthbot-core/vendor/symfony/symfony/src/Symfony/Component/Security/Core/Authentication/Token/UsernamePasswordToken.php:42
/home/vlad/work/wealthbot-core/src/Wealthbot/UserBundle/TestSuit/ExtendedWebTestCase.php:71
/home/vlad/work/wealthbot-core/src/Wealthbot/AdminBundle/Tests/Manager/TradeReconManagerTest.php:91
/home/vlad/.composer/vendor/phpunit/phpunit/src/TextUI/Command.php:152
/home/vlad/.composer/vendor/phpunit/phpunit/src/TextUI/Command.php:104
</error>
      </testcase>
      <testcase name="testNotExecutedTransaction" class="Wealthbot\AdminBundle\Tests\Manager\TradeReconManagerTest" file="/home/vlad/work/wealthbot-core/src/Wealthbot/AdminBundle/Tests/Manager/TradeReconManagerTest.php" line="132" assertions="0" time="0.192919">
        <error type="PHPUnit_Framework_ExceptionWrapper">Wealthbot\AdminBundle\Tests\Manager\TradeReconManagerTest::testNotExecutedTransaction
InvalidArgumentException: $user must be an instanceof of UserInterface, an object implementing a __toString method, or a primitive string.

/home/vlad/work/wealthbot-core/vendor/symfony/symfony/src/Symfony/Component/Security/Core/Authentication/Token/AbstractToken.php:92
/home/vlad/work/wealthbot-core/vendor/symfony/symfony/src/Symfony/Component/Security/Core/Authentication/Token/UsernamePasswordToken.php:42
/home/vlad/work/wealthbot-core/src/Wealthbot/UserBundle/TestSuit/ExtendedWebTestCase.php:71
/home/vlad/work/wealthbot-core/src/Wealthbot/AdminBundle/Tests/Manager/TradeReconManagerTest.php:91
/home/vlad/.composer/vendor/phpunit/phpunit/src/TextUI/Command.php:152
/home/vlad/.composer/vendor/phpunit/phpunit/src/TextUI/Command.php:104
</error>
      </testcase>
      <testcase name="testCorrectWork" class="Wealthbot\AdminBundle\Tests\Manager\TradeReconManagerTest" file="/home/vlad/work/wealthbot-core/src/Wealthbot/AdminBundle/Tests/Manager/TradeReconManagerTest.php" line="149" assertions="0" time="0.192519">
        <error type="PHPUnit_Framework_ExceptionWrapper">Wealthbot\AdminBundle\Tests\Manager\TradeReconManagerTest::testCorrectWork
InvalidArgumentException: $user must be an instanceof of UserInterface, an object implementing a __toString method, or a primitive string.

/home/vlad/work/wealthbot-core/vendor/symfony/symfony/src/Symfony/Component/Security/Core/Authentication/Token/AbstractToken.php:92
/home/vlad/work/wealthbot-core/vendor/symfony/symfony/src/Symfony/Component/Security/Core/Authentication/Token/UsernamePasswordToken.php:42
/home/vlad/work/wealthbot-core/src/Wealthbot/UserBundle/TestSuit/ExtendedWebTestCase.php:71
/home/vlad/work/wealthbot-core/src/Wealthbot/AdminBundle/Tests/Manager/TradeReconManagerTest.php:91
/home/vlad/.composer/vendor/phpunit/phpunit/src/TextUI/Command.php:152
/home/vlad/.composer/vendor/phpunit/phpunit/src/TextUI/Command.php:104
</error>
      </testcase>
      <testcase name="testNotPlannedTransaction" class="Wealthbot\AdminBundle\Tests\Manager\TradeReconManagerTest" file="/home/vlad/work/wealthbot-core/src/Wealthbot/AdminBundle/Tests/Manager/TradeReconManagerTest.php" line="166" assertions="0" time="0.197233">
        <error type="PHPUnit_Framework_ExceptionWrapper">Wealthbot\AdminBundle\Tests\Manager\TradeReconManagerTest::testNotPlannedTransaction
InvalidArgumentException: $user must be an instanceof of UserInterface, an object implementing a __toString method, or a primitive string.

/home/vlad/work/wealthbot-core/vendor/symfony/symfony/src/Symfony/Component/Security/Core/Authentication/Token/AbstractToken.php:92
/home/vlad/work/wealthbot-core/vendor/symfony/symfony/src/Symfony/Component/Security/Core/Authentication/Token/UsernamePasswordToken.php:42
/home/vlad/work/wealthbot-core/src/Wealthbot/UserBundle/TestSuit/ExtendedWebTestCase.php:71
/home/vlad/work/wealthbot-core/src/Wealthbot/AdminBundle/Tests/Manager/TradeReconManagerTest.php:91
/home/vlad/.composer/vendor/phpunit/phpunit/src/TextUI/Command.php:152
/home/vlad/.composer/vendor/phpunit/phpunit/src/TextUI/Command.php:104
</error>
      </testcase>
    </testsuite>
    <testsuite name="Wealthbot\AdminBundle\Tests\Model\ModelTest" file="/home/vlad/work/wealthbot-core/src/Wealthbot/AdminBundle/Tests/Model/ModelTest.php" tests="15" assertions="28" failures="0" errors="0" time="0.001022">
      <testcase name="testSetNegativeRiskRating" class="Wealthbot\AdminBundle\Tests\Model\ModelTest" file="/home/vlad/work/wealthbot-core/src/Wealthbot/AdminBundle/Tests/Model/ModelTest.php" line="25" assertions="1" time="0.000263"/>
      <testcase name="testSetPositiveRiskRating" class="Wealthbot\AdminBundle\Tests\Model\ModelTest" file="/home/vlad/work/wealthbot-core/src/Wealthbot/AdminBundle/Tests/Model/ModelTest.php" line="31" assertions="1" time="0.000052"/>
      <testcase name="testSetWrongType" class="Wealthbot\AdminBundle\Tests\Model\ModelTest" file="/home/vlad/work/wealthbot-core/src/Wealthbot/AdminBundle/Tests/Model/ModelTest.php" line="37" assertions="1" time="0.000062"/>
      <testcase name="testSetCorrectType" class="Wealthbot\AdminBundle\Tests\Model\ModelTest" file="/home/vlad/work/wealthbot-core/src/Wealthbot/AdminBundle/Tests/Model/ModelTest.php" line="43" assertions="2" time="0.000050"/>
      <testcase name="testGetCommissions" class="Wealthbot\AdminBundle\Tests\Model\ModelTest" file="/home/vlad/work/wealthbot-core/src/Wealthbot/AdminBundle/Tests/Model/ModelTest.php" line="52" assertions="4" time="0.000064"/>
      <testcase name="testSetForecast" class="Wealthbot\AdminBundle\Tests\Model\ModelTest" file="/home/vlad/work/wealthbot-core/src/Wealthbot/AdminBundle/Tests/Model/ModelTest.php" line="69" assertions="1" time="0.000044"/>
      <testcase name="testSetGenerousMarketReturn" class="Wealthbot\AdminBundle\Tests\Model\ModelTest" file="/home/vlad/work/wealthbot-core/src/Wealthbot/AdminBundle/Tests/Model/ModelTest.php" line="75" assertions="1" time="0.000042"/>
      <testcase name="testSetLowMarketReturn" class="Wealthbot\AdminBundle\Tests\Model\ModelTest" file="/home/vlad/work/wealthbot-core/src/Wealthbot/AdminBundle/Tests/Model/ModelTest.php" line="81" assertions="1" time="0.000042"/>
      <testcase name="testHasType" class="Wealthbot\AdminBundle\Tests\Model\ModelTest" file="/home/vlad/work/wealthbot-core/src/Wealthbot/AdminBundle/Tests/Model/ModelTest.php" line="87" assertions="2" time="0.000045"/>
      <testcase name="testIsStrategy" class="Wealthbot\AdminBundle\Tests\Model\ModelTest" file="/home/vlad/work/wealthbot-core/src/Wealthbot/AdminBundle/Tests/Model/ModelTest.php" line="95" assertions="1" time="0.000047"/>
      <testcase name="testIsCustom" class="Wealthbot\AdminBundle\Tests\Model\ModelTest" file="/home/vlad/work/wealthbot-core/src/Wealthbot/AdminBundle/Tests/Model/ModelTest.php" line="101" assertions="1" time="0.000041"/>
      <testcase name="testCopyForOwner" class="Wealthbot\AdminBundle\Tests\Model\ModelTest" file="/home/vlad/work/wealthbot-core/src/Wealthbot/AdminBundle/Tests/Model/ModelTest.php" line="107" assertions="6" time="0.000067"/>
      <testcase name="testAddModelEntity" class="Wealthbot\AdminBundle\Tests\Model\ModelTest" file="/home/vlad/work/wealthbot-core/src/Wealthbot/AdminBundle/Tests/Model/ModelTest.php" line="128" assertions="1" time="0.000055"/>
      <testcase name="testRemoveModelEntity" class="Wealthbot\AdminBundle\Tests\Model\ModelTest" file="/home/vlad/work/wealthbot-core/src/Wealthbot/AdminBundle/Tests/Model/ModelTest.php" line="148" assertions="1" time="0.000060"/>
      <testcase name="testBuildGroupModelEntities" class="Wealthbot\AdminBundle\Tests\Model\ModelTest" file="/home/vlad/work/wealthbot-core/src/Wealthbot/AdminBundle/Tests/Model/ModelTest.php" line="171" assertions="4" time="0.000088"/>
    </testsuite>
    <testsuite name="Wealthbot\AdminBundle\Tests\Model\PortfolioInformationTest" file="/home/vlad/work/wealthbot-core/src/Wealthbot/AdminBundle/Tests/Model/PortfolioInformationTest.php" tests="11" assertions="19" failures="0" errors="0" time="0.002662">
      <testcase name="testSetIsQualified" class="Wealthbot\AdminBundle\Tests\Model\PortfolioInformationTest" file="/home/vlad/work/wealthbot-core/src/Wealthbot/AdminBundle/Tests/Model/PortfolioInformationTest.php" line="83" assertions="2" time="0.001226"/>
      <testcase name="testGetNonQualifiedModelEntities" class="Wealthbot\AdminBundle\Tests\Model\PortfolioInformationTest" file="/home/vlad/work/wealthbot-core/src/Wealthbot/AdminBundle/Tests/Model/PortfolioInformationTest.php" line="92" assertions="1" time="0.000135"/>
      <testcase name="testGetQualifiedModelEntities" class="Wealthbot\AdminBundle\Tests\Model\PortfolioInformationTest" file="/home/vlad/work/wealthbot-core/src/Wealthbot/AdminBundle/Tests/Model/PortfolioInformationTest.php" line="99" assertions="1" time="0.000128"/>
      <testcase name="testGetModelEntities" class="Wealthbot\AdminBundle\Tests\Model\PortfolioInformationTest" file="/home/vlad/work/wealthbot-core/src/Wealthbot/AdminBundle/Tests/Model/PortfolioInformationTest.php" line="105" assertions="2" time="0.000135"/>
      <testcase name="testGetModelEntitiesAsJson" class="Wealthbot\AdminBundle\Tests\Model\PortfolioInformationTest" file="/home/vlad/work/wealthbot-core/src/Wealthbot/AdminBundle/Tests/Model/PortfolioInformationTest.php" line="113" assertions="2" time="0.000186"/>
      <testcase name="testGetFundExpenses" class="Wealthbot\AdminBundle\Tests\Model\PortfolioInformationTest" file="/home/vlad/work/wealthbot-core/src/Wealthbot/AdminBundle/Tests/Model/PortfolioInformationTest.php" line="135" assertions="2" time="0.000143"/>
      <testcase name="testGetInvestmentMarket" class="Wealthbot\AdminBundle\Tests\Model\PortfolioInformationTest" file="/home/vlad/work/wealthbot-core/src/Wealthbot/AdminBundle/Tests/Model/PortfolioInformationTest.php" line="144" assertions="2" time="0.000143"/>
      <testcase name="testGetGenerousInvestmentMarket" class="Wealthbot\AdminBundle\Tests\Model\PortfolioInformationTest" file="/home/vlad/work/wealthbot-core/src/Wealthbot/AdminBundle/Tests/Model/PortfolioInformationTest.php" line="162" assertions="2" time="0.000146"/>
      <testcase name="testGetAverageInvestmentMarket" class="Wealthbot\AdminBundle\Tests\Model\PortfolioInformationTest" file="/home/vlad/work/wealthbot-core/src/Wealthbot/AdminBundle/Tests/Model/PortfolioInformationTest.php" line="182" assertions="2" time="0.000142"/>
      <testcase name="testGetLowInvestmentMarket" class="Wealthbot\AdminBundle\Tests\Model\PortfolioInformationTest" file="/home/vlad/work/wealthbot-core/src/Wealthbot/AdminBundle/Tests/Model/PortfolioInformationTest.php" line="192" assertions="2" time="0.000146"/>
      <testcase name="testGetForecast" class="Wealthbot\AdminBundle\Tests\Model\PortfolioInformationTest" file="/home/vlad/work/wealthbot-core/src/Wealthbot/AdminBundle/Tests/Model/PortfolioInformationTest.php" line="212" assertions="1" time="0.000132"/>
    </testsuite>
    <testsuite name="Wealthbot\ClientBundle\Tests\Controller\ClientDashboardTest" file="/home/vlad/work/wealthbot-core/src/Wealthbot/ClientBundle/Tests/Controller/ClientDashboardTest.php" tests="1" assertions="0" failures="0" errors="1" time="0.192766">
      <testcase name="testHoldingsAction" class="Wealthbot\ClientBundle\Tests\Controller\ClientDashboardTest" file="/home/vlad/work/wealthbot-core/src/Wealthbot/ClientBundle/Tests/Controller/ClientDashboardTest.php" line="24" assertions="0" time="0.192766">
        <error type="PHPUnit_Framework_ExceptionWrapper">Wealthbot\ClientBundle\Tests\Controller\ClientDashboardTest::testHoldingsAction
InvalidArgumentException: $user must be an instanceof of UserInterface, an object implementing a __toString method, or a primitive string.

/home/vlad/work/wealthbot-core/vendor/symfony/symfony/src/Symfony/Component/Security/Core/Authentication/Token/AbstractToken.php:92
/home/vlad/work/wealthbot-core/vendor/symfony/symfony/src/Symfony/Component/Security/Core/Authentication/Token/UsernamePasswordToken.php:42
/home/vlad/work/wealthbot-core/src/Wealthbot/UserBundle/TestSuit/ExtendedWebTestCase.php:71
/home/vlad/work/wealthbot-core/src/Wealthbot/ClientBundle/Tests/Controller/ClientDashboardTest.php:26
/home/vlad/.composer/vendor/phpunit/phpunit/src/TextUI/Command.php:152
/home/vlad/.composer/vendor/phpunit/phpunit/src/TextUI/Command.php:104
</error>
      </testcase>
    </testsuite>
    <testsuite name="Wealthbot\ClientBundle\Tests\Docusign\DocusignCheckerStrategyTest" file="/home/vlad/work/wealthbot-core/src/Wealthbot/ClientBundle/Tests/Docusign/DocusignCheckerStrategyTest.php" tests="4" assertions="4" failures="0" errors="0" time="0.011296">
      <testcase name="testConditionsValid" class="Wealthbot\ClientBundle\Tests\Docusign\DocusignCheckerStrategyTest" file="/home/vlad/work/wealthbot-core/src/Wealthbot/ClientBundle/Tests/Docusign/DocusignCheckerStrategyTest.php" line="51" assertions="1" time="0.010941"/>
      <testcase name="testCustodianConditionInvalid" class="Wealthbot\ClientBundle\Tests\Docusign\DocusignCheckerStrategyTest" file="/home/vlad/work/wealthbot-core/src/Wealthbot/ClientBundle/Tests/Docusign/DocusignCheckerStrategyTest.php" line="63" assertions="1" time="0.000129"/>
      <testcase name="testPolicyConditionInvalid" class="Wealthbot\ClientBundle\Tests\Docusign\DocusignCheckerStrategyTest" file="/home/vlad/work/wealthbot-core/src/Wealthbot/ClientBundle/Tests/Docusign/DocusignCheckerStrategyTest.php" line="74" assertions="1" time="0.000110"/>
      <testcase name="testQuestionnaireConditionInvalid" class="Wealthbot\ClientBundle\Tests\Docusign\DocusignCheckerStrategyTest" file="/home/vlad/work/wealthbot-core/src/Wealthbot/ClientBundle/Tests/Docusign/DocusignCheckerStrategyTest.php" line="86" assertions="1" time="0.000116"/>
    </testsuite>
    <testsuite name="Wealthbot\ClientBundle\Tests\Docusign\TransferInformationConsolidatorConditionTest" file="/home/vlad/work/wealthbot-core/src/Wealthbot/ClientBundle/Tests/Docusign/TransferInformationConsolidatorConditionTest.php" tests="2" assertions="4" failures="0" errors="0" time="0.006029">
      <testcase name="testDocusignNotAllowed" class="Wealthbot\ClientBundle\Tests\Docusign\TransferInformationConsolidatorConditionTest" file="/home/vlad/work/wealthbot-core/src/Wealthbot/ClientBundle/Tests/Docusign/TransferInformationConsolidatorConditionTest.php" line="52" assertions="2" time="0.004630"/>
      <testcase name="testDocusignAllowed" class="Wealthbot\ClientBundle\Tests\Docusign\TransferInformationConsolidatorConditionTest" file="/home/vlad/work/wealthbot-core/src/Wealthbot/ClientBundle/Tests/Docusign/TransferInformationConsolidatorConditionTest.php" line="74" assertions="2" time="0.001399"/>
    </testsuite>
    <testsuite name="Wealthbot\ClientBundle\Tests\Docusign\TransferInformationCustodianConditionTest" file="/home/vlad/work/wealthbot-core/src/Wealthbot/ClientBundle/Tests/Docusign/TransferInformationCustodianConditionTest.php" tests="2" assertions="2" failures="0" errors="0" time="0.000101">
      <testcase name="testDocusignNotAllowed" class="Wealthbot\ClientBundle\Tests\Docusign\TransferInformationCustodianConditionTest" file="/home/vlad/work/wealthbot-core/src/Wealthbot/ClientBundle/Tests/Docusign/TransferInformationCustodianConditionTest.php" line="26" assertions="1" time="0.000058"/>
      <testcase name="testDocusignAllowed" class="Wealthbot\ClientBundle\Tests\Docusign\TransferInformationCustodianConditionTest" file="/home/vlad/work/wealthbot-core/src/Wealthbot/ClientBundle/Tests/Docusign/TransferInformationCustodianConditionTest.php" line="33" assertions="1" time="0.000043"/>
    </testsuite>
    <testsuite name="Wealthbot\ClientBundle\Tests\Docusign\TransferInformationPolicyConditionTest" file="/home/vlad/work/wealthbot-core/src/Wealthbot/ClientBundle/Tests/Docusign/TransferInformationPolicyConditionTest.php" tests="2" assertions="3" failures="0" errors="0" time="0.000100">
      <testcase name="testDocusignAllowed" class="Wealthbot\ClientBundle\Tests\Docusign\TransferInformationPolicyConditionTest" file="/home/vlad/work/wealthbot-core/src/Wealthbot/ClientBundle/Tests/Docusign/TransferInformationPolicyConditionTest.php" line="26" assertions="1" time="0.000054"/>
      <testcase name="testDocusignNotAllowed" class="Wealthbot\ClientBundle\Tests\Docusign\TransferInformationPolicyConditionTest" file="/home/vlad/work/wealthbot-core/src/Wealthbot/ClientBundle/Tests/Docusign/TransferInformationPolicyConditionTest.php" line="34" assertions="2" time="0.000046"/>
    </testsuite>
    <testsuite name="Wealthbot\ClientBundle\Tests\Docusign\TransferInformationQuestionnaireConditionTest" file="/home/vlad/work/wealthbot-core/src/Wealthbot/ClientBundle/Tests/Docusign/TransferInformationQuestionnaireConditionTest.php" tests="2" assertions="3" failures="0" errors="0" time="0.000195">
      <testcase name="testDocusignAllowed" class="Wealthbot\ClientBundle\Tests\Docusign\TransferInformationQuestionnaireConditionTest" file="/home/vlad/work/wealthbot-core/src/Wealthbot/ClientBundle/Tests/Docusign/TransferInformationQuestionnaireConditionTest.php" line="26" assertions="2" time="0.000101"/>
      <testcase name="testDocusignNotAllowed" class="Wealthbot\ClientBundle\Tests\Docusign\TransferInformationQuestionnaireConditionTest" file="/home/vlad/work/wealthbot-core/src/Wealthbot/ClientBundle/Tests/Docusign/TransferInformationQuestionnaireConditionTest.php" line="44" assertions="1" time="0.000094"/>
    </testsuite>
    <testsuite name="Wealthbot\ClientBundle\Tests\Manager\ClientAllocationValuesManagerTest" file="/home/vlad/work/wealthbot-core/src/Wealthbot/ClientBundle/Tests/Manager/ClientAllocationValuesManagerTest.php" tests="1" assertions="0" failures="0" errors="1" time="0.206945">
      <testcase name="testGetValues" class="Wealthbot\ClientBundle\Tests\Manager\ClientAllocationValuesManagerTest" file="/home/vlad/work/wealthbot-core/src/Wealthbot/ClientBundle/Tests/Manager/ClientAllocationValuesManagerTest.php" line="258" assertions="0" time="0.206945">
        <error type="PHPUnit_Framework_ExceptionWrapper">Wealthbot\ClientBundle\Tests\Manager\ClientAllocationValuesManagerTest::testGetValues
InvalidArgumentException: $user must be an instanceof of UserInterface, an object implementing a __toString method, or a primitive string.

/home/vlad/work/wealthbot-core/vendor/symfony/symfony/src/Symfony/Component/Security/Core/Authentication/Token/AbstractToken.php:92
/home/vlad/work/wealthbot-core/vendor/symfony/symfony/src/Symfony/Component/Security/Core/Authentication/Token/UsernamePasswordToken.php:42
/home/vlad/work/wealthbot-core/src/Wealthbot/UserBundle/TestSuit/ExtendedWebTestCase.php:71
/home/vlad/work/wealthbot-core/src/Wealthbot/ClientBundle/Tests/Manager/ClientAllocationValuesManagerTest.php:260
/home/vlad/.composer/vendor/phpunit/phpunit/src/TextUI/Command.php:152
/home/vlad/.composer/vendor/phpunit/phpunit/src/TextUI/Command.php:104
</error>
      </testcase>
    </testsuite>
    <testsuite name="Wealthbot\ClientBundle\Tests\Manager\ClientPortfolioManagerTest" file="/home/vlad/work/wealthbot-core/src/Wealthbot/ClientBundle/Tests/Manager/ClientPortfolioManagerTest.php" tests="5" assertions="20" failures="0" errors="0" time="0.012961">
      <testcase name="testProposePortfolio" class="Wealthbot\ClientBundle\Tests\Manager\ClientPortfolioManagerTest" file="/home/vlad/work/wealthbot-core/src/Wealthbot/ClientBundle/Tests/Manager/ClientPortfolioManagerTest.php" line="50" assertions="3" time="0.005939"/>
      <testcase name="testApproveProposedPortfolio" class="Wealthbot\ClientBundle\Tests\Manager\ClientPortfolioManagerTest" file="/home/vlad/work/wealthbot-core/src/Wealthbot/ClientBundle/Tests/Manager/ClientPortfolioManagerTest.php" line="62" assertions="5" time="0.002754"/>
      <testcase name="testApproveProposedPortfolioException2" class="Wealthbot\ClientBundle\Tests\Manager\ClientPortfolioManagerTest" file="/home/vlad/work/wealthbot-core/src/Wealthbot/ClientBundle/Tests/Manager/ClientPortfolioManagerTest.php" line="88" assertions="3" time="0.000608"/>
      <testcase name="testAcceptApprovedPortfolio" class="Wealthbot\ClientBundle\Tests\Manager\ClientPortfolioManagerTest" file="/home/vlad/work/wealthbot-core/src/Wealthbot/ClientBundle/Tests/Manager/ClientPortfolioManagerTest.php" line="115" assertions="6" time="0.003259"/>
      <testcase name="testAcceptApprovedPortfolioException" class="Wealthbot\ClientBundle\Tests\Manager\ClientPortfolioManagerTest" file="/home/vlad/work/wealthbot-core/src/Wealthbot/ClientBundle/Tests/Manager/ClientPortfolioManagerTest.php" line="136" assertions="3" time="0.000401"/>
    </testsuite>
    <testsuite name="Wealthbot\ClientBundle\Tests\Model\RiskToleranceTest" file="/home/vlad/work/wealthbot-core/src/Wealthbot/ClientBundle/Tests/Model/RiskToleranceTest.php" tests="3" assertions="3" failures="0" errors="0" time="0.001737">
      <testcase name="testGetPoints" class="Wealthbot\ClientBundle\Tests\Model\RiskToleranceTest" file="/home/vlad/work/wealthbot-core/src/Wealthbot/ClientBundle/Tests/Model/RiskToleranceTest.php" line="87" assertions="1" time="0.000978"/>
      <testcase name="testGetSuggestedPortfolio" class="Wealthbot\ClientBundle\Tests\Model\RiskToleranceTest" file="/home/vlad/work/wealthbot-core/src/Wealthbot/ClientBundle/Tests/Model/RiskToleranceTest.php" line="92" assertions="1" time="0.000341"/>
      <testcase name="testGetSuggestedPortfolioException" class="Wealthbot\ClientBundle\Tests\Model\RiskToleranceTest" file="/home/vlad/work/wealthbot-core/src/Wealthbot/ClientBundle/Tests/Model/RiskToleranceTest.php" line="100" assertions="1" time="0.000418"/>
    </testsuite>
    <testsuite name="Wealthbot\RiaBundle\Tests\Controller\BillingSpecControllerTest" file="/home/vlad/work/wealthbot-core/src/Wealthbot/RiaBundle/Tests/Controller/BillingSpecControllerTest.php" tests="3" assertions="9" failures="0" errors="0" time="1.917934">
      <testcase name="testIndexAction" class="Wealthbot\RiaBundle\Tests\Controller\BillingSpecControllerTest" file="/home/vlad/work/wealthbot-core/src/Wealthbot/RiaBundle/Tests/Controller/BillingSpecControllerTest.php" line="26" assertions="4" time="0.652510"/>
      <testcase name="testCreateAction" class="Wealthbot\RiaBundle\Tests\Controller\BillingSpecControllerTest" file="/home/vlad/work/wealthbot-core/src/Wealthbot/RiaBundle/Tests/Controller/BillingSpecControllerTest.php" line="41" assertions="2" time="0.650272"/>
      <testcase name="testUpdateAction" class="Wealthbot\RiaBundle\Tests\Controller\BillingSpecControllerTest" file="/home/vlad/work/wealthbot-core/src/Wealthbot/RiaBundle/Tests/Controller/BillingSpecControllerTest.php" line="71" assertions="3" time="0.615152"/>
    </testsuite>
    <testsuite name="Wealthbot\RiaBundle\Tests\Controller\DashboardControllerTest" file="/home/vlad/work/wealthbot-core/src/Wealthbot/RiaBundle/Tests/Controller/DashboardControllerTest.php" tests="1" assertions="3" failures="0" errors="0" time="0.811868">
      <testcase name="testIndexThereIsRequiredStepsAction" class="Wealthbot\RiaBundle\Tests\Controller\DashboardControllerTest" file="/home/vlad/work/wealthbot-core/src/Wealthbot/RiaBundle/Tests/Controller/DashboardControllerTest.php" line="22" assertions="3" time="0.811868"/>
    </testsuite>
    <testsuite name="Wealthbot\RiaBundle\Tests\Controller\ProspectsControllerTest" file="/home/vlad/work/wealthbot-core/src/Wealthbot/RiaBundle/Tests/Controller/ProspectsControllerTest.php" tests="2" assertions="0" failures="0" errors="2" time="0.388793">
      <testcase name="testSuggestedPortfolioAction" class="Wealthbot\RiaBundle\Tests\Controller\ProspectsControllerTest" file="/home/vlad/work/wealthbot-core/src/Wealthbot/RiaBundle/Tests/Controller/ProspectsControllerTest.php" line="26" assertions="0" time="0.193730">
        <error type="PHPUnit_Framework_ExceptionWrapper">Wealthbot\RiaBundle\Tests\Controller\ProspectsControllerTest::testSuggestedPortfolioAction
InvalidArgumentException: $user must be an instanceof of UserInterface, an object implementing a __toString method, or a primitive string.

/home/vlad/work/wealthbot-core/vendor/symfony/symfony/src/Symfony/Component/Security/Core/Authentication/Token/AbstractToken.php:92
/home/vlad/work/wealthbot-core/vendor/symfony/symfony/src/Symfony/Component/Security/Core/Authentication/Token/UsernamePasswordToken.php:42
/home/vlad/work/wealthbot-core/src/Wealthbot/UserBundle/TestSuit/ExtendedWebTestCase.php:71
/home/vlad/work/wealthbot-core/src/Wealthbot/RiaBundle/Tests/Controller/ProspectsControllerTest.php:28
/home/vlad/.composer/vendor/phpunit/phpunit/src/TextUI/Command.php:152
/home/vlad/.composer/vendor/phpunit/phpunit/src/TextUI/Command.php:104
</error>
      </testcase>
      <testcase name="testSuggestedPortfolioWrongUser" class="Wealthbot\RiaBundle\Tests\Controller\ProspectsControllerTest" file="/home/vlad/work/wealthbot-core/src/Wealthbot/RiaBundle/Tests/Controller/ProspectsControllerTest.php" line="41" assertions="0" time="0.195063">
        <error type="PHPUnit_Framework_ExceptionWrapper">Wealthbot\RiaBundle\Tests\Controller\ProspectsControllerTest::testSuggestedPortfolioWrongUser
InvalidArgumentException: $user must be an instanceof of UserInterface, an object implementing a __toString method, or a primitive string.

/home/vlad/work/wealthbot-core/vendor/symfony/symfony/src/Symfony/Component/Security/Core/Authentication/Token/AbstractToken.php:92
/home/vlad/work/wealthbot-core/vendor/symfony/symfony/src/Symfony/Component/Security/Core/Authentication/Token/UsernamePasswordToken.php:42
/home/vlad/work/wealthbot-core/src/Wealthbot/UserBundle/TestSuit/ExtendedWebTestCase.php:71
/home/vlad/work/wealthbot-core/src/Wealthbot/RiaBundle/Tests/Controller/ProspectsControllerTest.php:43
/home/vlad/.composer/vendor/phpunit/phpunit/src/TextUI/Command.php:152
/home/vlad/.composer/vendor/phpunit/phpunit/src/TextUI/Command.php:104
</error>
      </testcase>
    </testsuite>
    <testsuite name="Wealthbot\RiaBundle\Tests\Controller\DoctrineSubscriberTest" file="/home/vlad/work/wealthbot-core/src/Wealthbot/RiaBundle/Tests/Service/DoctrineSubscriberTest.php" tests="6" assertions="28" failures="0" errors="0" time="3.093331">
      <testcase name="testAddMaster" class="Wealthbot\RiaBundle\Tests\Controller\DoctrineSubscriberTest" file="/home/vlad/work/wealthbot-core/src/Wealthbot/RiaBundle/Tests/Service/DoctrineSubscriberTest.php" line="66" assertions="6" time="0.507228"/>
      <testcase name="testSetMaster" class="Wealthbot\RiaBundle\Tests\Controller\DoctrineSubscriberTest" file="/home/vlad/work/wealthbot-core/src/Wealthbot/RiaBundle/Tests/Service/DoctrineSubscriberTest.php" line="101" assertions="4" time="0.481916"/>
      <testcase name="testNoMaster" class="Wealthbot\RiaBundle\Tests\Controller\DoctrineSubscriberTest" file="/home/vlad/work/wealthbot-core/src/Wealthbot/RiaBundle/Tests/Service/DoctrineSubscriberTest.php" line="119" assertions="4" time="0.475729"/>
      <testcase name="testDeleteMaster" class="Wealthbot\RiaBundle\Tests\Controller\DoctrineSubscriberTest" file="/home/vlad/work/wealthbot-core/src/Wealthbot/RiaBundle/Tests/Service/DoctrineSubscriberTest.php" line="137" assertions="2" time="0.483508"/>
      <testcase name="testAddThreeMasters" class="Wealthbot\RiaBundle\Tests\Controller\DoctrineSubscriberTest" file="/home/vlad/work/wealthbot-core/src/Wealthbot/RiaBundle/Tests/Service/DoctrineSubscriberTest.php" line="151" assertions="6" time="0.590559"/>
      <testcase name="testAdminFee" class="Wealthbot\RiaBundle\Tests\Controller\DoctrineSubscriberTest" file="/home/vlad/work/wealthbot-core/src/Wealthbot/RiaBundle/Tests/Service/DoctrineSubscriberTest.php" line="173" assertions="6" time="0.554391"/>
    </testsuite>
    <testsuite name="Test\Console\WealthbotRebalancerTest" file="/home/vlad/work/wealthbot-core/system/Test/Case/Console/WealthbotRebalancerTest.php" tests="63" assertions="153" failures="3" errors="3" time="0.091026">
      <testcase name="testGetClient" class="Test\Console\WealthbotRebalancerTest" file="/home/vlad/work/wealthbot-core/system/Test/Case/Console/WealthbotRebalancerTest.php" line="79" assertions="2" time="0.010309"/>
      <testcase name="testGetBusinessCalendarManager" class="Test\Console\WealthbotRebalancerTest" file="/home/vlad/work/wealthbot-core/system/Test/Case/Console/WealthbotRebalancerTest.php" line="87" assertions="2" time="0.000848"/>
      <testcase name="testGetJob" class="Test\Console\WealthbotRebalancerTest" file="/home/vlad/work/wealthbot-core/system/Test/Case/Console/WealthbotRebalancerTest.php" line="95" assertions="2" time="0.001169"/>
      <testcase name="testGetRebalancerAction" class="Test\Console\WealthbotRebalancerTest" file="/home/vlad/work/wealthbot-core/system/Test/Case/Console/WealthbotRebalancerTest.php" line="125" assertions="1" time="0.001793"/>
      <testcase name="testAddRepositoryAndGetRepository" class="Test\Console\WealthbotRebalancerTest" file="/home/vlad/work/wealthbot-core/system/Test/Case/Console/WealthbotRebalancerTest.php" line="158" assertions="3" time="0.000503"/>
      <testcase name="testStart" class="Test\Console\WealthbotRebalancerTest" file="/home/vlad/work/wealthbot-core/system/Test/Case/Console/WealthbotRebalancerTest.php" line="170" assertions="1" time="0.001249"/>
      <testcase name="testStartForJob" class="Test\Console\WealthbotRebalancerTest" file="/home/vlad/work/wealthbot-core/system/Test/Case/Console/WealthbotRebalancerTest.php" line="197" assertions="1" time="0.001075"/>
      <testcase name="testStartForRebalancerAction" class="Test\Console\WealthbotRebalancerTest" file="/home/vlad/work/wealthbot-core/system/Test/Case/Console/WealthbotRebalancerTest.php" line="238" assertions="2" time="0.000787"/>
      <testcase name="testStartForRebalancerActionWithoutAccounts" class="Test\Console\WealthbotRebalancerTest" file="/home/vlad/work/wealthbot-core/system/Test/Case/Console/WealthbotRebalancerTest.php" line="281" assertions="1" time="0.000374"/>
      <testcase name="testStartForClient" class="Test\Console\WealthbotRebalancerTest" file="/home/vlad/work/wealthbot-core/system/Test/Case/Console/WealthbotRebalancerTest.php" line="314" assertions="5" time="0.003689"/>
      <testcase name="testRebalancingTriggerStatusAnalyzed" class="Test\Console\WealthbotRebalancerTest" file="/home/vlad/work/wealthbot-core/system/Test/Case/Console/WealthbotRebalancerTest.php" line="373" assertions="1" time="0.000590"/>
      <testcase name="testRebalancingTriggerStatusInitialRebalanceComplete" class="Test\Console\WealthbotRebalancerTest" file="/home/vlad/work/wealthbot-core/system/Test/Case/Console/WealthbotRebalancerTest.php" line="384" assertions="1" time="0.000273"/>
      <testcase name="testRebalancingTriggerStatusInitRebalance" class="Test\Console\WealthbotRebalancerTest" file="/home/vlad/work/wealthbot-core/system/Test/Case/Console/WealthbotRebalancerTest.php" line="394" assertions="1" time="0.000592"/>
      <testcase name="testRebalancingTriggerStatusRebalanced" class="Test\Console\WealthbotRebalancerTest" file="/home/vlad/work/wealthbot-core/system/Test/Case/Console/WealthbotRebalancerTest.php" line="404" assertions="1" time="0.000274"/>
      <testcase name="testRebalancingTriggerStatusRegistered" class="Test\Console\WealthbotRebalancerTest" file="/home/vlad/work/wealthbot-core/system/Test/Case/Console/WealthbotRebalancerTest.php" line="414" assertions="1" time="0.000710"/>
      <testcase name="testRebalancingTriggerStatusActive" class="Test\Console\WealthbotRebalancerTest" file="/home/vlad/work/wealthbot-core/system/Test/Case/Console/WealthbotRebalancerTest.php" line="425" assertions="1" time="0.000275"/>
      <testcase name="testRebalancingTriggerStatusWaitingActivation" class="Test\Console\WealthbotRebalancerTest" file="/home/vlad/work/wealthbot-core/system/Test/Case/Console/WealthbotRebalancerTest.php" line="437" assertions="1" time="0.000271"/>
      <testcase name="testRebalancingTriggerStatusClose" class="Test\Console\WealthbotRebalancerTest" file="/home/vlad/work/wealthbot-core/system/Test/Case/Console/WealthbotRebalancerTest.php" line="448" assertions="1" time="0.000272"/>
      <testcase name="testAccountRebalance" class="Test\Console\WealthbotRebalancerTest" file="/home/vlad/work/wealthbot-core/system/Test/Case/Console/WealthbotRebalancerTest.php" line="459" assertions="1" time="0.003527"/>
      <testcase name="testHouseholdRebalance" class="Test\Console\WealthbotRebalancerTest" file="/home/vlad/work/wealthbot-core/system/Test/Case/Console/WealthbotRebalancerTest.php" line="498" assertions="1" time="0.001350"/>
      <testcase name="testPrepareAccountWithSecurities" class="Test\Console\WealthbotRebalancerTest" file="/home/vlad/work/wealthbot-core/system/Test/Case/Console/WealthbotRebalancerTest.php" line="517" assertions="11" time="0.002302"/>
      <testcase name="testPrepareAccountWithoutSecurities" class="Test\Console\WealthbotRebalancerTest" file="/home/vlad/work/wealthbot-core/system/Test/Case/Console/WealthbotRebalancerTest.php" line="584" assertions="13" time="0.001577"/>
      <testcase name="testPrepareCollection" class="Test\Console\WealthbotRebalancerTest" file="/home/vlad/work/wealthbot-core/system/Test/Case/Console/WealthbotRebalancerTest.php" line="655" assertions="1" time="0.002229"/>
      <testcase name="testPrepareCollectionPortfolioNotFoundException" class="Test\Console\WealthbotRebalancerTest" file="/home/vlad/work/wealthbot-core/system/Test/Case/Console/WealthbotRebalancerTest.php" line="696" assertions="2" time="0.000368"/>
      <testcase name="testPrepareCollectionEmptySecuritiesException" class="Test\Console\WealthbotRebalancerTest" file="/home/vlad/work/wealthbot-core/system/Test/Case/Console/WealthbotRebalancerTest.php" line="720" assertions="2" time="0.000464"/>
      <testcase name="testLiquidateAccountNoNeed" class="Test\Console\WealthbotRebalancerTest" file="/home/vlad/work/wealthbot-core/system/Test/Case/Console/WealthbotRebalancerTest.php" line="751" assertions="1" time="0.000755"/>
      <testcase name="testLiquidateAccountIfNeed" class="Test\Console\WealthbotRebalancerTest" file="/home/vlad/work/wealthbot-core/system/Test/Case/Console/WealthbotRebalancerTest.php" line="776" assertions="10" time="0.001765"/>
      <testcase name="testCheckCashNeeds" class="Test\Console\WealthbotRebalancerTest" file="/home/vlad/work/wealthbot-core/system/Test/Case/Console/WealthbotRebalancerTest.php" line="886" assertions="2" time="0.000251"/>
      <testcase name="testSellSubclass" class="Test\Console\WealthbotRebalancerTest" file="/home/vlad/work/wealthbot-core/system/Test/Case/Console/WealthbotRebalancerTest.php" line="915" assertions="11" time="0.011109"/>
      <testcase name="testBuySecurity" class="Test\Console\WealthbotRebalancerTest" file="/home/vlad/work/wealthbot-core/system/Test/Case/Console/WealthbotRebalancerTest.php" line="985" assertions="0" time="0.001174">
        <error type="PHPUnit_Framework_ExceptionWrapper">Test\Console\WealthbotRebalancerTest::testBuySecurity
Exception: Cannot buy:  . Transaction check fails. (Amount:3450)

/home/vlad/work/wealthbot-core/system/Console/WealthbotRebalancer.php:905
/home/vlad/work/wealthbot-core/system/Test/Case/Console/WealthbotRebalancerTest.php:1004
/home/vlad/.composer/vendor/phpunit/phpunit/src/TextUI/Command.php:152
/home/vlad/.composer/vendor/phpunit/phpunit/src/TextUI/Command.php:104
</error>
      </testcase>
      <testcase name="testBuySecurityZeroAmountException" class="Test\Console\WealthbotRebalancerTest" file="/home/vlad/work/wealthbot-core/system/Test/Case/Console/WealthbotRebalancerTest.php" line="1013" assertions="2" time="0.000362"/>
      <testcase name="testBuySecurityLessThanZeroAmountException" class="Test\Console\WealthbotRebalancerTest" file="/home/vlad/work/wealthbot-core/system/Test/Case/Console/WealthbotRebalancerTest.php" line="1044" assertions="2" time="0.000347"/>
      <testcase name="testBuySubclassSecurity" class="Test\Console\WealthbotRebalancerTest" file="/home/vlad/work/wealthbot-core/system/Test/Case/Console/WealthbotRebalancerTest.php" line="1075" assertions="0" time="0.001153">
        <error type="PHPUnit_Framework_ExceptionWrapper">Test\Console\WealthbotRebalancerTest::testBuySubclassSecurity
Exception: Cannot buy:  . Transaction check fails. (Amount:1550)

/home/vlad/work/wealthbot-core/system/Console/WealthbotRebalancer.php:905
/home/vlad/work/wealthbot-core/system/Console/WealthbotRebalancer.php:809
/home/vlad/work/wealthbot-core/system/Test/Case/Console/WealthbotRebalancerTest.php:1105
/home/vlad/.composer/vendor/phpunit/phpunit/src/TextUI/Command.php:152
/home/vlad/.composer/vendor/phpunit/phpunit/src/TextUI/Command.php:104
</error>
      </testcase>
      <testcase name="testBuySubclassMuniSecurity" class="Test\Console\WealthbotRebalancerTest" file="/home/vlad/work/wealthbot-core/system/Test/Case/Console/WealthbotRebalancerTest.php" line="1116" assertions="0" time="0.000619">
        <error type="PHPUnit_Framework_ExceptionWrapper">Test\Console\WealthbotRebalancerTest::testBuySubclassMuniSecurity
Exception: Cannot buy:  . Transaction check fails. (Amount:1550)

/home/vlad/work/wealthbot-core/system/Console/WealthbotRebalancer.php:905
/home/vlad/work/wealthbot-core/system/Console/WealthbotRebalancer.php:809
/home/vlad/work/wealthbot-core/system/Test/Case/Console/WealthbotRebalancerTest.php:1146
/home/vlad/.composer/vendor/phpunit/phpunit/src/TextUI/Command.php:152
/home/vlad/.composer/vendor/phpunit/phpunit/src/TextUI/Command.php:104
</error>
      </testcase>
      <testcase name="testBuyRequiredCash" class="Test\Console\WealthbotRebalancerTest" file="/home/vlad/work/wealthbot-core/system/Test/Case/Console/WealthbotRebalancerTest.php" line="1157" assertions="1" time="0.002530">
        <failure type="PHPUnit_Framework_ExpectationFailedException">Test\Console\WealthbotRebalancerTest::testBuyRequiredCash
Failed asserting that actual size 0 matches expected size 3.

/home/vlad/work/wealthbot-core/system/Test/Case/Console/WealthbotRebalancerTest.php:1362
/home/vlad/.composer/vendor/phpunit/phpunit/src/TextUI/Command.php:152
/home/vlad/.composer/vendor/phpunit/phpunit/src/TextUI/Command.php:104
</failure>
      </testcase>
      <testcase name="testSellSubclassHousehold" class="Test\Console\WealthbotRebalancerTest" file="/home/vlad/work/wealthbot-core/system/Test/Case/Console/WealthbotRebalancerTest.php" line="1383" assertions="2" time="0.001253"/>
      <testcase name="testBuySubclassHousehold" class="Test\Console\WealthbotRebalancerTest" file="/home/vlad/work/wealthbot-core/system/Test/Case/Console/WealthbotRebalancerTest.php" line="1450" assertions="2" time="0.001215"/>
      <testcase name="testGetBuyAndSellLimit" class="Test\Console\WealthbotRebalancerTest" file="/home/vlad/work/wealthbot-core/system/Test/Case/Console/WealthbotRebalancerTest.php" line="1521" assertions="2" time="0.001382"/>
      <testcase name="testGetBuyAndSellLimitHousehold" class="Test\Console\WealthbotRebalancerTest" file="/home/vlad/work/wealthbot-core/system/Test/Case/Console/WealthbotRebalancerTest.php" line="1596" assertions="2" time="0.001365"/>
      <testcase name="testGetBuyAndSellLimitNotOutOfBalance" class="Test\Console\WealthbotRebalancerTest" file="/home/vlad/work/wealthbot-core/system/Test/Case/Console/WealthbotRebalancerTest.php" line="1667" assertions="1" time="0.000456"/>
      <testcase name="testRebalanceWithRequiredCashType" class="Test\Console\WealthbotRebalancerTest" file="/home/vlad/work/wealthbot-core/system/Test/Case/Console/WealthbotRebalancerTest.php" line="1726" assertions="1" time="0.001392"/>
      <testcase name="testRebalanceForAccountLevel" class="Test\Console\WealthbotRebalancerTest" file="/home/vlad/work/wealthbot-core/system/Test/Case/Console/WealthbotRebalancerTest.php" line="1747" assertions="1" time="0.001696"/>
      <testcase name="testRebalanceForHouseholdLevel" class="Test\Console\WealthbotRebalancerTest" file="/home/vlad/work/wealthbot-core/system/Test/Case/Console/WealthbotRebalancerTest.php" line="1768" assertions="1" time="0.001690"/>
      <testcase name="testRebalanceException" class="Test\Console\WealthbotRebalancerTest" file="/home/vlad/work/wealthbot-core/system/Test/Case/Console/WealthbotRebalancerTest.php" line="1789" assertions="2" time="0.000593"/>
      <testcase name="testIsBuyMuni" class="Test\Console\WealthbotRebalancerTest" file="/home/vlad/work/wealthbot-core/system/Test/Case/Console/WealthbotRebalancerTest.php" line="1801" assertions="5" time="0.000463"/>
      <testcase name="testCheckShortTermRedemption" class="Test\Console\WealthbotRebalancerTest" file="/home/vlad/work/wealthbot-core/system/Test/Case/Console/WealthbotRebalancerTest.php" line="1862" assertions="4" time="0.001645"/>
      <testcase name="testSellLotException" class="Test\Console\WealthbotRebalancerTest" file="/home/vlad/work/wealthbot-core/system/Test/Case/Console/WealthbotRebalancerTest.php" line="1920" assertions="1" time="0.000653"/>
      <testcase name="testSellLot" class="Test\Console\WealthbotRebalancerTest" file="/home/vlad/work/wealthbot-core/system/Test/Case/Console/WealthbotRebalancerTest.php" line="1940" assertions="11" time="0.001834"/>
      <testcase name="testCheckTlh" class="Test\Console\WealthbotRebalancerTest" file="/home/vlad/work/wealthbot-core/system/Test/Case/Console/WealthbotRebalancerTest.php" line="1998" assertions="2" time="0.003531"/>
      <testcase name="testOperateSubclassesWithoutTrades" class="Test\Console\WealthbotRebalancerTest" file="/home/vlad/work/wealthbot-core/system/Test/Case/Console/WealthbotRebalancerTest.php" line="2068" assertions="1" time="0.000701"/>
      <testcase name="testOperateSubclasses" class="Test\Console\WealthbotRebalancerTest" file="/home/vlad/work/wealthbot-core/system/Test/Case/Console/WealthbotRebalancerTest.php" line="2087" assertions="3" time="0.002210"/>
      <testcase name="testGenerateTradeFile" class="Test\Console\WealthbotRebalancerTest" file="/home/vlad/work/wealthbot-core/system/Test/Case/Console/WealthbotRebalancerTest.php" line="2120" assertions="7" time="0.004211"/>
      <testcase name="testSetRebalancerActionStatus" class="Test\Console\WealthbotRebalancerTest" file="/home/vlad/work/wealthbot-core/system/Test/Case/Console/WealthbotRebalancerTest.php" line="2237" assertions="2" time="0.002069"/>
      <testcase name="testSetRebalancerActionStatusAccountNotInitial" class="Test\Console\WealthbotRebalancerTest" file="/home/vlad/work/wealthbot-core/system/Test/Case/Console/WealthbotRebalancerTest.php" line="2273" assertions="2" time="0.001058"/>
      <testcase name="testSetRebalancerActionStatusInitial" class="Test\Console\WealthbotRebalancerTest" file="/home/vlad/work/wealthbot-core/system/Test/Case/Console/WealthbotRebalancerTest.php" line="2311" assertions="2" time="0.001053"/>
      <testcase name="testSetRebalancerActionStatusNoActions" class="Test\Console\WealthbotRebalancerTest" file="/home/vlad/work/wealthbot-core/system/Test/Case/Console/WealthbotRebalancerTest.php" line="2348" assertions="2" time="0.001053"/>
      <testcase name="testCheckTransactionNoFees" class="Test\Console\WealthbotRebalancerTest" file="/home/vlad/work/wealthbot-core/system/Test/Case/Console/WealthbotRebalancerTest.php" line="2385" assertions="1" time="0.000318">
        <failure type="PHPUnit_Framework_ExpectationFailedException">Test\Console\WealthbotRebalancerTest::testCheckTransactionNoFees
Failed asserting that false is true.

/home/vlad/work/wealthbot-core/system/Test/Case/Console/WealthbotRebalancerTest.php:2398
/home/vlad/.composer/vendor/phpunit/phpunit/src/TextUI/Command.php:152
/home/vlad/.composer/vendor/phpunit/phpunit/src/TextUI/Command.php:104
</failure>
      </testcase>
      <testcase name="testCheckTransactionMinAmount" class="Test\Console\WealthbotRebalancerTest" file="/home/vlad/work/wealthbot-core/system/Test/Case/Console/WealthbotRebalancerTest.php" line="2401" assertions="1" time="0.000313">
        <failure type="PHPUnit_Framework_ExpectationFailedException">Test\Console\WealthbotRebalancerTest::testCheckTransactionMinAmount
Failed asserting that false is true.

/home/vlad/work/wealthbot-core/system/Test/Case/Console/WealthbotRebalancerTest.php:2414
/home/vlad/.composer/vendor/phpunit/phpunit/src/TextUI/Command.php:152
/home/vlad/.composer/vendor/phpunit/phpunit/src/TextUI/Command.php:104
</failure>
      </testcase>
      <testcase name="testCheckTransactionMinAmountPercent" class="Test\Console\WealthbotRebalancerTest" file="/home/vlad/work/wealthbot-core/system/Test/Case/Console/WealthbotRebalancerTest.php" line="2417" assertions="1" time="0.000309"/>
      <testcase name="testCheckTransactionBuySellMins" class="Test\Console\WealthbotRebalancerTest" file="/home/vlad/work/wealthbot-core/system/Test/Case/Console/WealthbotRebalancerTest.php" line="2435" assertions="3" time="0.000765"/>
      <testcase name="testCheckTransactionZeroTotal" class="Test\Console\WealthbotRebalancerTest" file="/home/vlad/work/wealthbot-core/system/Test/Case/Console/WealthbotRebalancerTest.php" line="2505" assertions="1" time="0.000244"/>
      <testcase name="testWashSale" class="Test\Console\WealthbotRebalancerTest" file="/home/vlad/work/wealthbot-core/system/Test/Case/Console/WealthbotRebalancerTest.php" line="2519" assertions="1" time="0.000298"/>
      <testcase name="testCheckShortTermGain" class="Test\Console\WealthbotRebalancerTest" file="/home/vlad/work/wealthbot-core/system/Test/Case/Console/WealthbotRebalancerTest.php" line="2533" assertions="1" time="0.000320"/>
    </testsuite>
    <testsuite name="YahooFinanceTest" file="/home/vlad/work/wealthbot-core/system/Test/Case/Lib/YahooFinanceTest.php" tests="1" assertions="1" failures="0" errors="0" time="0.491099">
      <testcase name="testInit" class="YahooFinanceTest" file="/home/vlad/work/wealthbot-core/system/Test/Case/Lib/YahooFinanceTest.php" line="24" assertions="1" time="0.491099"/>
    </testsuite>
    <testsuite name="Test\Manager\BusinessCalendarTest" file="/home/vlad/work/wealthbot-core/system/Test/Case/Manager/BusinessCalendarTest.php" tests="1" assertions="0" failures="0" errors="1" time="0.000441">
      <testcase name="testAddBusinessDays" class="Test\Manager\BusinessCalendarTest" file="/home/vlad/work/wealthbot-core/system/Test/Case/Manager/BusinessCalendarTest.php" line="20" assertions="0" time="0.000441">
        <error type="PHPUnit_Framework_ExceptionWrapper">Test\Manager\BusinessCalendarTest::testAddBusinessDays
ErrorException: Warning: SQLite3::prepare(): Unable to prepare statement: 1, no such table: holidays in /home/vlad/work/wealthbot-core/system/Database/WealthbotSqliteConnection.php line 80

/home/vlad/work/wealthbot-core/system/Database/WealthbotSqliteConnection.php:80
/home/vlad/work/wealthbot-core/system/Database/WealthbotSqliteConnection.php:57
/home/vlad/work/wealthbot-core/system/Model/WealthbotRebalancer/Repository/HolidayRepository.php:23
/home/vlad/work/wealthbot-core/system/Manager/BusinessCalendar.php:32
/home/vlad/work/wealthbot-core/src/Wealthbot/AdminBundle/Model/AbstractBusinessCalendar.php:45
/home/vlad/work/wealthbot-core/system/Test/Case/Manager/BusinessCalendarTest.php:25
/home/vlad/.composer/vendor/phpunit/phpunit/src/TextUI/Command.php:152
/home/vlad/.composer/vendor/phpunit/phpunit/src/TextUI/Command.php:104
</error>
        <system-out>string(57) "SELECT * FROM holidays WHERE date &gt;= :from AND date &lt; :to"
</system-out>
      </testcase>
    </testsuite>
    <testsuite name="Test\Model\Pas\LotTest" file="/home/vlad/work/wealthbot-core/system/Test/Case/Model/Pas/LotTest.php" tests="2" assertions="0" failures="0" errors="2" time="0.002933">
      <testcase name="testCreateLot" class="Test\Model\Pas\LotTest" file="/home/vlad/work/wealthbot-core/system/Test/Case/Model/Pas/LotTest.php" line="20" assertions="0" time="0.002364">
        <error type="PHPUnit_Framework_ExceptionWrapper">Test\Model\Pas\LotTest::testCreateLot
PDOException: SQLSTATE[42000] [1049] Unknown database 'wealthbot_test'

/home/vlad/work/wealthbot-core/system/Database/WealthbotMySqlConnection.php:32
/home/vlad/work/wealthbot-core/system/Database/WealthbotMySqlConnection.php:45
/home/vlad/work/wealthbot-core/system/Model/Pas/Repository/BaseRepository.php:45
/home/vlad/work/wealthbot-core/system/Model/Pas/Repository/LotRepository.php:23
/home/vlad/work/wealthbot-core/system/Test/Case/Model/Pas/LotTest.php:17
/home/vlad/.composer/vendor/phpunit/phpunit/src/TextUI/Command.php:152
/home/vlad/.composer/vendor/phpunit/phpunit/src/TextUI/Command.php:104
</error>
      </testcase>
      <testcase name="testPartialLots" class="Test\Model\Pas\LotTest" file="/home/vlad/work/wealthbot-core/system/Test/Case/Model/Pas/LotTest.php" line="70" assertions="0" time="0.000569">
        <error type="PHPUnit_Framework_ExceptionWrapper">Test\Model\Pas\LotTest::testPartialLots
PDOException: SQLSTATE[42000] [1049] Unknown database 'wealthbot_test'

/home/vlad/work/wealthbot-core/system/Database/WealthbotMySqlConnection.php:32
/home/vlad/work/wealthbot-core/system/Database/WealthbotMySqlConnection.php:45
/home/vlad/work/wealthbot-core/system/Model/Pas/Repository/BaseRepository.php:45
/home/vlad/work/wealthbot-core/system/Model/Pas/Repository/LotRepository.php:23
/home/vlad/work/wealthbot-core/system/Test/Case/Model/Pas/LotTest.php:17
/home/vlad/.composer/vendor/phpunit/phpunit/src/TextUI/Command.php:152
/home/vlad/.composer/vendor/phpunit/phpunit/src/TextUI/Command.php:104
</error>
      </testcase>
    </testsuite>
    <testsuite name="Test\Model\Pas\TransactionTest" file="/home/vlad/work/wealthbot-core/system/Test/Case/Model/Pas/TransactionTest.php" tests="2" assertions="0" failures="0" errors="2" time="0.005867">
      <testcase name="testCreate" class="Test\Model\Pas\TransactionTest" file="/home/vlad/work/wealthbot-core/system/Test/Case/Model/Pas/TransactionTest.php" line="14" assertions="0" time="0.003945">
        <error type="PHPUnit_Framework_ExceptionWrapper">Test\Model\Pas\TransactionTest::testCreate
PDOException: SQLSTATE[42000] [1049] Unknown database 'wealthbot_test'

/home/vlad/work/wealthbot-core/system/Database/WealthbotMySqlConnection.php:32
/home/vlad/work/wealthbot-core/system/Database/WealthbotMySqlConnection.php:45
/home/vlad/work/wealthbot-core/system/Model/Pas/Repository/BaseRepository.php:45
/home/vlad/work/wealthbot-core/system/Model/Pas/Repository/TransactionRepository.php:22
/home/vlad/work/wealthbot-core/system/Test/Case/Model/Pas/TransactionTest.php:36
/home/vlad/work/wealthbot-core/system/Pas/Transaction.php:118
/home/vlad/work/wealthbot-core/system/Test/Case/Model/Pas/TransactionTest.php:53
/home/vlad/.composer/vendor/phpunit/phpunit/src/TextUI/Command.php:152
/home/vlad/.composer/vendor/phpunit/phpunit/src/TextUI/Command.php:104
</error>
        <system-out>Transaction</system-out>
      </testcase>
      <testcase name="testUpdateFeeCollected" class="Test\Model\Pas\TransactionTest" file="/home/vlad/work/wealthbot-core/system/Test/Case/Model/Pas/TransactionTest.php" line="58" assertions="0" time="0.001922">
        <error type="PHPUnit_Framework_ExceptionWrapper">Test\Model\Pas\TransactionTest::testUpdateFeeCollected
PDOException: SQLSTATE[42000] [1049] Unknown database 'wealthbot_test'

/home/vlad/work/wealthbot-core/system/Database/WealthbotMySqlConnection.php:32
/home/vlad/work/wealthbot-core/system/Database/WealthbotMySqlConnection.php:45
/home/vlad/work/wealthbot-core/system/Model/Pas/Repository/BaseRepository.php:45
/home/vlad/work/wealthbot-core/system/Model/Pas/Repository/BillItemRepository.php:20
/home/vlad/work/wealthbot-core/system/Test/Case/Model/Pas/TransactionTest.php:82
/home/vlad/work/wealthbot-core/system/Pas/Transaction.php:87
/home/vlad/work/wealthbot-core/system/Test/Case/Model/Pas/TransactionTest.php:85
/home/vlad/.composer/vendor/phpunit/phpunit/src/TextUI/Command.php:152
/home/vlad/.composer/vendor/phpunit/phpunit/src/TextUI/Command.php:104
</error>
      </testcase>
    </testsuite>
    <testsuite name="Test\Model\Pas\TwrCalculatorFunctionsTest" file="/home/vlad/work/wealthbot-core/system/Test/Case/Model/Pas/TwrCalculatorFunctionsTest.php" tests="3" assertions="3" failures="0" errors="0" time="0.000416">
      <testcase name="testCalculateTodayTwr" class="Test\Model\Pas\TwrCalculatorFunctionsTest" file="/home/vlad/work/wealthbot-core/system/Test/Case/Model/Pas/TwrCalculatorFunctionsTest.php" line="20" assertions="1" time="0.000227"/>
      <testcase name="testCalculateActualTwr" class="Test\Model\Pas\TwrCalculatorFunctionsTest" file="/home/vlad/work/wealthbot-core/system/Test/Case/Model/Pas/TwrCalculatorFunctionsTest.php" line="26" assertions="1" time="0.000100"/>
      <testcase name="testCalculateAnnualizedTwr" class="Test\Model\Pas\TwrCalculatorFunctionsTest" file="/home/vlad/work/wealthbot-core/system/Test/Case/Model/Pas/TwrCalculatorFunctionsTest.php" line="32" assertions="1" time="0.000089"/>
    </testsuite>
    <testsuite name="Test\Model\Pas\TwrCalculatorTest" file="/home/vlad/work/wealthbot-core/system/Test/Case/Model/Pas/TwrCalculatorTest.php" tests="8" assertions="0" failures="0" errors="8" time="0.002812">
      <testcase name="testGetAccountValue" class="Test\Model\Pas\TwrCalculatorTest" file="/home/vlad/work/wealthbot-core/system/Test/Case/Model/Pas/TwrCalculatorTest.php" line="138" assertions="0" time="0.000752">
        <error type="PHPUnit_Framework_ExceptionWrapper">Test\Model\Pas\TwrCalculatorTest::testGetAccountValue
PDOException: SQLSTATE[42000] [1049] Unknown database 'wealthbot_test'

/home/vlad/work/wealthbot-core/system/Database/WealthbotMySqlConnection.php:32
/home/vlad/work/wealthbot-core/system/Database/WealthbotMySqlConnection.php:45
/home/vlad/work/wealthbot-core/system/Model/Pas/Repository/BaseRepository.php:45
/home/vlad/work/wealthbot-core/system/Model/Pas/Repository/ClientAccountValueRepository.php:19
/home/vlad/work/wealthbot-core/system/Test/Case/Model/Pas/TwrCalculatorTest.php:53
/home/vlad/.composer/vendor/phpunit/phpunit/src/TextUI/Command.php:152
/home/vlad/.composer/vendor/phpunit/phpunit/src/TextUI/Command.php:104
</error>
      </testcase>
      <testcase name="testGetSumContribution" class="Test\Model\Pas\TwrCalculatorTest" file="/home/vlad/work/wealthbot-core/system/Test/Case/Model/Pas/TwrCalculatorTest.php" line="145" assertions="0" time="0.000298">
        <error type="PHPUnit_Framework_ExceptionWrapper">Test\Model\Pas\TwrCalculatorTest::testGetSumContribution
PDOException: SQLSTATE[42000] [1049] Unknown database 'wealthbot_test'

/home/vlad/work/wealthbot-core/system/Database/WealthbotMySqlConnection.php:32
/home/vlad/work/wealthbot-core/system/Database/WealthbotMySqlConnection.php:45
/home/vlad/work/wealthbot-core/system/Model/Pas/Repository/BaseRepository.php:45
/home/vlad/work/wealthbot-core/system/Model/Pas/Repository/ClientAccountValueRepository.php:19
/home/vlad/work/wealthbot-core/system/Test/Case/Model/Pas/TwrCalculatorTest.php:53
/home/vlad/.composer/vendor/phpunit/phpunit/src/TextUI/Command.php:152
/home/vlad/.composer/vendor/phpunit/phpunit/src/TextUI/Command.php:104
</error>
      </testcase>
      <testcase name="testGetSumWithdrawal" class="Test\Model\Pas\TwrCalculatorTest" file="/home/vlad/work/wealthbot-core/system/Test/Case/Model/Pas/TwrCalculatorTest.php" line="152" assertions="0" time="0.000276">
        <error type="PHPUnit_Framework_ExceptionWrapper">Test\Model\Pas\TwrCalculatorTest::testGetSumWithdrawal
PDOException: SQLSTATE[42000] [1049] Unknown database 'wealthbot_test'

/home/vlad/work/wealthbot-core/system/Database/WealthbotMySqlConnection.php:32
/home/vlad/work/wealthbot-core/system/Database/WealthbotMySqlConnection.php:45
/home/vlad/work/wealthbot-core/system/Model/Pas/Repository/BaseRepository.php:45
/home/vlad/work/wealthbot-core/system/Model/Pas/Repository/ClientAccountValueRepository.php:19
/home/vlad/work/wealthbot-core/system/Test/Case/Model/Pas/TwrCalculatorTest.php:53
/home/vlad/.composer/vendor/phpunit/phpunit/src/TextUI/Command.php:152
/home/vlad/.composer/vendor/phpunit/phpunit/src/TextUI/Command.php:104
</error>
      </testcase>
      <testcase name="testAccountTwrValues" class="Test\Model\Pas\TwrCalculatorTest" file="/home/vlad/work/wealthbot-core/system/Test/Case/Model/Pas/TwrCalculatorTest.php" line="163" assertions="0" time="0.000317">
        <error type="PHPUnit_Framework_ExceptionWrapper">Test\Model\Pas\TwrCalculatorTest::testAccountTwrValues
PDOException: SQLSTATE[42000] [1049] Unknown database 'wealthbot_test'

/home/vlad/work/wealthbot-core/system/Database/WealthbotMySqlConnection.php:32
/home/vlad/work/wealthbot-core/system/Database/WealthbotMySqlConnection.php:45
/home/vlad/work/wealthbot-core/system/Model/Pas/Repository/BaseRepository.php:45
/home/vlad/work/wealthbot-core/system/Model/Pas/Repository/ClientAccountValueRepository.php:19
/home/vlad/work/wealthbot-core/system/Test/Case/Model/Pas/TwrCalculatorTest.php:53
/home/vlad/.composer/vendor/phpunit/phpunit/src/TextUI/Command.php:152
/home/vlad/.composer/vendor/phpunit/phpunit/src/TextUI/Command.php:104
</error>
      </testcase>
      <testcase name="testAccountTwrPeriods" class="Test\Model\Pas\TwrCalculatorTest" file="/home/vlad/work/wealthbot-core/system/Test/Case/Model/Pas/TwrCalculatorTest.php" line="172" assertions="0" time="0.000249">
        <error type="PHPUnit_Framework_ExceptionWrapper">Test\Model\Pas\TwrCalculatorTest::testAccountTwrPeriods
PDOException: SQLSTATE[42000] [1049] Unknown database 'wealthbot_test'

/home/vlad/work/wealthbot-core/system/Database/WealthbotMySqlConnection.php:32
/home/vlad/work/wealthbot-core/system/Database/WealthbotMySqlConnection.php:45
/home/vlad/work/wealthbot-core/system/Model/Pas/Repository/BaseRepository.php:45
/home/vlad/work/wealthbot-core/system/Model/Pas/Repository/ClientAccountValueRepository.php:19
/home/vlad/work/wealthbot-core/system/Test/Case/Model/Pas/TwrCalculatorTest.php:53
/home/vlad/.composer/vendor/phpunit/phpunit/src/TextUI/Command.php:152
/home/vlad/.composer/vendor/phpunit/phpunit/src/TextUI/Command.php:104
</error>
      </testcase>
      <testcase name="testPortfolioTwrValues" class="Test\Model\Pas\TwrCalculatorTest" file="/home/vlad/work/wealthbot-core/system/Test/Case/Model/Pas/TwrCalculatorTest.php" line="192" assertions="0" time="0.000240">
        <error type="PHPUnit_Framework_ExceptionWrapper">Test\Model\Pas\TwrCalculatorTest::testPortfolioTwrValues
PDOException: SQLSTATE[42000] [1049] Unknown database 'wealthbot_test'

/home/vlad/work/wealthbot-core/system/Database/WealthbotMySqlConnection.php:32
/home/vlad/work/wealthbot-core/system/Database/WealthbotMySqlConnection.php:45
/home/vlad/work/wealthbot-core/system/Model/Pas/Repository/BaseRepository.php:45
/home/vlad/work/wealthbot-core/system/Model/Pas/Repository/ClientAccountValueRepository.php:19
/home/vlad/work/wealthbot-core/system/Test/Case/Model/Pas/TwrCalculatorTest.php:53
/home/vlad/.composer/vendor/phpunit/phpunit/src/TextUI/Command.php:152
/home/vlad/.composer/vendor/phpunit/phpunit/src/TextUI/Command.php:104
</error>
      </testcase>
      <testcase name="testPortfolioTwrPeriods" class="Test\Model\Pas\TwrCalculatorTest" file="/home/vlad/work/wealthbot-core/system/Test/Case/Model/Pas/TwrCalculatorTest.php" line="201" assertions="0" time="0.000267">
        <error type="PHPUnit_Framework_ExceptionWrapper">Test\Model\Pas\TwrCalculatorTest::testPortfolioTwrPeriods
PDOException: SQLSTATE[42000] [1049] Unknown database 'wealthbot_test'

/home/vlad/work/wealthbot-core/system/Database/WealthbotMySqlConnection.php:32
/home/vlad/work/wealthbot-core/system/Database/WealthbotMySqlConnection.php:45
/home/vlad/work/wealthbot-core/system/Model/Pas/Repository/BaseRepository.php:45
/home/vlad/work/wealthbot-core/system/Model/Pas/Repository/ClientAccountValueRepository.php:19
/home/vlad/work/wealthbot-core/system/Test/Case/Model/Pas/TwrCalculatorTest.php:53
/home/vlad/.composer/vendor/phpunit/phpunit/src/TextUI/Command.php:152
/home/vlad/.composer/vendor/phpunit/phpunit/src/TextUI/Command.php:104
</error>
      </testcase>
      <testcase name="testAccountClosed" class="Test\Model\Pas\TwrCalculatorTest" file="/home/vlad/work/wealthbot-core/system/Test/Case/Model/Pas/TwrCalculatorTest.php" line="221" assertions="0" time="0.000413">
        <error type="PHPUnit_Framework_ExceptionWrapper">Test\Model\Pas\TwrCalculatorTest::testAccountClosed
PDOException: SQLSTATE[42000] [1049] Unknown database 'wealthbot_test'

/home/vlad/work/wealthbot-core/system/Database/WealthbotMySqlConnection.php:32
/home/vlad/work/wealthbot-core/system/Database/WealthbotMySqlConnection.php:45
/home/vlad/work/wealthbot-core/system/Model/Pas/Repository/BaseRepository.php:45
/home/vlad/work/wealthbot-core/system/Model/Pas/Repository/ClientAccountValueRepository.php:19
/home/vlad/work/wealthbot-core/system/Test/Case/Model/Pas/TwrCalculatorTest.php:53
/home/vlad/.composer/vendor/phpunit/phpunit/src/TextUI/Command.php:152
/home/vlad/.composer/vendor/phpunit/phpunit/src/TextUI/Command.php:104
</error>
      </testcase>
    </testsuite>
    <testsuite name="Test\Model\WealthbotRebalancer\AccountCollectionTest" file="/home/vlad/work/wealthbot-core/system/Test/Case/Model/WealthbotRebalancer/AccountCollectionTest.php" tests="3" assertions="9" failures="0" errors="0" time="0.002438">
      <testcase name="testGetAccountForBuySubclass" class="Test\Model\WealthbotRebalancer\AccountCollectionTest" file="/home/vlad/work/wealthbot-core/system/Test/Case/Model/WealthbotRebalancer/AccountCollectionTest.php" line="82" assertions="4" time="0.000910"/>
      <testcase name="testGetAccountForSellSubclass" class="Test\Model\WealthbotRebalancer\AccountCollectionTest" file="/home/vlad/work/wealthbot-core/system/Test/Case/Model/WealthbotRebalancer/AccountCollectionTest.php" line="109" assertions="4" time="0.000855"/>
      <testcase name="testGetAccountForBuySubclassTraditionalIRA" class="Test\Model\WealthbotRebalancer\AccountCollectionTest" file="/home/vlad/work/wealthbot-core/system/Test/Case/Model/WealthbotRebalancer/AccountCollectionTest.php" line="136" assertions="1" time="0.000673"/>
    </testsuite>
    <testsuite name="Test\Model\WealthbotRebalancer\AccountTest" file="/home/vlad/work/wealthbot-core/system/Test/Case/Model/WealthbotRebalancer/AccountTest.php" tests="43" assertions="81" failures="0" errors="0" time="0.005563">
      <testcase name="testLoadFromArray" class="Test\Model\WealthbotRebalancer\AccountTest" file="/home/vlad/work/wealthbot-core/system/Test/Case/Model/WealthbotRebalancer/AccountTest.php" line="51" assertions="17" time="0.000375"/>
      <testcase name="testGetType" class="Test\Model\WealthbotRebalancer\AccountTest" file="/home/vlad/work/wealthbot-core/system/Test/Case/Model/WealthbotRebalancer/AccountTest.php" line="75" assertions="2" time="0.000199"/>
      <testcase name="testSetType" class="Test\Model\WealthbotRebalancer\AccountTest" file="/home/vlad/work/wealthbot-core/system/Test/Case/Model/WealthbotRebalancer/AccountTest.php" line="81" assertions="3" time="0.000203"/>
      <testcase name="testIsRothIra" class="Test\Model\WealthbotRebalancer\AccountTest" file="/home/vlad/work/wealthbot-core/system/Test/Case/Model/WealthbotRebalancer/AccountTest.php" line="89" assertions="2" time="0.000190"/>
      <testcase name="testIsTraditionalIra" class="Test\Model\WealthbotRebalancer\AccountTest" file="/home/vlad/work/wealthbot-core/system/Test/Case/Model/WealthbotRebalancer/AccountTest.php" line="97" assertions="2" time="0.000192"/>
      <testcase name="testIsTaxable" class="Test\Model\WealthbotRebalancer\AccountTest" file="/home/vlad/work/wealthbot-core/system/Test/Case/Model/WealthbotRebalancer/AccountTest.php" line="105" assertions="3" time="0.000120"/>
      <testcase name="testGetPriority" class="Test\Model\WealthbotRebalancer\AccountTest" file="/home/vlad/work/wealthbot-core/system/Test/Case/Model/WealthbotRebalancer/AccountTest.php" line="116" assertions="4" time="0.000130"/>
      <testcase name="testGetPriorityException" class="Test\Model\WealthbotRebalancer\AccountTest" file="/home/vlad/work/wealthbot-core/system/Test/Case/Model/WealthbotRebalancer/AccountTest.php" line="130" assertions="2" time="0.000155"/>
      <testcase name="testGetStatus" class="Test\Model\WealthbotRebalancer\AccountTest" file="/home/vlad/work/wealthbot-core/system/Test/Case/Model/WealthbotRebalancer/AccountTest.php" line="138" assertions="1" time="0.000109"/>
      <testcase name="testSetStatus" class="Test\Model\WealthbotRebalancer\AccountTest" file="/home/vlad/work/wealthbot-core/system/Test/Case/Model/WealthbotRebalancer/AccountTest.php" line="143" assertions="1" time="0.000108"/>
      <testcase name="testGetIsFirstTime" class="Test\Model\WealthbotRebalancer\AccountTest" file="/home/vlad/work/wealthbot-core/system/Test/Case/Model/WealthbotRebalancer/AccountTest.php" line="149" assertions="1" time="0.000107"/>
      <testcase name="testSetIsFirstTime" class="Test\Model\WealthbotRebalancer\AccountTest" file="/home/vlad/work/wealthbot-core/system/Test/Case/Model/WealthbotRebalancer/AccountTest.php" line="154" assertions="1" time="0.000109"/>
      <testcase name="testGetIsActiveEmployer" class="Test\Model\WealthbotRebalancer\AccountTest" file="/home/vlad/work/wealthbot-core/system/Test/Case/Model/WealthbotRebalancer/AccountTest.php" line="160" assertions="1" time="0.000107"/>
      <testcase name="testSetIsActiveEmployer" class="Test\Model\WealthbotRebalancer\AccountTest" file="/home/vlad/work/wealthbot-core/system/Test/Case/Model/WealthbotRebalancer/AccountTest.php" line="165" assertions="1" time="0.000106"/>
      <testcase name="testGetIsReadyToRebalance" class="Test\Model\WealthbotRebalancer\AccountTest" file="/home/vlad/work/wealthbot-core/system/Test/Case/Model/WealthbotRebalancer/AccountTest.php" line="171" assertions="1" time="0.000106"/>
      <testcase name="testSetIsReadyToRebalance" class="Test\Model\WealthbotRebalancer\AccountTest" file="/home/vlad/work/wealthbot-core/system/Test/Case/Model/WealthbotRebalancer/AccountTest.php" line="176" assertions="1" time="0.000105"/>
      <testcase name="testGetSheduledDistribution" class="Test\Model\WealthbotRebalancer\AccountTest" file="/home/vlad/work/wealthbot-core/system/Test/Case/Model/WealthbotRebalancer/AccountTest.php" line="182" assertions="1" time="0.000106"/>
      <testcase name="testSetSheduledDistribution" class="Test\Model\WealthbotRebalancer\AccountTest" file="/home/vlad/work/wealthbot-core/system/Test/Case/Model/WealthbotRebalancer/AccountTest.php" line="187" assertions="1" time="0.000113"/>
      <testcase name="testGetOneTimeDistribution" class="Test\Model\WealthbotRebalancer\AccountTest" file="/home/vlad/work/wealthbot-core/system/Test/Case/Model/WealthbotRebalancer/AccountTest.php" line="193" assertions="1" time="0.000111"/>
      <testcase name="testSetOneTimeDistribution" class="Test\Model\WealthbotRebalancer\AccountTest" file="/home/vlad/work/wealthbot-core/system/Test/Case/Model/WealthbotRebalancer/AccountTest.php" line="198" assertions="1" time="0.000109"/>
      <testcase name="testGetCashBuffer" class="Test\Model\WealthbotRebalancer\AccountTest" file="/home/vlad/work/wealthbot-core/system/Test/Case/Model/WealthbotRebalancer/AccountTest.php" line="204" assertions="1" time="0.000107"/>
      <testcase name="testSetCashBuffer" class="Test\Model\WealthbotRebalancer\AccountTest" file="/home/vlad/work/wealthbot-core/system/Test/Case/Model/WealthbotRebalancer/AccountTest.php" line="209" assertions="1" time="0.000107"/>
      <testcase name="testGetSasCash" class="Test\Model\WealthbotRebalancer\AccountTest" file="/home/vlad/work/wealthbot-core/system/Test/Case/Model/WealthbotRebalancer/AccountTest.php" line="215" assertions="1" time="0.000111"/>
      <testcase name="testSetSasCash" class="Test\Model\WealthbotRebalancer\AccountTest" file="/home/vlad/work/wealthbot-core/system/Test/Case/Model/WealthbotRebalancer/AccountTest.php" line="220" assertions="1" time="0.000109"/>
      <testcase name="testGetBillingCash" class="Test\Model\WealthbotRebalancer\AccountTest" file="/home/vlad/work/wealthbot-core/system/Test/Case/Model/WealthbotRebalancer/AccountTest.php" line="226" assertions="1" time="0.000105"/>
      <testcase name="testSetBillingCash" class="Test\Model\WealthbotRebalancer\AccountTest" file="/home/vlad/work/wealthbot-core/system/Test/Case/Model/WealthbotRebalancer/AccountTest.php" line="231" assertions="1" time="0.000117"/>
      <testcase name="testGetTotalCash" class="Test\Model\WealthbotRebalancer\AccountTest" file="/home/vlad/work/wealthbot-core/system/Test/Case/Model/WealthbotRebalancer/AccountTest.php" line="237" assertions="1" time="0.000116"/>
      <testcase name="testSetTotalCash" class="Test\Model\WealthbotRebalancer\AccountTest" file="/home/vlad/work/wealthbot-core/system/Test/Case/Model/WealthbotRebalancer/AccountTest.php" line="242" assertions="1" time="0.000109"/>
      <testcase name="testGetClient" class="Test\Model\WealthbotRebalancer\AccountTest" file="/home/vlad/work/wealthbot-core/system/Test/Case/Model/WealthbotRebalancer/AccountTest.php" line="248" assertions="1" time="0.000106"/>
      <testcase name="testSetClient" class="Test\Model\WealthbotRebalancer\AccountTest" file="/home/vlad/work/wealthbot-core/system/Test/Case/Model/WealthbotRebalancer/AccountTest.php" line="253" assertions="1" time="0.000113"/>
      <testcase name="testGetCashForBuy" class="Test\Model\WealthbotRebalancer\AccountTest" file="/home/vlad/work/wealthbot-core/system/Test/Case/Model/WealthbotRebalancer/AccountTest.php" line="262" assertions="1" time="0.000114"/>
      <testcase name="testSetCashForBuy" class="Test\Model\WealthbotRebalancer\AccountTest" file="/home/vlad/work/wealthbot-core/system/Test/Case/Model/WealthbotRebalancer/AccountTest.php" line="267" assertions="1" time="0.000108"/>
      <testcase name="testUpdateCashForBuy" class="Test\Model\WealthbotRebalancer\AccountTest" file="/home/vlad/work/wealthbot-core/system/Test/Case/Model/WealthbotRebalancer/AccountTest.php" line="273" assertions="1" time="0.000111"/>
      <testcase name="testGetSecurities" class="Test\Model\WealthbotRebalancer\AccountTest" file="/home/vlad/work/wealthbot-core/system/Test/Case/Model/WealthbotRebalancer/AccountTest.php" line="279" assertions="3" time="0.000125"/>
      <testcase name="testSetSecurities" class="Test\Model\WealthbotRebalancer\AccountTest" file="/home/vlad/work/wealthbot-core/system/Test/Case/Model/WealthbotRebalancer/AccountTest.php" line="288" assertions="2" time="0.000131"/>
      <testcase name="testCalculateDistribution" class="Test\Model\WealthbotRebalancer\AccountTest" file="/home/vlad/work/wealthbot-core/system/Test/Case/Model/WealthbotRebalancer/AccountTest.php" line="302" assertions="1" time="0.000112"/>
      <testcase name="testCalculateCashNeeds" class="Test\Model\WealthbotRebalancer\AccountTest" file="/home/vlad/work/wealthbot-core/system/Test/Case/Model/WealthbotRebalancer/AccountTest.php" line="307" assertions="1" time="0.000110"/>
      <testcase name="testGetTotalCashNeeds" class="Test\Model\WealthbotRebalancer\AccountTest" file="/home/vlad/work/wealthbot-core/system/Test/Case/Model/WealthbotRebalancer/AccountTest.php" line="312" assertions="2" time="0.000117"/>
      <testcase name="testCalculateInvestmentCash" class="Test\Model\WealthbotRebalancer\AccountTest" file="/home/vlad/work/wealthbot-core/system/Test/Case/Model/WealthbotRebalancer/AccountTest.php" line="320" assertions="1" time="0.000113"/>
      <testcase name="testSellAllSecurities" class="Test\Model\WealthbotRebalancer\AccountTest" file="/home/vlad/work/wealthbot-core/system/Test/Case/Model/WealthbotRebalancer/AccountTest.php" line="325" assertions="1" time="0.000128"/>
      <testcase name="testHasPreferredBuySecurity" class="Test\Model\WealthbotRebalancer\AccountTest" file="/home/vlad/work/wealthbot-core/system/Test/Case/Model/WealthbotRebalancer/AccountTest.php" line="352" assertions="3" time="0.000137"/>
      <testcase name="testFindNoPreferredBuySecurities" class="Test\Model\WealthbotRebalancer\AccountTest" file="/home/vlad/work/wealthbot-core/system/Test/Case/Model/WealthbotRebalancer/AccountTest.php" line="370" assertions="3" time="0.000151"/>
      <testcase name="testIsAllSecuritiesEqualCash" class="Test\Model\WealthbotRebalancer\AccountTest" file="/home/vlad/work/wealthbot-core/system/Test/Case/Model/WealthbotRebalancer/AccountTest.php" line="394" assertions="4" time="0.000145"/>
    </testsuite>
    <testsuite name="Test\Model\WealthbotRebalancer\ArrayCollectionTest" file="/home/vlad/work/wealthbot-core/system/Test/Case/Model/WealthbotRebalancer/ArrayCollectionTest.php" tests="28" assertions="61" failures="0" errors="0" time="0.002742">
      <testcase name="testToArray" class="Test\Model\WealthbotRebalancer\ArrayCollectionTest" file="/home/vlad/work/wealthbot-core/system/Test/Case/Model/WealthbotRebalancer/ArrayCollectionTest.php" line="34" assertions="1" time="0.000365"/>
      <testcase name="testFirst" class="Test\Model\WealthbotRebalancer\ArrayCollectionTest" file="/home/vlad/work/wealthbot-core/system/Test/Case/Model/WealthbotRebalancer/ArrayCollectionTest.php" line="39" assertions="1" time="0.000075"/>
      <testcase name="testLast" class="Test\Model\WealthbotRebalancer\ArrayCollectionTest" file="/home/vlad/work/wealthbot-core/system/Test/Case/Model/WealthbotRebalancer/ArrayCollectionTest.php" line="44" assertions="1" time="0.000073"/>
      <testcase name="testKey" class="Test\Model\WealthbotRebalancer\ArrayCollectionTest" file="/home/vlad/work/wealthbot-core/system/Test/Case/Model/WealthbotRebalancer/ArrayCollectionTest.php" line="49" assertions="2" time="0.000080"/>
      <testcase name="testNext" class="Test\Model\WealthbotRebalancer\ArrayCollectionTest" file="/home/vlad/work/wealthbot-core/system/Test/Case/Model/WealthbotRebalancer/ArrayCollectionTest.php" line="58" assertions="2" time="0.000079"/>
      <testcase name="testPrev" class="Test\Model\WealthbotRebalancer\ArrayCollectionTest" file="/home/vlad/work/wealthbot-core/system/Test/Case/Model/WealthbotRebalancer/ArrayCollectionTest.php" line="66" assertions="3" time="0.000079"/>
      <testcase name="testCurrent" class="Test\Model\WealthbotRebalancer\ArrayCollectionTest" file="/home/vlad/work/wealthbot-core/system/Test/Case/Model/WealthbotRebalancer/ArrayCollectionTest.php" line="78" assertions="2" time="0.000073"/>
      <testcase name="testRemove" class="Test\Model\WealthbotRebalancer\ArrayCollectionTest" file="/home/vlad/work/wealthbot-core/system/Test/Case/Model/WealthbotRebalancer/ArrayCollectionTest.php" line="85" assertions="2" time="0.000076"/>
      <testcase name="testRemoveElement" class="Test\Model\WealthbotRebalancer\ArrayCollectionTest" file="/home/vlad/work/wealthbot-core/system/Test/Case/Model/WealthbotRebalancer/ArrayCollectionTest.php" line="94" assertions="2" time="0.000078"/>
      <testcase name="testOffsetExist" class="Test\Model\WealthbotRebalancer\ArrayCollectionTest" file="/home/vlad/work/wealthbot-core/system/Test/Case/Model/WealthbotRebalancer/ArrayCollectionTest.php" line="106" assertions="2" time="0.000072"/>
      <testcase name="testOffsetGet" class="Test\Model\WealthbotRebalancer\ArrayCollectionTest" file="/home/vlad/work/wealthbot-core/system/Test/Case/Model/WealthbotRebalancer/ArrayCollectionTest.php" line="113" assertions="2" time="0.000074"/>
      <testcase name="testOffsetSet" class="Test\Model\WealthbotRebalancer\ArrayCollectionTest" file="/home/vlad/work/wealthbot-core/system/Test/Case/Model/WealthbotRebalancer/ArrayCollectionTest.php" line="120" assertions="2" time="0.000079"/>
      <testcase name="testOffsetUnset" class="Test\Model\WealthbotRebalancer\ArrayCollectionTest" file="/home/vlad/work/wealthbot-core/system/Test/Case/Model/WealthbotRebalancer/ArrayCollectionTest.php" line="135" assertions="2" time="0.000072"/>
      <testcase name="testContainsKey" class="Test\Model\WealthbotRebalancer\ArrayCollectionTest" file="/home/vlad/work/wealthbot-core/system/Test/Case/Model/WealthbotRebalancer/ArrayCollectionTest.php" line="144" assertions="2" time="0.000068"/>
      <testcase name="testContains" class="Test\Model\WealthbotRebalancer\ArrayCollectionTest" file="/home/vlad/work/wealthbot-core/system/Test/Case/Model/WealthbotRebalancer/ArrayCollectionTest.php" line="151" assertions="2" time="0.000073"/>
      <testcase name="testExists" class="Test\Model\WealthbotRebalancer\ArrayCollectionTest" file="/home/vlad/work/wealthbot-core/system/Test/Case/Model/WealthbotRebalancer/ArrayCollectionTest.php" line="160" assertions="2" time="0.000074"/>
      <testcase name="testIndexOf" class="Test\Model\WealthbotRebalancer\ArrayCollectionTest" file="/home/vlad/work/wealthbot-core/system/Test/Case/Model/WealthbotRebalancer/ArrayCollectionTest.php" line="183" assertions="2" time="0.000075"/>
      <testcase name="testGet" class="Test\Model\WealthbotRebalancer\ArrayCollectionTest" file="/home/vlad/work/wealthbot-core/system/Test/Case/Model/WealthbotRebalancer/ArrayCollectionTest.php" line="193" assertions="2" time="0.000071"/>
      <testcase name="testGetKeys" class="Test\Model\WealthbotRebalancer\ArrayCollectionTest" file="/home/vlad/work/wealthbot-core/system/Test/Case/Model/WealthbotRebalancer/ArrayCollectionTest.php" line="200" assertions="1" time="0.000067"/>
      <testcase name="testGetValues" class="Test\Model\WealthbotRebalancer\ArrayCollectionTest" file="/home/vlad/work/wealthbot-core/system/Test/Case/Model/WealthbotRebalancer/ArrayCollectionTest.php" line="205" assertions="1" time="0.000266"/>
      <testcase name="testCount" class="Test\Model\WealthbotRebalancer\ArrayCollectionTest" file="/home/vlad/work/wealthbot-core/system/Test/Case/Model/WealthbotRebalancer/ArrayCollectionTest.php" line="216" assertions="2" time="0.000078"/>
      <testcase name="testSet" class="Test\Model\WealthbotRebalancer\ArrayCollectionTest" file="/home/vlad/work/wealthbot-core/system/Test/Case/Model/WealthbotRebalancer/ArrayCollectionTest.php" line="227" assertions="2" time="0.000074"/>
      <testcase name="testAdd" class="Test\Model\WealthbotRebalancer\ArrayCollectionTest" file="/home/vlad/work/wealthbot-core/system/Test/Case/Model/WealthbotRebalancer/ArrayCollectionTest.php" line="242" assertions="3" time="0.000071"/>
      <testcase name="testIsEmpty" class="Test\Model\WealthbotRebalancer\ArrayCollectionTest" file="/home/vlad/work/wealthbot-core/system/Test/Case/Model/WealthbotRebalancer/ArrayCollectionTest.php" line="257" assertions="2" time="0.000059"/>
      <testcase name="testGetIterator" class="Test\Model\WealthbotRebalancer\ArrayCollectionTest" file="/home/vlad/work/wealthbot-core/system/Test/Case/Model/WealthbotRebalancer/ArrayCollectionTest.php" line="266" assertions="1" time="0.000135"/>
      <testcase name="testToString" class="Test\Model\WealthbotRebalancer\ArrayCollectionTest" file="/home/vlad/work/wealthbot-core/system/Test/Case/Model/WealthbotRebalancer/ArrayCollectionTest.php" line="273" assertions="1" time="0.000059"/>
      <testcase name="testClear" class="Test\Model\WealthbotRebalancer\ArrayCollectionTest" file="/home/vlad/work/wealthbot-core/system/Test/Case/Model/WealthbotRebalancer/ArrayCollectionTest.php" line="278" assertions="1" time="0.000181"/>
      <testcase name="testSlice" class="Test\Model\WealthbotRebalancer\ArrayCollectionTest" file="/home/vlad/work/wealthbot-core/system/Test/Case/Model/WealthbotRebalancer/ArrayCollectionTest.php" line="285" assertions="13" time="0.000116"/>
    </testsuite>
    <testsuite name="Test\Model\WealthbotRebalancer\AssetClassTest" file="/home/vlad/work/wealthbot-core/system/Test/Case/Model/WealthbotRebalancer/AssetClassTest.php" tests="11" assertions="25" failures="0" errors="0" time="0.001365">
      <testcase name="testLoadFromArray" class="Test\Model\WealthbotRebalancer\AssetClassTest" file="/home/vlad/work/wealthbot-core/system/Test/Case/Model/WealthbotRebalancer/AssetClassTest.php" line="43" assertions="6" time="0.000475"/>
      <testcase name="testGetCurrentAllocation" class="Test\Model\WealthbotRebalancer\AssetClassTest" file="/home/vlad/work/wealthbot-core/system/Test/Case/Model/WealthbotRebalancer/AssetClassTest.php" line="61" assertions="1" time="0.000088"/>
      <testcase name="testSetCurrentAllocation" class="Test\Model\WealthbotRebalancer\AssetClassTest" file="/home/vlad/work/wealthbot-core/system/Test/Case/Model/WealthbotRebalancer/AssetClassTest.php" line="66" assertions="1" time="0.000085"/>
      <testcase name="testGetTargetAllocation" class="Test\Model\WealthbotRebalancer\AssetClassTest" file="/home/vlad/work/wealthbot-core/system/Test/Case/Model/WealthbotRebalancer/AssetClassTest.php" line="72" assertions="1" time="0.000083"/>
      <testcase name="testSetTargetAllocation" class="Test\Model\WealthbotRebalancer\AssetClassTest" file="/home/vlad/work/wealthbot-core/system/Test/Case/Model/WealthbotRebalancer/AssetClassTest.php" line="77" assertions="1" time="0.000082"/>
      <testcase name="testGetToleranceBand" class="Test\Model\WealthbotRebalancer\AssetClassTest" file="/home/vlad/work/wealthbot-core/system/Test/Case/Model/WealthbotRebalancer/AssetClassTest.php" line="83" assertions="1" time="0.000082"/>
      <testcase name="testSetToleranceBand" class="Test\Model\WealthbotRebalancer\AssetClassTest" file="/home/vlad/work/wealthbot-core/system/Test/Case/Model/WealthbotRebalancer/AssetClassTest.php" line="88" assertions="1" time="0.000084"/>
      <testcase name="testGetSubclasses" class="Test\Model\WealthbotRebalancer\AssetClassTest" file="/home/vlad/work/wealthbot-core/system/Test/Case/Model/WealthbotRebalancer/AssetClassTest.php" line="94" assertions="3" time="0.000093"/>
      <testcase name="testSetSubclasses" class="Test\Model\WealthbotRebalancer\AssetClassTest" file="/home/vlad/work/wealthbot-core/system/Test/Case/Model/WealthbotRebalancer/AssetClassTest.php" line="103" assertions="4" time="0.000102"/>
      <testcase name="testAddSubclass" class="Test\Model\WealthbotRebalancer\AssetClassTest" file="/home/vlad/work/wealthbot-core/system/Test/Case/Model/WealthbotRebalancer/AssetClassTest.php" line="129" assertions="4" time="0.000102"/>
      <testcase name="testCalcOOB" class="Test\Model\WealthbotRebalancer\AssetClassTest" file="/home/vlad/work/wealthbot-core/system/Test/Case/Model/WealthbotRebalancer/AssetClassTest.php" line="144" assertions="2" time="0.000089"/>
    </testsuite>
    <testsuite name="Test\Model\WealthbotRebalancer\BaseTest" file="/home/vlad/work/wealthbot-core/system/Test/Case/Model/WealthbotRebalancer/BaseTest.php" tests="3" assertions="4" failures="0" errors="0" time="0.000750">
      <testcase name="testGetId" class="Test\Model\WealthbotRebalancer\BaseTest" file="/home/vlad/work/wealthbot-core/system/Test/Case/Model/WealthbotRebalancer/BaseTest.php" line="29" assertions="1" time="0.000250"/>
      <testcase name="testSetId" class="Test\Model\WealthbotRebalancer\BaseTest" file="/home/vlad/work/wealthbot-core/system/Test/Case/Model/WealthbotRebalancer/BaseTest.php" line="34" assertions="1" time="0.000059"/>
      <testcase name="testLoadFromArrayException" class="Test\Model\WealthbotRebalancer\BaseTest" file="/home/vlad/work/wealthbot-core/system/Test/Case/Model/WealthbotRebalancer/BaseTest.php" line="46" assertions="2" time="0.000441"/>
    </testsuite>
    <testsuite name="Test\Model\WealthbotRebalancer\ClientTest" file="/home/vlad/work/wealthbot-core/system/Test/Case/Model/WealthbotRebalancer/ClientTest.php" tests="21" assertions="45" failures="0" errors="0" time="0.002355">
      <testcase name="testLoadFromArray" class="Test\Model\WealthbotRebalancer\ClientTest" file="/home/vlad/work/wealthbot-core/system/Test/Case/Model/WealthbotRebalancer/ClientTest.php" line="62" assertions="10" time="0.000190"/>
      <testcase name="testGetAccountManaged" class="Test\Model\WealthbotRebalancer\ClientTest" file="/home/vlad/work/wealthbot-core/system/Test/Case/Model/WealthbotRebalancer/ClientTest.php" line="80" assertions="1" time="0.000103"/>
      <testcase name="testSetAccountManaged" class="Test\Model\WealthbotRebalancer\ClientTest" file="/home/vlad/work/wealthbot-core/system/Test/Case/Model/WealthbotRebalancer/ClientTest.php" line="85" assertions="1" time="0.000101"/>
      <testcase name="testGetRia" class="Test\Model\WealthbotRebalancer\ClientTest" file="/home/vlad/work/wealthbot-core/system/Test/Case/Model/WealthbotRebalancer/ClientTest.php" line="91" assertions="2" time="0.000106"/>
      <testcase name="testSetRia" class="Test\Model\WealthbotRebalancer\ClientTest" file="/home/vlad/work/wealthbot-core/system/Test/Case/Model/WealthbotRebalancer/ClientTest.php" line="99" assertions="2" time="0.000109"/>
      <testcase name="testGetAccounts" class="Test\Model\WealthbotRebalancer\ClientTest" file="/home/vlad/work/wealthbot-core/system/Test/Case/Model/WealthbotRebalancer/ClientTest.php" line="111" assertions="3" time="0.000114"/>
      <testcase name="testSetAccounts" class="Test\Model\WealthbotRebalancer\ClientTest" file="/home/vlad/work/wealthbot-core/system/Test/Case/Model/WealthbotRebalancer/ClientTest.php" line="120" assertions="4" time="0.000124"/>
      <testcase name="testAddAccount" class="Test\Model\WealthbotRebalancer\ClientTest" file="/home/vlad/work/wealthbot-core/system/Test/Case/Model/WealthbotRebalancer/ClientTest.php" line="140" assertions="4" time="0.000119"/>
      <testcase name="testGetPortfolio" class="Test\Model\WealthbotRebalancer\ClientTest" file="/home/vlad/work/wealthbot-core/system/Test/Case/Model/WealthbotRebalancer/ClientTest.php" line="155" assertions="1" time="0.000099"/>
      <testcase name="testSetPortfolio" class="Test\Model\WealthbotRebalancer\ClientTest" file="/home/vlad/work/wealthbot-core/system/Test/Case/Model/WealthbotRebalancer/ClientTest.php" line="162" assertions="1" time="0.000101"/>
      <testcase name="testGetJob" class="Test\Model\WealthbotRebalancer\ClientTest" file="/home/vlad/work/wealthbot-core/system/Test/Case/Model/WealthbotRebalancer/ClientTest.php" line="172" assertions="1" time="0.000101"/>
      <testcase name="testSetJob" class="Test\Model\WealthbotRebalancer\ClientTest" file="/home/vlad/work/wealthbot-core/system/Test/Case/Model/WealthbotRebalancer/ClientTest.php" line="179" assertions="1" time="0.000100"/>
      <testcase name="testGetEmail" class="Test\Model\WealthbotRebalancer\ClientTest" file="/home/vlad/work/wealthbot-core/system/Test/Case/Model/WealthbotRebalancer/ClientTest.php" line="191" assertions="1" time="0.000098"/>
      <testcase name="testSetEmail" class="Test\Model\WealthbotRebalancer\ClientTest" file="/home/vlad/work/wealthbot-core/system/Test/Case/Model/WealthbotRebalancer/ClientTest.php" line="196" assertions="1" time="0.000098"/>
      <testcase name="testGetTaxBracket" class="Test\Model\WealthbotRebalancer\ClientTest" file="/home/vlad/work/wealthbot-core/system/Test/Case/Model/WealthbotRebalancer/ClientTest.php" line="202" assertions="1" time="0.000099"/>
      <testcase name="testSetTaxBracket" class="Test\Model\WealthbotRebalancer\ClientTest" file="/home/vlad/work/wealthbot-core/system/Test/Case/Model/WealthbotRebalancer/ClientTest.php" line="207" assertions="1" time="0.000099"/>
      <testcase name="testGetStopTlhValue" class="Test\Model\WealthbotRebalancer\ClientTest" file="/home/vlad/work/wealthbot-core/system/Test/Case/Model/WealthbotRebalancer/ClientTest.php" line="213" assertions="1" time="0.000098"/>
      <testcase name="testSetStopTlhValue" class="Test\Model\WealthbotRebalancer\ClientTest" file="/home/vlad/work/wealthbot-core/system/Test/Case/Model/WealthbotRebalancer/ClientTest.php" line="218" assertions="1" time="0.000102"/>
      <testcase name="testCanUseTlh" class="Test\Model\WealthbotRebalancer\ClientTest" file="/home/vlad/work/wealthbot-core/system/Test/Case/Model/WealthbotRebalancer/ClientTest.php" line="224" assertions="4" time="0.000188"/>
      <testcase name="testIsHouseholdLevelRebalance" class="Test\Model\WealthbotRebalancer\ClientTest" file="/home/vlad/work/wealthbot-core/system/Test/Case/Model/WealthbotRebalancer/ClientTest.php" line="260" assertions="2" time="0.000104"/>
      <testcase name="testIsAccountLevelRebalance" class="Test\Model\WealthbotRebalancer\ClientTest" file="/home/vlad/work/wealthbot-core/system/Test/Case/Model/WealthbotRebalancer/ClientTest.php" line="269" assertions="2" time="0.000101"/>
    </testsuite>
    <testsuite name="Test\Model\WealthbotRebalancer\DistributionTest" file="/home/vlad/work/wealthbot-core/system/Test/Case/Model/WealthbotRebalancer/DistributionTest.php" tests="8" assertions="15" failures="0" errors="0" time="0.001055">
      <testcase name="testLoadFromArray" class="Test\Model\WealthbotRebalancer\DistributionTest" file="/home/vlad/work/wealthbot-core/system/Test/Case/Model/WealthbotRebalancer/DistributionTest.php" line="38" assertions="8" time="0.000349"/>
      <testcase name="testSetType" class="Test\Model\WealthbotRebalancer\DistributionTest" file="/home/vlad/work/wealthbot-core/system/Test/Case/Model/WealthbotRebalancer/DistributionTest.php" line="50" assertions="1" time="0.000107"/>
      <testcase name="testSetTransferMethod" class="Test\Model\WealthbotRebalancer\DistributionTest" file="/home/vlad/work/wealthbot-core/system/Test/Case/Model/WealthbotRebalancer/DistributionTest.php" line="56" assertions="1" time="0.000102"/>
      <testcase name="testSetAmount" class="Test\Model\WealthbotRebalancer\DistributionTest" file="/home/vlad/work/wealthbot-core/system/Test/Case/Model/WealthbotRebalancer/DistributionTest.php" line="62" assertions="1" time="0.000095"/>
      <testcase name="testSetFrequency" class="Test\Model\WealthbotRebalancer\DistributionTest" file="/home/vlad/work/wealthbot-core/system/Test/Case/Model/WealthbotRebalancer/DistributionTest.php" line="68" assertions="1" time="0.000096"/>
      <testcase name="testSetTransferDate" class="Test\Model\WealthbotRebalancer\DistributionTest" file="/home/vlad/work/wealthbot-core/system/Test/Case/Model/WealthbotRebalancer/DistributionTest.php" line="74" assertions="1" time="0.000103"/>
      <testcase name="testSetCreatedAt" class="Test\Model\WealthbotRebalancer\DistributionTest" file="/home/vlad/work/wealthbot-core/system/Test/Case/Model/WealthbotRebalancer/DistributionTest.php" line="80" assertions="1" time="0.000102"/>
      <testcase name="testSetUpdatedAt" class="Test\Model\WealthbotRebalancer\DistributionTest" file="/home/vlad/work/wealthbot-core/system/Test/Case/Model/WealthbotRebalancer/DistributionTest.php" line="86" assertions="1" time="0.000101"/>
    </testsuite>
    <testsuite name="Test\Model\WealthbotRebalancer\HolidayTest" file="/home/vlad/work/wealthbot-core/system/Test/Case/Model/WealthbotRebalancer/HolidayTest.php" tests="5" assertions="6" failures="0" errors="0" time="0.000603">
      <testcase name="testLoadFromArray" class="Test\Model\WealthbotRebalancer\HolidayTest" file="/home/vlad/work/wealthbot-core/system/Test/Case/Model/WealthbotRebalancer/HolidayTest.php" line="32" assertions="2" time="0.000314"/>
      <testcase name="testGetDate" class="Test\Model\WealthbotRebalancer\HolidayTest" file="/home/vlad/work/wealthbot-core/system/Test/Case/Model/WealthbotRebalancer/HolidayTest.php" line="40" assertions="1" time="0.000092"/>
      <testcase name="testSetDate" class="Test\Model\WealthbotRebalancer\HolidayTest" file="/home/vlad/work/wealthbot-core/system/Test/Case/Model/WealthbotRebalancer/HolidayTest.php" line="47" assertions="1" time="0.000073"/>
      <testcase name="testGetType" class="Test\Model\WealthbotRebalancer\HolidayTest" file="/home/vlad/work/wealthbot-core/system/Test/Case/Model/WealthbotRebalancer/HolidayTest.php" line="55" assertions="1" time="0.000061"/>
      <testcase name="testSetType" class="Test\Model\WealthbotRebalancer\HolidayTest" file="/home/vlad/work/wealthbot-core/system/Test/Case/Model/WealthbotRebalancer/HolidayTest.php" line="60" assertions="1" time="0.000063"/>
    </testsuite>
    <testsuite name="Test\Model\WealthbotRebalancer\JobTest" file="/home/vlad/work/wealthbot-core/system/Test/Case/Model/WealthbotRebalancer/JobTest.php" tests="15" assertions="24" failures="0" errors="0" time="0.001408">
      <testcase name="testLoadFromArray" class="Test\Model\WealthbotRebalancer\JobTest" file="/home/vlad/work/wealthbot-core/system/Test/Case/Model/WealthbotRebalancer/JobTest.php" line="39" assertions="7" time="0.000156"/>
      <testcase name="testGetName" class="Test\Model\WealthbotRebalancer\JobTest" file="/home/vlad/work/wealthbot-core/system/Test/Case/Model/WealthbotRebalancer/JobTest.php" line="52" assertions="1" time="0.000093"/>
      <testcase name="testGetRebalanceType" class="Test\Model\WealthbotRebalancer\JobTest" file="/home/vlad/work/wealthbot-core/system/Test/Case/Model/WealthbotRebalancer/JobTest.php" line="57" assertions="1" time="0.000091"/>
      <testcase name="testSetRebalanceType" class="Test\Model\WealthbotRebalancer\JobTest" file="/home/vlad/work/wealthbot-core/system/Test/Case/Model/WealthbotRebalancer/JobTest.php" line="62" assertions="1" time="0.000092"/>
      <testcase name="testIsFullRebalance" class="Test\Model\WealthbotRebalancer\JobTest" file="/home/vlad/work/wealthbot-core/system/Test/Case/Model/WealthbotRebalancer/JobTest.php" line="68" assertions="2" time="0.000094"/>
      <testcase name="testIsRequiredCashRebalance" class="Test\Model\WealthbotRebalancer\JobTest" file="/home/vlad/work/wealthbot-core/system/Test/Case/Model/WealthbotRebalancer/JobTest.php" line="76" assertions="2" time="0.000091"/>
      <testcase name="testIsFullAndTlhRebalance" class="Test\Model\WealthbotRebalancer\JobTest" file="/home/vlad/work/wealthbot-core/system/Test/Case/Model/WealthbotRebalancer/JobTest.php" line="84" assertions="2" time="0.000091"/>
      <testcase name="testGetStartedAt" class="Test\Model\WealthbotRebalancer\JobTest" file="/home/vlad/work/wealthbot-core/system/Test/Case/Model/WealthbotRebalancer/JobTest.php" line="92" assertions="1" time="0.000088"/>
      <testcase name="testSetStartedAt" class="Test\Model\WealthbotRebalancer\JobTest" file="/home/vlad/work/wealthbot-core/system/Test/Case/Model/WealthbotRebalancer/JobTest.php" line="97" assertions="1" time="0.000088"/>
      <testcase name="testGetFinishedAt" class="Test\Model\WealthbotRebalancer\JobTest" file="/home/vlad/work/wealthbot-core/system/Test/Case/Model/WealthbotRebalancer/JobTest.php" line="104" assertions="1" time="0.000087"/>
      <testcase name="testSetFinishedAt" class="Test\Model\WealthbotRebalancer\JobTest" file="/home/vlad/work/wealthbot-core/system/Test/Case/Model/WealthbotRebalancer/JobTest.php" line="109" assertions="1" time="0.000086"/>
      <testcase name="testGetIsError" class="Test\Model\WealthbotRebalancer\JobTest" file="/home/vlad/work/wealthbot-core/system/Test/Case/Model/WealthbotRebalancer/JobTest.php" line="116" assertions="1" time="0.000085"/>
      <testcase name="testSetIsError" class="Test\Model\WealthbotRebalancer\JobTest" file="/home/vlad/work/wealthbot-core/system/Test/Case/Model/WealthbotRebalancer/JobTest.php" line="121" assertions="1" time="0.000089"/>
      <testcase name="testGetRia" class="Test\Model\WealthbotRebalancer\JobTest" file="/home/vlad/work/wealthbot-core/system/Test/Case/Model/WealthbotRebalancer/JobTest.php" line="128" assertions="1" time="0.000088"/>
      <testcase name="testSetRia" class="Test\Model\WealthbotRebalancer\JobTest" file="/home/vlad/work/wealthbot-core/system/Test/Case/Model/WealthbotRebalancer/JobTest.php" line="135" assertions="1" time="0.000089"/>
    </testsuite>
    <testsuite name="Test\Model\WealthbotRebalancer\LotTest" file="/home/vlad/work/wealthbot-core/system/Test/Case/Model/WealthbotRebalancer/LotTest.php" tests="30" assertions="42" failures="0" errors="0" time="0.004183">
      <testcase name="testGetAmount" class="Test\Model\WealthbotRebalancer\LotTest" file="/home/vlad/work/wealthbot-core/system/Test/Case/Model/WealthbotRebalancer/LotTest.php" line="41" assertions="1" time="0.000173"/>
      <testcase name="testSetAmount" class="Test\Model\WealthbotRebalancer\LotTest" file="/home/vlad/work/wealthbot-core/system/Test/Case/Model/WealthbotRebalancer/LotTest.php" line="46" assertions="1" time="0.000135"/>
      <testcase name="testGetQuantity" class="Test\Model\WealthbotRebalancer\LotTest" file="/home/vlad/work/wealthbot-core/system/Test/Case/Model/WealthbotRebalancer/LotTest.php" line="52" assertions="1" time="0.000134"/>
      <testcase name="testSetQuantity" class="Test\Model\WealthbotRebalancer\LotTest" file="/home/vlad/work/wealthbot-core/system/Test/Case/Model/WealthbotRebalancer/LotTest.php" line="57" assertions="1" time="0.000135"/>
      <testcase name="testGetDate" class="Test\Model\WealthbotRebalancer\LotTest" file="/home/vlad/work/wealthbot-core/system/Test/Case/Model/WealthbotRebalancer/LotTest.php" line="63" assertions="1" time="0.000132"/>
      <testcase name="testSetDate" class="Test\Model\WealthbotRebalancer\LotTest" file="/home/vlad/work/wealthbot-core/system/Test/Case/Model/WealthbotRebalancer/LotTest.php" line="68" assertions="1" time="0.000139"/>
      <testcase name="testGetStatus" class="Test\Model\WealthbotRebalancer\LotTest" file="/home/vlad/work/wealthbot-core/system/Test/Case/Model/WealthbotRebalancer/LotTest.php" line="74" assertions="1" time="0.000130"/>
      <testcase name="testSetStatus" class="Test\Model\WealthbotRebalancer\LotTest" file="/home/vlad/work/wealthbot-core/system/Test/Case/Model/WealthbotRebalancer/LotTest.php" line="79" assertions="1" time="0.000129"/>
      <testcase name="testIsInitial" class="Test\Model\WealthbotRebalancer\LotTest" file="/home/vlad/work/wealthbot-core/system/Test/Case/Model/WealthbotRebalancer/LotTest.php" line="86" assertions="2" time="0.000135"/>
      <testcase name="testIsOpen" class="Test\Model\WealthbotRebalancer\LotTest" file="/home/vlad/work/wealthbot-core/system/Test/Case/Model/WealthbotRebalancer/LotTest.php" line="94" assertions="2" time="0.000134"/>
      <testcase name="testIsClosed" class="Test\Model\WealthbotRebalancer\LotTest" file="/home/vlad/work/wealthbot-core/system/Test/Case/Model/WealthbotRebalancer/LotTest.php" line="102" assertions="2" time="0.000135"/>
      <testcase name="testGetAge" class="Test\Model\WealthbotRebalancer\LotTest" file="/home/vlad/work/wealthbot-core/system/Test/Case/Model/WealthbotRebalancer/LotTest.php" line="110" assertions="1" time="0.000130"/>
      <testcase name="testSetAge" class="Test\Model\WealthbotRebalancer\LotTest" file="/home/vlad/work/wealthbot-core/system/Test/Case/Model/WealthbotRebalancer/LotTest.php" line="115" assertions="1" time="0.000130"/>
      <testcase name="testCalcPrice" class="Test\Model\WealthbotRebalancer\LotTest" file="/home/vlad/work/wealthbot-core/system/Test/Case/Model/WealthbotRebalancer/LotTest.php" line="121" assertions="2" time="0.000135"/>
      <testcase name="testSell" class="Test\Model\WealthbotRebalancer\LotTest" file="/home/vlad/work/wealthbot-core/system/Test/Case/Model/WealthbotRebalancer/LotTest.php" line="130" assertions="4" time="0.000142"/>
      <testcase name="testGetWasClosed" class="Test\Model\WealthbotRebalancer\LotTest" file="/home/vlad/work/wealthbot-core/system/Test/Case/Model/WealthbotRebalancer/LotTest.php" line="141" assertions="1" time="0.000126"/>
      <testcase name="testSetWasClosed" class="Test\Model\WealthbotRebalancer\LotTest" file="/home/vlad/work/wealthbot-core/system/Test/Case/Model/WealthbotRebalancer/LotTest.php" line="146" assertions="1" time="0.000133"/>
      <testcase name="testGetInitial" class="Test\Model\WealthbotRebalancer\LotTest" file="/home/vlad/work/wealthbot-core/system/Test/Case/Model/WealthbotRebalancer/LotTest.php" line="153" assertions="1" time="0.000133"/>
      <testcase name="testSetInitial" class="Test\Model\WealthbotRebalancer\LotTest" file="/home/vlad/work/wealthbot-core/system/Test/Case/Model/WealthbotRebalancer/LotTest.php" line="158" assertions="1" time="0.000156"/>
      <testcase name="testGetInitialLotId" class="Test\Model\WealthbotRebalancer\LotTest" file="/home/vlad/work/wealthbot-core/system/Test/Case/Model/WealthbotRebalancer/LotTest.php" line="167" assertions="1" time="0.000130"/>
      <testcase name="testGetRealizedGainOrLoss" class="Test\Model\WealthbotRebalancer\LotTest" file="/home/vlad/work/wealthbot-core/system/Test/Case/Model/WealthbotRebalancer/LotTest.php" line="173" assertions="1" time="0.000131"/>
      <testcase name="testSetRealizedGainOrLoss" class="Test\Model\WealthbotRebalancer\LotTest" file="/home/vlad/work/wealthbot-core/system/Test/Case/Model/WealthbotRebalancer/LotTest.php" line="178" assertions="1" time="0.000130"/>
      <testcase name="testGetPositionId" class="Test\Model\WealthbotRebalancer\LotTest" file="/home/vlad/work/wealthbot-core/system/Test/Case/Model/WealthbotRebalancer/LotTest.php" line="185" assertions="1" time="0.000129"/>
      <testcase name="testSetPositionId" class="Test\Model\WealthbotRebalancer\LotTest" file="/home/vlad/work/wealthbot-core/system/Test/Case/Model/WealthbotRebalancer/LotTest.php" line="190" assertions="1" time="0.000131"/>
      <testcase name="testGetIsMuni" class="Test\Model\WealthbotRebalancer\LotTest" file="/home/vlad/work/wealthbot-core/system/Test/Case/Model/WealthbotRebalancer/LotTest.php" line="196" assertions="1" time="0.000135"/>
      <testcase name="testSetIsMuni" class="Test\Model\WealthbotRebalancer\LotTest" file="/home/vlad/work/wealthbot-core/system/Test/Case/Model/WealthbotRebalancer/LotTest.php" line="201" assertions="2" time="0.000136"/>
      <testcase name="testGetCostBasis" class="Test\Model\WealthbotRebalancer\LotTest" file="/home/vlad/work/wealthbot-core/system/Test/Case/Model/WealthbotRebalancer/LotTest.php" line="210" assertions="1" time="0.000129"/>
      <testcase name="testSetCostBasis" class="Test\Model\WealthbotRebalancer\LotTest" file="/home/vlad/work/wealthbot-core/system/Test/Case/Model/WealthbotRebalancer/LotTest.php" line="215" assertions="1" time="0.000128"/>
      <testcase name="testInterval" class="Test\Model\WealthbotRebalancer\LotTest" file="/home/vlad/work/wealthbot-core/system/Test/Case/Model/WealthbotRebalancer/LotTest.php" line="222" assertions="2" time="0.000191"/>
      <testcase name="testIsShortTerm" class="Test\Model\WealthbotRebalancer\LotTest" file="/home/vlad/work/wealthbot-core/system/Test/Case/Model/WealthbotRebalancer/LotTest.php" line="231" assertions="4" time="0.000218"/>
    </testsuite>
    <testsuite name="Test\Model\WealthbotRebalancer\PortfolioTest" file="/home/vlad/work/wealthbot-core/system/Test/Case/Model/WealthbotRebalancer/PortfolioTest.php" tests="16" assertions="19" failures="0" errors="0" time="0.001905">
      <testcase name="testGetSecurities" class="Test\Model\WealthbotRebalancer\PortfolioTest" file="/home/vlad/work/wealthbot-core/system/Test/Case/Model/WealthbotRebalancer/PortfolioTest.php" line="41" assertions="3" time="0.000169"/>
      <testcase name="testSetSecurities" class="Test\Model\WealthbotRebalancer\PortfolioTest" file="/home/vlad/work/wealthbot-core/system/Test/Case/Model/WealthbotRebalancer/PortfolioTest.php" line="50" assertions="2" time="0.000132"/>
      <testcase name="testGetTotalValue" class="Test\Model\WealthbotRebalancer\PortfolioTest" file="/home/vlad/work/wealthbot-core/system/Test/Case/Model/WealthbotRebalancer/PortfolioTest.php" line="65" assertions="1" time="0.000117"/>
      <testcase name="testSetTotalValue" class="Test\Model\WealthbotRebalancer\PortfolioTest" file="/home/vlad/work/wealthbot-core/system/Test/Case/Model/WealthbotRebalancer/PortfolioTest.php" line="70" assertions="1" time="0.000114"/>
      <testcase name="testGetTotalInSecurities" class="Test\Model\WealthbotRebalancer\PortfolioTest" file="/home/vlad/work/wealthbot-core/system/Test/Case/Model/WealthbotRebalancer/PortfolioTest.php" line="77" assertions="1" time="0.000112"/>
      <testcase name="testSetTotalInSecurities" class="Test\Model\WealthbotRebalancer\PortfolioTest" file="/home/vlad/work/wealthbot-core/system/Test/Case/Model/WealthbotRebalancer/PortfolioTest.php" line="82" assertions="1" time="0.000126"/>
      <testcase name="testGetTotalCashInAccounts" class="Test\Model\WealthbotRebalancer\PortfolioTest" file="/home/vlad/work/wealthbot-core/system/Test/Case/Model/WealthbotRebalancer/PortfolioTest.php" line="89" assertions="1" time="0.000115"/>
      <testcase name="testSetTotalCashInAccounts" class="Test\Model\WealthbotRebalancer\PortfolioTest" file="/home/vlad/work/wealthbot-core/system/Test/Case/Model/WealthbotRebalancer/PortfolioTest.php" line="94" assertions="1" time="0.000111"/>
      <testcase name="testGetTotalCashInMoneyMarket" class="Test\Model\WealthbotRebalancer\PortfolioTest" file="/home/vlad/work/wealthbot-core/system/Test/Case/Model/WealthbotRebalancer/PortfolioTest.php" line="101" assertions="1" time="0.000116"/>
      <testcase name="testSetTotalCashInMoneyMarket" class="Test\Model\WealthbotRebalancer\PortfolioTest" file="/home/vlad/work/wealthbot-core/system/Test/Case/Model/WealthbotRebalancer/PortfolioTest.php" line="106" assertions="1" time="0.000117"/>
      <testcase name="testGetSasCash" class="Test\Model\WealthbotRebalancer\PortfolioTest" file="/home/vlad/work/wealthbot-core/system/Test/Case/Model/WealthbotRebalancer/PortfolioTest.php" line="113" assertions="1" time="0.000113"/>
      <testcase name="testSetSasCash" class="Test\Model\WealthbotRebalancer\PortfolioTest" file="/home/vlad/work/wealthbot-core/system/Test/Case/Model/WealthbotRebalancer/PortfolioTest.php" line="118" assertions="1" time="0.000113"/>
      <testcase name="testGetCashBuffer" class="Test\Model\WealthbotRebalancer\PortfolioTest" file="/home/vlad/work/wealthbot-core/system/Test/Case/Model/WealthbotRebalancer/PortfolioTest.php" line="125" assertions="1" time="0.000112"/>
      <testcase name="testSetCashBuffer" class="Test\Model\WealthbotRebalancer\PortfolioTest" file="/home/vlad/work/wealthbot-core/system/Test/Case/Model/WealthbotRebalancer/PortfolioTest.php" line="130" assertions="1" time="0.000114"/>
      <testcase name="testGetBillingCash" class="Test\Model\WealthbotRebalancer\PortfolioTest" file="/home/vlad/work/wealthbot-core/system/Test/Case/Model/WealthbotRebalancer/PortfolioTest.php" line="137" assertions="1" time="0.000111"/>
      <testcase name="testSetBillingCash" class="Test\Model\WealthbotRebalancer\PortfolioTest" file="/home/vlad/work/wealthbot-core/system/Test/Case/Model/WealthbotRebalancer/PortfolioTest.php" line="142" assertions="1" time="0.000113"/>
    </testsuite>
    <testsuite name="Test\Model\WealthbotRebalancer\PositionTest" file="/home/vlad/work/wealthbot-core/system/Test/Case/Model/WealthbotRebalancer/PositionTest.php" tests="2" assertions="2" failures="0" errors="0" time="0.000371">
      <testcase name="testGetAmount" class="Test\Model\WealthbotRebalancer\PositionTest" file="/home/vlad/work/wealthbot-core/system/Test/Case/Model/WealthbotRebalancer/PositionTest.php" line="28" assertions="1" time="0.000305"/>
      <testcase name="testSetAmount" class="Test\Model\WealthbotRebalancer\PositionTest" file="/home/vlad/work/wealthbot-core/system/Test/Case/Model/WealthbotRebalancer/PositionTest.php" line="33" assertions="1" time="0.000066"/>
    </testsuite>
    <testsuite name="Test\Model\WealthbotRebalancer\QueueItemTest" file="/home/vlad/work/wealthbot-core/system/Test/Case/Model/WealthbotRebalancer/QueueItemTest.php" tests="18" assertions="20" failures="0" errors="0" time="0.002291">
      <testcase name="testGetSubclass" class="Test\Model\WealthbotRebalancer\QueueItemTest" file="/home/vlad/work/wealthbot-core/system/Test/Case/Model/WealthbotRebalancer/QueueItemTest.php" line="39" assertions="1" time="0.000165"/>
      <testcase name="testSetSubclass" class="Test\Model\WealthbotRebalancer\QueueItemTest" file="/home/vlad/work/wealthbot-core/system/Test/Case/Model/WealthbotRebalancer/QueueItemTest.php" line="44" assertions="1" time="0.000127"/>
      <testcase name="testGetRebalancerActionId" class="Test\Model\WealthbotRebalancer\QueueItemTest" file="/home/vlad/work/wealthbot-core/system/Test/Case/Model/WealthbotRebalancer/QueueItemTest.php" line="54" assertions="1" time="0.000121"/>
      <testcase name="testSetRebalancerActionId" class="Test\Model\WealthbotRebalancer\QueueItemTest" file="/home/vlad/work/wealthbot-core/system/Test/Case/Model/WealthbotRebalancer/QueueItemTest.php" line="59" assertions="1" time="0.000135"/>
      <testcase name="testGetLot" class="Test\Model\WealthbotRebalancer\QueueItemTest" file="/home/vlad/work/wealthbot-core/system/Test/Case/Model/WealthbotRebalancer/QueueItemTest.php" line="65" assertions="1" time="0.000120"/>
      <testcase name="testSetLotId" class="Test\Model\WealthbotRebalancer\QueueItemTest" file="/home/vlad/work/wealthbot-core/system/Test/Case/Model/WealthbotRebalancer/QueueItemTest.php" line="70" assertions="1" time="0.000137"/>
      <testcase name="testGetSecurity" class="Test\Model\WealthbotRebalancer\QueueItemTest" file="/home/vlad/work/wealthbot-core/system/Test/Case/Model/WealthbotRebalancer/QueueItemTest.php" line="79" assertions="1" time="0.000121"/>
      <testcase name="testSetSecurity" class="Test\Model\WealthbotRebalancer\QueueItemTest" file="/home/vlad/work/wealthbot-core/system/Test/Case/Model/WealthbotRebalancer/QueueItemTest.php" line="84" assertions="1" time="0.000138"/>
      <testcase name="testGetQuantity" class="Test\Model\WealthbotRebalancer\QueueItemTest" file="/home/vlad/work/wealthbot-core/system/Test/Case/Model/WealthbotRebalancer/QueueItemTest.php" line="94" assertions="1" time="0.000123"/>
      <testcase name="testSetQuantity" class="Test\Model\WealthbotRebalancer\QueueItemTest" file="/home/vlad/work/wealthbot-core/system/Test/Case/Model/WealthbotRebalancer/QueueItemTest.php" line="99" assertions="1" time="0.000120"/>
      <testcase name="testGetAmount" class="Test\Model\WealthbotRebalancer\QueueItemTest" file="/home/vlad/work/wealthbot-core/system/Test/Case/Model/WealthbotRebalancer/QueueItemTest.php" line="105" assertions="1" time="0.000122"/>
      <testcase name="testSetAmount" class="Test\Model\WealthbotRebalancer\QueueItemTest" file="/home/vlad/work/wealthbot-core/system/Test/Case/Model/WealthbotRebalancer/QueueItemTest.php" line="110" assertions="1" time="0.000122"/>
      <testcase name="testGetAccount" class="Test\Model\WealthbotRebalancer\QueueItemTest" file="/home/vlad/work/wealthbot-core/system/Test/Case/Model/WealthbotRebalancer/QueueItemTest.php" line="117" assertions="1" time="0.000120"/>
      <testcase name="testSetAccount" class="Test\Model\WealthbotRebalancer\QueueItemTest" file="/home/vlad/work/wealthbot-core/system/Test/Case/Model/WealthbotRebalancer/QueueItemTest.php" line="122" assertions="1" time="0.000123"/>
      <testcase name="testGetStatus" class="Test\Model\WealthbotRebalancer\QueueItemTest" file="/home/vlad/work/wealthbot-core/system/Test/Case/Model/WealthbotRebalancer/QueueItemTest.php" line="132" assertions="1" time="0.000122"/>
      <testcase name="testSetStatus" class="Test\Model\WealthbotRebalancer\QueueItemTest" file="/home/vlad/work/wealthbot-core/system/Test/Case/Model/WealthbotRebalancer/QueueItemTest.php" line="137" assertions="1" time="0.000120"/>
      <testcase name="testIsStatusSell" class="Test\Model\WealthbotRebalancer\QueueItemTest" file="/home/vlad/work/wealthbot-core/system/Test/Case/Model/WealthbotRebalancer/QueueItemTest.php" line="143" assertions="2" time="0.000127"/>
      <testcase name="testIsStatusBuy" class="Test\Model\WealthbotRebalancer\QueueItemTest" file="/home/vlad/work/wealthbot-core/system/Test/Case/Model/WealthbotRebalancer/QueueItemTest.php" line="151" assertions="2" time="0.000128"/>
    </testsuite>
    <testsuite name="Test\Model\WealthbotRebalancer\RebalancerActionTest" file="/home/vlad/work/wealthbot-core/system/Test/Case/Model/WealthbotRebalancer/RebalancerActionTest.php" tests="11" assertions="15" failures="0" errors="0" time="0.000841">
      <testcase name="testLoadFromArray" class="Test\Model\WealthbotRebalancer\RebalancerActionTest" file="/home/vlad/work/wealthbot-core/system/Test/Case/Model/WealthbotRebalancer/RebalancerActionTest.php" line="41" assertions="5" time="0.000122"/>
      <testcase name="testGetAccountId" class="Test\Model\WealthbotRebalancer\RebalancerActionTest" file="/home/vlad/work/wealthbot-core/system/Test/Case/Model/WealthbotRebalancer/RebalancerActionTest.php" line="50" assertions="1" time="0.000073"/>
      <testcase name="testSetAccountId" class="Test\Model\WealthbotRebalancer\RebalancerActionTest" file="/home/vlad/work/wealthbot-core/system/Test/Case/Model/WealthbotRebalancer/RebalancerActionTest.php" line="55" assertions="1" time="0.000075"/>
      <testcase name="testGetJob" class="Test\Model\WealthbotRebalancer\RebalancerActionTest" file="/home/vlad/work/wealthbot-core/system/Test/Case/Model/WealthbotRebalancer/RebalancerActionTest.php" line="62" assertions="1" time="0.000071"/>
      <testcase name="testSetJob" class="Test\Model\WealthbotRebalancer\RebalancerActionTest" file="/home/vlad/work/wealthbot-core/system/Test/Case/Model/WealthbotRebalancer/RebalancerActionTest.php" line="67" assertions="1" time="0.000072"/>
      <testcase name="testGetPortfolioId" class="Test\Model\WealthbotRebalancer\RebalancerActionTest" file="/home/vlad/work/wealthbot-core/system/Test/Case/Model/WealthbotRebalancer/RebalancerActionTest.php" line="77" assertions="1" time="0.000074"/>
      <testcase name="testSetPortfolioId" class="Test\Model\WealthbotRebalancer\RebalancerActionTest" file="/home/vlad/work/wealthbot-core/system/Test/Case/Model/WealthbotRebalancer/RebalancerActionTest.php" line="82" assertions="1" time="0.000071"/>
      <testcase name="testGetClient" class="Test\Model\WealthbotRebalancer\RebalancerActionTest" file="/home/vlad/work/wealthbot-core/system/Test/Case/Model/WealthbotRebalancer/RebalancerActionTest.php" line="89" assertions="1" time="0.000069"/>
      <testcase name="testSetClient" class="Test\Model\WealthbotRebalancer\RebalancerActionTest" file="/home/vlad/work/wealthbot-core/system/Test/Case/Model/WealthbotRebalancer/RebalancerActionTest.php" line="94" assertions="1" time="0.000073"/>
      <testcase name="testGetStatus" class="Test\Model\WealthbotRebalancer\RebalancerActionTest" file="/home/vlad/work/wealthbot-core/system/Test/Case/Model/WealthbotRebalancer/RebalancerActionTest.php" line="104" assertions="1" time="0.000069"/>
      <testcase name="testSetStatus" class="Test\Model\WealthbotRebalancer\RebalancerActionTest" file="/home/vlad/work/wealthbot-core/system/Test/Case/Model/WealthbotRebalancer/RebalancerActionTest.php" line="109" assertions="1" time="0.000072"/>
    </testsuite>
    <testsuite name="Test\Model\WealthbotRebalancer\RebalancerQueueTest" file="/home/vlad/work/wealthbot-core/system/Test/Case/Model/WealthbotRebalancer/RebalancerQueueTest.php" tests="2" assertions="16" failures="0" errors="0" time="0.000529">
      <testcase name="testExistsInQueue" class="Test\Model\WealthbotRebalancer\RebalancerQueueTest" file="/home/vlad/work/wealthbot-core/system/Test/Case/Model/WealthbotRebalancer/RebalancerQueueTest.php" line="25" assertions="7" time="0.000310"/>
      <testcase name="testAddItem" class="Test\Model\WealthbotRebalancer\RebalancerQueueTest" file="/home/vlad/work/wealthbot-core/system/Test/Case/Model/WealthbotRebalancer/RebalancerQueueTest.php" line="93" assertions="9" time="0.000219"/>
    </testsuite>
    <testsuite name="Test\Model\WealthbotRebalancer\Repository\AccountRepositoryTest" file="/home/vlad/work/wealthbot-core/system/Test/Case/Model/WealthbotRebalancer/Repository/AccountRepositoryTest.php" tests="7" assertions="2" failures="0" errors="5" time="0.004489">
      <testcase name="testFindClientAccounts" class="Test\Model\WealthbotRebalancer\Repository\AccountRepositoryTest" file="/home/vlad/work/wealthbot-core/system/Test/Case/Model/WealthbotRebalancer/Repository/AccountRepositoryTest.php" line="29" assertions="0" time="0.000240">
        <error type="PHPUnit_Framework_ExceptionWrapper">Test\Model\WealthbotRebalancer\Repository\AccountRepositoryTest::testFindClientAccounts
ErrorException: Notice: Undefined property: Model\WealthbotRebalancer\Repository\ClientRepository::$mySqlDB in /home/vlad/work/wealthbot-core/system/Model/WealthbotRebalancer/Repository/ClientRepository.php line 66

/home/vlad/work/wealthbot-core/system/Model/WealthbotRebalancer/Repository/ClientRepository.php:66
/home/vlad/work/wealthbot-core/system/Test/Case/Model/WealthbotRebalancer/Repository/AccountRepositoryTest.php:32
/home/vlad/.composer/vendor/phpunit/phpunit/src/TextUI/Command.php:152
/home/vlad/.composer/vendor/phpunit/phpunit/src/TextUI/Command.php:104
</error>
      </testcase>
      <testcase name="testLoadAccountValues" class="Test\Model\WealthbotRebalancer\Repository\AccountRepositoryTest" file="/home/vlad/work/wealthbot-core/system/Test/Case/Model/WealthbotRebalancer/Repository/AccountRepositoryTest.php" line="42" assertions="0" time="0.000196">
        <error type="PHPUnit_Framework_ExceptionWrapper">Test\Model\WealthbotRebalancer\Repository\AccountRepositoryTest::testLoadAccountValues
ErrorException: Warning: SQLite3::prepare(): Unable to prepare statement: 1, no such table: system_client_accounts in /home/vlad/work/wealthbot-core/system/Database/WealthbotSqliteConnection.php line 80

/home/vlad/work/wealthbot-core/system/Database/WealthbotSqliteConnection.php:80
/home/vlad/work/wealthbot-core/system/Database/WealthbotSqliteConnection.php:57
/home/vlad/work/wealthbot-core/system/Model/WealthbotRebalancer/Repository/BaseRepository.php:149
/home/vlad/work/wealthbot-core/system/Model/WealthbotRebalancer/Repository/BaseRepository.php:92
/home/vlad/work/wealthbot-core/system/Model/WealthbotRebalancer/Repository/AccountRepository.php:33
/home/vlad/work/wealthbot-core/system/Test/Case/Model/WealthbotRebalancer/Repository/AccountRepositoryTest.php:44
/home/vlad/.composer/vendor/phpunit/phpunit/src/TextUI/Command.php:152
/home/vlad/.composer/vendor/phpunit/phpunit/src/TextUI/Command.php:104
</error>
        <system-out>string(83) "SELECT * FROM system_client_accounts WHERE account_number = :account_number LIMIT 1"
</system-out>
      </testcase>
      <testcase name="testFindOneByAccountNumber" class="Test\Model\WealthbotRebalancer\Repository\AccountRepositoryTest" file="/home/vlad/work/wealthbot-core/system/Test/Case/Model/WealthbotRebalancer/Repository/AccountRepositoryTest.php" line="53" assertions="0" time="0.000162">
        <error type="PHPUnit_Framework_ExceptionWrapper">Test\Model\WealthbotRebalancer\Repository\AccountRepositoryTest::testFindOneByAccountNumber
ErrorException: Warning: SQLite3::prepare(): Unable to prepare statement: 1, no such table: system_client_accounts in /home/vlad/work/wealthbot-core/system/Database/WealthbotSqliteConnection.php line 80

/home/vlad/work/wealthbot-core/system/Database/WealthbotSqliteConnection.php:80
/home/vlad/work/wealthbot-core/system/Database/WealthbotSqliteConnection.php:57
/home/vlad/work/wealthbot-core/system/Model/WealthbotRebalancer/Repository/BaseRepository.php:149
/home/vlad/work/wealthbot-core/system/Model/WealthbotRebalancer/Repository/BaseRepository.php:92
/home/vlad/work/wealthbot-core/system/Model/WealthbotRebalancer/Repository/AccountRepository.php:33
/home/vlad/work/wealthbot-core/system/Test/Case/Model/WealthbotRebalancer/Repository/AccountRepositoryTest.php:55
/home/vlad/.composer/vendor/phpunit/phpunit/src/TextUI/Command.php:152
/home/vlad/.composer/vendor/phpunit/phpunit/src/TextUI/Command.php:104
</error>
        <system-out>string(83) "SELECT * FROM system_client_accounts WHERE account_number = :account_number LIMIT 1"
</system-out>
      </testcase>
      <testcase name="testGetAccountByRebalancerActionHousehold" class="Test\Model\WealthbotRebalancer\Repository\AccountRepositoryTest" file="/home/vlad/work/wealthbot-core/system/Test/Case/Model/WealthbotRebalancer/Repository/AccountRepositoryTest.php" line="60" assertions="1" time="0.000573"/>
      <testcase name="testGetAccountByRebalancerActionAccount" class="Test\Model\WealthbotRebalancer\Repository\AccountRepositoryTest" file="/home/vlad/work/wealthbot-core/system/Test/Case/Model/WealthbotRebalancer/Repository/AccountRepositoryTest.php" line="80" assertions="1" time="0.002974"/>
      <testcase name="testFindAccountById" class="Test\Model\WealthbotRebalancer\Repository\AccountRepositoryTest" file="/home/vlad/work/wealthbot-core/system/Test/Case/Model/WealthbotRebalancer/Repository/AccountRepositoryTest.php" line="103" assertions="0" time="0.000158">
        <error type="PHPUnit_Framework_ExceptionWrapper">Test\Model\WealthbotRebalancer\Repository\AccountRepositoryTest::testFindAccountById
ErrorException: Notice: Undefined property: Model\WealthbotRebalancer\Repository\ClientRepository::$mySqlDB in /home/vlad/work/wealthbot-core/system/Model/WealthbotRebalancer/Repository/ClientRepository.php line 66

/home/vlad/work/wealthbot-core/system/Model/WealthbotRebalancer/Repository/ClientRepository.php:66
/home/vlad/work/wealthbot-core/system/Test/Case/Model/WealthbotRebalancer/Repository/AccountRepositoryTest.php:106
/home/vlad/.composer/vendor/phpunit/phpunit/src/TextUI/Command.php:152
/home/vlad/.composer/vendor/phpunit/phpunit/src/TextUI/Command.php:104
</error>
      </testcase>
      <testcase name="testGetAccountsByRebalancerActionData" class="Test\Model\WealthbotRebalancer\Repository\AccountRepositoryTest" file="/home/vlad/work/wealthbot-core/system/Test/Case/Model/WealthbotRebalancer/Repository/AccountRepositoryTest.php" line="119" assertions="0" time="0.000186">
        <error type="PHPUnit_Framework_ExceptionWrapper">Test\Model\WealthbotRebalancer\Repository\AccountRepositoryTest::testGetAccountsByRebalancerActionData
ErrorException: Warning: SQLite3::prepare(): Unable to prepare statement: 1, no such table: rebalancer_actions in /home/vlad/work/wealthbot-core/system/Database/WealthbotSqliteConnection.php line 80

/home/vlad/work/wealthbot-core/system/Database/WealthbotSqliteConnection.php:80
/home/vlad/work/wealthbot-core/system/Database/WealthbotSqliteConnection.php:57
/home/vlad/work/wealthbot-core/system/Model/WealthbotRebalancer/Repository/BaseRepository.php:80
/home/vlad/work/wealthbot-core/system/Test/Case/Model/WealthbotRebalancer/Repository/AccountRepositoryTest.php:123
/home/vlad/.composer/vendor/phpunit/phpunit/src/TextUI/Command.php:152
/home/vlad/.composer/vendor/phpunit/phpunit/src/TextUI/Command.php:104
</error>
        <system-out>string(32) "SELECT * FROM rebalancer_actions"
</system-out>
      </testcase>
    </testsuite>
    <testsuite name="Test\Model\WealthbotRebalancer\Repository\ClientRepositoryTest" file="/home/vlad/work/wealthbot-core/system/Test/Case/Model/WealthbotRebalancer/Repository/ClientRepositoryTest.php" tests="4" assertions="0" failures="0" errors="4" time="0.000931">
      <testcase name="testFindClientsByRia" class="Test\Model\WealthbotRebalancer\Repository\ClientRepositoryTest" file="/home/vlad/work/wealthbot-core/system/Test/Case/Model/WealthbotRebalancer/Repository/ClientRepositoryTest.php" line="28" assertions="0" time="0.000449">
        <error type="PHPUnit_Framework_ExceptionWrapper">Test\Model\WealthbotRebalancer\Repository\ClientRepositoryTest::testFindClientsByRia
PDOException: SQLSTATE[42000] [1049] Unknown database 'wealthbot_test'

/home/vlad/work/wealthbot-core/system/Database/WealthbotMySqlConnection.php:32
/home/vlad/work/wealthbot-core/system/Database/WealthbotMySqlConnection.php:45
/home/vlad/work/wealthbot-core/system/Test/Case/Model/WealthbotRebalancer/Repository/ClientRepositoryTest.php:38
/home/vlad/.composer/vendor/phpunit/phpunit/src/TextUI/Command.php:152
/home/vlad/.composer/vendor/phpunit/phpunit/src/TextUI/Command.php:104
</error>
      </testcase>
      <testcase name="testFindClientByEmail" class="Test\Model\WealthbotRebalancer\Repository\ClientRepositoryTest" file="/home/vlad/work/wealthbot-core/system/Test/Case/Model/WealthbotRebalancer/Repository/ClientRepositoryTest.php" line="57" assertions="0" time="0.000126">
        <error type="PHPUnit_Framework_ExceptionWrapper">Test\Model\WealthbotRebalancer\Repository\ClientRepositoryTest::testFindClientByEmail
ErrorException: Notice: Undefined property: Model\WealthbotRebalancer\Repository\ClientRepository::$mySqlDB in /home/vlad/work/wealthbot-core/system/Model/WealthbotRebalancer/Repository/ClientRepository.php line 66

/home/vlad/work/wealthbot-core/system/Model/WealthbotRebalancer/Repository/ClientRepository.php:66
/home/vlad/work/wealthbot-core/system/Test/Case/Model/WealthbotRebalancer/Repository/ClientRepositoryTest.php:59
/home/vlad/.composer/vendor/phpunit/phpunit/src/TextUI/Command.php:152
/home/vlad/.composer/vendor/phpunit/phpunit/src/TextUI/Command.php:104
</error>
      </testcase>
      <testcase name="testGetClientRebalancerAction" class="Test\Model\WealthbotRebalancer\Repository\ClientRepositoryTest" file="/home/vlad/work/wealthbot-core/system/Test/Case/Model/WealthbotRebalancer/Repository/ClientRepositoryTest.php" line="63" assertions="0" time="0.000208">
        <error type="PHPUnit_Framework_ExceptionWrapper">Test\Model\WealthbotRebalancer\Repository\ClientRepositoryTest::testGetClientRebalancerAction
ErrorException: Warning: SQLite3::prepare(): Unable to prepare statement: 1, no such table: rebalancer_actions in /home/vlad/work/wealthbot-core/system/Database/WealthbotSqliteConnection.php line 80

/home/vlad/work/wealthbot-core/system/Database/WealthbotSqliteConnection.php:80
/home/vlad/work/wealthbot-core/system/Database/WealthbotSqliteConnection.php:57
/home/vlad/work/wealthbot-core/system/Model/WealthbotRebalancer/Repository/BaseRepository.php:80
/home/vlad/work/wealthbot-core/system/Test/Case/Model/WealthbotRebalancer/Repository/ClientRepositoryTest.php:67
/home/vlad/.composer/vendor/phpunit/phpunit/src/TextUI/Command.php:152
/home/vlad/.composer/vendor/phpunit/phpunit/src/TextUI/Command.php:104
</error>
        <system-out>string(32) "SELECT * FROM rebalancer_actions"
</system-out>
      </testcase>
      <testcase name="testLoadStopTlhValue" class="Test\Model\WealthbotRebalancer\Repository\ClientRepositoryTest" file="/home/vlad/work/wealthbot-core/system/Test/Case/Model/WealthbotRebalancer/Repository/ClientRepositoryTest.php" line="76" assertions="0" time="0.000148">
        <error type="PHPUnit_Framework_ExceptionWrapper">Test\Model\WealthbotRebalancer\Repository\ClientRepositoryTest::testLoadStopTlhValue
ErrorException: Notice: Undefined property: Model\WealthbotRebalancer\Repository\ClientRepository::$mySqlDB in /home/vlad/work/wealthbot-core/system/Model/WealthbotRebalancer/Repository/ClientRepository.php line 66

/home/vlad/work/wealthbot-core/system/Model/WealthbotRebalancer/Repository/ClientRepository.php:66
/home/vlad/work/wealthbot-core/system/Test/Case/Model/WealthbotRebalancer/Repository/ClientRepositoryTest.php:80
/home/vlad/.composer/vendor/phpunit/phpunit/src/TextUI/Command.php:152
/home/vlad/.composer/vendor/phpunit/phpunit/src/TextUI/Command.php:104
</error>
      </testcase>
    </testsuite>
    <testsuite name="Test\Model\WealthbotRebalancer\Repository\DistributionRepositoryTest" file="/home/vlad/work/wealthbot-core/system/Test/Case/Model/WealthbotRebalancer/Repository/DistributionRepositoryTest.php" tests="2" assertions="0" failures="0" errors="2" time="0.000571">
      <testcase name="testFindScheduledDistribution" class="Test\Model\WealthbotRebalancer\Repository\DistributionRepositoryTest" file="/home/vlad/work/wealthbot-core/system/Test/Case/Model/WealthbotRebalancer/Repository/DistributionRepositoryTest.php" line="40" assertions="0" time="0.000339">
        <error type="PHPUnit_Framework_ExceptionWrapper">Test\Model\WealthbotRebalancer\Repository\DistributionRepositoryTest::testFindScheduledDistribution
PDOException: SQLSTATE[42000] [1049] Unknown database 'wealthbot_test'

/home/vlad/work/wealthbot-core/system/Database/WealthbotMySqlConnection.php:32
/home/vlad/work/wealthbot-core/system/Database/WealthbotMySqlConnection.php:45
/home/vlad/work/wealthbot-core/system/Test/Case/Model/WealthbotRebalancer/Repository/DistributionRepositoryTest.php:28
/home/vlad/.composer/vendor/phpunit/phpunit/src/TextUI/Command.php:152
/home/vlad/.composer/vendor/phpunit/phpunit/src/TextUI/Command.php:104
</error>
      </testcase>
      <testcase name="testFindOneTimeDistribution" class="Test\Model\WealthbotRebalancer\Repository\DistributionRepositoryTest" file="/home/vlad/work/wealthbot-core/system/Test/Case/Model/WealthbotRebalancer/Repository/DistributionRepositoryTest.php" line="53" assertions="0" time="0.000232">
        <error type="PHPUnit_Framework_ExceptionWrapper">Test\Model\WealthbotRebalancer\Repository\DistributionRepositoryTest::testFindOneTimeDistribution
PDOException: SQLSTATE[42000] [1049] Unknown database 'wealthbot_test'

/home/vlad/work/wealthbot-core/system/Database/WealthbotMySqlConnection.php:32
/home/vlad/work/wealthbot-core/system/Database/WealthbotMySqlConnection.php:45
/home/vlad/work/wealthbot-core/system/Test/Case/Model/WealthbotRebalancer/Repository/DistributionRepositoryTest.php:28
/home/vlad/.composer/vendor/phpunit/phpunit/src/TextUI/Command.php:152
/home/vlad/.composer/vendor/phpunit/phpunit/src/TextUI/Command.php:104
</error>
      </testcase>
    </testsuite>
    <testsuite name="Test\Model\WealthbotRebalancer\Repository\JobRepositoryTest" file="/home/vlad/work/wealthbot-core/system/Test/Case/Model/WealthbotRebalancer/Repository/JobRepositoryTest.php" tests="1" assertions="0" failures="0" errors="1" time="0.000197">
      <testcase name="testFindAllCurrentJob" class="Test\Model\WealthbotRebalancer\Repository\JobRepositoryTest" file="/home/vlad/work/wealthbot-core/system/Test/Case/Model/WealthbotRebalancer/Repository/JobRepositoryTest.php" line="22" assertions="0" time="0.000197">
        <error type="PHPUnit_Framework_ExceptionWrapper">Test\Model\WealthbotRebalancer\Repository\JobRepositoryTest::testFindAllCurrentJob
ErrorException: Notice: Undefined property: Model\WealthbotRebalancer\Repository\JobRepository::$mySqlDB in /home/vlad/work/wealthbot-core/system/Model/WealthbotRebalancer/Repository/JobRepository.php line 31

/home/vlad/work/wealthbot-core/system/Model/WealthbotRebalancer/Repository/JobRepository.php:31
/home/vlad/work/wealthbot-core/system/Test/Case/Model/WealthbotRebalancer/Repository/JobRepositoryTest.php:24
/home/vlad/.composer/vendor/phpunit/phpunit/src/TextUI/Command.php:152
/home/vlad/.composer/vendor/phpunit/phpunit/src/TextUI/Command.php:104
</error>
      </testcase>
    </testsuite>
    <testsuite name="Test\Model\WealthbotRebalancer\Repository\LotRepositoryTest" file="/home/vlad/work/wealthbot-core/system/Test/Case/Model/WealthbotRebalancer/Repository/LotRepositoryTest.php" tests="6" assertions="6" failures="0" errors="5" time="0.002609">
      <testcase name="testFindOrderedLots" class="Test\Model\WealthbotRebalancer\Repository\LotRepositoryTest" file="/home/vlad/work/wealthbot-core/system/Test/Case/Model/WealthbotRebalancer/Repository/LotRepositoryTest.php" line="33" assertions="0" time="0.000313">
        <error type="PHPUnit_Framework_ExceptionWrapper">Test\Model\WealthbotRebalancer\Repository\LotRepositoryTest::testFindOrderedLots
ErrorException: Warning: SQLite3::prepare(): Unable to prepare statement: 1, no such table: securities in /home/vlad/work/wealthbot-core/system/Database/WealthbotSqliteConnection.php line 80

/home/vlad/work/wealthbot-core/system/Database/WealthbotSqliteConnection.php:80
/home/vlad/work/wealthbot-core/system/Database/WealthbotSqliteConnection.php:57
/home/vlad/work/wealthbot-core/system/Model/WealthbotRebalancer/Repository/BaseRepository.php:149
/home/vlad/work/wealthbot-core/system/Model/WealthbotRebalancer/Repository/BaseRepository.php:92
/home/vlad/work/wealthbot-core/system/Model/WealthbotRebalancer/Repository/SecurityRepository.php:30
/home/vlad/work/wealthbot-core/system/Test/Case/Model/WealthbotRebalancer/Repository/LotRepositoryTest.php:38
/home/vlad/.composer/vendor/phpunit/phpunit/src/TextUI/Command.php:152
/home/vlad/.composer/vendor/phpunit/phpunit/src/TextUI/Command.php:104
</error>
        <system-out>string(55) "SELECT * FROM securities WHERE symbol = :symbol LIMIT 1"
</system-out>
      </testcase>
      <testcase name="testFindLotsBySubclass" class="Test\Model\WealthbotRebalancer\Repository\LotRepositoryTest" file="/home/vlad/work/wealthbot-core/system/Test/Case/Model/WealthbotRebalancer/Repository/LotRepositoryTest.php" line="46" assertions="0" time="0.000278">
        <error type="PHPUnit_Framework_ExceptionWrapper">Test\Model\WealthbotRebalancer\Repository\LotRepositoryTest::testFindLotsBySubclass
ErrorException: Warning: SQLite3::prepare(): Unable to prepare statement: 1, no such table: securities in /home/vlad/work/wealthbot-core/system/Database/WealthbotSqliteConnection.php line 80

/home/vlad/work/wealthbot-core/system/Database/WealthbotSqliteConnection.php:80
/home/vlad/work/wealthbot-core/system/Database/WealthbotSqliteConnection.php:57
/home/vlad/work/wealthbot-core/system/Model/WealthbotRebalancer/Repository/BaseRepository.php:149
/home/vlad/work/wealthbot-core/system/Model/WealthbotRebalancer/Repository/BaseRepository.php:92
/home/vlad/work/wealthbot-core/system/Model/WealthbotRebalancer/Repository/SecurityRepository.php:30
/home/vlad/work/wealthbot-core/system/Test/Case/Model/WealthbotRebalancer/Repository/LotRepositoryTest.php:54
/home/vlad/.composer/vendor/phpunit/phpunit/src/TextUI/Command.php:152
/home/vlad/.composer/vendor/phpunit/phpunit/src/TextUI/Command.php:104
</error>
        <system-out>string(55) "SELECT * FROM securities WHERE symbol = :symbol LIMIT 1"
</system-out>
      </testcase>
      <testcase name="testGetInitialLot" class="Test\Model\WealthbotRebalancer\Repository\LotRepositoryTest" file="/home/vlad/work/wealthbot-core/system/Test/Case/Model/WealthbotRebalancer/Repository/LotRepositoryTest.php" line="110" assertions="0" time="0.000165">
        <error type="PHPUnit_Framework_ExceptionWrapper">Test\Model\WealthbotRebalancer\Repository\LotRepositoryTest::testGetInitialLot
ErrorException: Warning: SQLite3::prepare(): Unable to prepare statement: 1, no such table: lots in /home/vlad/work/wealthbot-core/system/Database/WealthbotSqliteConnection.php line 80

/home/vlad/work/wealthbot-core/system/Database/WealthbotSqliteConnection.php:80
/home/vlad/work/wealthbot-core/system/Database/WealthbotSqliteConnection.php:57
/home/vlad/work/wealthbot-core/system/Model/WealthbotRebalancer/Repository/BaseRepository.php:149
/home/vlad/work/wealthbot-core/system/Model/WealthbotRebalancer/Repository/BaseRepository.php:92
/home/vlad/work/wealthbot-core/system/Test/Case/Model/WealthbotRebalancer/Repository/LotRepositoryTest.php:112
/home/vlad/.composer/vendor/phpunit/phpunit/src/TextUI/Command.php:152
/home/vlad/.composer/vendor/phpunit/phpunit/src/TextUI/Command.php:104
</error>
        <system-out>string(66) "SELECT * FROM lots WHERE status = :status ORDER BY id DESC LIMIT 1"
</system-out>
      </testcase>
      <testcase name="testFindLotsByAccountAndSecurity" class="Test\Model\WealthbotRebalancer\Repository\LotRepositoryTest" file="/home/vlad/work/wealthbot-core/system/Test/Case/Model/WealthbotRebalancer/Repository/LotRepositoryTest.php" line="144" assertions="0" time="0.000252">
        <error type="PHPUnit_Framework_ExceptionWrapper">Test\Model\WealthbotRebalancer\Repository\LotRepositoryTest::testFindLotsByAccountAndSecurity
ErrorException: Warning: SQLite3::prepare(): Unable to prepare statement: 1, no such table: securities in /home/vlad/work/wealthbot-core/system/Database/WealthbotSqliteConnection.php line 80

/home/vlad/work/wealthbot-core/system/Database/WealthbotSqliteConnection.php:80
/home/vlad/work/wealthbot-core/system/Database/WealthbotSqliteConnection.php:57
/home/vlad/work/wealthbot-core/system/Model/WealthbotRebalancer/Repository/BaseRepository.php:149
/home/vlad/work/wealthbot-core/system/Model/WealthbotRebalancer/Repository/BaseRepository.php:92
/home/vlad/work/wealthbot-core/system/Model/WealthbotRebalancer/Repository/SecurityRepository.php:30
/home/vlad/work/wealthbot-core/system/Test/Case/Model/WealthbotRebalancer/Repository/LotRepositoryTest.php:151
/home/vlad/.composer/vendor/phpunit/phpunit/src/TextUI/Command.php:152
/home/vlad/.composer/vendor/phpunit/phpunit/src/TextUI/Command.php:104
</error>
        <system-out>string(55) "SELECT * FROM securities WHERE symbol = :symbol LIMIT 1"
</system-out>
      </testcase>
      <testcase name="testClientGainsOrLossesSumForYear" class="Test\Model\WealthbotRebalancer\Repository\LotRepositoryTest" file="/home/vlad/work/wealthbot-core/system/Test/Case/Model/WealthbotRebalancer/Repository/LotRepositoryTest.php" line="191" assertions="0" time="0.000143">
        <error type="PHPUnit_Framework_ExceptionWrapper">Test\Model\WealthbotRebalancer\Repository\LotRepositoryTest::testClientGainsOrLossesSumForYear
ErrorException: Notice: Undefined property: Model\WealthbotRebalancer\Repository\ClientRepository::$mySqlDB in /home/vlad/work/wealthbot-core/system/Model/WealthbotRebalancer/Repository/ClientRepository.php line 66

/home/vlad/work/wealthbot-core/system/Model/WealthbotRebalancer/Repository/ClientRepository.php:66
/home/vlad/work/wealthbot-core/system/Test/Case/Model/WealthbotRebalancer/Repository/LotRepositoryTest.php:194
/home/vlad/.composer/vendor/phpunit/phpunit/src/TextUI/Command.php:152
/home/vlad/.composer/vendor/phpunit/phpunit/src/TextUI/Command.php:104
</error>
      </testcase>
      <testcase name="testLotOrderForMuni" class="Test\Model\WealthbotRebalancer\Repository\LotRepositoryTest" file="/home/vlad/work/wealthbot-core/system/Test/Case/Model/WealthbotRebalancer/Repository/LotRepositoryTest.php" line="202" assertions="6" time="0.001458"/>
    </testsuite>
    <testsuite name="Test\Model\WealthbotRebalancer\Repository\PortfolioRepositoryTest" file="/home/vlad/work/wealthbot-core/system/Test/Case/Model/WealthbotRebalancer/Repository/PortfolioRepositoryTest.php" tests="2" assertions="0" failures="0" errors="2" time="0.000363">
      <testcase name="testFindPortfolioByClient" class="Test\Model\WealthbotRebalancer\Repository\PortfolioRepositoryTest" file="/home/vlad/work/wealthbot-core/system/Test/Case/Model/WealthbotRebalancer/Repository/PortfolioRepositoryTest.php" line="24" assertions="0" time="0.000219">
        <error type="PHPUnit_Framework_ExceptionWrapper">Test\Model\WealthbotRebalancer\Repository\PortfolioRepositoryTest::testFindPortfolioByClient
ErrorException: Notice: Undefined property: Model\WealthbotRebalancer\Repository\ClientRepository::$mySqlDB in /home/vlad/work/wealthbot-core/system/Model/WealthbotRebalancer/Repository/ClientRepository.php line 66

/home/vlad/work/wealthbot-core/system/Model/WealthbotRebalancer/Repository/ClientRepository.php:66
/home/vlad/work/wealthbot-core/system/Test/Case/Model/WealthbotRebalancer/Repository/PortfolioRepositoryTest.php:28
/home/vlad/.composer/vendor/phpunit/phpunit/src/TextUI/Command.php:152
/home/vlad/.composer/vendor/phpunit/phpunit/src/TextUI/Command.php:104
</error>
      </testcase>
      <testcase name="testLoadPortfolioValues" class="Test\Model\WealthbotRebalancer\Repository\PortfolioRepositoryTest" file="/home/vlad/work/wealthbot-core/system/Test/Case/Model/WealthbotRebalancer/Repository/PortfolioRepositoryTest.php" line="42" assertions="0" time="0.000144">
        <error type="PHPUnit_Framework_ExceptionWrapper">Test\Model\WealthbotRebalancer\Repository\PortfolioRepositoryTest::testLoadPortfolioValues
ErrorException: Notice: Undefined property: Model\WealthbotRebalancer\Repository\ClientRepository::$mySqlDB in /home/vlad/work/wealthbot-core/system/Model/WealthbotRebalancer/Repository/ClientRepository.php line 66

/home/vlad/work/wealthbot-core/system/Model/WealthbotRebalancer/Repository/ClientRepository.php:66
/home/vlad/work/wealthbot-core/system/Test/Case/Model/WealthbotRebalancer/Repository/PortfolioRepositoryTest.php:46
/home/vlad/.composer/vendor/phpunit/phpunit/src/TextUI/Command.php:152
/home/vlad/.composer/vendor/phpunit/phpunit/src/TextUI/Command.php:104
</error>
      </testcase>
    </testsuite>
    <testsuite name="Test\Model\WealthbotRebalancer\Repository\RebalancerActionRepositoryTest" file="/home/vlad/work/wealthbot-core/system/Test/Case/Model/WealthbotRebalancer/Repository/RebalancerActionRepositoryTest.php" tests="3" assertions="0" failures="0" errors="3" time="0.000714">
      <testcase name="testBindForJob" class="Test\Model\WealthbotRebalancer\Repository\RebalancerActionRepositoryTest" file="/home/vlad/work/wealthbot-core/system/Test/Case/Model/WealthbotRebalancer/Repository/RebalancerActionRepositoryTest.php" line="29" assertions="0" time="0.000267">
        <error type="PHPUnit_Framework_ExceptionWrapper">Test\Model\WealthbotRebalancer\Repository\RebalancerActionRepositoryTest::testBindForJob
ErrorException: Warning: SQLite3::prepare(): Unable to prepare statement: 1, no such table: users in /home/vlad/work/wealthbot-core/system/Database/WealthbotSqliteConnection.php line 80

/home/vlad/work/wealthbot-core/system/Database/WealthbotSqliteConnection.php:80
/home/vlad/work/wealthbot-core/system/Database/WealthbotSqliteConnection.php:57
/home/vlad/work/wealthbot-core/system/Model/WealthbotRebalancer/Repository/BaseRepository.php:149
/home/vlad/work/wealthbot-core/system/Model/WealthbotRebalancer/Repository/BaseRepository.php:92
/home/vlad/work/wealthbot-core/system/Test/Case/Model/WealthbotRebalancer/Repository/RebalancerActionRepositoryTest.php:34
/home/vlad/.composer/vendor/phpunit/phpunit/src/TextUI/Command.php:152
/home/vlad/.composer/vendor/phpunit/phpunit/src/TextUI/Command.php:104
</error>
        <system-out>string(48) "SELECT * FROM users WHERE email = :email LIMIT 1"
</system-out>
      </testcase>
      <testcase name="testFindByPortfolioAndJob" class="Test\Model\WealthbotRebalancer\Repository\RebalancerActionRepositoryTest" file="/home/vlad/work/wealthbot-core/system/Test/Case/Model/WealthbotRebalancer/Repository/RebalancerActionRepositoryTest.php" line="51" assertions="0" time="0.000225">
        <error type="PHPUnit_Framework_ExceptionWrapper">Test\Model\WealthbotRebalancer\Repository\RebalancerActionRepositoryTest::testFindByPortfolioAndJob
ErrorException: Warning: SQLite3::prepare(): Unable to prepare statement: 1, no such table: jobs in /home/vlad/work/wealthbot-core/system/Database/WealthbotSqliteConnection.php line 80

/home/vlad/work/wealthbot-core/system/Database/WealthbotSqliteConnection.php:80
/home/vlad/work/wealthbot-core/system/Database/WealthbotSqliteConnection.php:57
/home/vlad/work/wealthbot-core/system/Model/WealthbotRebalancer/Repository/BaseRepository.php:80
/home/vlad/work/wealthbot-core/system/Model/WealthbotRebalancer/Repository/BaseRepository.php:102
/home/vlad/work/wealthbot-core/system/Test/Case/Model/WealthbotRebalancer/Repository/RebalancerActionRepositoryTest.php:57
/home/vlad/.composer/vendor/phpunit/phpunit/src/TextUI/Command.php:152
/home/vlad/.composer/vendor/phpunit/phpunit/src/TextUI/Command.php:104
</error>
        <system-out>string(18) "SELECT * FROM jobs"
</system-out>
      </testcase>
      <testcase name="testSaveStatus" class="Test\Model\WealthbotRebalancer\Repository\RebalancerActionRepositoryTest" file="/home/vlad/work/wealthbot-core/system/Test/Case/Model/WealthbotRebalancer/Repository/RebalancerActionRepositoryTest.php" line="73" assertions="0" time="0.000222">
        <error type="PHPUnit_Framework_ExceptionWrapper">Test\Model\WealthbotRebalancer\Repository\RebalancerActionRepositoryTest::testSaveStatus
ErrorException: Warning: SQLite3::prepare(): Unable to prepare statement: 1, no such table: jobs in /home/vlad/work/wealthbot-core/system/Database/WealthbotSqliteConnection.php line 80

/home/vlad/work/wealthbot-core/system/Database/WealthbotSqliteConnection.php:80
/home/vlad/work/wealthbot-core/system/Database/WealthbotSqliteConnection.php:57
/home/vlad/work/wealthbot-core/system/Model/WealthbotRebalancer/Repository/BaseRepository.php:80
/home/vlad/work/wealthbot-core/system/Model/WealthbotRebalancer/Repository/BaseRepository.php:102
/home/vlad/work/wealthbot-core/system/Test/Case/Model/WealthbotRebalancer/Repository/RebalancerActionRepositoryTest.php:79
/home/vlad/.composer/vendor/phpunit/phpunit/src/TextUI/Command.php:152
/home/vlad/.composer/vendor/phpunit/phpunit/src/TextUI/Command.php:104
</error>
        <system-out>string(18) "SELECT * FROM jobs"
</system-out>
      </testcase>
    </testsuite>
    <testsuite name="Test\Model\WealthbotRebalancer\Repository\RebalancerQueueRepositoryTest" file="/home/vlad/work/wealthbot-core/system/Test/Case/Model/WealthbotRebalancer/Repository/RebalancerQueueRepositoryTest.php" tests="5" assertions="0" failures="0" errors="5" time="0.001050">
      <testcase name="testFindById" class="Test\Model\WealthbotRebalancer\Repository\RebalancerQueueRepositoryTest" file="/home/vlad/work/wealthbot-core/system/Test/Case/Model/WealthbotRebalancer/Repository/RebalancerQueueRepositoryTest.php" line="30" assertions="0" time="0.000292">
        <error type="PHPUnit_Framework_ExceptionWrapper">Test\Model\WealthbotRebalancer\Repository\RebalancerQueueRepositoryTest::testFindById
ErrorException: Warning: SQLite3::prepare(): Unable to prepare statement: 1, no such table: securities in /home/vlad/work/wealthbot-core/system/Database/WealthbotSqliteConnection.php line 80

/home/vlad/work/wealthbot-core/system/Database/WealthbotSqliteConnection.php:80
/home/vlad/work/wealthbot-core/system/Database/WealthbotSqliteConnection.php:57
/home/vlad/work/wealthbot-core/system/Model/WealthbotRebalancer/Repository/BaseRepository.php:149
/home/vlad/work/wealthbot-core/system/Model/WealthbotRebalancer/Repository/BaseRepository.php:92
/home/vlad/work/wealthbot-core/system/Model/WealthbotRebalancer/Repository/SecurityRepository.php:30
/home/vlad/work/wealthbot-core/system/Test/Case/Model/WealthbotRebalancer/Repository/RebalancerQueueRepositoryTest.php:33
/home/vlad/.composer/vendor/phpunit/phpunit/src/TextUI/Command.php:152
/home/vlad/.composer/vendor/phpunit/phpunit/src/TextUI/Command.php:104
</error>
        <system-out>string(55) "SELECT * FROM securities WHERE symbol = :symbol LIMIT 1"
</system-out>
      </testcase>
      <testcase name="testSave" class="Test\Model\WealthbotRebalancer\Repository\RebalancerQueueRepositoryTest" file="/home/vlad/work/wealthbot-core/system/Test/Case/Model/WealthbotRebalancer/Repository/RebalancerQueueRepositoryTest.php" line="55" assertions="0" time="0.000192">
        <error type="PHPUnit_Framework_ExceptionWrapper">Test\Model\WealthbotRebalancer\Repository\RebalancerQueueRepositoryTest::testSave
ErrorException: Warning: SQLite3::prepare(): Unable to prepare statement: 1, no such table: securities in /home/vlad/work/wealthbot-core/system/Database/WealthbotSqliteConnection.php line 80

/home/vlad/work/wealthbot-core/system/Database/WealthbotSqliteConnection.php:80
/home/vlad/work/wealthbot-core/system/Database/WealthbotSqliteConnection.php:57
/home/vlad/work/wealthbot-core/system/Model/WealthbotRebalancer/Repository/BaseRepository.php:149
/home/vlad/work/wealthbot-core/system/Model/WealthbotRebalancer/Repository/BaseRepository.php:92
/home/vlad/work/wealthbot-core/system/Model/WealthbotRebalancer/Repository/SecurityRepository.php:30
/home/vlad/work/wealthbot-core/system/Test/Case/Model/WealthbotRebalancer/Repository/RebalancerQueueRepositoryTest.php:58
/home/vlad/.composer/vendor/phpunit/phpunit/src/TextUI/Command.php:152
/home/vlad/.composer/vendor/phpunit/phpunit/src/TextUI/Command.php:104
</error>
        <system-out>string(55) "SELECT * FROM securities WHERE symbol = :symbol LIMIT 1"
</system-out>
      </testcase>
      <testcase name="testDelete" class="Test\Model\WealthbotRebalancer\Repository\RebalancerQueueRepositoryTest" file="/home/vlad/work/wealthbot-core/system/Test/Case/Model/WealthbotRebalancer/Repository/RebalancerQueueRepositoryTest.php" line="116" assertions="0" time="0.000189">
        <error type="PHPUnit_Framework_ExceptionWrapper">Test\Model\WealthbotRebalancer\Repository\RebalancerQueueRepositoryTest::testDelete
ErrorException: Warning: SQLite3::prepare(): Unable to prepare statement: 1, no such table: securities in /home/vlad/work/wealthbot-core/system/Database/WealthbotSqliteConnection.php line 80

/home/vlad/work/wealthbot-core/system/Database/WealthbotSqliteConnection.php:80
/home/vlad/work/wealthbot-core/system/Database/WealthbotSqliteConnection.php:57
/home/vlad/work/wealthbot-core/system/Model/WealthbotRebalancer/Repository/BaseRepository.php:149
/home/vlad/work/wealthbot-core/system/Model/WealthbotRebalancer/Repository/BaseRepository.php:92
/home/vlad/work/wealthbot-core/system/Model/WealthbotRebalancer/Repository/SecurityRepository.php:30
/home/vlad/work/wealthbot-core/system/Test/Case/Model/WealthbotRebalancer/Repository/RebalancerQueueRepositoryTest.php:119
/home/vlad/.composer/vendor/phpunit/phpunit/src/TextUI/Command.php:152
/home/vlad/.composer/vendor/phpunit/phpunit/src/TextUI/Command.php:104
</error>
        <system-out>string(55) "SELECT * FROM securities WHERE symbol = :symbol LIMIT 1"
</system-out>
      </testcase>
      <testcase name="testGetTradeDataCollectionForJob" class="Test\Model\WealthbotRebalancer\Repository\RebalancerQueueRepositoryTest" file="/home/vlad/work/wealthbot-core/system/Test/Case/Model/WealthbotRebalancer/Repository/RebalancerQueueRepositoryTest.php" line="158" assertions="0" time="0.000189">
        <error type="PHPUnit_Framework_ExceptionWrapper">Test\Model\WealthbotRebalancer\Repository\RebalancerQueueRepositoryTest::testGetTradeDataCollectionForJob
ErrorException: Warning: SQLite3::prepare(): Unable to prepare statement: 1, no such table: users in /home/vlad/work/wealthbot-core/system/Database/WealthbotSqliteConnection.php line 80

/home/vlad/work/wealthbot-core/system/Database/WealthbotSqliteConnection.php:80
/home/vlad/work/wealthbot-core/system/Database/WealthbotSqliteConnection.php:57
/home/vlad/work/wealthbot-core/system/Model/WealthbotRebalancer/Repository/BaseRepository.php:149
/home/vlad/work/wealthbot-core/system/Model/WealthbotRebalancer/Repository/BaseRepository.php:92
/home/vlad/work/wealthbot-core/system/Test/Case/Model/WealthbotRebalancer/Repository/RebalancerQueueRepositoryTest.php:163
/home/vlad/.composer/vendor/phpunit/phpunit/src/TextUI/Command.php:152
/home/vlad/.composer/vendor/phpunit/phpunit/src/TextUI/Command.php:104
</error>
        <system-out>string(48) "SELECT * FROM users WHERE email = :email LIMIT 1"
</system-out>
      </testcase>
      <testcase name="testFindVSPForTradeData" class="Test\Model\WealthbotRebalancer\Repository\RebalancerQueueRepositoryTest" file="/home/vlad/work/wealthbot-core/system/Test/Case/Model/WealthbotRebalancer/Repository/RebalancerQueueRepositoryTest.php" line="246" assertions="0" time="0.000188">
        <error type="PHPUnit_Framework_ExceptionWrapper">Test\Model\WealthbotRebalancer\Repository\RebalancerQueueRepositoryTest::testFindVSPForTradeData
ErrorException: Warning: SQLite3::prepare(): Unable to prepare statement: 1, no such table: users in /home/vlad/work/wealthbot-core/system/Database/WealthbotSqliteConnection.php line 80

/home/vlad/work/wealthbot-core/system/Database/WealthbotSqliteConnection.php:80
/home/vlad/work/wealthbot-core/system/Database/WealthbotSqliteConnection.php:57
/home/vlad/work/wealthbot-core/system/Model/WealthbotRebalancer/Repository/BaseRepository.php:149
/home/vlad/work/wealthbot-core/system/Model/WealthbotRebalancer/Repository/BaseRepository.php:92
/home/vlad/work/wealthbot-core/system/Test/Case/Model/WealthbotRebalancer/Repository/RebalancerQueueRepositoryTest.php:251
/home/vlad/.composer/vendor/phpunit/phpunit/src/TextUI/Command.php:152
/home/vlad/.composer/vendor/phpunit/phpunit/src/TextUI/Command.php:104
</error>
        <system-out>string(48) "SELECT * FROM users WHERE email = :email LIMIT 1"
</system-out>
      </testcase>
    </testsuite>
    <testsuite name="Test\Model\WealthbotRebalancer\Repository\RiaCompanyInformationRepositoryTest" file="/home/vlad/work/wealthbot-core/system/Test/Case/Model/WealthbotRebalancer/Repository/RiaCompanyInformationRepositoryTest.php" tests="1" assertions="0" failures="0" errors="1" time="0.000261">
      <testcase name="testFindOneByRia" class="Test\Model\WealthbotRebalancer\Repository\RiaCompanyInformationRepositoryTest" file="/home/vlad/work/wealthbot-core/system/Test/Case/Model/WealthbotRebalancer/Repository/RiaCompanyInformationRepositoryTest.php" line="23" assertions="0" time="0.000261">
        <error type="PHPUnit_Framework_ExceptionWrapper">Test\Model\WealthbotRebalancer\Repository\RiaCompanyInformationRepositoryTest::testFindOneByRia
ErrorException: Warning: SQLite3::prepare(): Unable to prepare statement: 1, no such table: users in /home/vlad/work/wealthbot-core/system/Database/WealthbotSqliteConnection.php line 80

/home/vlad/work/wealthbot-core/system/Database/WealthbotSqliteConnection.php:80
/home/vlad/work/wealthbot-core/system/Database/WealthbotSqliteConnection.php:57
/home/vlad/work/wealthbot-core/system/Model/WealthbotRebalancer/Repository/BaseRepository.php:149
/home/vlad/work/wealthbot-core/system/Model/WealthbotRebalancer/Repository/BaseRepository.php:92
/home/vlad/work/wealthbot-core/system/Test/Case/Model/WealthbotRebalancer/Repository/RiaCompanyInformationRepositoryTest.php:28
/home/vlad/.composer/vendor/phpunit/phpunit/src/TextUI/Command.php:152
/home/vlad/.composer/vendor/phpunit/phpunit/src/TextUI/Command.php:104
</error>
        <system-out>string(48) "SELECT * FROM users WHERE email = :email LIMIT 1"
</system-out>
      </testcase>
    </testsuite>
    <testsuite name="Test\Model\WealthbotRebalancer\Repository\RiaRepositoryTest" file="/home/vlad/work/wealthbot-core/system/Test/Case/Model/WealthbotRebalancer/Repository/RiaRepositoryTest.php" tests="1" assertions="0" failures="0" errors="1" time="0.000216">
      <testcase name="testFindOneByClient" class="Test\Model\WealthbotRebalancer\Repository\RiaRepositoryTest" file="/home/vlad/work/wealthbot-core/system/Test/Case/Model/WealthbotRebalancer/Repository/RiaRepositoryTest.php" line="23" assertions="0" time="0.000216">
        <error type="PHPUnit_Framework_ExceptionWrapper">Test\Model\WealthbotRebalancer\Repository\RiaRepositoryTest::testFindOneByClient
ErrorException: Notice: Undefined property: Model\WealthbotRebalancer\Repository\ClientRepository::$mySqlDB in /home/vlad/work/wealthbot-core/system/Model/WealthbotRebalancer/Repository/ClientRepository.php line 66

/home/vlad/work/wealthbot-core/system/Model/WealthbotRebalancer/Repository/ClientRepository.php:66
/home/vlad/work/wealthbot-core/system/Test/Case/Model/WealthbotRebalancer/Repository/RiaRepositoryTest.php:26
/home/vlad/.composer/vendor/phpunit/phpunit/src/TextUI/Command.php:152
/home/vlad/.composer/vendor/phpunit/phpunit/src/TextUI/Command.php:104
</error>
      </testcase>
    </testsuite>
    <testsuite name="Test\Model\WealthbotRebalancer\Repository\SecurityRepositoryTest" file="/home/vlad/work/wealthbot-core/system/Test/Case/Model/WealthbotRebalancer/Repository/SecurityRepositoryTest.php" tests="3" assertions="0" failures="0" errors="3" time="0.000641">
      <testcase name="testFindOneBySymbol" class="Test\Model\WealthbotRebalancer\Repository\SecurityRepositoryTest" file="/home/vlad/work/wealthbot-core/system/Test/Case/Model/WealthbotRebalancer/Repository/SecurityRepositoryTest.php" line="25" assertions="0" time="0.000252">
        <error type="PHPUnit_Framework_ExceptionWrapper">Test\Model\WealthbotRebalancer\Repository\SecurityRepositoryTest::testFindOneBySymbol
ErrorException: Warning: SQLite3::prepare(): Unable to prepare statement: 1, no such table: securities in /home/vlad/work/wealthbot-core/system/Database/WealthbotSqliteConnection.php line 80

/home/vlad/work/wealthbot-core/system/Database/WealthbotSqliteConnection.php:80
/home/vlad/work/wealthbot-core/system/Database/WealthbotSqliteConnection.php:57
/home/vlad/work/wealthbot-core/system/Model/WealthbotRebalancer/Repository/BaseRepository.php:149
/home/vlad/work/wealthbot-core/system/Model/WealthbotRebalancer/Repository/BaseRepository.php:92
/home/vlad/work/wealthbot-core/system/Model/WealthbotRebalancer/Repository/SecurityRepository.php:30
/home/vlad/work/wealthbot-core/system/Test/Case/Model/WealthbotRebalancer/Repository/SecurityRepositoryTest.php:27
/home/vlad/.composer/vendor/phpunit/phpunit/src/TextUI/Command.php:152
/home/vlad/.composer/vendor/phpunit/phpunit/src/TextUI/Command.php:104
</error>
        <system-out>string(55) "SELECT * FROM securities WHERE symbol = :symbol LIMIT 1"
</system-out>
      </testcase>
      <testcase name="testFindSecuritiesByAccount" class="Test\Model\WealthbotRebalancer\Repository\SecurityRepositoryTest" file="/home/vlad/work/wealthbot-core/system/Test/Case/Model/WealthbotRebalancer/Repository/SecurityRepositoryTest.php" line="34" assertions="0" time="0.000205">
        <error type="PHPUnit_Framework_ExceptionWrapper">Test\Model\WealthbotRebalancer\Repository\SecurityRepositoryTest::testFindSecuritiesByAccount
ErrorException: Warning: SQLite3::prepare(): Unable to prepare statement: 1, no such table: users in /home/vlad/work/wealthbot-core/system/Database/WealthbotSqliteConnection.php line 80

/home/vlad/work/wealthbot-core/system/Database/WealthbotSqliteConnection.php:80
/home/vlad/work/wealthbot-core/system/Database/WealthbotSqliteConnection.php:57
/home/vlad/work/wealthbot-core/system/Model/WealthbotRebalancer/Repository/BaseRepository.php:149
/home/vlad/work/wealthbot-core/system/Model/WealthbotRebalancer/Repository/BaseRepository.php:92
/home/vlad/work/wealthbot-core/system/Test/Case/Model/WealthbotRebalancer/Repository/SecurityRepositoryTest.php:37
/home/vlad/.composer/vendor/phpunit/phpunit/src/TextUI/Command.php:152
/home/vlad/.composer/vendor/phpunit/phpunit/src/TextUI/Command.php:104
</error>
        <system-out>string(48) "SELECT * FROM users WHERE email = :email LIMIT 1"
</system-out>
      </testcase>
      <testcase name="testFindSecuritiesByPortfolio" class="Test\Model\WealthbotRebalancer\Repository\SecurityRepositoryTest" file="/home/vlad/work/wealthbot-core/system/Test/Case/Model/WealthbotRebalancer/Repository/SecurityRepositoryTest.php" line="57" assertions="0" time="0.000184">
        <error type="PHPUnit_Framework_ExceptionWrapper">Test\Model\WealthbotRebalancer\Repository\SecurityRepositoryTest::testFindSecuritiesByPortfolio
ErrorException: Warning: SQLite3::prepare(): Unable to prepare statement: 1, no such table: users in /home/vlad/work/wealthbot-core/system/Database/WealthbotSqliteConnection.php line 80

/home/vlad/work/wealthbot-core/system/Database/WealthbotSqliteConnection.php:80
/home/vlad/work/wealthbot-core/system/Database/WealthbotSqliteConnection.php:57
/home/vlad/work/wealthbot-core/system/Model/WealthbotRebalancer/Repository/BaseRepository.php:149
/home/vlad/work/wealthbot-core/system/Model/WealthbotRebalancer/Repository/BaseRepository.php:92
/home/vlad/work/wealthbot-core/system/Test/Case/Model/WealthbotRebalancer/Repository/SecurityRepositoryTest.php:60
/home/vlad/.composer/vendor/phpunit/phpunit/src/TextUI/Command.php:152
/home/vlad/.composer/vendor/phpunit/phpunit/src/TextUI/Command.php:104
</error>
        <system-out>string(48) "SELECT * FROM users WHERE email = :email LIMIT 1"
</system-out>
      </testcase>
    </testsuite>
    <testsuite name="Test\Model\WealthbotRebalancer\Repository\SecurityTransactionRepositoryTest" file="/home/vlad/work/wealthbot-core/system/Test/Case/Model/WealthbotRebalancer/Repository/SecurityTransactionRepositoryTest.php" tests="1" assertions="0" failures="0" errors="1" time="0.000282">
      <testcase name="testFindOneByPortfolioAndSecurity" class="Test\Model\WealthbotRebalancer\Repository\SecurityTransactionRepositoryTest" file="/home/vlad/work/wealthbot-core/system/Test/Case/Model/WealthbotRebalancer/Repository/SecurityTransactionRepositoryTest.php" line="25" assertions="0" time="0.000282">
        <error type="PHPUnit_Framework_ExceptionWrapper">Test\Model\WealthbotRebalancer\Repository\SecurityTransactionRepositoryTest::testFindOneByPortfolioAndSecurity
ErrorException: Warning: SQLite3::prepare(): Unable to prepare statement: 1, no such table: users in /home/vlad/work/wealthbot-core/system/Database/WealthbotSqliteConnection.php line 80

/home/vlad/work/wealthbot-core/system/Database/WealthbotSqliteConnection.php:80
/home/vlad/work/wealthbot-core/system/Database/WealthbotSqliteConnection.php:57
/home/vlad/work/wealthbot-core/system/Model/WealthbotRebalancer/Repository/BaseRepository.php:149
/home/vlad/work/wealthbot-core/system/Model/WealthbotRebalancer/Repository/BaseRepository.php:92
/home/vlad/work/wealthbot-core/system/Test/Case/Model/WealthbotRebalancer/Repository/SecurityTransactionRepositoryTest.php:28
/home/vlad/.composer/vendor/phpunit/phpunit/src/TextUI/Command.php:152
/home/vlad/.composer/vendor/phpunit/phpunit/src/TextUI/Command.php:104
</error>
        <system-out>string(48) "SELECT * FROM users WHERE email = :email LIMIT 1"
</system-out>
      </testcase>
    </testsuite>
    <testsuite name="Test\Model\WealthbotRebalancer\Repository\SubclassRepositoryTest" file="/home/vlad/work/wealthbot-core/system/Test/Case/Model/WealthbotRebalancer/Repository/SubclassRepositoryTest.php" tests="3" assertions="0" failures="0" errors="3" time="0.000534">
      <testcase name="testFindByNameForPortfolio" class="Test\Model\WealthbotRebalancer\Repository\SubclassRepositoryTest" file="/home/vlad/work/wealthbot-core/system/Test/Case/Model/WealthbotRebalancer/Repository/SubclassRepositoryTest.php" line="42" assertions="0" time="0.000228">
        <error type="PHPUnit_Framework_ExceptionWrapper">Test\Model\WealthbotRebalancer\Repository\SubclassRepositoryTest::testFindByNameForPortfolio
ErrorException: Warning: SQLite3::prepare(): Unable to prepare statement: 1, no such table: users in /home/vlad/work/wealthbot-core/system/Database/WealthbotSqliteConnection.php line 80

/home/vlad/work/wealthbot-core/system/Database/WealthbotSqliteConnection.php:80
/home/vlad/work/wealthbot-core/system/Database/WealthbotSqliteConnection.php:57
/home/vlad/work/wealthbot-core/system/Model/WealthbotRebalancer/Repository/BaseRepository.php:149
/home/vlad/work/wealthbot-core/system/Model/WealthbotRebalancer/Repository/BaseRepository.php:92
/home/vlad/work/wealthbot-core/system/Test/Case/Model/WealthbotRebalancer/Repository/SubclassRepositoryTest.php:29
/home/vlad/.composer/vendor/phpunit/phpunit/src/TextUI/Command.php:152
/home/vlad/.composer/vendor/phpunit/phpunit/src/TextUI/Command.php:104
</error>
        <system-out>string(48) "SELECT * FROM users WHERE email = :email LIMIT 1"
</system-out>
      </testcase>
      <testcase name="testBindAllocations" class="Test\Model\WealthbotRebalancer\Repository\SubclassRepositoryTest" file="/home/vlad/work/wealthbot-core/system/Test/Case/Model/WealthbotRebalancer/Repository/SubclassRepositoryTest.php" line="56" assertions="0" time="0.000152">
        <error type="PHPUnit_Framework_ExceptionWrapper">Test\Model\WealthbotRebalancer\Repository\SubclassRepositoryTest::testBindAllocations
ErrorException: Warning: SQLite3::prepare(): Unable to prepare statement: 1, no such table: users in /home/vlad/work/wealthbot-core/system/Database/WealthbotSqliteConnection.php line 80

/home/vlad/work/wealthbot-core/system/Database/WealthbotSqliteConnection.php:80
/home/vlad/work/wealthbot-core/system/Database/WealthbotSqliteConnection.php:57
/home/vlad/work/wealthbot-core/system/Model/WealthbotRebalancer/Repository/BaseRepository.php:149
/home/vlad/work/wealthbot-core/system/Model/WealthbotRebalancer/Repository/BaseRepository.php:92
/home/vlad/work/wealthbot-core/system/Test/Case/Model/WealthbotRebalancer/Repository/SubclassRepositoryTest.php:29
/home/vlad/.composer/vendor/phpunit/phpunit/src/TextUI/Command.php:152
/home/vlad/.composer/vendor/phpunit/phpunit/src/TextUI/Command.php:104
</error>
        <system-out>string(48) "SELECT * FROM users WHERE email = :email LIMIT 1"
</system-out>
      </testcase>
      <testcase name="testBindAllocationForAccount" class="Test\Model\WealthbotRebalancer\Repository\SubclassRepositoryTest" file="/home/vlad/work/wealthbot-core/system/Test/Case/Model/WealthbotRebalancer/Repository/SubclassRepositoryTest.php" line="63" assertions="0" time="0.000154">
        <error type="PHPUnit_Framework_ExceptionWrapper">Test\Model\WealthbotRebalancer\Repository\SubclassRepositoryTest::testBindAllocationForAccount
ErrorException: Warning: SQLite3::prepare(): Unable to prepare statement: 1, no such table: users in /home/vlad/work/wealthbot-core/system/Database/WealthbotSqliteConnection.php line 80

/home/vlad/work/wealthbot-core/system/Database/WealthbotSqliteConnection.php:80
/home/vlad/work/wealthbot-core/system/Database/WealthbotSqliteConnection.php:57
/home/vlad/work/wealthbot-core/system/Model/WealthbotRebalancer/Repository/BaseRepository.php:149
/home/vlad/work/wealthbot-core/system/Model/WealthbotRebalancer/Repository/BaseRepository.php:92
/home/vlad/work/wealthbot-core/system/Test/Case/Model/WealthbotRebalancer/Repository/SubclassRepositoryTest.php:29
/home/vlad/.composer/vendor/phpunit/phpunit/src/TextUI/Command.php:152
/home/vlad/.composer/vendor/phpunit/phpunit/src/TextUI/Command.php:104
</error>
        <system-out>string(48) "SELECT * FROM users WHERE email = :email LIMIT 1"
</system-out>
      </testcase>
    </testsuite>
    <testsuite name="Test\Model\WealthbotRebalancer\RiaCompanyInformationTest" file="/home/vlad/work/wealthbot-core/system/Test/Case/Model/WealthbotRebalancer/RiaCompanyInformationTest.php" tests="5" assertions="5" failures="0" errors="0" time="0.000517">
      <testcase name="testGetRia" class="Test\Model\WealthbotRebalancer\RiaCompanyInformationTest" file="/home/vlad/work/wealthbot-core/system/Test/Case/Model/WealthbotRebalancer/RiaCompanyInformationTest.php" line="33" assertions="1" time="0.000141"/>
      <testcase name="testSetRia" class="Test\Model\WealthbotRebalancer\RiaCompanyInformationTest" file="/home/vlad/work/wealthbot-core/system/Test/Case/Model/WealthbotRebalancer/RiaCompanyInformationTest.php" line="38" assertions="1" time="0.000094"/>
      <testcase name="testGetUseTransactionFees" class="Test\Model\WealthbotRebalancer\RiaCompanyInformationTest" file="/home/vlad/work/wealthbot-core/system/Test/Case/Model/WealthbotRebalancer/RiaCompanyInformationTest.php" line="47" assertions="1" time="0.000107"/>
      <testcase name="testGetTransactionMinAmount" class="Test\Model\WealthbotRebalancer\RiaCompanyInformationTest" file="/home/vlad/work/wealthbot-core/system/Test/Case/Model/WealthbotRebalancer/RiaCompanyInformationTest.php" line="52" assertions="1" time="0.000088"/>
      <testcase name="testGetTransactionMinAmountPercent" class="Test\Model\WealthbotRebalancer\RiaCompanyInformationTest" file="/home/vlad/work/wealthbot-core/system/Test/Case/Model/WealthbotRebalancer/RiaCompanyInformationTest.php" line="57" assertions="1" time="0.000087"/>
    </testsuite>
    <testsuite name="Test\Model\WealthbotRebalancer\RiaTest" file="/home/vlad/work/wealthbot-core/system/Test/Case/Model/WealthbotRebalancer/RiaTest.php" tests="22" assertions="24" failures="0" errors="0" time="0.003061">
      <testcase name="testGetIsActive" class="Test\Model\WealthbotRebalancer\RiaTest" file="/home/vlad/work/wealthbot-core/system/Test/Case/Model/WealthbotRebalancer/RiaTest.php" line="56" assertions="1" time="0.000181"/>
      <testcase name="testSetIsActive" class="Test\Model\WealthbotRebalancer\RiaTest" file="/home/vlad/work/wealthbot-core/system/Test/Case/Model/WealthbotRebalancer/RiaTest.php" line="61" assertions="1" time="0.000142"/>
      <testcase name="testGetRebalancingFrequency" class="Test\Model\WealthbotRebalancer\RiaTest" file="/home/vlad/work/wealthbot-core/system/Test/Case/Model/WealthbotRebalancer/RiaTest.php" line="67" assertions="1" time="0.000143"/>
      <testcase name="testSetRebalancingFrequency" class="Test\Model\WealthbotRebalancer\RiaTest" file="/home/vlad/work/wealthbot-core/system/Test/Case/Model/WealthbotRebalancer/RiaTest.php" line="72" assertions="1" time="0.000137"/>
      <testcase name="testGetIsTlhEnabled" class="Test\Model\WealthbotRebalancer\RiaTest" file="/home/vlad/work/wealthbot-core/system/Test/Case/Model/WealthbotRebalancer/RiaTest.php" line="78" assertions="1" time="0.000134"/>
      <testcase name="testSetIsTlhEnabled" class="Test\Model\WealthbotRebalancer\RiaTest" file="/home/vlad/work/wealthbot-core/system/Test/Case/Model/WealthbotRebalancer/RiaTest.php" line="83" assertions="1" time="0.000134"/>
      <testcase name="testGetRiaCompanyInformation" class="Test\Model\WealthbotRebalancer\RiaTest" file="/home/vlad/work/wealthbot-core/system/Test/Case/Model/WealthbotRebalancer/RiaTest.php" line="90" assertions="1" time="0.000134"/>
      <testcase name="testSetRiaCompanyInformation" class="Test\Model\WealthbotRebalancer\RiaTest" file="/home/vlad/work/wealthbot-core/system/Test/Case/Model/WealthbotRebalancer/RiaTest.php" line="95" assertions="1" time="0.000137"/>
      <testcase name="testTransactionMinAmount" class="Test\Model\WealthbotRebalancer\RiaTest" file="/home/vlad/work/wealthbot-core/system/Test/Case/Model/WealthbotRebalancer/RiaTest.php" line="110" assertions="2" time="0.000139"/>
      <testcase name="testUseTransactionFees" class="Test\Model\WealthbotRebalancer\RiaTest" file="/home/vlad/work/wealthbot-core/system/Test/Case/Model/WealthbotRebalancer/RiaTest.php" line="117" assertions="2" time="0.000140"/>
      <testcase name="testGetClientTaxBracket" class="Test\Model\WealthbotRebalancer\RiaTest" file="/home/vlad/work/wealthbot-core/system/Test/Case/Model/WealthbotRebalancer/RiaTest.php" line="124" assertions="1" time="0.000135"/>
      <testcase name="testSetClientTaxBracket" class="Test\Model\WealthbotRebalancer\RiaTest" file="/home/vlad/work/wealthbot-core/system/Test/Case/Model/WealthbotRebalancer/RiaTest.php" line="129" assertions="1" time="0.000132"/>
      <testcase name="testGetMinTlh" class="Test\Model\WealthbotRebalancer\RiaTest" file="/home/vlad/work/wealthbot-core/system/Test/Case/Model/WealthbotRebalancer/RiaTest.php" line="135" assertions="1" time="0.000135"/>
      <testcase name="testSetMinTlh" class="Test\Model\WealthbotRebalancer\RiaTest" file="/home/vlad/work/wealthbot-core/system/Test/Case/Model/WealthbotRebalancer/RiaTest.php" line="140" assertions="1" time="0.000137"/>
      <testcase name="testGetMinTlhPercent" class="Test\Model\WealthbotRebalancer\RiaTest" file="/home/vlad/work/wealthbot-core/system/Test/Case/Model/WealthbotRebalancer/RiaTest.php" line="146" assertions="1" time="0.000136"/>
      <testcase name="testSetMinTlhPercent" class="Test\Model\WealthbotRebalancer\RiaTest" file="/home/vlad/work/wealthbot-core/system/Test/Case/Model/WealthbotRebalancer/RiaTest.php" line="151" assertions="1" time="0.000141"/>
      <testcase name="testGetMinRelationshipValue" class="Test\Model\WealthbotRebalancer\RiaTest" file="/home/vlad/work/wealthbot-core/system/Test/Case/Model/WealthbotRebalancer/RiaTest.php" line="157" assertions="1" time="0.000137"/>
      <testcase name="testSetMinRelationshipValue" class="Test\Model\WealthbotRebalancer\RiaTest" file="/home/vlad/work/wealthbot-core/system/Test/Case/Model/WealthbotRebalancer/RiaTest.php" line="162" assertions="1" time="0.000136"/>
      <testcase name="testGetEmail" class="Test\Model\WealthbotRebalancer\RiaTest" file="/home/vlad/work/wealthbot-core/system/Test/Case/Model/WealthbotRebalancer/RiaTest.php" line="168" assertions="1" time="0.000143"/>
      <testcase name="testSetEmail" class="Test\Model\WealthbotRebalancer\RiaTest" file="/home/vlad/work/wealthbot-core/system/Test/Case/Model/WealthbotRebalancer/RiaTest.php" line="173" assertions="1" time="0.000136"/>
      <testcase name="testGetIsUseMunicipalBond" class="Test\Model\WealthbotRebalancer\RiaTest" file="/home/vlad/work/wealthbot-core/system/Test/Case/Model/WealthbotRebalancer/RiaTest.php" line="179" assertions="1" time="0.000132"/>
      <testcase name="testSetIsUseMunicipalBond" class="Test\Model\WealthbotRebalancer\RiaTest" file="/home/vlad/work/wealthbot-core/system/Test/Case/Model/WealthbotRebalancer/RiaTest.php" line="184" assertions="1" time="0.000140"/>
    </testsuite>
    <testsuite name="Test\Model\WealthbotRebalancer\SecurityTest" file="/home/vlad/work/wealthbot-core/system/Test/Case/Model/WealthbotRebalancer/SecurityTest.php" tests="23" assertions="51" failures="0" errors="0" time="0.001963">
      <testcase name="testLoadFromArray" class="Test\Model\WealthbotRebalancer\SecurityTest" file="/home/vlad/work/wealthbot-core/system/Test/Case/Model/WealthbotRebalancer/SecurityTest.php" line="43" assertions="9" time="0.000157"/>
      <testcase name="testGetName" class="Test\Model\WealthbotRebalancer\SecurityTest" file="/home/vlad/work/wealthbot-core/system/Test/Case/Model/WealthbotRebalancer/SecurityTest.php" line="56" assertions="1" time="0.000082"/>
      <testcase name="testSetName" class="Test\Model\WealthbotRebalancer\SecurityTest" file="/home/vlad/work/wealthbot-core/system/Test/Case/Model/WealthbotRebalancer/SecurityTest.php" line="61" assertions="1" time="0.000083"/>
      <testcase name="testGetSymbol" class="Test\Model\WealthbotRebalancer\SecurityTest" file="/home/vlad/work/wealthbot-core/system/Test/Case/Model/WealthbotRebalancer/SecurityTest.php" line="67" assertions="1" time="0.000078"/>
      <testcase name="testSetSymbol" class="Test\Model\WealthbotRebalancer\SecurityTest" file="/home/vlad/work/wealthbot-core/system/Test/Case/Model/WealthbotRebalancer/SecurityTest.php" line="72" assertions="1" time="0.000080"/>
      <testcase name="testIsTypeCash" class="Test\Model\WealthbotRebalancer\SecurityTest" file="/home/vlad/work/wealthbot-core/system/Test/Case/Model/WealthbotRebalancer/SecurityTest.php" line="78" assertions="3" time="0.000088"/>
      <testcase name="testGetSubclass" class="Test\Model\WealthbotRebalancer\SecurityTest" file="/home/vlad/work/wealthbot-core/system/Test/Case/Model/WealthbotRebalancer/SecurityTest.php" line="90" assertions="1" time="0.000077"/>
      <testcase name="testSetSubclass" class="Test\Model\WealthbotRebalancer\SecurityTest" file="/home/vlad/work/wealthbot-core/system/Test/Case/Model/WealthbotRebalancer/SecurityTest.php" line="95" assertions="1" time="0.000078"/>
      <testcase name="testGetAssetClass" class="Test\Model\WealthbotRebalancer\SecurityTest" file="/home/vlad/work/wealthbot-core/system/Test/Case/Model/WealthbotRebalancer/SecurityTest.php" line="105" assertions="1" time="0.000078"/>
      <testcase name="testSetAssetClass" class="Test\Model\WealthbotRebalancer\SecurityTest" file="/home/vlad/work/wealthbot-core/system/Test/Case/Model/WealthbotRebalancer/SecurityTest.php" line="110" assertions="1" time="0.000079"/>
      <testcase name="testGetIsPreferredBuy" class="Test\Model\WealthbotRebalancer\SecurityTest" file="/home/vlad/work/wealthbot-core/system/Test/Case/Model/WealthbotRebalancer/SecurityTest.php" line="120" assertions="1" time="0.000076"/>
      <testcase name="testSetIsPreferredBuy" class="Test\Model\WealthbotRebalancer\SecurityTest" file="/home/vlad/work/wealthbot-core/system/Test/Case/Model/WealthbotRebalancer/SecurityTest.php" line="125" assertions="1" time="0.000081"/>
      <testcase name="testGetPrice" class="Test\Model\WealthbotRebalancer\SecurityTest" file="/home/vlad/work/wealthbot-core/system/Test/Case/Model/WealthbotRebalancer/SecurityTest.php" line="131" assertions="1" time="0.000076"/>
      <testcase name="testSetPrice" class="Test\Model\WealthbotRebalancer\SecurityTest" file="/home/vlad/work/wealthbot-core/system/Test/Case/Model/WealthbotRebalancer/SecurityTest.php" line="136" assertions="1" time="0.000091"/>
      <testcase name="testGetQty" class="Test\Model\WealthbotRebalancer\SecurityTest" file="/home/vlad/work/wealthbot-core/system/Test/Case/Model/WealthbotRebalancer/SecurityTest.php" line="142" assertions="1" time="0.000076"/>
      <testcase name="testSetQty" class="Test\Model\WealthbotRebalancer\SecurityTest" file="/home/vlad/work/wealthbot-core/system/Test/Case/Model/WealthbotRebalancer/SecurityTest.php" line="147" assertions="1" time="0.000078"/>
      <testcase name="testGetAmount" class="Test\Model\WealthbotRebalancer\SecurityTest" file="/home/vlad/work/wealthbot-core/system/Test/Case/Model/WealthbotRebalancer/SecurityTest.php" line="153" assertions="1" time="0.000079"/>
      <testcase name="testSetAmount" class="Test\Model\WealthbotRebalancer\SecurityTest" file="/home/vlad/work/wealthbot-core/system/Test/Case/Model/WealthbotRebalancer/SecurityTest.php" line="158" assertions="1" time="0.000080"/>
      <testcase name="testBuy" class="Test\Model\WealthbotRebalancer\SecurityTest" file="/home/vlad/work/wealthbot-core/system/Test/Case/Model/WealthbotRebalancer/SecurityTest.php" line="169" assertions="2" time="0.000082"/>
      <testcase name="testSell" class="Test\Model\WealthbotRebalancer\SecurityTest" file="/home/vlad/work/wealthbot-core/system/Test/Case/Model/WealthbotRebalancer/SecurityTest.php" line="176" assertions="2" time="0.000083"/>
      <testcase name="testSellAll" class="Test\Model\WealthbotRebalancer\SecurityTest" file="/home/vlad/work/wealthbot-core/system/Test/Case/Model/WealthbotRebalancer/SecurityTest.php" line="184" assertions="2" time="0.000085"/>
      <testcase name="testIsCanBePurchased" class="Test\Model\WealthbotRebalancer\SecurityTest" file="/home/vlad/work/wealthbot-core/system/Test/Case/Model/WealthbotRebalancer/SecurityTest.php" line="191" assertions="7" time="0.000095"/>
      <testcase name="testIsCanBeSold" class="Test\Model\WealthbotRebalancer\SecurityTest" file="/home/vlad/work/wealthbot-core/system/Test/Case/Model/WealthbotRebalancer/SecurityTest.php" line="206" assertions="10" time="0.000102"/>
    </testsuite>
    <testsuite name="Test\Model\WealthbotRebalancer\SecurityTransactionTest" file="/home/vlad/work/wealthbot-core/system/Test/Case/Model/WealthbotRebalancer/SecurityTransactionTest.php" tests="9" assertions="13" failures="0" errors="0" time="0.000829">
      <testcase name="testLoadFromArray" class="Test\Model\WealthbotRebalancer\SecurityTransactionTest" file="/home/vlad/work/wealthbot-core/system/Test/Case/Model/WealthbotRebalancer/SecurityTransactionTest.php" line="34" assertions="2" time="0.000137"/>
      <testcase name="testGetRedemptionPenaltyInterval" class="Test\Model\WealthbotRebalancer\SecurityTransactionTest" file="/home/vlad/work/wealthbot-core/system/Test/Case/Model/WealthbotRebalancer/SecurityTransactionTest.php" line="40" assertions="1" time="0.000102"/>
      <testcase name="testSetRedemptionPenaltyInterval" class="Test\Model\WealthbotRebalancer\SecurityTransactionTest" file="/home/vlad/work/wealthbot-core/system/Test/Case/Model/WealthbotRebalancer/SecurityTransactionTest.php" line="45" assertions="1" time="0.000084"/>
      <testcase name="testGetRedemptionFee" class="Test\Model\WealthbotRebalancer\SecurityTransactionTest" file="/home/vlad/work/wealthbot-core/system/Test/Case/Model/WealthbotRebalancer/SecurityTransactionTest.php" line="52" assertions="1" time="0.000083"/>
      <testcase name="testSetRedemptionFee" class="Test\Model\WealthbotRebalancer\SecurityTransactionTest" file="/home/vlad/work/wealthbot-core/system/Test/Case/Model/WealthbotRebalancer/SecurityTransactionTest.php" line="57" assertions="1" time="0.000082"/>
      <testcase name="testIsRedemptionFeeSpecified" class="Test\Model\WealthbotRebalancer\SecurityTransactionTest" file="/home/vlad/work/wealthbot-core/system/Test/Case/Model/WealthbotRebalancer/SecurityTransactionTest.php" line="64" assertions="3" time="0.000090"/>
      <testcase name="testMinimumBuy" class="Test\Model\WealthbotRebalancer\SecurityTransactionTest" file="/home/vlad/work/wealthbot-core/system/Test/Case/Model/WealthbotRebalancer/SecurityTransactionTest.php" line="75" assertions="1" time="0.000083"/>
      <testcase name="testMinimumSell" class="Test\Model\WealthbotRebalancer\SecurityTransactionTest" file="/home/vlad/work/wealthbot-core/system/Test/Case/Model/WealthbotRebalancer/SecurityTransactionTest.php" line="80" assertions="1" time="0.000082"/>
      <testcase name="testSetInitMinBuyAmount" class="Test\Model\WealthbotRebalancer\SecurityTransactionTest" file="/home/vlad/work/wealthbot-core/system/Test/Case/Model/WealthbotRebalancer/SecurityTransactionTest.php" line="85" assertions="2" time="0.000086"/>
    </testsuite>
    <testsuite name="Test\Model\WealthbotRebalancer\SubclassCollectionTest" file="/home/vlad/work/wealthbot-core/system/Test/Case/Model/WealthbotRebalancer/SubclassCollectionTest.php" tests="8" assertions="19" failures="0" errors="0" time="0.002181">
      <testcase name="testIsOutOfBalance" class="Test\Model\WealthbotRebalancer\SubclassCollectionTest" file="/home/vlad/work/wealthbot-core/system/Test/Case/Model/WealthbotRebalancer/SubclassCollectionTest.php" line="54" assertions="2" time="0.000233"/>
      <testcase name="testRebuildAllocations" class="Test\Model\WealthbotRebalancer\SubclassCollectionTest" file="/home/vlad/work/wealthbot-core/system/Test/Case/Model/WealthbotRebalancer/SubclassCollectionTest.php" line="64" assertions="6" time="0.000240"/>
      <testcase name="testFindMinAndMaxOob" class="Test\Model\WealthbotRebalancer\SubclassCollectionTest" file="/home/vlad/work/wealthbot-core/system/Test/Case/Model/WealthbotRebalancer/SubclassCollectionTest.php" line="99" assertions="2" time="0.000659"/>
      <testcase name="testGetMaxOobSubclass" class="Test\Model\WealthbotRebalancer\SubclassCollectionTest" file="/home/vlad/work/wealthbot-core/system/Test/Case/Model/WealthbotRebalancer/SubclassCollectionTest.php" line="142" assertions="1" time="0.000176"/>
      <testcase name="testSortByOob" class="Test\Model\WealthbotRebalancer\SubclassCollectionTest" file="/home/vlad/work/wealthbot-core/system/Test/Case/Model/WealthbotRebalancer/SubclassCollectionTest.php" line="152" assertions="1" time="0.000286"/>
      <testcase name="testSortByPriority" class="Test\Model\WealthbotRebalancer\SubclassCollectionTest" file="/home/vlad/work/wealthbot-core/system/Test/Case/Model/WealthbotRebalancer/SubclassCollectionTest.php" line="184" assertions="1" time="0.000177"/>
      <testcase name="testDiff" class="Test\Model\WealthbotRebalancer\SubclassCollectionTest" file="/home/vlad/work/wealthbot-core/system/Test/Case/Model/WealthbotRebalancer/SubclassCollectionTest.php" line="194" assertions="5" time="0.000232"/>
      <testcase name="testGetOnePercentAmount" class="Test\Model\WealthbotRebalancer\SubclassCollectionTest" file="/home/vlad/work/wealthbot-core/system/Test/Case/Model/WealthbotRebalancer/SubclassCollectionTest.php" line="212" assertions="1" time="0.000178"/>
    </testsuite>
    <testsuite name="Test\Model\WealthbotRebalancer\SubclassTest" file="/home/vlad/work/wealthbot-core/system/Test/Case/Model/WealthbotRebalancer/SubclassTest.php" tests="21" assertions="32" failures="0" errors="0" time="0.002472">
      <testcase name="testLoadFromArray" class="Test\Model\WealthbotRebalancer\SubclassTest" file="/home/vlad/work/wealthbot-core/system/Test/Case/Model/WealthbotRebalancer/SubclassTest.php" line="47" assertions="6" time="0.000148"/>
      <testcase name="testGetCurrentAllocation" class="Test\Model\WealthbotRebalancer\SubclassTest" file="/home/vlad/work/wealthbot-core/system/Test/Case/Model/WealthbotRebalancer/SubclassTest.php" line="60" assertions="1" time="0.000104"/>
      <testcase name="testSetCurrentAllocation" class="Test\Model\WealthbotRebalancer\SubclassTest" file="/home/vlad/work/wealthbot-core/system/Test/Case/Model/WealthbotRebalancer/SubclassTest.php" line="65" assertions="1" time="0.000101"/>
      <testcase name="testGetTargetAllocation" class="Test\Model\WealthbotRebalancer\SubclassTest" file="/home/vlad/work/wealthbot-core/system/Test/Case/Model/WealthbotRebalancer/SubclassTest.php" line="71" assertions="1" time="0.000099"/>
      <testcase name="testSetTargetAllocation" class="Test\Model\WealthbotRebalancer\SubclassTest" file="/home/vlad/work/wealthbot-core/system/Test/Case/Model/WealthbotRebalancer/SubclassTest.php" line="76" assertions="1" time="0.000099"/>
      <testcase name="testGetToleranceBand" class="Test\Model\WealthbotRebalancer\SubclassTest" file="/home/vlad/work/wealthbot-core/system/Test/Case/Model/WealthbotRebalancer/SubclassTest.php" line="82" assertions="1" time="0.000109"/>
      <testcase name="testSetToleranceBand" class="Test\Model\WealthbotRebalancer\SubclassTest" file="/home/vlad/work/wealthbot-core/system/Test/Case/Model/WealthbotRebalancer/SubclassTest.php" line="87" assertions="1" time="0.000099"/>
      <testcase name="testGetPriority" class="Test\Model\WealthbotRebalancer\SubclassTest" file="/home/vlad/work/wealthbot-core/system/Test/Case/Model/WealthbotRebalancer/SubclassTest.php" line="93" assertions="1" time="0.000098"/>
      <testcase name="testSetPriority" class="Test\Model\WealthbotRebalancer\SubclassTest" file="/home/vlad/work/wealthbot-core/system/Test/Case/Model/WealthbotRebalancer/SubclassTest.php" line="98" assertions="1" time="0.000099"/>
      <testcase name="testGetSecurity" class="Test\Model\WealthbotRebalancer\SubclassTest" file="/home/vlad/work/wealthbot-core/system/Test/Case/Model/WealthbotRebalancer/SubclassTest.php" line="104" assertions="1" time="0.000098"/>
      <testcase name="testSetSecurity" class="Test\Model\WealthbotRebalancer\SubclassTest" file="/home/vlad/work/wealthbot-core/system/Test/Case/Model/WealthbotRebalancer/SubclassTest.php" line="109" assertions="1" time="0.000101"/>
      <testcase name="testGetMuniSecurity" class="Test\Model\WealthbotRebalancer\SubclassTest" file="/home/vlad/work/wealthbot-core/system/Test/Case/Model/WealthbotRebalancer/SubclassTest.php" line="119" assertions="1" time="0.000098"/>
      <testcase name="testSetMuniSecurity" class="Test\Model\WealthbotRebalancer\SubclassTest" file="/home/vlad/work/wealthbot-core/system/Test/Case/Model/WealthbotRebalancer/SubclassTest.php" line="124" assertions="1" time="0.000100"/>
      <testcase name="testCalcOOB" class="Test\Model\WealthbotRebalancer\SubclassTest" file="/home/vlad/work/wealthbot-core/system/Test/Case/Model/WealthbotRebalancer/SubclassTest.php" line="134" assertions="2" time="0.000101"/>
      <testcase name="testGetTaxLossHarvesting" class="Test\Model\WealthbotRebalancer\SubclassTest" file="/home/vlad/work/wealthbot-core/system/Test/Case/Model/WealthbotRebalancer/SubclassTest.php" line="144" assertions="1" time="0.000347"/>
      <testcase name="testSetTaxLossHarvesting" class="Test\Model\WealthbotRebalancer\SubclassTest" file="/home/vlad/work/wealthbot-core/system/Test/Case/Model/WealthbotRebalancer/SubclassTest.php" line="152" assertions="1" time="0.000107"/>
      <testcase name="testHasTlhFund" class="Test\Model\WealthbotRebalancer\SubclassTest" file="/home/vlad/work/wealthbot-core/system/Test/Case/Model/WealthbotRebalancer/SubclassTest.php" line="161" assertions="2" time="0.000108"/>
      <testcase name="testGetAccountType" class="Test\Model\WealthbotRebalancer\SubclassTest" file="/home/vlad/work/wealthbot-core/system/Test/Case/Model/WealthbotRebalancer/SubclassTest.php" line="169" assertions="1" time="0.000101"/>
      <testcase name="testSetAccountType" class="Test\Model\WealthbotRebalancer\SubclassTest" file="/home/vlad/work/wealthbot-core/system/Test/Case/Model/WealthbotRebalancer/SubclassTest.php" line="174" assertions="1" time="0.000100"/>
      <testcase name="testHasMuniFund" class="Test\Model\WealthbotRebalancer\SubclassTest" file="/home/vlad/work/wealthbot-core/system/Test/Case/Model/WealthbotRebalancer/SubclassTest.php" line="180" assertions="2" time="0.000105"/>
      <testcase name="testGetTotalAmount" class="Test\Model\WealthbotRebalancer\SubclassTest" file="/home/vlad/work/wealthbot-core/system/Test/Case/Model/WealthbotRebalancer/SubclassTest.php" line="188" assertions="4" time="0.000150"/>
    </testsuite>
    <testsuite name="Test\Model\WealthbotRebalancer\TradeDataTest" file="/home/vlad/work/wealthbot-core/system/Test/Case/Model/WealthbotRebalancer/TradeDataTest.php" tests="46" assertions="84" failures="0" errors="0" time="0.005285">
      <testcase name="testLoadFromArray" class="Test\Model\WealthbotRebalancer\TradeDataTest" file="/home/vlad/work/wealthbot-core/system/Test/Case/Model/WealthbotRebalancer/TradeDataTest.php" line="51" assertions="24" time="0.000234"/>
      <testcase name="testToArrayForTradeFile" class="Test\Model\WealthbotRebalancer\TradeDataTest" file="/home/vlad/work/wealthbot-core/system/Test/Case/Model/WealthbotRebalancer/TradeDataTest.php" line="82" assertions="2" time="0.000142"/>
      <testcase name="testGetJobId" class="Test\Model\WealthbotRebalancer\TradeDataTest" file="/home/vlad/work/wealthbot-core/system/Test/Case/Model/WealthbotRebalancer/TradeDataTest.php" line="134" assertions="1" time="0.000109"/>
      <testcase name="testSetJobId" class="Test\Model\WealthbotRebalancer\TradeDataTest" file="/home/vlad/work/wealthbot-core/system/Test/Case/Model/WealthbotRebalancer/TradeDataTest.php" line="139" assertions="1" time="0.000110"/>
      <testcase name="testGetAccountId" class="Test\Model\WealthbotRebalancer\TradeDataTest" file="/home/vlad/work/wealthbot-core/system/Test/Case/Model/WealthbotRebalancer/TradeDataTest.php" line="146" assertions="1" time="0.000108"/>
      <testcase name="testSetAccountId" class="Test\Model\WealthbotRebalancer\TradeDataTest" file="/home/vlad/work/wealthbot-core/system/Test/Case/Model/WealthbotRebalancer/TradeDataTest.php" line="151" assertions="1" time="0.000107"/>
      <testcase name="testGetSecurityId" class="Test\Model\WealthbotRebalancer\TradeDataTest" file="/home/vlad/work/wealthbot-core/system/Test/Case/Model/WealthbotRebalancer/TradeDataTest.php" line="158" assertions="1" time="0.000107"/>
      <testcase name="testSetSecurityId" class="Test\Model\WealthbotRebalancer\TradeDataTest" file="/home/vlad/work/wealthbot-core/system/Test/Case/Model/WealthbotRebalancer/TradeDataTest.php" line="163" assertions="1" time="0.000106"/>
      <testcase name="testGetAccountNumber" class="Test\Model\WealthbotRebalancer\TradeDataTest" file="/home/vlad/work/wealthbot-core/system/Test/Case/Model/WealthbotRebalancer/TradeDataTest.php" line="170" assertions="1" time="0.000105"/>
      <testcase name="testSetAccountNumber" class="Test\Model\WealthbotRebalancer\TradeDataTest" file="/home/vlad/work/wealthbot-core/system/Test/Case/Model/WealthbotRebalancer/TradeDataTest.php" line="175" assertions="1" time="0.000105"/>
      <testcase name="testGetAccountType" class="Test\Model\WealthbotRebalancer\TradeDataTest" file="/home/vlad/work/wealthbot-core/system/Test/Case/Model/WealthbotRebalancer/TradeDataTest.php" line="182" assertions="1" time="0.000108"/>
      <testcase name="testSetAccountType" class="Test\Model\WealthbotRebalancer\TradeDataTest" file="/home/vlad/work/wealthbot-core/system/Test/Case/Model/WealthbotRebalancer/TradeDataTest.php" line="187" assertions="1" time="0.000106"/>
      <testcase name="testGetSecurityType" class="Test\Model\WealthbotRebalancer\TradeDataTest" file="/home/vlad/work/wealthbot-core/system/Test/Case/Model/WealthbotRebalancer/TradeDataTest.php" line="194" assertions="1" time="0.000105"/>
      <testcase name="testSetSecurityType" class="Test\Model\WealthbotRebalancer\TradeDataTest" file="/home/vlad/work/wealthbot-core/system/Test/Case/Model/WealthbotRebalancer/TradeDataTest.php" line="199" assertions="5" time="0.000168"/>
      <testcase name="testGetAction" class="Test\Model\WealthbotRebalancer\TradeDataTest" file="/home/vlad/work/wealthbot-core/system/Test/Case/Model/WealthbotRebalancer/TradeDataTest.php" line="214" assertions="1" time="0.000109"/>
      <testcase name="testSetAction" class="Test\Model\WealthbotRebalancer\TradeDataTest" file="/home/vlad/work/wealthbot-core/system/Test/Case/Model/WealthbotRebalancer/TradeDataTest.php" line="219" assertions="5" time="0.000149"/>
      <testcase name="testGetQuantityType" class="Test\Model\WealthbotRebalancer\TradeDataTest" file="/home/vlad/work/wealthbot-core/system/Test/Case/Model/WealthbotRebalancer/TradeDataTest.php" line="234" assertions="1" time="0.000109"/>
      <testcase name="testSetQuantityType" class="Test\Model\WealthbotRebalancer\TradeDataTest" file="/home/vlad/work/wealthbot-core/system/Test/Case/Model/WealthbotRebalancer/TradeDataTest.php" line="239" assertions="5" time="0.000146"/>
      <testcase name="testGetQuantity" class="Test\Model\WealthbotRebalancer\TradeDataTest" file="/home/vlad/work/wealthbot-core/system/Test/Case/Model/WealthbotRebalancer/TradeDataTest.php" line="254" assertions="1" time="0.000107"/>
      <testcase name="testSetQuantity" class="Test\Model\WealthbotRebalancer\TradeDataTest" file="/home/vlad/work/wealthbot-core/system/Test/Case/Model/WealthbotRebalancer/TradeDataTest.php" line="259" assertions="1" time="0.000108"/>
      <testcase name="testGetSymbol" class="Test\Model\WealthbotRebalancer\TradeDataTest" file="/home/vlad/work/wealthbot-core/system/Test/Case/Model/WealthbotRebalancer/TradeDataTest.php" line="266" assertions="1" time="0.000110"/>
      <testcase name="testSetSymbol" class="Test\Model\WealthbotRebalancer\TradeDataTest" file="/home/vlad/work/wealthbot-core/system/Test/Case/Model/WealthbotRebalancer/TradeDataTest.php" line="271" assertions="1" time="0.000109"/>
      <testcase name="testGetExchangeSwapSymbol" class="Test\Model\WealthbotRebalancer\TradeDataTest" file="/home/vlad/work/wealthbot-core/system/Test/Case/Model/WealthbotRebalancer/TradeDataTest.php" line="278" assertions="1" time="0.000108"/>
      <testcase name="testSetExchangeSwapSymbol" class="Test\Model\WealthbotRebalancer\TradeDataTest" file="/home/vlad/work/wealthbot-core/system/Test/Case/Model/WealthbotRebalancer/TradeDataTest.php" line="283" assertions="1" time="0.000117"/>
      <testcase name="testGetOrderType" class="Test\Model\WealthbotRebalancer\TradeDataTest" file="/home/vlad/work/wealthbot-core/system/Test/Case/Model/WealthbotRebalancer/TradeDataTest.php" line="290" assertions="1" time="0.000109"/>
      <testcase name="testSetOrderType" class="Test\Model\WealthbotRebalancer\TradeDataTest" file="/home/vlad/work/wealthbot-core/system/Test/Case/Model/WealthbotRebalancer/TradeDataTest.php" line="295" assertions="1" time="0.000111"/>
      <testcase name="testGetLimitPrice" class="Test\Model\WealthbotRebalancer\TradeDataTest" file="/home/vlad/work/wealthbot-core/system/Test/Case/Model/WealthbotRebalancer/TradeDataTest.php" line="302" assertions="1" time="0.000108"/>
      <testcase name="testSetLimitPrice" class="Test\Model\WealthbotRebalancer\TradeDataTest" file="/home/vlad/work/wealthbot-core/system/Test/Case/Model/WealthbotRebalancer/TradeDataTest.php" line="307" assertions="1" time="0.000108"/>
      <testcase name="testGetStopPrice" class="Test\Model\WealthbotRebalancer\TradeDataTest" file="/home/vlad/work/wealthbot-core/system/Test/Case/Model/WealthbotRebalancer/TradeDataTest.php" line="314" assertions="1" time="0.000108"/>
      <testcase name="testSetStopPrice" class="Test\Model\WealthbotRebalancer\TradeDataTest" file="/home/vlad/work/wealthbot-core/system/Test/Case/Model/WealthbotRebalancer/TradeDataTest.php" line="319" assertions="1" time="0.000106"/>
      <testcase name="testGetTimeInForce" class="Test\Model\WealthbotRebalancer\TradeDataTest" file="/home/vlad/work/wealthbot-core/system/Test/Case/Model/WealthbotRebalancer/TradeDataTest.php" line="326" assertions="1" time="0.000112"/>
      <testcase name="testSetTimeInForce" class="Test\Model\WealthbotRebalancer\TradeDataTest" file="/home/vlad/work/wealthbot-core/system/Test/Case/Model/WealthbotRebalancer/TradeDataTest.php" line="331" assertions="1" time="0.000109"/>
      <testcase name="testGetIsDoNotReduce" class="Test\Model\WealthbotRebalancer\TradeDataTest" file="/home/vlad/work/wealthbot-core/system/Test/Case/Model/WealthbotRebalancer/TradeDataTest.php" line="338" assertions="1" time="0.000107"/>
      <testcase name="testSetIsDoNotReduce" class="Test\Model\WealthbotRebalancer\TradeDataTest" file="/home/vlad/work/wealthbot-core/system/Test/Case/Model/WealthbotRebalancer/TradeDataTest.php" line="343" assertions="1" time="0.000108"/>
      <testcase name="testGetIsAllOrNone" class="Test\Model\WealthbotRebalancer\TradeDataTest" file="/home/vlad/work/wealthbot-core/system/Test/Case/Model/WealthbotRebalancer/TradeDataTest.php" line="350" assertions="1" time="0.000108"/>
      <testcase name="testSetIsAllOrNone" class="Test\Model\WealthbotRebalancer\TradeDataTest" file="/home/vlad/work/wealthbot-core/system/Test/Case/Model/WealthbotRebalancer/TradeDataTest.php" line="355" assertions="1" time="0.000111"/>
      <testcase name="testGetIsReinvestDividends" class="Test\Model\WealthbotRebalancer\TradeDataTest" file="/home/vlad/work/wealthbot-core/system/Test/Case/Model/WealthbotRebalancer/TradeDataTest.php" line="362" assertions="1" time="0.000106"/>
      <testcase name="testSetIsReinvestDividends" class="Test\Model\WealthbotRebalancer\TradeDataTest" file="/home/vlad/work/wealthbot-core/system/Test/Case/Model/WealthbotRebalancer/TradeDataTest.php" line="367" assertions="1" time="0.000108"/>
      <testcase name="testGetIsIncludeTransactionFee" class="Test\Model\WealthbotRebalancer\TradeDataTest" file="/home/vlad/work/wealthbot-core/system/Test/Case/Model/WealthbotRebalancer/TradeDataTest.php" line="374" assertions="1" time="0.000104"/>
      <testcase name="testSetIsIncludeTransactionFee" class="Test\Model\WealthbotRebalancer\TradeDataTest" file="/home/vlad/work/wealthbot-core/system/Test/Case/Model/WealthbotRebalancer/TradeDataTest.php" line="379" assertions="1" time="0.000107"/>
      <testcase name="testGetIsReinvestCapGains" class="Test\Model\WealthbotRebalancer\TradeDataTest" file="/home/vlad/work/wealthbot-core/system/Test/Case/Model/WealthbotRebalancer/TradeDataTest.php" line="386" assertions="1" time="0.000107"/>
      <testcase name="testSetIsReinvestCapGains" class="Test\Model\WealthbotRebalancer\TradeDataTest" file="/home/vlad/work/wealthbot-core/system/Test/Case/Model/WealthbotRebalancer/TradeDataTest.php" line="391" assertions="1" time="0.000110"/>
      <testcase name="testGetTaxLotIdMethod" class="Test\Model\WealthbotRebalancer\TradeDataTest" file="/home/vlad/work/wealthbot-core/system/Test/Case/Model/WealthbotRebalancer/TradeDataTest.php" line="398" assertions="1" time="0.000107"/>
      <testcase name="testSetTaxLotIdMethod" class="Test\Model\WealthbotRebalancer\TradeDataTest" file="/home/vlad/work/wealthbot-core/system/Test/Case/Model/WealthbotRebalancer/TradeDataTest.php" line="403" assertions="1" time="0.000109"/>
      <testcase name="testGetVsps" class="Test\Model\WealthbotRebalancer\TradeDataTest" file="/home/vlad/work/wealthbot-core/system/Test/Case/Model/WealthbotRebalancer/TradeDataTest.php" line="410" assertions="2" time="0.000111"/>
      <testcase name="testSetVsps" class="Test\Model\WealthbotRebalancer\TradeDataTest" file="/home/vlad/work/wealthbot-core/system/Test/Case/Model/WealthbotRebalancer/TradeDataTest.php" line="418" assertions="2" time="0.000119"/>
    </testsuite>
    <testsuite name="Test\Model\WealthbotRebalancer\TransactionTest" file="/home/vlad/work/wealthbot-core/system/Test/Case/Model/WealthbotRebalancer/TransactionTest.php" tests="15" assertions="25" failures="0" errors="0" time="0.002265">
      <testcase name="testLoadFromArray" class="Test\Model\WealthbotRebalancer\TransactionTest" file="/home/vlad/work/wealthbot-core/system/Test/Case/Model/WealthbotRebalancer/TransactionTest.php" line="48" assertions="8" time="0.000665"/>
      <testcase name="testGetTransactionType" class="Test\Model\WealthbotRebalancer\TransactionTest" file="/home/vlad/work/wealthbot-core/system/Test/Case/Model/WealthbotRebalancer/TransactionTest.php" line="62" assertions="1" time="0.000116"/>
      <testcase name="testSetTransactionType" class="Test\Model\WealthbotRebalancer\TransactionTest" file="/home/vlad/work/wealthbot-core/system/Test/Case/Model/WealthbotRebalancer/TransactionTest.php" line="68" assertions="2" time="0.000120"/>
      <testcase name="testIsTypeSell" class="Test\Model\WealthbotRebalancer\TransactionTest" file="/home/vlad/work/wealthbot-core/system/Test/Case/Model/WealthbotRebalancer/TransactionTest.php" line="80" assertions="2" time="0.000121"/>
      <testcase name="testIsTypeBuy" class="Test\Model\WealthbotRebalancer\TransactionTest" file="/home/vlad/work/wealthbot-core/system/Test/Case/Model/WealthbotRebalancer/TransactionTest.php" line="92" assertions="2" time="0.000119"/>
      <testcase name="testGetIsGain" class="Test\Model\WealthbotRebalancer\TransactionTest" file="/home/vlad/work/wealthbot-core/system/Test/Case/Model/WealthbotRebalancer/TransactionTest.php" line="104" assertions="1" time="0.000112"/>
      <testcase name="testSetIsGain" class="Test\Model\WealthbotRebalancer\TransactionTest" file="/home/vlad/work/wealthbot-core/system/Test/Case/Model/WealthbotRebalancer/TransactionTest.php" line="109" assertions="1" time="0.000110"/>
      <testcase name="testGetGrossAmount" class="Test\Model\WealthbotRebalancer\TransactionTest" file="/home/vlad/work/wealthbot-core/system/Test/Case/Model/WealthbotRebalancer/TransactionTest.php" line="115" assertions="1" time="0.000118"/>
      <testcase name="testSetGrossAmount" class="Test\Model\WealthbotRebalancer\TransactionTest" file="/home/vlad/work/wealthbot-core/system/Test/Case/Model/WealthbotRebalancer/TransactionTest.php" line="120" assertions="1" time="0.000114"/>
      <testcase name="testGetAccount" class="Test\Model\WealthbotRebalancer\TransactionTest" file="/home/vlad/work/wealthbot-core/system/Test/Case/Model/WealthbotRebalancer/TransactionTest.php" line="126" assertions="1" time="0.000109"/>
      <testcase name="testSetAccount" class="Test\Model\WealthbotRebalancer\TransactionTest" file="/home/vlad/work/wealthbot-core/system/Test/Case/Model/WealthbotRebalancer/TransactionTest.php" line="131" assertions="1" time="0.000115"/>
      <testcase name="testGetSecurity" class="Test\Model\WealthbotRebalancer\TransactionTest" file="/home/vlad/work/wealthbot-core/system/Test/Case/Model/WealthbotRebalancer/TransactionTest.php" line="141" assertions="1" time="0.000110"/>
      <testcase name="testSetSecurity" class="Test\Model\WealthbotRebalancer\TransactionTest" file="/home/vlad/work/wealthbot-core/system/Test/Case/Model/WealthbotRebalancer/TransactionTest.php" line="146" assertions="1" time="0.000115"/>
      <testcase name="testGetLot" class="Test\Model\WealthbotRebalancer\TransactionTest" file="/home/vlad/work/wealthbot-core/system/Test/Case/Model/WealthbotRebalancer/TransactionTest.php" line="156" assertions="1" time="0.000108"/>
      <testcase name="testSetLot" class="Test\Model\WealthbotRebalancer\TransactionTest" file="/home/vlad/work/wealthbot-core/system/Test/Case/Model/WealthbotRebalancer/TransactionTest.php" line="161" assertions="1" time="0.000113"/>
    </testsuite>
    <testsuite name="Test\Model\WealthbotRebalancer\TransactionType" file="/home/vlad/work/wealthbot-core/system/Test/Case/Model/WealthbotRebalancer/TransactionTypeTest.php" tests="3" assertions="4" failures="0" errors="0" time="0.000424">
      <testcase name="testLoadFromArray" class="Test\Model\WealthbotRebalancer\TransactionType" file="/home/vlad/work/wealthbot-core/system/Test/Case/Model/WealthbotRebalancer/TransactionTypeTest.php" line="28" assertions="2" time="0.000294"/>
      <testcase name="testGetName" class="Test\Model\WealthbotRebalancer\TransactionType" file="/home/vlad/work/wealthbot-core/system/Test/Case/Model/WealthbotRebalancer/TransactionTypeTest.php" line="34" assertions="1" time="0.000066"/>
      <testcase name="testSetName" class="Test\Model\WealthbotRebalancer\TransactionType" file="/home/vlad/work/wealthbot-core/system/Test/Case/Model/WealthbotRebalancer/TransactionTypeTest.php" line="39" assertions="1" time="0.000064"/>
    </testsuite>
  </testsuite>
</testsuites>
